{"C:/Users/Suryansh/Desktop/Projects/duncit.com/project/portals/crm/src/api/call.gql.ts": {"path":"C:/Users/Suryansh/Desktop/Projects/duncit.com/project/portals/crm/src/api/call.gql.ts","statementMap":{"0":{"start":{"line":3,"column":27},"end":{"line":3,"column":null}},"1":{"start":{"line":5,"column":32},"end":{"line":7,"column":null}},"2":{"start":{"line":11,"column":31},"end":{"line":13,"column":null}},"3":{"start":{"line":17,"column":38},"end":{"line":19,"column":null}},"4":{"start":{"line":23,"column":38},"end":{"line":25,"column":null}},"5":{"start":{"line":29,"column":38},"end":{"line":29,"column":null}},"6":{"start":{"line":35,"column":36},"end":{"line":35,"column":null}},"7":{"start":{"line":41,"column":33},"end":{"line":41,"column":null}},"8":{"start":{"line":66,"column":37},"end":{"line":66,"column":null}},"9":{"start":{"line":77,"column":34},"end":{"line":77,"column":null}}},"fnMap":{},"branchMap":{},"s":{"0":1,"1":1,"2":1,"3":1,"4":1,"5":1,"6":1,"7":1,"8":1,"9":1},"f":{},"b":{}}
,"C:/Users/Suryansh/Desktop/Projects/duncit.com/project/portals/crm/src/api/data.gql.ts": {"path":"C:/Users/Suryansh/Desktop/Projects/duncit.com/project/portals/crm/src/api/data.gql.ts","statementMap":{"0":{"start":{"line":3,"column":31},"end":{"line":3,"column":null}},"1":{"start":{"line":6,"column":36},"end":{"line":6,"column":null}},"2":{"start":{"line":25,"column":35},"end":{"line":25,"column":null}},"3":{"start":{"line":38,"column":36},"end":{"line":40,"column":null}},"4":{"start":{"line":44,"column":43},"end":{"line":46,"column":null}},"5":{"start":{"line":50,"column":42},"end":{"line":52,"column":null}},"6":{"start":{"line":56,"column":42},"end":{"line":56,"column":null}},"7":{"start":{"line":62,"column":30},"end":{"line":62,"column":null}},"8":{"start":{"line":66,"column":35},"end":{"line":68,"column":null}},"9":{"start":{"line":72,"column":41},"end":{"line":74,"column":null}},"10":{"start":{"line":78,"column":41},"end":{"line":80,"column":null}},"11":{"start":{"line":84,"column":41},"end":{"line":84,"column":null}}},"fnMap":{},"branchMap":{},"s":{"0":4,"1":4,"2":4,"3":4,"4":4,"5":4,"6":4,"7":4,"8":4,"9":4,"10":4,"11":4},"f":{},"b":{}}
,"C:/Users/Suryansh/Desktop/Projects/duncit.com/project/portals/crm/src/api/emailTemplates.gql.ts": {"path":"C:/Users/Suryansh/Desktop/Projects/duncit.com/project/portals/crm/src/api/emailTemplates.gql.ts","statementMap":{"0":{"start":{"line":35,"column":24},"end":{"line":35,"column":null}},"1":{"start":{"line":50,"column":25},"end":{"line":52,"column":null}},"2":{"start":{"line":56,"column":30},"end":{"line":58,"column":null}},"3":{"start":{"line":62,"column":22},"end":{"line":62,"column":null}},"4":{"start":{"line":72,"column":22},"end":{"line":72,"column":null}},"5":{"start":{"line":78,"column":22},"end":{"line":78,"column":null}},"6":{"start":{"line":84,"column":22},"end":{"line":84,"column":null}},"7":{"start":{"line":90,"column":25},"end":{"line":90,"column":null}},"8":{"start":{"line":96,"column":34},"end":{"line":96,"column":null}},"9":{"start":{"line":102,"column":37},"end":{"line":102,"column":null}},"10":{"start":{"line":108,"column":23},"end":{"line":108,"column":null}},"11":{"start":{"line":114,"column":28},"end":{"line":114,"column":null}}},"fnMap":{},"branchMap":{},"s":{"0":2,"1":2,"2":2,"3":2,"4":2,"5":2,"6":2,"7":2,"8":2,"9":2,"10":2,"11":2},"f":{},"b":{}}
,"C:/Users/Suryansh/Desktop/Projects/duncit.com/project/portals/crm/src/api/reminders.gql.ts": {"path":"C:/Users/Suryansh/Desktop/Projects/duncit.com/project/portals/crm/src/api/reminders.gql.ts","statementMap":{"0":{"start":{"line":17,"column":15},"end":{"line":17,"column":null}},"1":{"start":{"line":19,"column":29},"end":{"line":21,"column":null}},"2":{"start":{"line":25,"column":35},"end":{"line":27,"column":null}},"3":{"start":{"line":31,"column":35},"end":{"line":33,"column":null}},"4":{"start":{"line":37,"column":35},"end":{"line":39,"column":null}},"5":{"start":{"line":43,"column":35},"end":{"line":43,"column":null}}},"fnMap":{},"branchMap":{},"s":{"0":0,"1":0,"2":0,"3":0,"4":0,"5":0},"f":{},"b":{}}
,"C:/Users/Suryansh/Desktop/Projects/duncit.com/project/portals/crm/src/api/useCategoryTree.ts": {"path":"C:/Users/Suryansh/Desktop/Projects/duncit.com/project/portals/crm/src/api/useCategoryTree.ts","statementMap":{"0":{"start":{"line":12,"column":15},"end":{"line":12,"column":null}},"1":{"start":{"line":13,"column":28},"end":{"line":17,"column":null}},"2":{"start":{"line":18,"column":8},"end":{"line":20,"column":null}},"3":{"start":{"line":19,"column":19},"end":{"line":19,"column":40}},"4":{"start":{"line":20,"column":20},"end":{"line":20,"column":79}},"5":{"start":{"line":21,"column":2},"end":{"line":21,"column":null}}},"fnMap":{"0":{"name":"useCategoriesByParent","decl":{"start":{"line":11,"column":16},"end":{"line":11,"column":38}},"loc":{"start":{"line":11,"column":86},"end":{"line":22,"column":null}}},"1":{"name":"(anonymous_1)","decl":{"start":{"line":19,"column":12},"end":{"line":19,"column":13}},"loc":{"start":{"line":19,"column":19},"end":{"line":19,"column":40}}},"2":{"name":"(anonymous_2)","decl":{"start":{"line":20,"column":10},"end":{"line":20,"column":11}},"loc":{"start":{"line":20,"column":20},"end":{"line":20,"column":79}}}},"branchMap":{"0":{"loc":{"start":{"line":12,"column":15},"end":{"line":12,"column":null}},"type":"binary-expr","locations":[{"start":{"line":12,"column":15},"end":{"line":12,"column":36}},{"start":{"line":12,"column":36},"end":{"line":12,"column":null}}]},"1":{"loc":{"start":{"line":14,"column":35},"end":{"line":14,"column":52}},"type":"binary-expr","locations":[{"start":{"line":14,"column":35},"end":{"line":14,"column":47}},{"start":{"line":14,"column":47},"end":{"line":14,"column":52}}]},"2":{"loc":{"start":{"line":18,"column":19},"end":{"line":18,"column":null}},"type":"binary-expr","locations":[{"start":{"line":18,"column":19},"end":{"line":18,"column":39}},{"start":{"line":18,"column":39},"end":{"line":18,"column":null}}]},"3":{"loc":{"start":{"line":20,"column":20},"end":{"line":20,"column":79}},"type":"binary-expr","locations":[{"start":{"line":20,"column":20},"end":{"line":20,"column":51}},{"start":{"line":20,"column":51},"end":{"line":20,"column":79}}]}},"s":{"0":0,"1":0,"2":0,"3":0,"4":0,"5":0},"f":{"0":0,"1":0,"2":0},"b":{"0":[0,0],"1":[0,0],"2":[0,0],"3":[0,0]}}
,"C:/Users/Suryansh/Desktop/Projects/duncit.com/project/portals/crm/src/api/useCrmConfig.ts": {"path":"C:/Users/Suryansh/Desktop/Projects/duncit.com/project/portals/crm/src/api/useCrmConfig.ts","statementMap":{"0":{"start":{"line":5,"column":30},"end":{"line":11,"column":null}},"1":{"start":{"line":15,"column":35},"end":{"line":15,"column":null}},"2":{"start":{"line":16,"column":33},"end":{"line":16,"column":null}},"3":{"start":{"line":17,"column":2},"end":{"line":17,"column":null}}},"fnMap":{"0":{"name":"useCrmConfig","decl":{"start":{"line":14,"column":16},"end":{"line":14,"column":31}},"loc":{"start":{"line":14,"column":31},"end":{"line":18,"column":null}}}},"branchMap":{"0":{"loc":{"start":{"line":16,"column":33},"end":{"line":16,"column":null}},"type":"binary-expr","locations":[{"start":{"line":16,"column":33},"end":{"line":16,"column":56}},{"start":{"line":16,"column":56},"end":{"line":16,"column":null}}]}},"s":{"0":4,"1":16,"2":16,"3":16},"f":{"0":16},"b":{"0":[16,15]}}
,"C:/Users/Suryansh/Desktop/Projects/duncit.com/project/portals/crm/src/api/useSuperCategories.ts": {"path":"C:/Users/Suryansh/Desktop/Projects/duncit.com/project/portals/crm/src/api/useSuperCategories.ts","statementMap":{"0":{"start":{"line":15,"column":35},"end":{"line":17,"column":null}},"1":{"start":{"line":18,"column":14},"end":{"line":18,"column":null}},"2":{"start":{"line":19,"column":17},"end":{"line":21,"column":null}},"3":{"start":{"line":20,"column":19},"end":{"line":20,"column":40}},"4":{"start":{"line":21,"column":20},"end":{"line":21,"column":79}},"5":{"start":{"line":22,"column":15},"end":{"line":22,"column":null}},"6":{"start":{"line":22,"column":41},"end":{"line":22,"column":50}},"7":{"start":{"line":23,"column":2},"end":{"line":23,"column":null}}},"fnMap":{"0":{"name":"useSuperCategories","decl":{"start":{"line":14,"column":16},"end":{"line":14,"column":37}},"loc":{"start":{"line":14,"column":37},"end":{"line":24,"column":null}}},"1":{"name":"(anonymous_1)","decl":{"start":{"line":20,"column":12},"end":{"line":20,"column":13}},"loc":{"start":{"line":20,"column":19},"end":{"line":20,"column":40}}},"2":{"name":"(anonymous_2)","decl":{"start":{"line":21,"column":10},"end":{"line":21,"column":11}},"loc":{"start":{"line":21,"column":20},"end":{"line":21,"column":79}}},"3":{"name":"(anonymous_3)","decl":{"start":{"line":22,"column":34},"end":{"line":22,"column":35}},"loc":{"start":{"line":22,"column":41},"end":{"line":22,"column":50}}}},"branchMap":{"0":{"loc":{"start":{"line":18,"column":14},"end":{"line":18,"column":null}},"type":"binary-expr","locations":[{"start":{"line":18,"column":14},"end":{"line":18,"column":34}},{"start":{"line":18,"column":34},"end":{"line":18,"column":null}}]},"1":{"loc":{"start":{"line":21,"column":20},"end":{"line":21,"column":79}},"type":"binary-expr","locations":[{"start":{"line":21,"column":20},"end":{"line":21,"column":51}},{"start":{"line":21,"column":51},"end":{"line":21,"column":79}}]}},"s":{"0":28,"1":28,"2":28,"3":7,"4":5,"5":28,"6":5,"7":28},"f":{"0":28,"1":7,"2":5,"3":5},"b":{"0":[28,25],"1":[5,1]}}
,"C:/Users/Suryansh/Desktop/Projects/duncit.com/project/portals/crm/src/api/websitePages.gql.ts": {"path":"C:/Users/Suryansh/Desktop/Projects/duncit.com/project/portals/crm/src/api/websitePages.gql.ts","statementMap":{"0":{"start":{"line":3,"column":28},"end":{"line":3,"column":null}},"1":{"start":{"line":24,"column":33},"end":{"line":26,"column":null}},"2":{"start":{"line":30,"column":40},"end":{"line":35,"column":null}},"3":{"start":{"line":40,"column":46},"end":{"line":42,"column":null}},"4":{"start":{"line":46,"column":39},"end":{"line":46,"column":null}}},"fnMap":{},"branchMap":{},"s":{"0":0,"1":0,"2":0,"3":0,"4":0},"f":{},"b":{}}
,"C:/Users/Suryansh/Desktop/Projects/duncit.com/project/portals/crm/src/components/AppBreadcrumbs.tsx": {"path":"C:/Users/Suryansh/Desktop/Projects/duncit.com/project/portals/crm/src/components/AppBreadcrumbs.tsx","statementMap":{"0":{"start":{"line":12,"column":18},"end":{"line":12,"column":null}},"1":{"start":{"line":13,"column":16},"end":{"line":13,"column":null}},"2":{"start":{"line":16,"column":2},"end":{"line":16,"column":null}},"3":{"start":{"line":16,"column":56},"end":{"line":16,"column":null}},"4":{"start":{"line":17,"column":2},"end":{"line":17,"column":null}},"5":{"start":{"line":17,"column":64},"end":{"line":17,"column":79}},"6":{"start":{"line":24,"column":54},"end":{"line":24,"column":null}},"7":{"start":{"line":25,"column":2},"end":{"line":30,"column":null}},"8":{"start":{"line":26,"column":4},"end":{"line":26,"column":null}},"9":{"start":{"line":26,"column":17},"end":{"line":26,"column":null}},"10":{"start":{"line":27,"column":4},"end":{"line":29,"column":null}},"11":{"start":{"line":28,"column":6},"end":{"line":28,"column":null}},"12":{"start":{"line":28,"column":20},"end":{"line":28,"column":null}},"13":{"start":{"line":33,"column":2},"end":{"line":38,"column":null}},"14":{"start":{"line":34,"column":4},"end":{"line":36,"column":null}},"15":{"start":{"line":35,"column":6},"end":{"line":35,"column":null}},"16":{"start":{"line":35,"column":49},"end":{"line":35,"column":null}},"17":{"start":{"line":37,"column":4},"end":{"line":37,"column":null}},"18":{"start":{"line":37,"column":42},"end":{"line":37,"column":null}},"19":{"start":{"line":39,"column":2},"end":{"line":39,"column":null}},"20":{"start":{"line":43,"column":23},"end":{"line":43,"column":null}},"21":{"start":{"line":45,"column":17},"end":{"line":68,"column":null}},"22":{"start":{"line":46,"column":26},"end":{"line":46,"column":null}},"23":{"start":{"line":47,"column":18},"end":{"line":47,"column":null}},"24":{"start":{"line":49,"column":4},"end":{"line":61,"column":null}},"25":{"start":{"line":50,"column":6},"end":{"line":50,"column":null}},"26":{"start":{"line":51,"column":6},"end":{"line":54,"column":null}},"27":{"start":{"line":52,"column":21},"end":{"line":52,"column":null}},"28":{"start":{"line":53,"column":8},"end":{"line":53,"column":null}},"29":{"start":{"line":53,"column":30},"end":{"line":53,"column":65}},"30":{"start":{"line":55,"column":4},"end":{"line":61,"column":null}},"31":{"start":{"line":56,"column":23},"end":{"line":56,"column":null}},"32":{"start":{"line":57,"column":6},"end":{"line":60,"column":null}},"33":{"start":{"line":58,"column":19},"end":{"line":58,"column":null}},"34":{"start":{"line":59,"column":8},"end":{"line":59,"column":null}},"35":{"start":{"line":63,"column":4},"end":{"line":66,"column":null}},"36":{"start":{"line":64,"column":19},"end":{"line":64,"column":null}},"37":{"start":{"line":65,"column":6},"end":{"line":65,"column":null}},"38":{"start":{"line":65,"column":16},"end":{"line":65,"column":null}},"39":{"start":{"line":67,"column":4},"end":{"line":67,"column":null}},"40":{"start":{"line":70,"column":2},"end":{"line":70,"column":null}},"41":{"start":{"line":70,"column":49},"end":{"line":70,"column":null}},"42":{"start":{"line":72,"column":2},"end":{"line":116,"column":null}},"43":{"start":{"line":88,"column":25},"end":{"line":88,"column":null}},"44":{"start":{"line":89,"column":10},"end":{"line":103,"column":null}},"45":{"start":{"line":90,"column":12},"end":{"line":101,"column":null}},"46":{"start":{"line":104,"column":10},"end":{"line":112,"column":null}}},"fnMap":{"0":{"name":"humanise","decl":{"start":{"line":15,"column":9},"end":{"line":15,"column":18}},"loc":{"start":{"line":15,"column":43},"end":{"line":18,"column":null}}},"1":{"name":"(anonymous_1)","decl":{"start":{"line":17,"column":57},"end":{"line":17,"column":58}},"loc":{"start":{"line":17,"column":64},"end":{"line":17,"column":79}}},"2":{"name":"findBestNavMatch","decl":{"start":{"line":20,"column":9},"end":{"line":20,"column":26}},"loc":{"start":{"line":20,"column":44},"end":{"line":40,"column":null}}},"3":{"name":"AppBreadcrumbs","decl":{"start":{"line":42,"column":24},"end":{"line":42,"column":41}},"loc":{"start":{"line":42,"column":41},"end":{"line":118,"column":null}}},"4":{"name":"(anonymous_4)","decl":{"start":{"line":45,"column":34},"end":{"line":45,"column":40}},"loc":{"start":{"line":45,"column":40},"end":{"line":68,"column":5}}},"5":{"name":"(anonymous_5)","decl":{"start":{"line":53,"column":21},"end":{"line":53,"column":22}},"loc":{"start":{"line":53,"column":30},"end":{"line":53,"column":65}}},"6":{"name":"(anonymous_6)","decl":{"start":{"line":57,"column":23},"end":{"line":57,"column":24}},"loc":{"start":{"line":57,"column":37},"end":{"line":60,"column":7}}},"7":{"name":"(anonymous_7)","decl":{"start":{"line":87,"column":20},"end":{"line":87,"column":21}},"loc":{"start":{"line":87,"column":36},"end":{"line":114,"column":9}}}},"branchMap":{"0":{"loc":{"start":{"line":16,"column":2},"end":{"line":16,"column":null}},"type":"if","locations":[{"start":{"line":16,"column":2},"end":{"line":16,"column":null}},{"start":{"line":16,"column":2},"end":{"line":16,"column":null}}]},"1":{"loc":{"start":{"line":16,"column":6},"end":{"line":16,"column":56}},"type":"binary-expr","locations":[{"start":{"line":16,"column":6},"end":{"line":16,"column":33}},{"start":{"line":16,"column":33},"end":{"line":16,"column":56}}]},"2":{"loc":{"start":{"line":26,"column":4},"end":{"line":26,"column":null}},"type":"if","locations":[{"start":{"line":26,"column":4},"end":{"line":26,"column":null}},{"start":{"line":26,"column":4},"end":{"line":26,"column":null}}]},"3":{"loc":{"start":{"line":27,"column":24},"end":{"line":27,"column":45}},"type":"binary-expr","locations":[{"start":{"line":27,"column":24},"end":{"line":27,"column":41}},{"start":{"line":27,"column":41},"end":{"line":27,"column":45}}]},"4":{"loc":{"start":{"line":28,"column":6},"end":{"line":28,"column":null}},"type":"if","locations":[{"start":{"line":28,"column":6},"end":{"line":28,"column":null}},{"start":{"line":28,"column":6},"end":{"line":28,"column":null}}]},"5":{"loc":{"start":{"line":34,"column":4},"end":{"line":36,"column":null}},"type":"if","locations":[{"start":{"line":34,"column":4},"end":{"line":36,"column":null}},{"start":{"line":34,"column":4},"end":{"line":36,"column":null}}]},"6":{"loc":{"start":{"line":34,"column":8},"end":{"line":34,"column":80}},"type":"binary-expr","locations":[{"start":{"line":34,"column":8},"end":{"line":34,"column":30}},{"start":{"line":34,"column":30},"end":{"line":34,"column":46}},{"start":{"line":34,"column":46},"end":{"line":34,"column":80}}]},"7":{"loc":{"start":{"line":35,"column":6},"end":{"line":35,"column":null}},"type":"if","locations":[{"start":{"line":35,"column":6},"end":{"line":35,"column":null}},{"start":{"line":35,"column":6},"end":{"line":35,"column":null}}]},"8":{"loc":{"start":{"line":35,"column":10},"end":{"line":35,"column":49}},"type":"binary-expr","locations":[{"start":{"line":35,"column":10},"end":{"line":35,"column":19}},{"start":{"line":35,"column":19},"end":{"line":35,"column":49}}]},"9":{"loc":{"start":{"line":37,"column":4},"end":{"line":37,"column":null}},"type":"if","locations":[{"start":{"line":37,"column":4},"end":{"line":37,"column":null}},{"start":{"line":37,"column":4},"end":{"line":37,"column":null}}]},"10":{"loc":{"start":{"line":37,"column":8},"end":{"line":37,"column":42}},"type":"binary-expr","locations":[{"start":{"line":37,"column":8},"end":{"line":37,"column":24}},{"start":{"line":37,"column":24},"end":{"line":37,"column":42}}]},"11":{"loc":{"start":{"line":49,"column":4},"end":{"line":61,"column":null}},"type":"if","locations":[{"start":{"line":49,"column":4},"end":{"line":61,"column":null}},{"start":{"line":55,"column":4},"end":{"line":61,"column":null}}]},"12":{"loc":{"start":{"line":49,"column":8},"end":{"line":49,"column":35}},"type":"binary-expr","locations":[{"start":{"line":49,"column":8},"end":{"line":49,"column":17}},{"start":{"line":49,"column":17},"end":{"line":49,"column":35}}]},"13":{"loc":{"start":{"line":51,"column":6},"end":{"line":54,"column":null}},"type":"if","locations":[{"start":{"line":51,"column":6},"end":{"line":54,"column":null}},{"start":{"line":51,"column":6},"end":{"line":54,"column":null}}]},"14":{"loc":{"start":{"line":51,"column":10},"end":{"line":51,"column":72}},"type":"binary-expr","locations":[{"start":{"line":51,"column":10},"end":{"line":51,"column":35}},{"start":{"line":51,"column":35},"end":{"line":51,"column":72}}]},"15":{"loc":{"start":{"line":55,"column":4},"end":{"line":61,"column":null}},"type":"if","locations":[{"start":{"line":55,"column":4},"end":{"line":61,"column":null}},{"start":{"line":55,"column":4},"end":{"line":61,"column":null}}]},"16":{"loc":{"start":{"line":55,"column":15},"end":{"line":55,"column":58}},"type":"binary-expr","locations":[{"start":{"line":55,"column":15},"end":{"line":55,"column":35}},{"start":{"line":55,"column":35},"end":{"line":55,"column":58}}]},"17":{"loc":{"start":{"line":59,"column":46},"end":{"line":59,"column":91}},"type":"cond-expr","locations":[{"start":{"line":59,"column":76},"end":{"line":59,"column":88}},{"start":{"line":59,"column":88},"end":{"line":59,"column":91}}]},"18":{"loc":{"start":{"line":63,"column":4},"end":{"line":66,"column":null}},"type":"if","locations":[{"start":{"line":63,"column":4},"end":{"line":66,"column":null}},{"start":{"line":63,"column":4},"end":{"line":66,"column":null}}]},"19":{"loc":{"start":{"line":65,"column":6},"end":{"line":65,"column":null}},"type":"if","locations":[{"start":{"line":65,"column":6},"end":{"line":65,"column":null}},{"start":{"line":65,"column":6},"end":{"line":65,"column":null}}]},"20":{"loc":{"start":{"line":70,"column":2},"end":{"line":70,"column":null}},"type":"if","locations":[{"start":{"line":70,"column":2},"end":{"line":70,"column":null}},{"start":{"line":70,"column":2},"end":{"line":70,"column":null}}]},"21":{"loc":{"start":{"line":70,"column":6},"end":{"line":70,"column":49}},"type":"binary-expr","locations":[{"start":{"line":70,"column":6},"end":{"line":70,"column":26}},{"start":{"line":70,"column":26},"end":{"line":70,"column":49}}]},"22":{"loc":{"start":{"line":89,"column":10},"end":{"line":103,"column":null}},"type":"if","locations":[{"start":{"line":89,"column":10},"end":{"line":103,"column":null}},{"start":{"line":89,"column":10},"end":{"line":103,"column":null}}]},"23":{"loc":{"start":{"line":89,"column":14},"end":{"line":89,"column":35}},"type":"binary-expr","locations":[{"start":{"line":89,"column":14},"end":{"line":89,"column":26}},{"start":{"line":89,"column":26},"end":{"line":89,"column":35}}]},"24":{"loc":{"start":{"line":107,"column":21},"end":{"line":107,"column":null}},"type":"cond-expr","locations":[{"start":{"line":107,"column":30},"end":{"line":107,"column":47}},{"start":{"line":107,"column":47},"end":{"line":107,"column":null}}]},"25":{"loc":{"start":{"line":108,"column":92},"end":{"line":108,"column":111}},"type":"cond-expr","locations":[{"start":{"line":108,"column":101},"end":{"line":108,"column":107}},{"start":{"line":108,"column":107},"end":{"line":108,"column":111}}]}},"s":{"0":2,"1":2,"2":3,"3":1,"4":2,"5":4,"6":4,"7":4,"8":28,"9":8,"10":28,"11":32,"12":28,"13":4,"14":36,"15":2,"16":2,"17":36,"18":1,"19":4,"20":4,"21":4,"22":4,"23":4,"24":4,"25":1,"26":1,"27":1,"28":1,"29":1,"30":3,"31":1,"32":1,"33":2,"34":2,"35":4,"36":4,"37":4,"38":4,"39":4,"40":4,"41":2,"42":2,"43":6,"44":6,"45":4,"46":2},"f":{"0":3,"1":4,"2":4,"3":4,"4":4,"5":1,"6":2,"7":6},"b":{"0":[1,2],"1":[3,2],"2":[8,20],"3":[28,8],"4":[28,4],"5":[2,34],"6":[36,35,32],"7":[2,0],"8":[2,0],"9":[1,35],"10":[36,4],"11":[1,3],"12":[4,2],"13":[1,0],"14":[1,1],"15":[1,2],"16":[3,2],"17":[1,1],"18":[4,0],"19":[4,0],"20":[2,2],"21":[4,3],"22":[4,2],"23":[6,4],"24":[2,0],"25":[2,0]}}
,"C:/Users/Suryansh/Desktop/Projects/duncit.com/project/portals/crm/src/components/AppIcon.tsx": {"path":"C:/Users/Suryansh/Desktop/Projects/duncit.com/project/portals/crm/src/components/AppIcon.tsx","statementMap":{"0":{"start":{"line":20,"column":65},"end":{"line":37,"column":null}},"1":{"start":{"line":41,"column":15},"end":{"line":41,"column":null}},"2":{"start":{"line":42,"column":2},"end":{"line":42,"column":null}}},"fnMap":{"0":{"name":"AppIcon","decl":{"start":{"line":40,"column":24},"end":{"line":40,"column":32}},"loc":{"start":{"line":40,"column":85},"end":{"line":43,"column":null}}}},"branchMap":{"0":{"loc":{"start":{"line":41,"column":15},"end":{"line":41,"column":null}},"type":"binary-expr","locations":[{"start":{"line":41,"column":15},"end":{"line":41,"column":30}},{"start":{"line":41,"column":30},"end":{"line":41,"column":null}}]}},"s":{"0":2,"1":23,"2":23},"f":{"0":23},"b":{"0":[23,1]}}
,"C:/Users/Suryansh/Desktop/Projects/duncit.com/project/portals/crm/src/components/AppSidebar.helpers.ts": {"path":"C:/Users/Suryansh/Desktop/Projects/duncit.com/project/portals/crm/src/components/AppSidebar.helpers.ts","statementMap":{"0":{"start":{"line":4,"column":23},"end":{"line":8,"column":null}},"1":{"start":{"line":5,"column":2},"end":{"line":5,"column":null}},"2":{"start":{"line":5,"column":11},"end":{"line":5,"column":null}},"3":{"start":{"line":6,"column":2},"end":{"line":6,"column":null}},"4":{"start":{"line":6,"column":18},"end":{"line":6,"column":null}},"5":{"start":{"line":7,"column":2},"end":{"line":7,"column":null}},"6":{"start":{"line":11,"column":27},"end":{"line":14,"column":null}},"7":{"start":{"line":12,"column":2},"end":{"line":14,"column":null}},"8":{"start":{"line":13,"column":35},"end":{"line":13,"column":94}},"9":{"start":{"line":25,"column":34},"end":{"line":25,"column":null}},"10":{"start":{"line":26,"column":18},"end":{"line":26,"column":null}},"11":{"start":{"line":27,"column":2},"end":{"line":34,"column":null}},"12":{"start":{"line":28,"column":4},"end":{"line":28,"column":null}},"13":{"start":{"line":28,"column":19},"end":{"line":28,"column":null}},"14":{"start":{"line":29,"column":4},"end":{"line":29,"column":null}},"15":{"start":{"line":29,"column":38},"end":{"line":29,"column":null}},"16":{"start":{"line":30,"column":4},"end":{"line":33,"column":null}},"17":{"start":{"line":31,"column":6},"end":{"line":31,"column":null}},"18":{"start":{"line":32,"column":6},"end":{"line":32,"column":null}},"19":{"start":{"line":35,"column":2},"end":{"line":35,"column":null}}},"fnMap":{"0":{"name":"(anonymous_0)","decl":{"start":{"line":4,"column":23},"end":{"line":4,"column":24}},"loc":{"start":{"line":4,"column":67},"end":{"line":8,"column":null}}},"1":{"name":"(anonymous_1)","decl":{"start":{"line":11,"column":27},"end":{"line":11,"column":28}},"loc":{"start":{"line":12,"column":2},"end":{"line":14,"column":null}}},"2":{"name":"(anonymous_2)","decl":{"start":{"line":13,"column":24},"end":{"line":13,"column":25}},"loc":{"start":{"line":13,"column":35},"end":{"line":13,"column":94}}},"3":{"name":"bestChild","decl":{"start":{"line":24,"column":16},"end":{"line":24,"column":26}},"loc":{"start":{"line":24,"column":87},"end":{"line":36,"column":null}}}},"branchMap":{"0":{"loc":{"start":{"line":5,"column":2},"end":{"line":5,"column":null}},"type":"if","locations":[{"start":{"line":5,"column":2},"end":{"line":5,"column":null}},{"start":{"line":5,"column":2},"end":{"line":5,"column":null}}]},"1":{"loc":{"start":{"line":6,"column":2},"end":{"line":6,"column":null}},"type":"if","locations":[{"start":{"line":6,"column":2},"end":{"line":6,"column":null}},{"start":{"line":6,"column":2},"end":{"line":6,"column":null}}]},"2":{"loc":{"start":{"line":7,"column":9},"end":{"line":7,"column":null}},"type":"binary-expr","locations":[{"start":{"line":7,"column":9},"end":{"line":7,"column":28}},{"start":{"line":7,"column":28},"end":{"line":7,"column":null}}]},"3":{"loc":{"start":{"line":13,"column":35},"end":{"line":13,"column":94}},"type":"binary-expr","locations":[{"start":{"line":13,"column":35},"end":{"line":13,"column":66}},{"start":{"line":13,"column":66},"end":{"line":13,"column":94}}]},"4":{"loc":{"start":{"line":28,"column":4},"end":{"line":28,"column":null}},"type":"if","locations":[{"start":{"line":28,"column":4},"end":{"line":28,"column":null}},{"start":{"line":28,"column":4},"end":{"line":28,"column":null}}]},"5":{"loc":{"start":{"line":29,"column":4},"end":{"line":29,"column":null}},"type":"if","locations":[{"start":{"line":29,"column":4},"end":{"line":29,"column":null}},{"start":{"line":29,"column":4},"end":{"line":29,"column":null}}]},"6":{"loc":{"start":{"line":30,"column":4},"end":{"line":33,"column":null}},"type":"if","locations":[{"start":{"line":30,"column":4},"end":{"line":33,"column":null}},{"start":{"line":30,"column":4},"end":{"line":33,"column":null}}]}},"s":{"0":2,"1":76,"2":6,"3":70,"4":7,"5":63,"6":2,"7":46,"8":33,"9":17,"10":17,"11":17,"12":28,"13":4,"14":24,"15":18,"16":6,"17":6,"18":6,"19":17},"f":{"0":76,"1":46,"2":33,"3":17},"b":{"0":[6,70],"1":[7,63],"2":[63,53],"3":[33,27],"4":[4,24],"5":[18,6],"6":[6,0]}}
,"C:/Users/Suryansh/Desktop/Projects/duncit.com/project/portals/crm/src/components/AppSidebar.tsx": {"path":"C:/Users/Suryansh/Desktop/Projects/duncit.com/project/portals/crm/src/components/AppSidebar.tsx","statementMap":{"0":{"start":{"line":53,"column":19},"end":{"line":53,"column":null}},"1":{"start":{"line":54,"column":2},"end":{"line":77,"column":null}},"2":{"start":{"line":82,"column":17},"end":{"line":82,"column":null}},"3":{"start":{"line":82,"column":31},"end":{"line":82,"column":60}},"4":{"start":{"line":83,"column":17},"end":{"line":83,"column":null}},"5":{"start":{"line":83,"column":31},"end":{"line":83,"column":73}},"6":{"start":{"line":84,"column":26},"end":{"line":84,"column":null}},"7":{"start":{"line":85,"column":17},"end":{"line":85,"column":null}},"8":{"start":{"line":86,"column":2},"end":{"line":116,"column":null}},"9":{"start":{"line":88,"column":37},"end":{"line":88,"column":57}},"10":{"start":{"line":88,"column":52},"end":{"line":88,"column":54}},"11":{"start":{"line":105,"column":12},"end":{"line":112,"column":null}},"12":{"start":{"line":121,"column":2},"end":{"line":123,"column":null}},"13":{"start":{"line":122,"column":4},"end":{"line":122,"column":null}},"14":{"start":{"line":124,"column":2},"end":{"line":125,"column":null}},"15":{"start":{"line":131,"column":2},"end":{"line":131,"column":null}},"16":{"start":{"line":131,"column":10},"end":{"line":131,"column":null}},"17":{"start":{"line":132,"column":13},"end":{"line":132,"column":null}},"18":{"start":{"line":133,"column":2},"end":{"line":137,"column":null}},"19":{"start":{"line":134,"column":4},"end":{"line":134,"column":null}},"20":{"start":{"line":134,"column":47},"end":{"line":134,"column":null}},"21":{"start":{"line":135,"column":17},"end":{"line":135,"column":null}},"22":{"start":{"line":136,"column":4},"end":{"line":136,"column":null}},"23":{"start":{"line":141,"column":19},"end":{"line":141,"column":null}},"24":{"start":{"line":142,"column":40},"end":{"line":142,"column":null}},"25":{"start":{"line":143,"column":28},"end":{"line":143,"column":null}},"26":{"start":{"line":144,"column":14},"end":{"line":144,"column":null}},"27":{"start":{"line":144,"column":28},"end":{"line":144,"column":68}},"28":{"start":{"line":145,"column":2},"end":{"line":196,"column":null}},"29":{"start":{"line":178,"column":27},"end":{"line":178,"column":null}},"30":{"start":{"line":187,"column":12},"end":{"line":187,"column":null}}},"fnMap":{"0":{"name":"LeafItem","decl":{"start":{"line":52,"column":9},"end":{"line":52,"column":18}},"loc":{"start":{"line":52,"column":90},"end":{"line":79,"column":null}}},"1":{"name":"GroupItem","decl":{"start":{"line":81,"column":9},"end":{"line":81,"column":19}},"loc":{"start":{"line":81,"column":88},"end":{"line":118,"column":null}}},"2":{"name":"(anonymous_2)","decl":{"start":{"line":82,"column":25},"end":{"line":82,"column":31}},"loc":{"start":{"line":82,"column":31},"end":{"line":82,"column":60}}},"3":{"name":"(anonymous_3)","decl":{"start":{"line":83,"column":25},"end":{"line":83,"column":31}},"loc":{"start":{"line":83,"column":31},"end":{"line":83,"column":73}}},"4":{"name":"(anonymous_4)","decl":{"start":{"line":88,"column":31},"end":{"line":88,"column":37}},"loc":{"start":{"line":88,"column":37},"end":{"line":88,"column":57}}},"5":{"name":"(anonymous_5)","decl":{"start":{"line":88,"column":45},"end":{"line":88,"column":46}},"loc":{"start":{"line":88,"column":52},"end":{"line":88,"column":54}}},"6":{"name":"(anonymous_6)","decl":{"start":{"line":104,"column":37},"end":{"line":104,"column":38}},"loc":{"start":{"line":105,"column":12},"end":{"line":112,"column":null}}},"7":{"name":"NavNode","decl":{"start":{"line":120,"column":9},"end":{"line":120,"column":17}},"loc":{"start":{"line":120,"column":99},"end":{"line":127,"column":null}}},"8":{"name":"filterNav","decl":{"start":{"line":130,"column":9},"end":{"line":130,"column":19}},"loc":{"start":{"line":130,"column":65},"end":{"line":138,"column":null}}},"9":{"name":"(anonymous_9)","decl":{"start":{"line":133,"column":23},"end":{"line":133,"column":24}},"loc":{"start":{"line":133,"column":33},"end":{"line":137,"column":3}}},"10":{"name":"AppSidebar","decl":{"start":{"line":140,"column":24},"end":{"line":140,"column":35}},"loc":{"start":{"line":140,"column":75},"end":{"line":198,"column":null}}},"11":{"name":"(anonymous_11)","decl":{"start":{"line":144,"column":22},"end":{"line":144,"column":28}},"loc":{"start":{"line":144,"column":28},"end":{"line":144,"column":68}}},"12":{"name":"(anonymous_12)","decl":{"start":{"line":178,"column":20},"end":{"line":178,"column":21}},"loc":{"start":{"line":178,"column":27},"end":{"line":178,"column":null}}},"13":{"name":"(anonymous_13)","decl":{"start":{"line":186,"column":18},"end":{"line":186,"column":19}},"loc":{"start":{"line":187,"column":12},"end":{"line":187,"column":null}}}},"branchMap":{"0":{"loc":{"start":{"line":53,"column":19},"end":{"line":53,"column":null}},"type":"binary-expr","locations":[{"start":{"line":53,"column":19},"end":{"line":53,"column":36}},{"start":{"line":53,"column":36},"end":{"line":53,"column":null}}]},"1":{"loc":{"start":{"line":57,"column":10},"end":{"line":57,"column":null}},"type":"binary-expr","locations":[{"start":{"line":57,"column":10},"end":{"line":57,"column":21}},{"start":{"line":57,"column":21},"end":{"line":57,"column":null}}]},"2":{"loc":{"start":{"line":83,"column":51},"end":{"line":83,"column":70}},"type":"binary-expr","locations":[{"start":{"line":83,"column":51},"end":{"line":83,"column":68}},{"start":{"line":83,"column":68},"end":{"line":83,"column":70}}]},"3":{"loc":{"start":{"line":85,"column":17},"end":{"line":85,"column":null}},"type":"cond-expr","locations":[{"start":{"line":85,"column":29},"end":{"line":85,"column":36}},{"start":{"line":85,"column":36},"end":{"line":85,"column":null}}]},"4":{"loc":{"start":{"line":89,"column":49},"end":{"line":89,"column":92}},"type":"cond-expr","locations":[{"start":{"line":89,"column":58},"end":{"line":89,"column":75}},{"start":{"line":89,"column":75},"end":{"line":89,"column":92}}]},"5":{"loc":{"start":{"line":95,"column":24},"end":{"line":95,"column":null}},"type":"cond-expr","locations":[{"start":{"line":95,"column":33},"end":{"line":95,"column":39}},{"start":{"line":95,"column":39},"end":{"line":95,"column":null}}]},"6":{"loc":{"start":{"line":97,"column":19},"end":{"line":97,"column":null}},"type":"cond-expr","locations":[{"start":{"line":97,"column":28},"end":{"line":97,"column":45}},{"start":{"line":97,"column":45},"end":{"line":97,"column":null}}]},"7":{"loc":{"start":{"line":100,"column":9},"end":{"line":100,"column":null}},"type":"cond-expr","locations":[{"start":{"line":100,"column":18},"end":{"line":100,"column":56}},{"start":{"line":100,"column":56},"end":{"line":100,"column":null}}]},"8":{"loc":{"start":{"line":104,"column":12},"end":{"line":104,"column":33}},"type":"binary-expr","locations":[{"start":{"line":104,"column":12},"end":{"line":104,"column":29}},{"start":{"line":104,"column":29},"end":{"line":104,"column":33}}]},"9":{"loc":{"start":{"line":111,"column":29},"end":{"line":111,"column":null}},"type":"cond-expr","locations":[{"start":{"line":111,"column":38},"end":{"line":111,"column":57}},{"start":{"line":111,"column":57},"end":{"line":111,"column":null}}]},"10":{"loc":{"start":{"line":121,"column":2},"end":{"line":123,"column":null}},"type":"if","locations":[{"start":{"line":121,"column":2},"end":{"line":123,"column":null}},{"start":{"line":121,"column":2},"end":{"line":123,"column":null}}]},"11":{"loc":{"start":{"line":121,"column":6},"end":{"line":121,"column":49}},"type":"binary-expr","locations":[{"start":{"line":121,"column":6},"end":{"line":121,"column":23}},{"start":{"line":121,"column":23},"end":{"line":121,"column":49}}]},"12":{"loc":{"start":{"line":131,"column":2},"end":{"line":131,"column":null}},"type":"if","locations":[{"start":{"line":131,"column":2},"end":{"line":131,"column":null}},{"start":{"line":131,"column":2},"end":{"line":131,"column":null}}]},"13":{"loc":{"start":{"line":134,"column":4},"end":{"line":134,"column":null}},"type":"if","locations":[{"start":{"line":134,"column":4},"end":{"line":134,"column":null}},{"start":{"line":134,"column":4},"end":{"line":134,"column":null}}]},"14":{"loc":{"start":{"line":135,"column":27},"end":{"line":135,"column":48}},"type":"binary-expr","locations":[{"start":{"line":135,"column":27},"end":{"line":135,"column":44}},{"start":{"line":135,"column":44},"end":{"line":135,"column":48}}]},"15":{"loc":{"start":{"line":136,"column":11},"end":{"line":136,"column":null}},"type":"cond-expr","locations":[{"start":{"line":136,"column":25},"end":{"line":136,"column":57}},{"start":{"line":136,"column":57},"end":{"line":136,"column":null}}]},"16":{"loc":{"start":{"line":158,"column":9},"end":{"line":166,"column":null}},"type":"cond-expr","locations":[{"start":{"line":159,"column":10},"end":{"line":159,"column":null}},{"start":{"line":161,"column":10},"end":{"line":166,"column":null}}]},"17":{"loc":{"start":{"line":183,"column":9},"end":{"line":188,"column":null}},"type":"cond-expr","locations":[{"start":{"line":184,"column":10},"end":{"line":184,"column":null}},{"start":{"line":186,"column":10},"end":{"line":188,"column":null}}]}},"s":{"0":6,"1":6,"2":15,"3":10,"4":15,"5":10,"6":15,"7":15,"8":15,"9":0,"10":0,"11":24,"12":21,"13":15,"14":6,"15":2,"16":2,"17":0,"18":0,"19":0,"20":0,"21":0,"22":0,"23":3,"24":3,"25":3,"26":3,"27":2,"28":3,"29":0,"30":21},"f":{"0":6,"1":15,"2":10,"3":10,"4":0,"5":0,"6":24,"7":21,"8":2,"9":0,"10":3,"11":2,"12":0,"13":21},"b":{"0":[6,6],"1":[6,0],"2":[10,0],"3":[0,15],"4":[0,15],"5":[0,15],"6":[0,15],"7":[0,15],"8":[15,0],"9":[0,24],"10":[15,6],"11":[21,15],"12":[2,0],"13":[0,0],"14":[0,0],"15":[0,0],"16":[3,0],"17":[0,3]}}
,"C:/Users/Suryansh/Desktop/Projects/duncit.com/project/portals/crm/src/components/AuthSplitLayout.tsx": {"path":"C:/Users/Suryansh/Desktop/Projects/duncit.com/project/portals/crm/src/components/AuthSplitLayout.tsx","statementMap":{"0":{"start":{"line":10,"column":14},"end":{"line":17,"column":null}},"1":{"start":{"line":10,"column":42},"end":{"line":17,"column":2}},"2":{"start":{"line":19,"column":17},"end":{"line":26,"column":null}},"3":{"start":{"line":19,"column":45},"end":{"line":26,"column":2}},"4":{"start":{"line":28,"column":18},"end":{"line":28,"column":null}},"5":{"start":{"line":30,"column":17},"end":{"line":36,"column":null}},"6":{"start":{"line":30,"column":45},"end":{"line":36,"column":2}},"7":{"start":{"line":38,"column":18},"end":{"line":45,"column":null}},"8":{"start":{"line":38,"column":72},"end":{"line":45,"column":2}},"9":{"start":{"line":47,"column":21},"end":{"line":61,"column":null}},"10":{"start":{"line":48,"column":17},"end":{"line":48,"column":null}},"11":{"start":{"line":49,"column":2},"end":{"line":60,"column":null}},"12":{"start":{"line":70,"column":27},"end":{"line":70,"column":null}},"13":{"start":{"line":71,"column":31},"end":{"line":71,"column":null}},"14":{"start":{"line":72,"column":2},"end":{"line":148,"column":null}}},"fnMap":{"0":{"name":"(anonymous_0)","decl":{"start":{"line":10,"column":26},"end":{"line":10,"column":27}},"loc":{"start":{"line":10,"column":42},"end":{"line":17,"column":2}}},"1":{"name":"(anonymous_1)","decl":{"start":{"line":19,"column":29},"end":{"line":19,"column":30}},"loc":{"start":{"line":19,"column":45},"end":{"line":26,"column":2}}},"2":{"name":"(anonymous_2)","decl":{"start":{"line":30,"column":29},"end":{"line":30,"column":30}},"loc":{"start":{"line":30,"column":45},"end":{"line":36,"column":2}}},"3":{"name":"(anonymous_3)","decl":{"start":{"line":38,"column":49},"end":{"line":38,"column":50}},"loc":{"start":{"line":38,"column":72},"end":{"line":45,"column":2}}},"4":{"name":"(anonymous_4)","decl":{"start":{"line":47,"column":33},"end":{"line":47,"column":34}},"loc":{"start":{"line":47,"column":48},"end":{"line":61,"column":1}}},"5":{"name":"AuthSplitLayout","decl":{"start":{"line":69,"column":24},"end":{"line":69,"column":40}},"loc":{"start":{"line":69,"column":88},"end":{"line":150,"column":null}}}},"branchMap":{"0":{"loc":{"start":{"line":56,"column":16},"end":{"line":58,"column":null}},"type":"cond-expr","locations":[{"start":{"line":57,"column":8},"end":{"line":57,"column":null}},{"start":{"line":58,"column":8},"end":{"line":58,"column":null}}]},"1":{"loc":{"start":{"line":76,"column":26},"end":{"line":76,"column":null}},"type":"cond-expr","locations":[{"start":{"line":76,"column":44},"end":{"line":76,"column":64}},{"start":{"line":76,"column":64},"end":{"line":76,"column":null}}]},"2":{"loc":{"start":{"line":78,"column":15},"end":{"line":78,"column":null}},"type":"cond-expr","locations":[{"start":{"line":78,"column":33},"end":{"line":78,"column":70}},{"start":{"line":78,"column":70},"end":{"line":78,"column":null}}]},"3":{"loc":{"start":{"line":107,"column":13},"end":{"line":110,"column":null}},"type":"binary-expr","locations":[{"start":{"line":107,"column":13},"end":{"line":107,"column":null}},{"start":{"line":108,"column":14},"end":{"line":110,"column":null}}]}},"s":{"0":0,"1":0,"2":0,"3":0,"4":0,"5":0,"6":0,"7":0,"8":0,"9":0,"10":0,"11":0,"12":0,"13":0,"14":0},"f":{"0":0,"1":0,"2":0,"3":0,"4":0,"5":0},"b":{"0":[0,0],"1":[0,0],"2":[0,0],"3":[0,0]}}
,"C:/Users/Suryansh/Desktop/Projects/duncit.com/project/portals/crm/src/components/ConfirmDialog.tsx": {"path":"C:/Users/Suryansh/Desktop/Projects/duncit.com/project/portals/crm/src/components/ConfirmDialog.tsx","statementMap":{"0":{"start":{"line":15,"column":2},"end":{"line":27,"column":null}}},"fnMap":{"0":{"name":"ConfirmDialog","decl":{"start":{"line":14,"column":24},"end":{"line":14,"column":38}},"loc":{"start":{"line":14,"column":136},"end":{"line":29,"column":null}}}},"branchMap":{"0":{"loc":{"start":{"line":14,"column":62},"end":{"line":14,"column":88}},"type":"default-arg","locations":[{"start":{"line":14,"column":77},"end":{"line":14,"column":88}}]},"1":{"loc":{"start":{"line":24,"column":11},"end":{"line":24,"column":null}},"type":"cond-expr","locations":[{"start":{"line":24,"column":21},"end":{"line":24,"column":34}},{"start":{"line":24,"column":34},"end":{"line":24,"column":null}}]}},"s":{"0":67},"f":{"0":67},"b":{"0":[4],"1":[2,65]}}
,"C:/Users/Suryansh/Desktop/Projects/duncit.com/project/portals/crm/src/components/DynamicValuesView.tsx": {"path":"C:/Users/Suryansh/Desktop/Projects/duncit.com/project/portals/crm/src/components/DynamicValuesView.tsx","statementMap":{"0":{"start":{"line":14,"column":12},"end":{"line":31,"column":null}},"1":{"start":{"line":15,"column":2},"end":{"line":15,"column":null}},"2":{"start":{"line":15,"column":55},"end":{"line":15,"column":null}},"3":{"start":{"line":16,"column":2},"end":{"line":16,"column":null}},"4":{"start":{"line":16,"column":32},"end":{"line":16,"column":null}},"5":{"start":{"line":17,"column":2},"end":{"line":22,"column":null}},"6":{"start":{"line":18,"column":14},"end":{"line":18,"column":null}},"7":{"start":{"line":19,"column":4},"end":{"line":21,"column":null}},"8":{"start":{"line":20,"column":6},"end":{"line":20,"column":null}},"9":{"start":{"line":23,"column":2},"end":{"line":29,"column":null}},"10":{"start":{"line":26,"column":21},"end":{"line":26,"column":null}},"11":{"start":{"line":26,"column":37},"end":{"line":26,"column":null}},"12":{"start":{"line":26,"column":63},"end":{"line":26,"column":76}},"13":{"start":{"line":27,"column":4},"end":{"line":27,"column":null}},"14":{"start":{"line":27,"column":28},"end":{"line":27,"column":null}},"15":{"start":{"line":28,"column":4},"end":{"line":28,"column":null}},"16":{"start":{"line":30,"column":2},"end":{"line":30,"column":null}},"17":{"start":{"line":39,"column":28},"end":{"line":42,"column":null}},"18":{"start":{"line":44,"column":17},"end":{"line":50,"column":null}},"19":{"start":{"line":45,"column":4},"end":{"line":49,"column":null}},"20":{"start":{"line":46,"column":6},"end":{"line":46,"column":null}},"21":{"start":{"line":48,"column":6},"end":{"line":48,"column":null}},"22":{"start":{"line":52,"column":17},"end":{"line":52,"column":null}},"23":{"start":{"line":54,"column":2},"end":{"line":54,"column":null}},"24":{"start":{"line":54,"column":38},"end":{"line":54,"column":null}},"25":{"start":{"line":55,"column":2},"end":{"line":61,"column":null}},"26":{"start":{"line":56,"column":4},"end":{"line":59,"column":null}},"27":{"start":{"line":63,"column":2},"end":{"line":70,"column":null}},"28":{"start":{"line":67,"column":10},"end":{"line":67,"column":null}}},"fnMap":{"0":{"name":"(anonymous_0)","decl":{"start":{"line":14,"column":12},"end":{"line":14,"column":13}},"loc":{"start":{"line":14,"column":62},"end":{"line":31,"column":null}}},"1":{"name":"(anonymous_1)","decl":{"start":{"line":26,"column":21},"end":{"line":26,"column":22}},"loc":{"start":{"line":26,"column":37},"end":{"line":26,"column":null}}},"2":{"name":"(anonymous_2)","decl":{"start":{"line":26,"column":56},"end":{"line":26,"column":57}},"loc":{"start":{"line":26,"column":63},"end":{"line":26,"column":76}}},"3":{"name":"DynamicValuesView","decl":{"start":{"line":38,"column":24},"end":{"line":38,"column":42}},"loc":{"start":{"line":38,"column":77},"end":{"line":72,"column":null}}},"4":{"name":"(anonymous_4)","decl":{"start":{"line":44,"column":25},"end":{"line":44,"column":31}},"loc":{"start":{"line":44,"column":31},"end":{"line":50,"column":5}}},"5":{"name":"(anonymous_5)","decl":{"start":{"line":66,"column":20},"end":{"line":66,"column":21}},"loc":{"start":{"line":67,"column":10},"end":{"line":67,"column":null}}}},"branchMap":{"0":{"loc":{"start":{"line":15,"column":2},"end":{"line":15,"column":null}},"type":"if","locations":[{"start":{"line":15,"column":2},"end":{"line":15,"column":null}},{"start":{"line":15,"column":2},"end":{"line":15,"column":null}}]},"1":{"loc":{"start":{"line":15,"column":6},"end":{"line":15,"column":55}},"type":"binary-expr","locations":[{"start":{"line":15,"column":6},"end":{"line":15,"column":22}},{"start":{"line":15,"column":22},"end":{"line":15,"column":43}},{"start":{"line":15,"column":43},"end":{"line":15,"column":55}}]},"2":{"loc":{"start":{"line":16,"column":2},"end":{"line":16,"column":null}},"type":"if","locations":[{"start":{"line":16,"column":2},"end":{"line":16,"column":null}},{"start":{"line":16,"column":2},"end":{"line":16,"column":null}}]},"3":{"loc":{"start":{"line":16,"column":39},"end":{"line":16,"column":null}},"type":"cond-expr","locations":[{"start":{"line":16,"column":45},"end":{"line":16,"column":53}},{"start":{"line":16,"column":53},"end":{"line":16,"column":null}}]},"4":{"loc":{"start":{"line":17,"column":2},"end":{"line":22,"column":null}},"type":"if","locations":[{"start":{"line":17,"column":2},"end":{"line":22,"column":null}},{"start":{"line":17,"column":2},"end":{"line":22,"column":null}}]},"5":{"loc":{"start":{"line":19,"column":4},"end":{"line":21,"column":null}},"type":"if","locations":[{"start":{"line":19,"column":4},"end":{"line":21,"column":null}},{"start":{"line":19,"column":4},"end":{"line":21,"column":null}}]},"6":{"loc":{"start":{"line":23,"column":2},"end":{"line":29,"column":null}},"type":"if","locations":[{"start":{"line":23,"column":2},"end":{"line":29,"column":null}},{"start":{"line":23,"column":2},"end":{"line":29,"column":null}}]},"7":{"loc":{"start":{"line":26,"column":37},"end":{"line":26,"column":null}},"type":"binary-expr","locations":[{"start":{"line":26,"column":37},"end":{"line":26,"column":88}},{"start":{"line":26,"column":88},"end":{"line":26,"column":null}}]},"8":{"loc":{"start":{"line":27,"column":4},"end":{"line":27,"column":null}},"type":"if","locations":[{"start":{"line":27,"column":4},"end":{"line":27,"column":null}},{"start":{"line":27,"column":4},"end":{"line":27,"column":null}}]},"9":{"loc":{"start":{"line":27,"column":35},"end":{"line":27,"column":null}},"type":"cond-expr","locations":[{"start":{"line":27,"column":48},"end":{"line":27,"column":79}},{"start":{"line":27,"column":79},"end":{"line":27,"column":null}}]},"10":{"loc":{"start":{"line":46,"column":24},"end":{"line":46,"column":36}},"type":"binary-expr","locations":[{"start":{"line":46,"column":24},"end":{"line":46,"column":32}},{"start":{"line":46,"column":32},"end":{"line":46,"column":36}}]},"11":{"loc":{"start":{"line":52,"column":17},"end":{"line":52,"column":null}},"type":"binary-expr","locations":[{"start":{"line":52,"column":17},"end":{"line":52,"column":43}},{"start":{"line":52,"column":43},"end":{"line":52,"column":null}}]},"12":{"loc":{"start":{"line":54,"column":2},"end":{"line":54,"column":null}},"type":"if","locations":[{"start":{"line":54,"column":2},"end":{"line":54,"column":null}},{"start":{"line":54,"column":2},"end":{"line":54,"column":null}}]},"13":{"loc":{"start":{"line":54,"column":6},"end":{"line":54,"column":38}},"type":"binary-expr","locations":[{"start":{"line":54,"column":6},"end":{"line":54,"column":17}},{"start":{"line":54,"column":17},"end":{"line":54,"column":38}}]},"14":{"loc":{"start":{"line":55,"column":2},"end":{"line":61,"column":null}},"type":"if","locations":[{"start":{"line":55,"column":2},"end":{"line":61,"column":null}},{"start":{"line":55,"column":2},"end":{"line":61,"column":null}}]}},"s":{"0":1,"1":8,"2":4,"3":4,"4":1,"5":3,"6":1,"7":1,"8":1,"9":2,"10":2,"11":3,"12":5,"13":2,"14":1,"15":1,"16":0,"17":6,"18":6,"19":3,"20":3,"21":1,"22":6,"23":6,"24":3,"25":3,"26":1,"27":2,"28":8},"f":{"0":8,"1":3,"2":5,"3":6,"4":3,"5":8},"b":{"0":[4,4],"1":[8,8,4],"2":[1,3],"3":[1,0],"4":[1,2],"5":[1,0],"6":[2,0],"7":[3,0],"8":[1,1],"9":[1,0],"10":[3,0],"11":[6,3],"12":[3,3],"13":[6,3],"14":[1,2]}}
,"C:/Users/Suryansh/Desktop/Projects/duncit.com/project/portals/crm/src/components/ErrorBoundary.tsx": {"path":"C:/Users/Suryansh/Desktop/Projects/duncit.com/project/portals/crm/src/components/ErrorBoundary.tsx","statementMap":{"0":{"start":{"line":18,"column":17},"end":{"line":18,"column":null}},"1":{"start":{"line":21,"column":4},"end":{"line":21,"column":null}},"2":{"start":{"line":26,"column":4},"end":{"line":26,"column":null}},"3":{"start":{"line":29,"column":10},"end":{"line":29,"column":null}},"4":{"start":{"line":29,"column":16},"end":{"line":29,"column":null}},"5":{"start":{"line":32,"column":4},"end":{"line":53,"column":null}},"6":{"start":{"line":33,"column":6},"end":{"line":51,"column":null}},"7":{"start":{"line":42,"column":68},"end":{"line":42,"column":98}},"8":{"start":{"line":54,"column":4},"end":{"line":54,"column":null}}},"fnMap":{"0":{"name":"(anonymous_0)","decl":{"start":{"line":20,"column":2},"end":{"line":20,"column":9}},"loc":{"start":{"line":20,"column":55},"end":{"line":22,"column":null}}},"1":{"name":"(anonymous_1)","decl":{"start":{"line":24,"column":2},"end":{"line":24,"column":20}},"loc":{"start":{"line":24,"column":51},"end":{"line":27,"column":null}}},"2":{"name":"(anonymous_2)","decl":{"start":{"line":29,"column":10},"end":{"line":29,"column":16}},"loc":{"start":{"line":29,"column":16},"end":{"line":29,"column":null}}},"3":{"name":"(anonymous_3)","decl":{"start":{"line":31,"column":2},"end":{"line":31,"column":11}},"loc":{"start":{"line":31,"column":11},"end":{"line":55,"column":null}}},"4":{"name":"(anonymous_4)","decl":{"start":{"line":42,"column":62},"end":{"line":42,"column":68}},"loc":{"start":{"line":42,"column":68},"end":{"line":42,"column":98}}}},"branchMap":{"0":{"loc":{"start":{"line":32,"column":4},"end":{"line":53,"column":null}},"type":"if","locations":[{"start":{"line":32,"column":4},"end":{"line":53,"column":null}},{"start":{"line":32,"column":4},"end":{"line":53,"column":null}}]},"1":{"loc":{"start":{"line":49,"column":13},"end":{"line":49,"column":null}},"type":"binary-expr","locations":[{"start":{"line":49,"column":13},"end":{"line":49,"column":41}},{"start":{"line":49,"column":41},"end":{"line":49,"column":null}}]}},"s":{"0":0,"1":0,"2":0,"3":0,"4":0,"5":0,"6":0,"7":0,"8":0},"f":{"0":0,"1":0,"2":0,"3":0,"4":0},"b":{"0":[0,0],"1":[0,0]}}
,"C:/Users/Suryansh/Desktop/Projects/duncit.com/project/portals/crm/src/components/ExternalLink.tsx": {"path":"C:/Users/Suryansh/Desktop/Projects/duncit.com/project/portals/crm/src/components/ExternalLink.tsx","statementMap":{"0":{"start":{"line":21,"column":2},"end":{"line":41,"column":null}}},"fnMap":{"0":{"name":"ExternalLink","decl":{"start":{"line":20,"column":24},"end":{"line":20,"column":37}},"loc":{"start":{"line":20,"column":104},"end":{"line":43,"column":null}}}},"branchMap":{"0":{"loc":{"start":{"line":20,"column":55},"end":{"line":20,"column":72}},"type":"default-arg","locations":[{"start":{"line":20,"column":66},"end":{"line":20,"column":72}}]},"1":{"loc":{"start":{"line":36,"column":12},"end":{"line":36,"column":null}},"type":"cond-expr","locations":[{"start":{"line":36,"column":32},"end":{"line":36,"column":37}},{"start":{"line":36,"column":37},"end":{"line":36,"column":null}}]},"2":{"loc":{"start":{"line":36,"column":37},"end":{"line":36,"column":null}},"type":"cond-expr","locations":[{"start":{"line":36,"column":42},"end":{"line":36,"column":49}},{"start":{"line":36,"column":49},"end":{"line":36,"column":null}}]},"3":{"loc":{"start":{"line":39,"column":7},"end":{"line":39,"column":null}},"type":"binary-expr","locations":[{"start":{"line":39,"column":7},"end":{"line":39,"column":19}},{"start":{"line":39,"column":19},"end":{"line":39,"column":null}}]},"4":{"loc":{"start":{"line":40,"column":7},"end":{"line":40,"column":null}},"type":"binary-expr","locations":[{"start":{"line":40,"column":7},"end":{"line":40,"column":19}},{"start":{"line":40,"column":19},"end":{"line":40,"column":null}}]}},"s":{"0":9},"f":{"0":9},"b":{"0":[8],"1":[0,9],"2":[0,9],"3":[9,2],"4":[9,8]}}
,"C:/Users/Suryansh/Desktop/Projects/duncit.com/project/portals/crm/src/components/FormAccordion.tsx": {"path":"C:/Users/Suryansh/Desktop/Projects/duncit.com/project/portals/crm/src/components/FormAccordion.tsx","statementMap":{"0":{"start":{"line":39,"column":14},"end":{"line":39,"column":null}},"1":{"start":{"line":40,"column":34},"end":{"line":40,"column":null}},"2":{"start":{"line":43,"column":2},"end":{"line":46,"column":null}},"3":{"start":{"line":44,"column":4},"end":{"line":44,"column":null}},"4":{"start":{"line":44,"column":36},"end":{"line":44,"column":null}},"5":{"start":{"line":45,"column":4},"end":{"line":45,"column":null}},"6":{"start":{"line":48,"column":21},"end":{"line":60,"column":null}},"7":{"start":{"line":49,"column":4},"end":{"line":49,"column":null}},"8":{"start":{"line":49,"column":56},"end":{"line":49,"column":null}},"9":{"start":{"line":50,"column":24},"end":{"line":50,"column":null}},"10":{"start":{"line":51,"column":4},"end":{"line":59,"column":null}},"11":{"start":{"line":52,"column":18},"end":{"line":52,"column":null}},"12":{"start":{"line":53,"column":6},"end":{"line":53,"column":null}},"13":{"start":{"line":53,"column":16},"end":{"line":53,"column":null}},"14":{"start":{"line":56,"column":22},"end":{"line":56,"column":null}},"15":{"start":{"line":57,"column":6},"end":{"line":57,"column":null}},"16":{"start":{"line":57,"column":36},"end":{"line":57,"column":null}},"17":{"start":{"line":58,"column":6},"end":{"line":58,"column":null}},"18":{"start":{"line":64,"column":2},"end":{"line":66,"column":null}},"19":{"start":{"line":65,"column":4},"end":{"line":65,"column":null}},"20":{"start":{"line":65,"column":44},"end":{"line":65,"column":null}},"21":{"start":{"line":68,"column":19},"end":{"line":68,"column":null}},"22":{"start":{"line":70,"column":2},"end":{"line":111,"column":null}},"23":{"start":{"line":73,"column":29},"end":{"line":73,"column":null}},"24":{"start":{"line":75,"column":22},"end":{"line":78,"column":null}},"25":{"start":{"line":82,"column":24},"end":{"line":85,"column":null}}},"fnMap":{"0":{"name":"FormAccordion","decl":{"start":{"line":38,"column":24},"end":{"line":38,"column":38}},"loc":{"start":{"line":38,"column":138},"end":{"line":113,"column":null}}},"1":{"name":"(anonymous_1)","decl":{"start":{"line":43,"column":12},"end":{"line":43,"column":18}},"loc":{"start":{"line":43,"column":18},"end":{"line":46,"column":5}}},"2":{"name":"(anonymous_2)","decl":{"start":{"line":48,"column":29},"end":{"line":48,"column":35}},"loc":{"start":{"line":48,"column":35},"end":{"line":60,"column":5}}},"3":{"name":"(anonymous_3)","decl":{"start":{"line":51,"column":29},"end":{"line":51,"column":30}},"loc":{"start":{"line":51,"column":44},"end":{"line":59,"column":7}}},"4":{"name":"(anonymous_4)","decl":{"start":{"line":64,"column":12},"end":{"line":64,"column":18}},"loc":{"start":{"line":64,"column":18},"end":{"line":66,"column":5}}},"5":{"name":"(anonymous_5)","decl":{"start":{"line":73,"column":16},"end":{"line":73,"column":17}},"loc":{"start":{"line":73,"column":29},"end":{"line":73,"column":null}}},"6":{"name":"(anonymous_6)","decl":{"start":{"line":75,"column":10},"end":{"line":75,"column":11}},"loc":{"start":{"line":75,"column":22},"end":{"line":78,"column":null}}},"7":{"name":"(anonymous_7)","decl":{"start":{"line":82,"column":12},"end":{"line":82,"column":13}},"loc":{"start":{"line":82,"column":24},"end":{"line":85,"column":null}}}},"branchMap":{"0":{"loc":{"start":{"line":44,"column":4},"end":{"line":44,"column":null}},"type":"if","locations":[{"start":{"line":44,"column":4},"end":{"line":44,"column":null}},{"start":{"line":44,"column":4},"end":{"line":44,"column":null}}]},"1":{"loc":{"start":{"line":49,"column":4},"end":{"line":49,"column":null}},"type":"if","locations":[{"start":{"line":49,"column":4},"end":{"line":49,"column":null}},{"start":{"line":49,"column":4},"end":{"line":49,"column":null}}]},"2":{"loc":{"start":{"line":49,"column":8},"end":{"line":49,"column":56}},"type":"binary-expr","locations":[{"start":{"line":49,"column":8},"end":{"line":49,"column":16}},{"start":{"line":49,"column":16},"end":{"line":49,"column":31}},{"start":{"line":49,"column":31},"end":{"line":49,"column":56}}]},"3":{"loc":{"start":{"line":53,"column":6},"end":{"line":53,"column":null}},"type":"if","locations":[{"start":{"line":53,"column":6},"end":{"line":53,"column":null}},{"start":{"line":53,"column":6},"end":{"line":53,"column":null}}]},"4":{"loc":{"start":{"line":57,"column":6},"end":{"line":57,"column":null}},"type":"if","locations":[{"start":{"line":57,"column":6},"end":{"line":57,"column":null}},{"start":{"line":57,"column":6},"end":{"line":57,"column":null}}]},"5":{"loc":{"start":{"line":57,"column":10},"end":{"line":57,"column":36}},"type":"binary-expr","locations":[{"start":{"line":57,"column":10},"end":{"line":57,"column":26}},{"start":{"line":57,"column":26},"end":{"line":57,"column":36}}]},"6":{"loc":{"start":{"line":58,"column":20},"end":{"line":58,"column":null}},"type":"cond-expr","locations":[{"start":{"line":58,"column":41},"end":{"line":58,"column":70}},{"start":{"line":58,"column":70},"end":{"line":58,"column":null}}]},"7":{"loc":{"start":{"line":65,"column":4},"end":{"line":65,"column":null}},"type":"if","locations":[{"start":{"line":65,"column":4},"end":{"line":65,"column":null}},{"start":{"line":65,"column":4},"end":{"line":65,"column":null}}]},"8":{"loc":{"start":{"line":65,"column":8},"end":{"line":65,"column":44}},"type":"binary-expr","locations":[{"start":{"line":65,"column":8},"end":{"line":65,"column":28}},{"start":{"line":65,"column":28},"end":{"line":65,"column":44}}]},"9":{"loc":{"start":{"line":76,"column":16},"end":{"line":76,"column":null}},"type":"cond-expr","locations":[{"start":{"line":76,"column":27},"end":{"line":76,"column":69}},{"start":{"line":76,"column":69},"end":{"line":76,"column":null}}]},"10":{"loc":{"start":{"line":77,"column":19},"end":{"line":77,"column":null}},"type":"cond-expr","locations":[{"start":{"line":77,"column":30},"end":{"line":77,"column":85}},{"start":{"line":77,"column":85},"end":{"line":77,"column":null}}]},"11":{"loc":{"start":{"line":81,"column":43},"end":{"line":81,"column":75}},"type":"cond-expr","locations":[{"start":{"line":81,"column":54},"end":{"line":81,"column":64}},{"start":{"line":81,"column":64},"end":{"line":81,"column":75}}]},"12":{"loc":{"start":{"line":83,"column":19},"end":{"line":83,"column":null}},"type":"cond-expr","locations":[{"start":{"line":83,"column":30},"end":{"line":83,"column":70}},{"start":{"line":83,"column":70},"end":{"line":83,"column":null}}]},"13":{"loc":{"start":{"line":84,"column":32},"end":{"line":84,"column":92}},"type":"cond-expr","locations":[{"start":{"line":84,"column":43},"end":{"line":84,"column":82}},{"start":{"line":84,"column":82},"end":{"line":84,"column":92}}]},"14":{"loc":{"start":{"line":88,"column":11},"end":{"line":88,"column":null}},"type":"binary-expr","locations":[{"start":{"line":88,"column":11},"end":{"line":88,"column":23}},{"start":{"line":88,"column":23},"end":{"line":88,"column":null}}]},"15":{"loc":{"start":{"line":92,"column":19},"end":{"line":92,"column":null}},"type":"cond-expr","locations":[{"start":{"line":92,"column":30},"end":{"line":92,"column":45}},{"start":{"line":92,"column":45},"end":{"line":92,"column":null}}]},"16":{"loc":{"start":{"line":98,"column":11},"end":{"line":104,"column":null}},"type":"binary-expr","locations":[{"start":{"line":98,"column":11},"end":{"line":98,"column":null}},{"start":{"line":99,"column":12},"end":{"line":104,"column":null}}]},"17":{"loc":{"start":{"line":100,"column":38},"end":{"line":100,"column":75}},"type":"cond-expr","locations":[{"start":{"line":100,"column":57},"end":{"line":100,"column":67}},{"start":{"line":100,"column":67},"end":{"line":100,"column":75}}]}},"s":{"0":147,"1":147,"2":147,"3":91,"4":35,"5":56,"6":147,"7":94,"8":1,"9":93,"10":93,"11":258,"12":258,"13":256,"14":2,"15":2,"16":0,"17":2,"18":147,"19":93,"20":1,"21":147,"22":147,"23":0,"24":147,"25":147},"f":{"0":147,"1":91,"2":94,"3":258,"4":93,"5":0,"6":147,"7":147},"b":{"0":[35,56],"1":[1,93],"2":[94,94,93],"3":[256,2],"4":[0,2],"5":[2,0],"6":[0,2],"7":[1,92],"8":[93,2],"9":[3,144],"10":[3,144],"11":[3,144],"12":[3,144],"13":[3,144],"14":[147,3],"15":[3,144],"16":[147,3],"17":[3,0]}}
,"C:/Users/Suryansh/Desktop/Projects/duncit.com/project/portals/crm/src/components/LeadContactActions.tsx": {"path":"C:/Users/Suryansh/Desktop/Projects/duncit.com/project/portals/crm/src/components/LeadContactActions.tsx","statementMap":{"0":{"start":{"line":35,"column":20},"end":{"line":35,"column":null}},"1":{"start":{"line":36,"column":15},"end":{"line":36,"column":null}},"2":{"start":{"line":46,"column":36},"end":{"line":46,"column":null}},"3":{"start":{"line":47,"column":38},"end":{"line":47,"column":null}},"4":{"start":{"line":48,"column":30},"end":{"line":48,"column":null}},"5":{"start":{"line":49,"column":34},"end":{"line":49,"column":null}},"6":{"start":{"line":50,"column":28},"end":{"line":50,"column":null}},"7":{"start":{"line":51,"column":20},"end":{"line":51,"column":null}},"8":{"start":{"line":52,"column":8},"end":{"line":52,"column":null}},"9":{"start":{"line":54,"column":19},"end":{"line":56,"column":null}},"10":{"start":{"line":58,"column":2},"end":{"line":125,"column":null}},"11":{"start":{"line":63,"column":61},"end":{"line":63,"column":82}},"12":{"start":{"line":66,"column":48},"end":{"line":66,"column":72}},"13":{"start":{"line":66,"column":67},"end":{"line":66,"column":69}},"14":{"start":{"line":74,"column":10},"end":{"line":87,"column":null}},"15":{"start":{"line":76,"column":52},"end":{"line":76,"column":null}},"16":{"start":{"line":78,"column":45},"end":{"line":78,"column":65}},"17":{"start":{"line":78,"column":65},"end":{"line":78,"column":86}},"18":{"start":{"line":81,"column":45},"end":{"line":81,"column":65}},"19":{"start":{"line":81,"column":65},"end":{"line":81,"column":82}},"20":{"start":{"line":98,"column":27},"end":{"line":98,"column":null}},"21":{"start":{"line":107,"column":109},"end":{"line":107,"column":129}},"22":{"start":{"line":113,"column":73},"end":{"line":113,"column":95}},"23":{"start":{"line":114,"column":65},"end":{"line":114,"column":83}},"24":{"start":{"line":121,"column":23},"end":{"line":121,"column":null}},"25":{"start":{"line":122,"column":31},"end":{"line":122,"column":null}},"26":{"start":{"line":124,"column":70},"end":{"line":124,"column":86}}},"fnMap":{"0":{"name":"LeadContactActions","decl":{"start":{"line":45,"column":24},"end":{"line":45,"column":43}},"loc":{"start":{"line":45,"column":134},"end":{"line":127,"column":null}}},"1":{"name":"(anonymous_1)","decl":{"start":{"line":63,"column":55},"end":{"line":63,"column":61}},"loc":{"start":{"line":63,"column":61},"end":{"line":63,"column":82}}},"2":{"name":"(anonymous_2)","decl":{"start":{"line":66,"column":42},"end":{"line":66,"column":48}},"loc":{"start":{"line":66,"column":48},"end":{"line":66,"column":72}}},"3":{"name":"(anonymous_3)","decl":{"start":{"line":66,"column":60},"end":{"line":66,"column":61}},"loc":{"start":{"line":66,"column":67},"end":{"line":66,"column":69}}},"4":{"name":"(anonymous_4)","decl":{"start":{"line":73,"column":9},"end":{"line":73,"column":10}},"loc":{"start":{"line":74,"column":10},"end":{"line":87,"column":null}}},"5":{"name":"(anonymous_5)","decl":{"start":{"line":76,"column":46},"end":{"line":76,"column":52}},"loc":{"start":{"line":76,"column":52},"end":{"line":76,"column":null}}},"6":{"name":"(anonymous_6)","decl":{"start":{"line":78,"column":37},"end":{"line":78,"column":43}},"loc":{"start":{"line":78,"column":43},"end":{"line":78,"column":null}}},"7":{"name":"(anonymous_7)","decl":{"start":{"line":81,"column":37},"end":{"line":81,"column":43}},"loc":{"start":{"line":81,"column":43},"end":{"line":81,"column":null}}},"8":{"name":"(anonymous_8)","decl":{"start":{"line":98,"column":21},"end":{"line":98,"column":27}},"loc":{"start":{"line":98,"column":27},"end":{"line":98,"column":null}}},"9":{"name":"(anonymous_9)","decl":{"start":{"line":107,"column":103},"end":{"line":107,"column":109}},"loc":{"start":{"line":107,"column":109},"end":{"line":107,"column":129}}},"10":{"name":"(anonymous_10)","decl":{"start":{"line":113,"column":67},"end":{"line":113,"column":73}},"loc":{"start":{"line":113,"column":73},"end":{"line":113,"column":95}}},"11":{"name":"(anonymous_11)","decl":{"start":{"line":114,"column":59},"end":{"line":114,"column":65}},"loc":{"start":{"line":114,"column":65},"end":{"line":114,"column":83}}},"12":{"name":"(anonymous_12)","decl":{"start":{"line":121,"column":17},"end":{"line":121,"column":23}},"loc":{"start":{"line":121,"column":23},"end":{"line":121,"column":null}}},"13":{"name":"(anonymous_13)","decl":{"start":{"line":122,"column":18},"end":{"line":122,"column":19}},"loc":{"start":{"line":122,"column":31},"end":{"line":122,"column":null}}},"14":{"name":"(anonymous_14)","decl":{"start":{"line":124,"column":64},"end":{"line":124,"column":70}},"loc":{"start":{"line":124,"column":70},"end":{"line":124,"column":86}}}},"branchMap":{"0":{"loc":{"start":{"line":52,"column":20},"end":{"line":52,"column":46}},"type":"binary-expr","locations":[{"start":{"line":52,"column":20},"end":{"line":52,"column":32}},{"start":{"line":52,"column":32},"end":{"line":52,"column":42}},{"start":{"line":52,"column":42},"end":{"line":52,"column":46}}]},"1":{"loc":{"start":{"line":54,"column":19},"end":{"line":56,"column":null}},"type":"cond-expr","locations":[{"start":{"line":55,"column":6},"end":{"line":55,"column":null}},{"start":{"line":56,"column":6},"end":{"line":56,"column":null}}]},"2":{"loc":{"start":{"line":60,"column":22},"end":{"line":60,"column":null}},"type":"cond-expr","locations":[{"start":{"line":60,"column":31},"end":{"line":60,"column":50}},{"start":{"line":60,"column":50},"end":{"line":60,"column":null}}]},"3":{"loc":{"start":{"line":91,"column":22},"end":{"line":91,"column":null}},"type":"cond-expr","locations":[{"start":{"line":91,"column":33},"end":{"line":91,"column":56}},{"start":{"line":91,"column":56},"end":{"line":91,"column":null}}]},"4":{"loc":{"start":{"line":105,"column":22},"end":{"line":105,"column":null}},"type":"cond-expr","locations":[{"start":{"line":105,"column":30},"end":{"line":105,"column":49}},{"start":{"line":105,"column":49},"end":{"line":105,"column":null}}]},"5":{"loc":{"start":{"line":124,"column":95},"end":{"line":124,"column":108}},"type":"binary-expr","locations":[{"start":{"line":124,"column":95},"end":{"line":124,"column":104}},{"start":{"line":124,"column":104},"end":{"line":124,"column":108}}]}},"s":{"0":1,"1":1,"2":4,"3":4,"4":4,"5":4,"6":4,"7":4,"8":4,"9":4,"10":4,"11":0,"12":0,"13":0,"14":0,"15":0,"16":0,"17":0,"18":0,"19":0,"20":2,"21":0,"22":0,"23":0,"24":0,"25":0,"26":0},"f":{"0":4,"1":0,"2":0,"3":0,"4":0,"5":0,"6":0,"7":0,"8":2,"9":0,"10":0,"11":0,"12":0,"13":0,"14":0},"b":{"0":[4,2,1],"1":[2,2],"2":[2,2],"3":[3,1],"4":[1,3],"5":[4,4]}}
,"C:/Users/Suryansh/Desktop/Projects/duncit.com/project/portals/crm/src/components/LeadDetailCard.tsx": {"path":"C:/Users/Suryansh/Desktop/Projects/duncit.com/project/portals/crm/src/components/LeadDetailCard.tsx","statementMap":{"0":{"start":{"line":14,"column":2},"end":{"line":27,"column":null}},"1":{"start":{"line":37,"column":18},"end":{"line":37,"column":null}},"2":{"start":{"line":38,"column":2},"end":{"line":54,"column":null}}},"fnMap":{"0":{"name":"LeadDetailCard","decl":{"start":{"line":13,"column":16},"end":{"line":13,"column":31}},"loc":{"start":{"line":13,"column":99},"end":{"line":29,"column":null}}},"1":{"name":"LeadDetailRow","decl":{"start":{"line":36,"column":16},"end":{"line":36,"column":30}},"loc":{"start":{"line":36,"column":68},"end":{"line":56,"column":null}}}},"branchMap":{"0":{"loc":{"start":{"line":21,"column":13},"end":{"line":21,"column":null}},"type":"binary-expr","locations":[{"start":{"line":21,"column":13},"end":{"line":21,"column":25}},{"start":{"line":21,"column":25},"end":{"line":21,"column":null}}]},"1":{"loc":{"start":{"line":37,"column":18},"end":{"line":37,"column":null}},"type":"cond-expr","locations":[{"start":{"line":37,"column":74},"end":{"line":37,"column":80}},{"start":{"line":37,"column":80},"end":{"line":37,"column":null}}]},"2":{"loc":{"start":{"line":37,"column":18},"end":{"line":37,"column":74}},"type":"binary-expr","locations":[{"start":{"line":37,"column":18},"end":{"line":37,"column":34}},{"start":{"line":37,"column":34},"end":{"line":37,"column":52}},{"start":{"line":37,"column":52},"end":{"line":37,"column":74}}]},"3":{"loc":{"start":{"line":48,"column":9},"end":{"line":51,"column":null}},"type":"cond-expr","locations":[{"start":{"line":49,"column":10},"end":{"line":49,"column":null}},{"start":{"line":51,"column":10},"end":{"line":51,"column":null}}]},"4":{"loc":{"start":{"line":48,"column":9},"end":{"line":48,"column":null}},"type":"binary-expr","locations":[{"start":{"line":48,"column":9},"end":{"line":48,"column":40}},{"start":{"line":48,"column":40},"end":{"line":48,"column":null}}]}},"s":{"0":4,"1":11,"2":11},"f":{"0":4,"1":11},"b":{"0":[4,1],"1":[1,10],"2":[11,10,10],"3":[10,1],"4":[11,1]}}
,"C:/Users/Suryansh/Desktop/Projects/duncit.com/project/portals/crm/src/components/LeadStatTile.tsx": {"path":"C:/Users/Suryansh/Desktop/Projects/duncit.com/project/portals/crm/src/components/LeadStatTile.tsx","statementMap":{"0":{"start":{"line":14,"column":62},"end":{"line":21,"column":null}},"1":{"start":{"line":30,"column":17},"end":{"line":30,"column":null}},"2":{"start":{"line":31,"column":2},"end":{"line":69,"column":null}}},"fnMap":{"0":{"name":"LeadStatTile","decl":{"start":{"line":29,"column":24},"end":{"line":29,"column":37}},"loc":{"start":{"line":29,"column":104},"end":{"line":71,"column":null}}}},"branchMap":{"0":{"loc":{"start":{"line":29,"column":65},"end":{"line":29,"column":84}},"type":"default-arg","locations":[{"start":{"line":29,"column":74},"end":{"line":29,"column":84}}]},"1":{"loc":{"start":{"line":35,"column":11},"end":{"line":49,"column":null}},"type":"binary-expr","locations":[{"start":{"line":35,"column":11},"end":{"line":35,"column":null}},{"start":{"line":36,"column":12},"end":{"line":49,"column":null}}]},"2":{"loc":{"start":{"line":63,"column":9},"end":{"line":66,"column":null}},"type":"binary-expr","locations":[{"start":{"line":63,"column":9},"end":{"line":63,"column":null}},{"start":{"line":64,"column":10},"end":{"line":66,"column":null}}]}},"s":{"0":2,"1":6,"2":6},"f":{"0":6},"b":{"0":[5],"1":[6,2],"2":[6,2]}}
,"C:/Users/Suryansh/Desktop/Projects/duncit.com/project/portals/crm/src/components/LeadTabs.tsx": {"path":"C:/Users/Suryansh/Desktop/Projects/duncit.com/project/portals/crm/src/components/LeadTabs.tsx","statementMap":{"0":{"start":{"line":27,"column":28},"end":{"line":27,"column":null}},"1":{"start":{"line":28,"column":17},"end":{"line":28,"column":null}},"2":{"start":{"line":28,"column":34},"end":{"line":28,"column":51}},"3":{"start":{"line":30,"column":2},"end":{"line":83,"column":null}},"4":{"start":{"line":34,"column":20},"end":{"line":42,"column":null}},"5":{"start":{"line":46,"column":30},"end":{"line":46,"column":null}},"6":{"start":{"line":50,"column":22},"end":{"line":63,"column":null}},"7":{"start":{"line":66,"column":12},"end":{"line":73,"column":null}}},"fnMap":{"0":{"name":"LeadTabs","decl":{"start":{"line":26,"column":24},"end":{"line":26,"column":33}},"loc":{"start":{"line":26,"column":83},"end":{"line":85,"column":null}}},"1":{"name":"(anonymous_1)","decl":{"start":{"line":28,"column":27},"end":{"line":28,"column":28}},"loc":{"start":{"line":28,"column":34},"end":{"line":28,"column":51}}},"2":{"name":"(anonymous_2)","decl":{"start":{"line":34,"column":12},"end":{"line":34,"column":13}},"loc":{"start":{"line":34,"column":20},"end":{"line":42,"column":null}}},"3":{"name":"(anonymous_3)","decl":{"start":{"line":46,"column":20},"end":{"line":46,"column":21}},"loc":{"start":{"line":46,"column":30},"end":{"line":46,"column":null}}},"4":{"name":"(anonymous_4)","decl":{"start":{"line":50,"column":14},"end":{"line":50,"column":15}},"loc":{"start":{"line":50,"column":22},"end":{"line":63,"column":null}}},"5":{"name":"(anonymous_5)","decl":{"start":{"line":65,"column":20},"end":{"line":65,"column":21}},"loc":{"start":{"line":66,"column":12},"end":{"line":73,"column":null}}}},"branchMap":{"0":{"loc":{"start":{"line":27,"column":37},"end":{"line":27,"column":67}},"type":"binary-expr","locations":[{"start":{"line":27,"column":37},"end":{"line":27,"column":53}},{"start":{"line":27,"column":53},"end":{"line":27,"column":67}}]},"1":{"loc":{"start":{"line":28,"column":17},"end":{"line":28,"column":null}},"type":"binary-expr","locations":[{"start":{"line":28,"column":17},"end":{"line":28,"column":56}},{"start":{"line":28,"column":56},"end":{"line":28,"column":null}}]},"2":{"loc":{"start":{"line":41,"column":19},"end":{"line":41,"column":null}},"type":"cond-expr","locations":[{"start":{"line":41,"column":48},"end":{"line":41,"column":57}},{"start":{"line":41,"column":57},"end":{"line":41,"column":null}}]},"3":{"loc":{"start":{"line":80,"column":57},"end":{"line":80,"column":76}},"type":"binary-expr","locations":[{"start":{"line":80,"column":57},"end":{"line":80,"column":74}},{"start":{"line":80,"column":74},"end":{"line":80,"column":76}}]}},"s":{"0":7,"1":7,"2":12,"3":7,"4":7,"5":2,"6":12,"7":18},"f":{"0":7,"1":12,"2":7,"3":2,"4":12,"5":18},"b":{"0":[7,5],"1":[7,0],"2":[7,0],"3":[7,0]}}
,"C:/Users/Suryansh/Desktop/Projects/duncit.com/project/portals/crm/src/components/LeadsToolbar.tsx": {"path":"C:/Users/Suryansh/Desktop/Projects/duncit.com/project/portals/crm/src/components/LeadsToolbar.tsx","statementMap":{"0":{"start":{"line":23,"column":2},"end":{"line":23,"column":null}},"1":{"start":{"line":23,"column":23},"end":{"line":23,"column":null}},"2":{"start":{"line":24,"column":2},"end":{"line":40,"column":null}},"3":{"start":{"line":29,"column":136},"end":{"line":29,"column":150}},"4":{"start":{"line":31,"column":8},"end":{"line":38,"column":null}},"5":{"start":{"line":37,"column":25},"end":{"line":37,"column":null}},"6":{"start":{"line":79,"column":2},"end":{"line":138,"column":null}},"7":{"start":{"line":91,"column":33},"end":{"line":91,"column":null}}},"fnMap":{"0":{"name":"ChipGroup","decl":{"start":{"line":22,"column":9},"end":{"line":22,"column":19}},"loc":{"start":{"line":22,"column":85},"end":{"line":42,"column":null}}},"1":{"name":"(anonymous_1)","decl":{"start":{"line":29,"column":130},"end":{"line":29,"column":136}},"loc":{"start":{"line":29,"column":136},"end":{"line":29,"column":150}}},"2":{"name":"(anonymous_2)","decl":{"start":{"line":30,"column":19},"end":{"line":30,"column":20}},"loc":{"start":{"line":31,"column":8},"end":{"line":38,"column":null}}},"3":{"name":"(anonymous_3)","decl":{"start":{"line":37,"column":19},"end":{"line":37,"column":25}},"loc":{"start":{"line":37,"column":25},"end":{"line":37,"column":null}}},"4":{"name":"LeadsToolbar","decl":{"start":{"line":62,"column":24},"end":{"line":62,"column":37}},"loc":{"start":{"line":78,"column":20},"end":{"line":140,"column":null}}},"5":{"name":"(anonymous_5)","decl":{"start":{"line":91,"column":22},"end":{"line":91,"column":23}},"loc":{"start":{"line":91,"column":33},"end":{"line":91,"column":null}}}},"branchMap":{"0":{"loc":{"start":{"line":23,"column":2},"end":{"line":23,"column":null}},"type":"if","locations":[{"start":{"line":23,"column":2},"end":{"line":23,"column":null}},{"start":{"line":23,"column":2},"end":{"line":23,"column":null}}]},"1":{"loc":{"start":{"line":29,"column":44},"end":{"line":29,"column":78}},"type":"cond-expr","locations":[{"start":{"line":29,"column":55},"end":{"line":29,"column":67}},{"start":{"line":29,"column":67},"end":{"line":29,"column":78}}]},"2":{"loc":{"start":{"line":29,"column":87},"end":{"line":29,"column":121}},"type":"cond-expr","locations":[{"start":{"line":29,"column":98},"end":{"line":29,"column":111}},{"start":{"line":29,"column":111},"end":{"line":29,"column":121}}]},"3":{"loc":{"start":{"line":35,"column":17},"end":{"line":35,"column":null}},"type":"cond-expr","locations":[{"start":{"line":35,"column":42},"end":{"line":35,"column":54}},{"start":{"line":35,"column":54},"end":{"line":35,"column":null}}]},"4":{"loc":{"start":{"line":36,"column":19},"end":{"line":36,"column":null}},"type":"cond-expr","locations":[{"start":{"line":36,"column":44},"end":{"line":36,"column":55}},{"start":{"line":36,"column":55},"end":{"line":36,"column":null}}]},"5":{"loc":{"start":{"line":77,"column":2},"end":{"line":77,"column":null}},"type":"default-arg","locations":[{"start":{"line":77,"column":24},"end":{"line":77,"column":null}}]},"6":{"loc":{"start":{"line":84,"column":11},"end":{"line":84,"column":null}},"type":"binary-expr","locations":[{"start":{"line":84,"column":11},"end":{"line":84,"column":23}},{"start":{"line":84,"column":23},"end":{"line":84,"column":null}}]},"7":{"loc":{"start":{"line":95,"column":11},"end":{"line":100,"column":null}},"type":"binary-expr","locations":[{"start":{"line":95,"column":11},"end":{"line":95,"column":null}},{"start":{"line":96,"column":12},"end":{"line":100,"column":null}}]},"8":{"loc":{"start":{"line":102,"column":11},"end":{"line":107,"column":null}},"type":"binary-expr","locations":[{"start":{"line":102,"column":11},"end":{"line":102,"column":null}},{"start":{"line":103,"column":12},"end":{"line":107,"column":null}}]},"9":{"loc":{"start":{"line":109,"column":11},"end":{"line":114,"column":null}},"type":"binary-expr","locations":[{"start":{"line":109,"column":11},"end":{"line":109,"column":null}},{"start":{"line":110,"column":12},"end":{"line":114,"column":null}}]},"10":{"loc":{"start":{"line":116,"column":11},"end":{"line":119,"column":null}},"type":"binary-expr","locations":[{"start":{"line":116,"column":11},"end":{"line":116,"column":null}},{"start":{"line":117,"column":12},"end":{"line":119,"column":null}}]},"11":{"loc":{"start":{"line":121,"column":11},"end":{"line":124,"column":null}},"type":"binary-expr","locations":[{"start":{"line":121,"column":11},"end":{"line":121,"column":null}},{"start":{"line":122,"column":12},"end":{"line":124,"column":null}}]},"12":{"loc":{"start":{"line":130,"column":6},"end":{"line":136,"column":null}},"type":"binary-expr","locations":[{"start":{"line":131,"column":8},"end":{"line":131,"column":18}},{"start":{"line":131,"column":18},"end":{"line":131,"column":30}},{"start":{"line":131,"column":30},"end":{"line":131,"column":null}},{"start":{"line":132,"column":8},"end":{"line":136,"column":null}}]},"13":{"loc":{"start":{"line":133,"column":11},"end":{"line":133,"column":null}},"type":"binary-expr","locations":[{"start":{"line":133,"column":11},"end":{"line":133,"column":28}},{"start":{"line":133,"column":28},"end":{"line":133,"column":null}}]},"14":{"loc":{"start":{"line":134,"column":11},"end":{"line":134,"column":null}},"type":"binary-expr","locations":[{"start":{"line":134,"column":11},"end":{"line":134,"column":21}},{"start":{"line":134,"column":21},"end":{"line":134,"column":null}}]},"15":{"loc":{"start":{"line":135,"column":11},"end":{"line":135,"column":null}},"type":"binary-expr","locations":[{"start":{"line":135,"column":11},"end":{"line":135,"column":23}},{"start":{"line":135,"column":23},"end":{"line":135,"column":null}}]}},"s":{"0":29,"1":24,"2":5,"3":1,"4":5,"5":1,"6":15,"7":1},"f":{"0":29,"1":1,"2":5,"3":1,"4":15,"5":1},"b":{"
[...]
olumn":7},"end":{"line":133,"column":null}},"type":"binary-expr","locations":[{"start":{"line":133,"column":7},"end":{"line":133,"column":16}},{"start":{"line":133,"column":16},"end":{"line":133,"column":null}}]},"14":{"loc":{"start":{"line":135,"column":7},"end":{"line":141,"column":null}},"type":"binary-expr","locations":[{"start":{"line":135,"column":7},"end":{"line":135,"column":null}},{"start":{"line":136,"column":8},"end":{"line":141,"column":null}}]},"15":{"loc":{"start":{"line":146,"column":17},"end":{"line":146,"column":null}},"type":"binary-expr","locations":[{"start":{"line":146,"column":17},"end":{"line":146,"column":28}},{"start":{"line":146,"column":28},"end":{"line":146,"column":null}}]},"16":{"loc":{"start":{"line":167,"column":68},"end":{"line":167,"column":103}},"type":"cond-expr","locations":[{"start":{"line":167,"column":95},"end":{"line":167,"column":100}},{"start":{"line":167,"column":100},"end":{"line":167,"column":103}}]},"17":{"loc":{"start":{"line":180,"column":49},"end":{"line":180,"column":71}},"type":"cond-expr","locations":[{"start":{"line":180,"column":63},"end":{"line":180,"column":68}},{"start":{"line":180,"column":68},"end":{"line":180,"column":71}}]},"18":{"loc":{"start":{"line":197,"column":95},"end":{"line":197,"column":108}},"type":"binary-expr","locations":[{"start":{"line":197,"column":95},"end":{"line":197,"column":104}},{"start":{"line":197,"column":104},"end":{"line":197,"column":108}}]}},"s":{"0":4,"1":4,"2":4,"3":4,"4":4,"5":4,"6":4,"7":4,"8":4,"9":4,"10":4,"11":4,"12":4,"13":4,"14":4,"15":4,"16":4,"17":4,"18":4,"19":4,"20":1,"21":0,"22":4,"23":1,"24":0,"25":4,"26":4,"27":0,"28":4,"29":0,"30":0,"31":0,"32":0,"33":0,"34":0,"35":0,"36":0,"37":4,"38":0,"39":0,"40":0,"41":0,"42":0,"43":0,"44":0,"45":0,"46":0,"47":0,"48":4,"49":0,"50":0,"51":0,"52":0,"53":0,"54":0,"55":0,"56":0,"57":0,"58":4,"59":0,"60":0,"61":0,"62":0,"63":0,"64":0,"65":0,"66":0,"67":0,"68":0,"69":0,"70":0,"71":0,"72":0,"73":0,"74":0,"75":0,"76":0,"77":0,"78":0},"f":{"0":4,"1":1,"2":0,"3":1,"4":0,"5":4,"6":0,"7":0,"8":0,"9":0,"10":0,"11":0,"12":0,"13":0,"14":0,"15":0,"16":0,"17":0,"18":0,"19":0,"20":0,"21":0,"22":0,"23":0,"24":0,"25":0,"26":0,"27":0,"28":0},"b":{"0":[4,4],"1":[4,4],"2":[4,4],"3":[4,3],"4":[1,0],"5":[1,0],"6":[0,0],"7":[0,0],"8":[0,0],"9":[0,0],"10":[0,0],"11":[0,0],"12":[0,0],"13":[4,0],"14":[4,0],"15":[4,3],"16":[0,4],"17":[0,0],"18":[4,4]}}
,"C:/Users/Suryansh/Desktop/Projects/duncit.com/project/portals/crm/src/pages/venue-leads/VenueLeadsTable.tsx": {"path":"C:/Users/Suryansh/Desktop/Projects/duncit.com/project/portals/crm/src/pages/venue-leads/VenueLeadsTable.tsx","statementMap":{"0":{"start":{"line":21,"column":12},"end":{"line":25,"column":null}},"1":{"start":{"line":22,"column":2},"end":{"line":22,"column":null}},"2":{"start":{"line":22,"column":14},"end":{"line":22,"column":null}},"3":{"start":{"line":23,"column":15},"end":{"line":23,"column":null}},"4":{"start":{"line":24,"column":2},"end":{"line":24,"column":null}},"5":{"start":{"line":28,"column":18},"end":{"line":88,"column":null}},"6":{"start":{"line":29,"column":10},"end":{"line":86,"column":null}},"7":{"start":{"line":36,"column":10},"end":{"line":41,"column":null}},"8":{"start":{"line":50,"column":32},"end":{"line":50,"column":null}},"9":{"start":{"line":57,"column":32},"end":{"line":57,"column":null}},"10":{"start":{"line":64,"column":34},"end":{"line":64,"column":null}},"11":{"start":{"line":65,"column":35},"end":{"line":65,"column":null}},"12":{"start":{"line":80,"column":10},"end":{"line":83,"column":null}},"13":{"start":{"line":80,"column":89},"end":{"line":80,"column":null}},"14":{"start":{"line":81,"column":74},"end":{"line":81,"column":94}},"15":{"start":{"line":82,"column":90},"end":{"line":82,"column":112}},"16":{"start":{"line":90,"column":2},"end":{"line":114,"column":null}},"17":{"start":{"line":96,"column":25},"end":{"line":96,"column":null}},"18":{"start":{"line":104,"column":44},"end":{"line":104,"column":null}},"19":{"start":{"line":106,"column":30},"end":{"line":106,"column":null}}},"fnMap":{"0":{"name":"(anonymous_0)","decl":{"start":{"line":21,"column":12},"end":{"line":21,"column":13}},"loc":{"start":{"line":21,"column":39},"end":{"line":25,"column":null}}},"1":{"name":"VenueLeadsTable","decl":{"start":{"line":27,"column":24},"end":{"line":27,"column":40}},"loc":{"start":{"line":27,"column":138},"end":{"line":116,"column":null}}},"2":{"name":"(anonymous_2)","decl":{"start":{"line":29,"column":4},"end":{"line":29,"column":10}},"loc":{"start":{"line":29,"column":10},"end":{"line":86,"column":null}}},"3":{"name":"(anonymous_3)","decl":{"start":{"line":35,"column":20},"end":{"line":35,"column":21}},"loc":{"start":{"line":36,"column":10},"end":{"line":41,"column":null}}},"4":{"name":"(anonymous_4)","decl":{"start":{"line":50,"column":20},"end":{"line":50,"column":21}},"loc":{"start":{"line":50,"column":32},"end":{"line":50,"column":null}}},"5":{"name":"(anonymous_5)","decl":{"start":{"line":57,"column":20},"end":{"line":57,"column":21}},"loc":{"start":{"line":57,"column":32},"end":{"line":57,"column":null}}},"6":{"name":"(anonymous_6)","decl":{"start":{"line":64,"column":21},"end":{"line":64,"column":22}},"loc":{"start":{"line":64,"column":34},"end":{"line":64,"column":null}}},"7":{"name":"(anonymous_7)","decl":{"start":{"line":65,"column":24},"end":{"line":65,"column":25}},"loc":{"start":{"line":65,"column":35},"end":{"line":65,"column":null}}},"8":{"name":"(anonymous_8)","decl":{"start":{"line":76,"column":20},"end":{"line":76,"column":21}},"loc":{"start":{"line":80,"column":10},"end":{"line":83,"column":null}}},"9":{"name":"(anonymous_9)","decl":{"start":{"line":80,"column":82},"end":{"line":80,"column":83}},"loc":{"start":{"line":80,"column":89},"end":{"line":80,"column":null}}},"10":{"name":"(anonymous_10)","decl":{"start":{"line":81,"column":68},"end":{"line":81,"column":74}},"loc":{"start":{"line":81,"column":74},"end":{"line":81,"column":94}}},"11":{"name":"(anonymous_11)","decl":{"start":{"line":82,"column":84},"end":{"line":82,"column":90}},"loc":{"start":{"line":82,"column":90},"end":{"line":82,"column":112}}},"12":{"name":"(anonymous_12)","decl":{"start":{"line":96,"column":16},"end":{"line":96,"column":17}},"loc":{"start":{"line":96,"column":25},"end":{"line":96,"column":null}}},"13":{"name":"(anonymous_13)","decl":{"start":{"line":104,"column":33},"end":{"line":104,"column":34}},"loc":{"start":{"line":104,"column":44},"end":{"line":104,"column":null}}},"14":{"name":"(anonymous_14)","decl":{"start":{"line":106,"column":18},"end":{"line":106,"column":19}},"loc":{"start":{"line":106,"column":30},"end":{"line":106,"column":null}}}},"branchMap":{"0":{"loc":{"start":{"line":22,"column":2},"end":{"line":22,"column":null}},"type":"if","locations":[{"start":{"line":22,"column":2},"end":{"line":22,"column":null}},{"start":{"line":22,"column":2},"end":{"line":22,"column":null}}]},"1":{"loc":{"start":{"line":24,"column":9},"end":{"line":24,"column":null}},"type":"cond-expr","locations":[{"start":{"line":24,"column":40},"end":{"line":24,"column":46}},{"start":{"line":24,"column":46},"end":{"line":24,"column":null}}]},"2":{"loc":{"start":{"line":39,"column":15},"end":{"line":39,"column":null}},"type":"binary-expr","locations":[{"start":{"line":39,"column":15},"end":{"line":39,"column":58}},{"start":{"line":39,"column":58},"end":{"line":39,"column":null}}]},"3":{"loc":{"start":{"line":64,"column":34},"end":{"line":64,"column":null}},"type":"binary-expr","locations":[{"start":{"line":64,"column":34},"end":{"line":64,"column":61}},{"start":{"line":64,"column":61},"end":{"line":64,"column":null}}]}},"s":{"0":2,"1":2,"2":0,"3":2,"4":2,"5":6,"6":6,"7":2,"8":2,"9":2,"10":4,"11":2,"12":2,"13":2,"14":1,"15":1,"16":6,"17":4,"18":0,"19":1},"f":{"0":2,"1":6,"2":6,"3":2,"4":2,"5":2,"6":4,"7":2,"8":2,"9":2,"10":1,"11":1,"12":4,"13":0,"14":1},"b":{"0":[0,2],"1":[0,2],"2":[2,0],"3":[4,0]}}
,"C:/Users/Suryansh/Desktop/Projects/duncit.com/project/portals/crm/src/utils/apolloErrorLink.ts": {"path":"C:/Users/Suryansh/Desktop/Projects/duncit.com/project/portals/crm/src/utils/apolloErrorLink.ts","statementMap":{"0":{"start":{"line":3,"column":32},"end":{"line":3,"column":null}},"1":{"start":{"line":4,"column":33},"end":{"line":4,"column":null}},"2":{"start":{"line":6,"column":31},"end":{"line":10,"column":null}},"3":{"start":{"line":7,"column":2},"end":{"line":9,"column":null}},"4":{"start":{"line":8,"column":4},"end":{"line":8,"column":null}}},"fnMap":{"0":{"name":"(anonymous_0)","decl":{"start":{"line":6,"column":39},"end":{"line":6,"column":40}},"loc":{"start":{"line":6,"column":61},"end":{"line":10,"column":1}}}},"branchMap":{"0":{"loc":{"start":{"line":7,"column":2},"end":{"line":9,"column":null}},"type":"if","locations":[{"start":{"line":7,"column":2},"end":{"line":9,"column":null}},{"start":{"line":7,"column":2},"end":{"line":9,"column":null}}]},"1":{"loc":{"start":{"line":7,"column":6},"end":{"line":7,"column":74}},"type":"binary-expr","locations":[{"start":{"line":7,"column":6},"end":{"line":7,"column":22}},{"start":{"line":7,"column":22},"end":{"line":7,"column":74}}]}},"s":{"0":1,"1":1,"2":1,"3":3,"4":2},"f":{"0":3},"b":{"0":[2,1],"1":[3,3]}}
,"C:/Users/Suryansh/Desktop/Projects/duncit.com/project/portals/crm/src/utils/fileToBase64.ts": {"path":"C:/Users/Suryansh/Desktop/Projects/duncit.com/project/portals/crm/src/utils/fileToBase64.ts","statementMap":{"0":{"start":{"line":5,"column":28},"end":{"line":15,"column":null}},"1":{"start":{"line":6,"column":2},"end":{"line":15,"column":null}},"2":{"start":{"line":7,"column":19},"end":{"line":7,"column":null}},"3":{"start":{"line":8,"column":4},"end":{"line":12,"column":null}},"4":{"start":{"line":9,"column":21},"end":{"line":9,"column":null}},"5":{"start":{"line":10,"column":20},"end":{"line":10,"column":null}},"6":{"start":{"line":11,"column":6},"end":{"line":11,"column":null}},"7":{"start":{"line":13,"column":4},"end":{"line":13,"column":null}},"8":{"start":{"line":13,"column":27},"end":{"line":13,"column":null}},"9":{"start":{"line":14,"column":4},"end":{"line":14,"column":null}}},"fnMap":{"0":{"name":"(anonymous_0)","decl":{"start":{"line":5,"column":28},"end":{"line":5,"column":29}},"loc":{"start":{"line":6,"column":2},"end":{"line":15,"column":null}}},"1":{"name":"(anonymous_1)","decl":{"start":{"line":6,"column":14},"end":{"line":6,"column":15}},"loc":{"start":{"line":6,"column":35},"end":{"line":15,"column":3}}},"2":{"name":"(anonymous_2)","decl":{"start":{"line":8,"column":20},"end":{"line":8,"column":26}},"loc":{"start":{"line":8,"column":26},"end":{"line":12,"column":null}}},"3":{"name":"(anonymous_3)","decl":{"start":{"line":13,"column":21},"end":{"line":13,"column":27}},"loc":{"start":{"line":13,"column":27},"end":{"line":13,"column":null}}}},"branchMap":{"0":{"loc":{"start":{"line":9,"column":28},"end":{"line":9,"column":47}},"type":"binary-expr","locations":[{"start":{"line":9,"column":28},"end":{"line":9,"column":45}},{"start":{"line":9,"column":45},"end":{"line":9,"column":47}}]},"1":{"loc":{"start":{"line":11,"column":14},"end":{"line":11,"column":59}},"type":"cond-expr","locations":[{"start":{"line":11,"column":27},"end":{"line":11,"column":53}},{"start":{"line":11,"column":53},"end":{"line":11,"column":59}}]},"2":{"loc":{"start":{"line":13,"column":34},"end":{"line":13,"column":74}},"type":"binary-expr","locations":[{"start":{"line":13,"column":34},"end":{"line":13,"column":50}},{"start":{"line":13,"column":50},"end":{"line":13,"column":74}}]}},"s":{"0":6,"1":1,"2":1,"3":1,"4":1,"5":1,"6":1,"7":1,"8":0,"9":1},"f":{"0":1,"1":1,"2":1,"3":0},"b":{"0":[1,0],"1":[1,0],"2":[0,0]}}
,"C:/Users/Suryansh/Desktop/Projects/duncit.com/project/portals/crm/src/utils/mjmlFormat.ts": {"path":"C:/Users/Suryansh/Desktop/Projects/duncit.com/project/portals/crm/src/utils/mjmlFormat.ts","statementMap":{"0":{"start":{"line":7,"column":16},"end":{"line":11,"column":null}},"1":{"start":{"line":10,"column":19},"end":{"line":10,"column":30}},"2":{"start":{"line":12,"column":14},"end":{"line":12,"column":null}},"3":{"start":{"line":13,"column":2},"end":{"line":22,"column":null}},"4":{"start":{"line":15,"column":6},"end":{"line":15,"column":null}},"5":{"start":{"line":15,"column":33},"end":{"line":15,"column":null}},"6":{"start":{"line":16,"column":24},"end":{"line":16,"column":null}},"7":{"start":{"line":17,"column":20},"end":{"line":17,"column":null}},"8":{"start":{"line":18,"column":21},"end":{"line":18,"column":null}},"9":{"start":{"line":19,"column":6},"end":{"line":19,"column":null}},"10":{"start":{"line":19,"column":28},"end":{"line":19,"column":null}},"11":{"start":{"line":20,"column":6},"end":{"line":20,"column":null}}},"fnMap":{"0":{"name":"formatMjml","decl":{"start":{"line":6,"column":16},"end":{"line":6,"column":27}},"loc":{"start":{"line":6,"column":51},"end":{"line":23,"column":null}}},"1":{"name":"(anonymous_1)","decl":{"start":{"line":10,"column":9},"end":{"line":10,"column":10}},"loc":{"start":{"line":10,"column":19},"end":{"line":10,"column":30}}},"2":{"name":"(anonymous_2)","decl":{"start":{"line":14,"column":9},"end":{"line":14,"column":10}},"loc":{"start":{"line":14,"column":19},"end":{"line":21,"column":5}}}},"branchMap":{"0":{"loc":{"start":{"line":15,"column":6},"end":{"line":15,"column":null}},"type":"if","locations":[{"start":{"line":15,"column":6},"end":{"line":15,"column":null}},{"start":{"line":15,"column":6},"end":{"line":15,"column":null}}]},"1":{"loc":{"start":{"line":17,"column":20},"end":{"line":17,"column":null}},"type":"binary-expr","locations":[{"start":{"line":17,"column":20},"end":{"line":17,"column":51}},{"start":{"line":17,"column":51},"end":{"line":17,"column":null}}]},"2":{"loc":{"start":{"line":18,"column":21},"end":{"line":18,"column":null}},"type":"binary-expr","locations":[{"start":{"line":18,"column":21},"end":{"line":18,"column":41}},{"start":{"line":18,"column":41},"end":{"line":18,"column":null}}]},"3":{"loc":{"start":{"line":19,"column":6},"end":{"line":19,"column":null}},"type":"if","locations":[{"start":{"line":19,"column":6},"end":{"line":19,"column":null}},{"start":{"line":19,"column":6},"end":{"line":19,"column":null}}]},"4":{"loc":{"start":{"line":19,"column":10},"end":{"line":19,"column":28}},"type":"binary-expr","locations":[{"start":{"line":19,"column":10},"end":{"line":19,"column":19}},{"start":{"line":19,"column":19},"end":{"line":19,"column":28}}]}},"s":{"0":2,"1":15,"2":2,"3":2,"4":15,"5":6,"6":15,"7":15,"8":15,"9":15,"10":6,"11":15},"f":{"0":2,"1":15,"2":15},"b":{"0":[6,9],"1":[15,8],"2":[15,8],"3":[6,9],"4":[15,9]}}
,"C:/Users/Suryansh/Desktop/Projects/duncit.com/project/portals/crm/src/utils/parseApiError.ts": {"path":"C:/Users/Suryansh/Desktop/Projects/duncit.com/project/portals/crm/src/utils/parseApiError.ts","statementMap":{"0":{"start":{"line":10,"column":2},"end":{"line":10,"column":null}},"1":{"start":{"line":10,"column":12},"end":{"line":10,"column":null}},"2":{"start":{"line":12,"column":12},"end":{"line":12,"column":null}},"3":{"start":{"line":14,"column":2},"end":{"line":20,"column":null}},"4":{"start":{"line":15,"column":16},"end":{"line":15,"column":null}},"5":{"start":{"line":16,"column":4},"end":{"line":18,"column":null}},"6":{"start":{"line":17,"column":6},"end":{"line":17,"column":null}},"7":{"start":{"line":19,"column":4},"end":{"line":19,"column":null}},"8":{"start":{"line":22,"column":2},"end":{"line":24,"column":null}},"9":{"start":{"line":23,"column":4},"end":{"line":23,"column":null}},"10":{"start":{"line":26,"column":2},"end":{"line":31,"column":null}},"11":{"start":{"line":27,"column":4},"end":{"line":29,"column":null}},"12":{"start":{"line":28,"column":6},"end":{"line":28,"column":null}},"13":{"start":{"line":30,"column":4},"end":{"line":30,"column":null}},"14":{"start":{"line":33,"column":2},"end":{"line":33,"column":null}}},"fnMap":{"0":{"name":"parseApiError","decl":{"start":{"line":9,"column":16},"end":{"line":9,"column":30}},"loc":{"start":{"line":9,"column":52},"end":{"line":34,"column":null}}}},"branchMap":{"0":{"loc":{"start":{"line":10,"column":2},"end":{"line":10,"column":null}},"type":"if","locations":[{"start":{"line":10,"column":2},"end":{"line":10,"column":null}},{"start":{"line":10,"column":2},"end":{"line":10,"column":null}}]},"1":{"loc":{"start":{"line":14,"column":2},"end":{"line":20,"column":null}},"type":"if","locations":[{"start":{"line":14,"column":2},"end":{"line":20,"column":null}},{"start":{"line":14,"column":2},"end":{"line":20,"column":null}}]},"2":{"loc":{"start":{"line":15,"column":16},"end":{"line":15,"column":null}},"type":"binary-expr","locations":[{"start":{"line":15,"column":16},"end":{"line":15,"column":42}},{"start":{"line":15,"column":42},"end":{"line":15,"column":null}}]},"3":{"loc":{"start":{"line":16,"column":4},"end":{"line":18,"column":null}},"type":"if","locations":[{"start":{"line":16,"column":4},"end":{"line":18,"column":null}},{"start":{"line":16,"column":4},"end":{"line":18,"column":null}}]},"4":{"loc":{"start":{"line":22,"column":2},"end":{"line":24,"column":null}},"type":"if","locations":[{"start":{"line":22,"column":2},"end":{"line":24,"column":null}},{"start":{"line":22,"column":2},"end":{"line":24,"column":null}}]},"5":{"loc":{"start":{"line":26,"column":2},"end":{"line":31,"column":null}},"type":"if","locations":[{"start":{"line":26,"column":2},"end":{"line":31,"column":null}},{"start":{"line":26,"column":2},"end":{"line":31,"column":null}}]},"6":{"loc":{"start":{"line":27,"column":4},"end":{"line":29,"column":null}},"type":"if","locations":[{"start":{"line":27,"column":4},"end":{"line":29,"column":null}},{"start":{"line":27,"column":4},"end":{"line":29,"column":null}}]}},"s":{"0":10,"1":2,"2":8,"3":8,"4":3,"5":3,"6":1,"7":2,"8":5,"9":1,"10":4,"11":3,"12":1,"13":2,"14":1},"f":{"0":10},"b":{"0":[2,8],"1":[3,5],"2":[3,1],"3":[1,2],"4":[1,4],"5":[3,1],"6":[1,2]}}
,"C:/Users/Suryansh/Desktop/Projects/duncit.com/project/portals/crm/src/utils/redirect.ts": {"path":"C:/Users/Suryansh/Desktop/Projects/duncit.com/project/portals/crm/src/utils/redirect.ts","statementMap":{"0":{"start":{"line":8,"column":2},"end":{"line":8,"column":null}},"1":{"start":{"line":12,"column":2},"end":{"line":12,"column":null}},"2":{"start":{"line":12,"column":66},"end":{"line":12,"column":null}},"3":{"start":{"line":13,"column":2},"end":{"line":13,"column":null}},"4":{"start":{"line":13,"column":57},"end":{"line":13,"column":null}},"5":{"start":{"line":14,"column":2},"end":{"line":14,"column":null}}},"fnMap":{"0":{"name":"redirectPathFromLocation","decl":{"start":{"line":7,"column":16},"end":{"line":7,"column":41}},"loc":{"start":{"line":7,"column":69},"end":{"line":9,"column":null}}},"1":{"name":"getSafeRedirectPath","decl":{"start":{"line":11,"column":16},"end":{"line":11,"column":36}},"loc":{"start":{"line":11,"column":59},"end":{"line":15,"column":null}}}},"branchMap":{"0":{"loc":{"start":{"line":12,"column":2},"end":{"line":12,"column":null}},"type":"if","locations":[{"start":{"line":12,"column":2},"end":{"line":12,"column":null}},{"start":{"line":12,"column":2},"end":{"line":12,"column":null}}]},"1":{"loc":{"start":{"line":12,"column":6},"end":{"line":12,"column":66}},"type":"binary-expr","locations":[{"start":{"line":12,"column":6},"end":{"line":12,"column":16}},{"start":{"line":12,"column":16},"end":{"line":12,"column":42}},{"start":{"line":12,"column":42},"end":{"line":12,"column":66}}]},"2":{"loc":{"start":{"line":13,"column":2},"end":{"line":13,"column":null}},"type":"if","locations":[{"start":{"line":13,"column":2},"end":{"line":13,"column":null}},{"start":{"line":13,"column":2},"end":{"line":13,"column":null}}]},"3":{"loc":{"start":{"line":13,"column":6},"end":{"line":13,"column":57}},"type":"binary-expr","locations":[{"start":{"line":13,"column":6},"end":{"line":13,"column":28}},{"start":{"line":13,"column":28},"end":{"line":13,"column":57}}]}},"s":{"0":2,"1":12,"2":8,"3":4,"4":2,"5":2},"f":{"0":2,"1":12},"b":{"0":[8,4],"1":[12,7,5],"2":[2,2],"3":[4,3]}}
}
