{"C:/Users/Suryansh/Desktop/Projects/duncit.com/project/portals/finance/src/config/url-configs.ts":{"path":"C:/Users/Suryansh/Desktop/Projects/duncit.com/project/portals/finance/src/config/url-configs.ts","statementMap":{"0":{"start":{"line":1,"column":22},"end":{"line":1,"column":41}},"1":{"start":{"line":2,"column":17},"end":{"line":2,"column":205}},"2":{"start":{"line":3,"column":26},"end":{"line":7,"column":1}}},"fnMap":{},"branchMap":{"0":{"loc":{"start":{"line":2,"column":17},"end":{"line":2,"column":205}},"type":"cond-expr","locations":[{"start":{"line":2,"column":33},"end":{"line":2,"column":113}},{"start":{"line":2,"column":116},"end":{"line":2,"column":205}}],"line":2},"1":{"loc":{"start":{"line":5,"column":14},"end":{"line":5,"column":69}},"type":"binary-expr","locations":[{"start":{"line":5,"column":14},"end":{"line":5,"column":46}},{"start":{"line":5,"column":50},"end":{"line":5,"column":69}}],"line":5},"2":{"loc":{"start":{"line":6,"column":10},"end":{"line":6,"column":57}},"type":"binary-expr","locations":[{"start":{"line":6,"column":10},"end":{"line":6,"column":38}},{"start":{"line":6,"column":42},"end":{"line":6,"column":57}}],"line":6}},"s":{"0":1,"1":1,"2":1},"f":{},"b":{"0":[1,0],"1":[1,1],"2":[1,1]},"inputSourceMap":{"version":3,"sources":["C:/Users/Suryansh/Desktop/Projects/duncit.com/project/portals/finance/src/config/url-configs.ts"],"mappings":"AAKA,MAAM,gBAAgB,YAAY,IAAI;AAEtC,MAAM,WAAW,gBACb,EAAE,YAAY,iCAAiC,QAAQ,wBAAwB,IAC/E,EAAE,YAAY,qCAAqC,QAAQ,6BAA6B;AAErF,aAAM,aAAa;AAAA,EACxB;AAAA,EACA,YAAY,YAAY,IAAI,oBAAoB,SAAS;AAAA,EACzD,QAAQ,YAAY,IAAI,gBAAgB,SAAS;AACnD;","names":[]},"_coverageSchema":"1a1c01bbd47fc00a2c39e90264f33305004495a9","hash":"9ed8260e21b9d27e0370f337ba10710330ad71e1"},"C:/Users/Suryansh/Desktop/Projects/duncit.com/project/portals/finance/src/duid.ts":{"path":"C:/Users/Suryansh/Desktop/Projects/duncit.com/project/portals/finance/src/duid.ts","statementMap":{"0":{"start":{"line":1,"column":12},"end":{"line":1,"column":25}},"1":{"start":{"line":3,"column":2},"end":{"line":5,"column":3}},"2":{"start":{"line":4,"column":4},"end":{"line":4,"column":31}},"3":{"start":{"line":6,"column":2},"end":{"line":6,"column":86}},"4":{"start":{"line":9,"column":2},"end":{"line":9,"column":47}},"5":{"start":{"line":9,"column":37},"end":{"line":9,"column":47}},"6":{"start":{"line":10,"column":2},"end":{"line":18,"column":3}},"7":{"start":{"line":11,"column":21},"end":{"line":11,"column":53}},"8":{"start":{"line":12,"column":4},"end":{"line":12,"column":57}},"9":{"start":{"line":12,"column":41},"end":{"line":12,"column":57}},"10":{"start":{"line":13,"column":18},"end":{"line":13,"column":26}},"11":{"start":{"line":14,"column":4},"end":{"line":14,"column":44}},"12":{"start":{"line":15,"column":4},"end":{"line":15,"column":17}},"13":{"start":{"line":17,"column":4},"end":{"line":17,"column":20}}},"fnMap":{"0":{"name":"makeId","decl":{"start":{"line":2,"column":9},"end":{"line":2,"column":15}},"loc":{"start":{"line":2,"column":18},"end":{"line":7,"column":1}},"line":2},"1":{"name":"getOrCreateDuid","decl":{"start":{"line":8,"column":16},"end":{"line":8,"column":31}},"loc":{"start":{"line":8,"column":34},"end":{"line":19,"column":1}},"line":8}},"branchMap":{"0":{"loc":{"start":{"line":3,"column":2},"end":{"line":5,"column":3}},"type":"if","locations":[{"start":{"line":3,"column":2},"end":{"line":5,"column":3}},{"start":{},"end":{}}],"line":3},"1":{"loc":{"start":{"line":3,"column":6},"end":{"line":3,"column":78}},"type":"binary-expr","locations":[{"start":{"line":3,"column":6},"end":{"line":3,"column":35}},{"start":{"line":3,"column":39},"end":{"line":3,"column":78}}],"line":3},"2":{"loc":{"start":{"line":9,"column":2},"end":{"line":9,"column":47}},"type":"if","locations":[{"start":{"line":9,"column":2},"end":{"line":9,"column":47}},{"start":{},"end":{}}],"line":9},"3":{"loc":{"start":{"line":12,"column":4},"end":{"line":12,"column":57}},"type":"if","locations":[{"start":{"line":12,"column":4},"end":{"line":12,"column":57}},{"start":{},"end":{}}],"line":12},"4":{"loc":{"start":{"line":12,"column":8},"end":{"line":12,"column":39}},"type":"binary-expr","locations":[{"start":{"line":12,"column":8},"end":{"line":12,"column":16}},{"start":{"line":12,"column":20},"end":{"line":12,"column":39}}],"line":12}},"s":{"0":1,"1":1,"2":1,"3":0,"4":2,"5":0,"6":2,"7":2,"8":2,"9":1,"10":1,"11":1,"12":1,"13":0},"f":{"0":1,"1":2},"b":{"0":[1,0],"1":[1,1],"2":[0,2],"3":[1,1],"4":[2,1]},"inputSourceMap":{"version":3,"sources":["C:/Users/Suryansh/Desktop/Projects/duncit.com/project/portals/finance/src/duid.ts"],"mappings":"AAKA,MAAM,MAAM;AAEZ,SAAS,SAAiB;AACxB,MAAI,OAAO,WAAW,eAAe,OAAO,OAAO,eAAe,YAAY;AAC5E,WAAO,OAAO,WAAW;AAAA,EAC3B;AAEA,SAAO,QAAQ,KAAK,IAAI,EAAE,SAAS,EAAE,CAAC,IAAI,KAAK,OAAO,EAAE,SAAS,EAAE,EAAE,MAAM,GAAG,EAAE,CAAC;AACnF;AAEO,gBAAS,kBAA0B;AACxC,MAAI,OAAO,WAAW,YAAa,QAAO;AAC1C,MAAI;AACF,UAAM,WAAW,OAAO,aAAa,QAAQ,GAAG;AAChD,QAAI,YAAY,SAAS,SAAS,EAAG,QAAO;AAC5C,UAAM,QAAQ,OAAO;AACrB,WAAO,aAAa,QAAQ,KAAK,KAAK;AACtC,WAAO;AAAA,EACT,QAAQ;AAGN,WAAO,OAAO;AAAA,EAChB;AACF;","names":[]},"_coverageSchema":"1a1c01bbd47fc00a2c39e90264f33305004495a9","hash":"a9c0da2ee1c6b998477f62fb4b3f20177859c8b4"},"C:/Users/Suryansh/Desktop/Projects/duncit.com/project/portals/finance/src/utils/apolloErrorLink.ts":{"path":"C:/Users/Suryansh/Desktop/Projects/duncit.com/project/portals/finance/src/utils/apolloErrorLink.ts","statementMap":{"0":{"start":{"line":2,"column":32},"end":{"line":2,"column":85}},"1":{"start":{"line":3,"column":33},"end":{"line":3,"column":116}},"2":{"start":{"line":4,"column":31},"end":{"line":8,"column":2}},"3":{"start":{"line":5,"column":2},"end":{"line":7,"column":3}},"4":{"start":{"line":6,"column":4},"end":{"line":6,"column":52}}},"fnMap":{"0":{"name":"(anonymous_0)","decl":{"start":{"line":4,"column":39},"end":{"line":4,"column":40}},"loc":{"start":{"line":4,"column":61},"end":{"line":8,"column":1}},"line":4}},"branchMap":{"0":{"loc":{"start":{"line":5,"column":2},"end":{"line":7,"column":3}},"type":"if","locations":[{"start":{"line":5,"column":2},"end":{"line":7,"column":3}},{"start":{},"end":{}}],"line":5},"1":{"loc":{"start":{"line":5,"column":6},"end":{"line":5,"column":72}},"type":"binary-expr","locations":[{"start":{"line":5,"column":6},"end":{"line":5,"column":18}},{"start":{"line":5,"column":22},"end":{"line":5,"column":72}}],"line":5}},"s":{"0":1,"1":1,"2":1,"3":0,"4":0},"f":{"0":0},"b":{"0":[0,0],"1":[0,0]},"inputSourceMap":{"version":3,"sources":["C:/Users/Suryansh/Desktop/Projects/duncit.com/project/portals/finance/src/utils/apolloErrorLink.ts"],"mappings":"AAAA,SAAS,eAAe;AAExB,MAAM,0BAA0B;AAChC,MAAM,2BAA2B;AAE1B,aAAM,kBAAkB,QAAQ,CAAC,EAAE,aAAa,MAAM;AAC3D,MAAI,gBAAgB,wBAAwB,KAAK,aAAa,OAAO,GAAG;AACtE,iBAAa,UAAU;AAAA,EACzB;AACF,CAAC;","names":[]},"_coverageSchema":"1a1c01bbd47fc00a2c39e90264f33305004495a9","hash":"511244787d738fd3cb32fc5dc70044e947e527fd"},"C:/Users/Suryansh/Desktop/Projects/duncit.com/project/portals/finance/src/config/app-config.ts":{"path":"C:/Users/Suryansh/Desktop/Projects/duncit.com/project/portals/finance/src/config/app-config.ts","statementMap":{"0":{"start":{"line":1,"column":17},"end":{"line":1,"column":120}},"1":{"start":{"line":1,"column":92},"end":{"line":1,"column":103}},"2":{"start":{"line":2,"column":25},"end":{"line":50,"column":1}}},"fnMap":{"0":{"name":"(anonymous_0)","decl":{"start":{"line":1,"column":82},"end":{"line":1,"column":83}},"loc":{"start":{"line":1,"column":92},"end":{"line":1,"column":103}},"line":1}},"branchMap":{"0":{"loc":{"start":{"line":1,"column":24},"end":{"line":1,"column":65}},"type":"binary-expr","locations":[{"start":{"line":1,"column":24},"end":{"line":1,"column":59}},{"start":{"line":1,"column":63},"end":{"line":1,"column":65}}],"line":1},"1":{"loc":{"start":{"line":10,"column":14},"end":{"line":10,"column":118}},"type":"binary-expr","locations":[{"start":{"line":10,"column":14},"end":{"line":10,"column":46}},{"start":{"line":10,"column":50},"end":{"line":10,"column":118}}],"line":10},"2":{"loc":{"start":{"line":11,"column":17},"end":{"line":11,"column":65}},"type":"cond-expr","locations":[{"start":{"line":11,"column":35},"end":{"line":11,"column":43}},{"start":{"line":11,"column":46},"end":{"line":11,"column":65}}],"line":11}},"s":{"0":1,"1":1,"2":1},"f":{"0":1},"b":{"0":[1,1],"1":[1,1],"2":[0,1]},"inputSourceMap":{"version":3,"sources":["C:/Users/Suryansh/Desktop/Projects/duncit.com/project/portals/finance/src/config/app-config.ts"],"mappings":"AAgDA,MAAM,WAAW,OAAO,YAAY,IAAI,uBAAuB,EAAE,EAC9D,MAAM,GAAG,EACT,IAAI,CAAC,SAAiB,KAAK,KAAK,CAAC,EACjC,OAAO,OAAO;AAEV,aAAM,YAAuB;AAAA,EAClC,KAAK;AAAA,EACL,MAAM;AAAA,EACN,UAAU;AAAA,EACV,SAAS;AAAA,EACT,YAAY;AAAA,EACZ,WAAW;AAAA,EACX,aAAa;AAAA,EACb,YACE,YAAY,IAAI,oBAChB;AAAA,EACF,eAAe,SAAS,SAAS,WAAW,CAAC,iBAAiB;AAAA,EAC9D,UAAU;AAAA,EACV,cAAc;AAAA,EACd,QAAQ,EAAE,OAAO,WAAW,MAAM,WAAW,OAAO,WAAW,QAAQ,UAAU;AAAA,EACjF,KAAK;AAAA,IACH,EAAE,OAAO,aAAa,IAAI,KAAK,MAAM,YAAY;AAAA,IACjD,EAAE,OAAO,qBAAqB,IAAI,sBAAsB,MAAM,WAAW;AAAA,IACzE,EAAE,OAAO,sBAAsB,IAAI,uBAAuB,MAAM,UAAU;AAAA,IAC1E,EAAE,OAAO,eAAe,IAAI,gBAAgB,MAAM,YAAY;AAAA,IAC9D,EAAE,OAAO,mBAAmB,IAAI,oBAAoB,MAAM,QAAQ;AAAA,IAClE,EAAE,OAAO,gBAAgB,IAAI,iBAAiB,MAAM,UAAU;AAAA,IAC9D,EAAE,OAAO,mBAAmB,IAAI,oBAAoB,MAAM,WAAW;AAAA,IACrE,EAAE,OAAO,eAAe,IAAI,gBAAgB,MAAM,WAAW;AAAA,IAC7D;AAAA,MACE,OAAO;AAAA,MACP,MAAM;AAAA,MACN,UAAU;AAAA,QACR,EAAE,OAAO,qBAAqB,IAAI,aAAa,MAAM,cAAc;AAAA,QACnE,EAAE,OAAO,iBAAiB,IAAI,mBAAmB,MAAM,aAAa;AAAA,QACpE,EAAE,OAAO,gBAAgB,IAAI,kBAAkB,MAAM,cAAc;AAAA,QACnE,EAAE,OAAO,mBAAmB,IAAI,qBAAqB,MAAM,cAAc;AAAA,MAC3E;AAAA,IACF;AAAA,IACA,EAAE,OAAO,mBAAmB,IAAI,WAAW,MAAM,WAAW;AAAA,IAC5D,EAAE,OAAO,iBAAiB,IAAI,YAAY,MAAM,WAAW;AAAA,IAC3D;AAAA,MACE,OAAO;AAAA,MACP,MAAM;AAAA,MACN,UAAU;AAAA,QACR,EAAE,OAAO,cAAc,IAAI,2BAA2B,MAAM,YAAY;AAAA,MAC1E;AAAA,IACF;AAAA,EACF;AAAA,EACA,SAAS;AAAA,IACP,EAAE,OAAO,WAAW,aAAa,uCAAuC,MAAM,SAAS;AAAA,IACvF,EAAE,OAAO,YAAY,aAAa,wCAAwC,MAAM,WAAW;AAAA,IAC3F,EAAE,OAAO,kBAAkB,aAAa,yCAAyC,MAAM,YAAY;AAAA,IACnG,EAAE,OAAO,WAAW,aAAa,4CAA4C,MAAM,WAAW;AAAA,EAChG;AACF;","names":[]},"_coverageSchema":"1a1c01bbd47fc00a2c39e90264f33305004495a9","hash":"49419faf4b9078541615ab0debb8bce224c6ce0c"},"C:/Users/Suryansh/Desktop/Projects/duncit.com/project/portals/finance/src/lib/session.ts":{"path":"C:/Users/Suryansh/Desktop/Projects/duncit.com/project/portals/finance/src/lib/session.ts","statementMap":{"0":{"start":{"line":3,"column":85},"end":{"line":7,"column":1}}},"fnMap":{},"branchMap":{},"s":{"0":1},"f":{},"b":{},"inputSourceMap":{"version":3,"sources":["C:/Users/Suryansh/Desktop/Projects/duncit.com/project/portals/finance/src/lib/session.ts"],"mappings":"AAAA,SAAS,qBAAqB;AAC9B,SAAS,iBAAiB;AAMnB,aAAM,EAAE,UAAU,UAAU,YAAY,cAAc,oBAAoB,IAAI;AAAA,EACnF,UAAU;AAAA,EACV,UAAU;AAAA,EACV,UAAU;AACZ;","names":[]},"_coverageSchema":"1a1c01bbd47fc00a2c39e90264f33305004495a9","hash":"667c3cd97ff73d9b735ed2f07990c01d0c952921"},"C:/Users/Suryansh/Desktop/Projects/duncit.com/project/portals/finance/src/apollo.ts":{"path":"C:/Users/Suryansh/Desktop/Projects/duncit.com/project/portals/finance/src/apollo.ts","statementMap":{"0":{"start":{"line":8,"column":17},"end":{"line":8,"column":61}},"1":{"start":{"line":9,"column":17},"end":{"line":19,"column":2}},"2":{"start":{"line":10,"column":16},"end":{"line":10,"column":26}},"3":{"start":{"line":11,"column":15},"end":{"line":11,"column":32}},"4":{"start":{"line":12,"column":2},"end":{"line":18,"column":4}},"5":{"start":{"line":20,"column":18},"end":{"line":31,"column":2}},"6":{"start":{"line":25,"column":6},"end":{"line":25,"column":31}},"7":{"start":{"line":25,"column":18},"end":{"line":25,"column":31}},"8":{"start":{"line":26,"column":21},"end":{"line":26,"column":63}},"9":{"start":{"line":27,"column":6},"end":{"line":27,"column":75}},"10":{"start":{"line":27,"column":38},"end":{"line":27,"column":75}},"11":{"start":{"line":28,"column":6},"end":{"line":28,"column":18}},"12":{"start":{"line":32,"column":28},"end":{"line":39,"column":2}}},"fnMap":{"0":{"name":"(anonymous_0)","decl":{"start":{"line":9,"column":28},"end":{"line":9,"column":29}},"loc":{"start":{"line":9,"column":50},"end":{"line":19,"column":1}},"line":9},"1":{"name":"(anonymous_1)","decl":{"start":{"line":24,"column":13},"end":{"line":24,"column":14}},"loc":{"start":{"line":24,"column":24},"end":{"line":29,"column":5}},"line":24}},"branchMap":{"0":{"loc":{"start":{"line":15,"column":9},"end":{"line":15,"column":58}},"type":"cond-expr","locations":[{"start":{"line":15,"column":17},"end":{"line":15,"column":53}},{"start":{"line":15,"column":56},"end":{"line":15,"column":58}}],"line":15},"1":{"loc":{"start":{"line":16,"column":9},"end":{"line":16,"column":39}},"type":"cond-expr","locations":[{"start":{"line":16,"column":16},"end":{"line":16,"column":34}},{"start":{"line":16,"column":37},"end":{"line":16,"column":39}}],"line":16},"2":{"loc":{"start":{"line":25,"column":6},"end":{"line":25,"column":31}},"type":"if","locations":[{"start":{"line":25,"column":6},"end":{"line":25,"column":31}},{"start":{},"end":{}}],"line":25},"3":{"loc":{"start":{"line":26,"column":21},"end":{"line":26,"column":63}},"type":"binary-expr","locations":[{"start":{"line":26,"column":21},"end":{"line":26,"column":37}},{"start":{"line":26,"column":41},"end":{"line":26,"column":63}}],"line":26},"4":{"loc":{"start":{"line":27,"column":6},"end":{"line":27,"column":75}},"type":"if","locations":[{"start":{"line":27,"column":6},"end":{"line":27,"column":75}},{"start":{},"end":{}}],"line":27},"5":{"loc":{"start":{"line":27,"column":45},"end":{"line":27,"column":74}},"type":"binary-expr","locations":[{"start":{"line":27,"column":45},"end":{"line":27,"column":57}},{"start":{"line":27,"column":61},"end":{"line":27,"column":74}}],"line":27}},"s":{"0":1,"1":1,"2":2,"3":2,"4":2,"5":1,"6":0,"7":0,"8":0,"9":0,"10":0,"11":0,"12":1},"f":{"0":2,"1":0},"b":{"0":[0,2],"1":[2,0],"2":[0,0],"3":[0,0],"4":[0,0],"5":[0,0]},"inputSourceMap":{"version":3,"sources":["C:/Users/Suryansh/Desktop/Projects/duncit.com/project/portals/finance/src/apollo.ts"],"mappings":"AAAA,SAAS,cAAc,eAAe,UAAU,YAAY;AAC5D,SAAS,kBAAkB;AAC3B,SAAS,iBAAiB;AAC1B,SAAS,uBAAuB;AAChC,SAAS,kBAAkB;AAC3B,SAAS,uBAAuB;AAChC,SAAS,gBAAgB;AAEzB,MAAM,WAAW,IAAI,SAAS,EAAE,KAAK,WAAW,WAAW,CAAC;AAE5D,MAAM,WAAW,WAAW,CAAC,KAAK,EAAE,QAAQ,MAAM;AAChD,QAAM,QAAQ,SAAS;AACvB,QAAM,OAAO,gBAAgB;AAC7B,SAAO;AAAA,IACL,SAAS;AAAA,MACP,GAAG;AAAA,MACH,GAAI,QAAQ,EAAE,eAAe,UAAU,KAAK,GAAG,IAAI,CAAC;AAAA,MACpD,GAAI,OAAO,EAAE,UAAU,KAAK,IAAI,CAAC;AAAA,IACnC;AAAA,EACF;AACF,CAAC;AAOD,MAAM,YAAY,IAAI,UAAU;AAAA,EAC9B,OAAO,EAAE,SAAS,KAAK,KAAK,KAAM,QAAQ,KAAK;AAAA,EAC/C,UAAU;AAAA,IACR,KAAK;AAAA,IACL,SAAS,CAAC,UAAU;AAClB,UAAI,CAAC,MAAO,QAAO;AACnB,YAAM,SACH,MAAkE,cAClE,MAA6C,UAAU;AAC1D,UAAI,OAAO,WAAW,SAAU,QAAO,WAAW,KAAK,UAAU;AACjE,aAAO;AAAA,IACT;AAAA,EACF;AACF,CAAC;AAEM,aAAM,eAAe,IAAI,aAAa;AAAA,EAC3C,MAAM,KAAK,CAAC,iBAAiB,WAAW,UAAU,QAAQ,CAAC;AAAA,EAC3D,OAAO,IAAI,cAAc;AAAA;AAAA;AAAA,IAGvB,cAAc,EAAE,MAAM,EAAE,WAAW,CAAC,SAAS,EAAE,EAAE;AAAA,EACnD,CAAC;AACH,CAAC;","names":[]},"_coverageSchema":"1a1c01bbd47fc00a2c39e90264f33305004495a9","hash":"24e00b61bfa1ee8dca96b8608e81d513157507a5"},"C:/Users/Suryansh/Desktop/Projects/duncit.com/project/portals/finance/src/utils/parseApiError.ts":{"path":"C:/Users/Suryansh/Desktop/Projects/duncit.com/project/portals/finance/src/utils/parseApiError.ts","statementMap":{"0":{"start":{"line":2,"column":2},"end":{"line":2,"column":61}},"1":{"start":{"line":2,"column":12},"end":{"line":2,"column":61}},"2":{"start":{"line":3,"column":12},"end":{"line":3,"column":15}},"3":{"start":{"line":4,"column":2},"end":{"line":10,"column":3}},"4":{"start":{"line":5,"column":16},"end":{"line":5,"column":44}},"5":{"start":{"line":6,"column":4},"end":{"line":8,"column":5}},"6":{"start":{"line":7,"column":6},"end":{"line":7,"column":97}},"7":{"start":{"line":9,"column":4},"end":{"line":9,"column":46}},"8":{"start":{"line":11,"column":2},"end":{"line":13,"column":3}},"9":{"start":{"line":12,"column":4},"end":{"line":12,"column":38}},"10":{"start":{"line":14,"column":2},"end":{"line":19,"column":3}},"11":{"start":{"line":15,"column":4},"end":{"line":17,"column":5}},"12":{"start":{"line":16,"column":6},"end":{"line":16,"column":97}},"13":{"start":{"line":18,"column":4},"end":{"line":18,"column":21}},"14":{"start":{"line":20,"column":2},"end":{"line":20,"column":51}}},"fnMap":{"0":{"name":"parseApiError","decl":{"start":{"line":1,"column":16},"end":{"line":1,"column":29}},"loc":{"start":{"line":1,"column":35},"end":{"line":21,"column":1}},"line":1}},"branchMap":{"0":{"loc":{"start":{"line":2,"column":2},"end":{"line":2,"column":61}},"type":"if","locations":[{"start":{"line":2,"column":2},"end":{"line":2,"column":61}},{"start":{},"end":{}}],"line":2},"1":{"loc":{"start":{"line":4,"column":2},"end":{"line":10,"column":3}},"type":"if","locations":[{"start":{"line":4,"column":2},"end":{"line":10,"column":3}},{"start":{},"end":{}}],"line":4},"2":{"loc":{"start":{"line":5,"column":16},"end":{"line":5,"column":44}},"type":"binary-expr","locations":[{"start":{"line":5,"column":16},"end":{"line":5,"column":38}},{"start":{"line":5,"column":42},"end":{"line":5,"column":44}}],"line":5},"3":{"loc":{"start":{"line":6,"column":4},"end":{"line":8,"column":5}},"type":"if","locations":[{"start":{"line":6,"column":4},"end":{"line":8,"column":5}},{"start":{},"end":{}}],"line":6},"4":{"loc":{"start":{"line":11,"column":2},"end":{"line":13,"column":3}},"type":"if","locations":[{"start":{"line":11,"column":2},"end":{"line":13,"column":3}},{"start":{},"end":{}}],"line":11},"5":{"loc":{"start":{"line":14,"column":2},"end":{"line":19,"column":3}},"type":"if","locations":[{"start":{"line":14,"column":2},"end":{"line":19,"column":3}},{"start":{},"end":{}}],"line":14},"6":{"loc":{"start":{"line":15,"column":4},"end":{"line":17,"column":5}},"type":"if","locations":[{"start":{"line":15,"column":4},"end":{"line":17,"column":5}},{"start":{},"end":{}}],"line":15}},"s":{"0":0,"1":0,"2":0,"3":0,"4":0,"5":0,"6":0,"7":0,"8":0,"9":0,"10":0,"11":0,"12":0,"13":0,"14":0},"f":{"0":0},"b":{"0":[0,0],"1":[0,0],"2":[0,0],"3":[0,0],"4":[0,0],"5":[0,0],"6":[0,0]},"inputSourceMap":{"version":3,"sources":["C:/Users/Suryansh/Desktop/Projects/duncit.com/project/portals/finance/src/utils/parseApiError.ts"],"mappings":"AAQO,gBAAS,cAAc,KAAsB;AAClD,MAAI,CAAC,IAAK,QAAO;AAEjB,QAAM,IAAI;AAEV,MAAI,EAAE,cAAc;AAClB,UAAM,MAAM,EAAE,aAAa,WAAW;AACtC,QAAI,sDAAsD,KAAK,GAAG,GAAG;AACnE,aAAO;AAAA,IACT;AACA,WAAO;AAAA,EACT;AAEA,MAAI,EAAE,eAAe,QAAQ;AAC3B,WAAO,EAAE,cAAc,CAAC,EAAE;AAAA,EAC5B;AAEA,MAAI,EAAE,SAAS;AACb,QAAI,sDAAsD,KAAK,EAAE,OAAO,GAAG;AACzE,aAAO;AAAA,IACT;AACA,WAAO,EAAE;AAAA,EACX;AAEA,SAAO;AACT;","names":[]},"_coverageSchema":"1a1c01bbd47fc00a2c39e90264f33305004495a9","hash":"f482141149f6fc7f2cf57a3b00cffebc60e891c1"},"C:/Users/Suryansh/Desktop/Projects/duncit.com/project/portals/finance/src/utils/redirect.ts":{"path":"C:/Users/Suryansh/Desktop/Projects/duncit.com/project/portals/finance/src/utils/redirect.ts","statementMap":{"0":{"start":{"line":2,"column":2},"end":{"line":2,"column":66}},"1":{"start":{"line":5,"column":2},"end":{"line":5,"column":76}},"2":{"start":{"line":5,"column":66},"end":{"line":5,"column":76}},"3":{"start":{"line":6,"column":2},"end":{"line":6,"column":67}},"4":{"start":{"line":6,"column":57},"end":{"line":6,"column":67}},"5":{"start":{"line":7,"column":2},"end":{"line":7,"column":15}}},"fnMap":{"0":{"name":"redirectPathFromLocation","decl":{"start":{"line":1,"column":16},"end":{"line":1,"column":40}},"loc":{"start":{"line":1,"column":51},"end":{"line":3,"column":1}},"line":1},"1":{"name":"getSafeRedirectPath","decl":{"start":{"line":4,"column":16},"end":{"line":4,"column":35}},"loc":{"start":{"line":4,"column":43},"end":{"line":8,"column":1}},"line":4}},"branchMap":{"0":{"loc":{"start":{"line":5,"column":2},"end":{"line":5,"column":76}},"type":"if","locations":[{"start":{"line":5,"column":2},"end":{"line":5,"column":76}},{"start":{},"end":{}}],"line":5},"1":{"loc":{"start":{"line":5,"column":6},"end":{"line":5,"column":64}},"type":"binary-expr","locations":[{"start":{"line":5,"column":6},"end":{"line":5,"column":12}},{"start":{"line":5,"column":16},"end":{"line":5,"column":38}},{"start":{"line":5,"column":42},"end":{"line":5,"column":64}}],"line":5},"2":{"loc":{"start":{"line":6,"column":2},"end":{"line":6,"column":67}},"type":"if","locations":[{"start":{"line":6,"column":2},"end":{"line":6,"column":67}},{"start":{},"end":{}}],"line":6},"3":{"loc":{"start":{"line":6,"column":6},"end":{"line":6,"column":55}},"type":"binary-expr","locations":[{"start":{"line":6,"column":6},"end":{"line":6,"column":24}},{"start":{"line":6,"column":28},"end":{"line":6,"column":55}}],"line":6}},"s":{"0":2,"1":0,"2":0,"3":0,"4":0,"5":0},"f":{"0":2,"1":0},"b":{"0":[0,0],"1":[0,0,0],"2":[0,0],"3":[0,0]},"inputSourceMap":{"version":3,"sources":["C:/Users/Suryansh/Desktop/Projects/duncit.com/project/portals/finance/src/utils/redirect.ts"],"mappings":"AAMO,gBAAS,yBAAyB,UAA4B;AACnE,SAAO,GAAG,SAAS,QAAQ,GAAG,SAAS,MAAM,GAAG,SAAS,IAAI;AAC/D;AAEO,gBAAS,oBAAoB,OAAuB;AACzD,MAAI,CAAC,SAAS,CAAC,MAAM,WAAW,GAAG,KAAK,MAAM,WAAW,IAAI,EAAG,QAAO;AACvE,MAAI,UAAU,YAAY,MAAM,WAAW,SAAS,EAAG,QAAO;AAC9D,SAAO;AACT;","names":[]},"_coverageSchema":"1a1c01bbd47fc00a2c39e90264f33305004495a9","hash":"86920c849c0855a8a335b701a5f3b629419f5bd1"},"C:/Users/Suryansh/Desktop/Projects/duncit.com/project/portals/finance/src/pages/LoginPage.tsx":{"path":"C:/Users/Suryansh/Desktop/Projects/duncit.com/project/portals/finance/src/pages/LoginPage.tsx","statementMap":{"0":{"start":{"line":3,"column":20},"end":{"line":3,"column":97}},"1":{"start":{"line":6,"column":0},"end":{"line":16,"column":1}},"2":{"start":{"line":7,"column":2},"end":{"line":11,"column":3}},"3":{"start":{"line":8,"column":4},"end":{"line":10,"column":6}},"4":{"start":{"line":12,"column":2},"end":{"line":12,"column":39}},"5":{"start":{"line":13,"column":2},"end":{"line":13,"column":39}},"6":{"start":{"line":14,"column":2},"end":{"line":14,"column":150}},"7":{"start":{"line":15,"column":2},"end":{"line":15,"column":75}},"8":{"start":{"line":17,"column":9},"end":{"line":17,"column":23}},"9":{"start":{"line":27,"column":14},"end":{"line":34,"column":1}},"10":{"start":{"line":36,"column":2},"end":{"line":36,"column":7}},"11":{"start":{"line":37,"column":39},"end":{"line":37,"column":57}},"12":{"start":{"line":38,"column":28},"end":{"line":38,"column":42}},"13":{"start":{"line":39,"column":27},"end":{"line":39,"column":41}},"14":{"start":{"line":40,"column":22},"end":{"line":40,"column":35}},"15":{"start":{"line":41,"column":19},"end":{"line":41,"column":32}},"16":{"start":{"line":42,"column":19},"end":{"line":42,"column":32}},"17":{"start":{"line":43,"column":29},"end":{"line":46,"column":3}},"18":{"start":{"line":44,"column":10},"end":{"line":44,"column":68}},"19":{"start":{"line":47,"column":29},"end":{"line":51,"column":3}},"20":{"start":{"line":48,"column":19},"end":{"line":48,"column":55}},"21":{"start":{"line":49,"column":22},"end":{"line":49,"column":42}},"22":{"start":{"line":50,"column":4},"end":{"line":50,"column":139}},"23":{"start":{"line":52,"column":22},"end":{"line":64,"column":3}},"24":{"start":{"line":53,"column":4},"end":{"line":53,"column":19}},"25":{"start":{"line":54,"column":4},"end":{"line":63,"column":5}},"26":{"start":{"line":55,"column":18},"end":{"line":55,"column":105}},"27":{"start":{"line":56,"column":19},"end":{"line":56,"column":34}},"28":{"start":{"line":57,"column":6},"end":{"line":57,"column":75}},"29":{"start":{"line":57,"column":24},"end":{"line":57,"column":75}},"30":{"start":{"line":58,"column":6},"end":{"line":58,"column":83}},"31":{"start":{"line":58,"column":44},"end":{"line":58,"column":83}},"32":{"start":{"line":59,"column":6},"end":{"line":59,"column":27}},"33":{"start":{"line":60,"column":6},"end":{"line":60,"column":56}},"34":{"start":{"line":62,"column":6},"end":{"line":62,"column":35}},"35":{"start":{"line":65,"column":17},"end":{"line":73,"column":3}},"36":{"start":{"line":74,"column":2},"end":{"line":92,"column":4}},"37":{"start":{"line":94,"column":0},"end":{"line":96,"column":3}},"38":{"start":{"line":95,"column":2},"end":{"line":95,"column":76}},"39":{"start":{"line":97,"column":0},"end":{"line":97,"column":15}},"40":{"start":{"line":99,"column":0},"end":{"line":99,"column":30}},"41":{"start":{"line":100,"column":0},"end":{"line":103,"column":1}},"42":{"start":{"line":101,"column":2},"end":{"line":101,"column":39}},"43":{"start":{"line":102,"column":2},"end":{"line":102,"column":39}},"44":{"start":{"line":104,"column":0},"end":{"line":113,"column":1}},"45":{"start":{"line":105,"column":2},"end":{"line":112,"column":5}},"46":{"start":{"line":106,"column":4},"end":{"line":106,"column":163}},"47":{"start":{"line":107,"column":4},"end":{"line":111,"column":7}},"48":{"start":{"line":108,"column":6},"end":{"line":108,"column":31}},"49":{"start":{"line":108,"column":24},"end":{"line":108,"column":31}},"50":{"start":{"line":109,"column":32},"end":{"line":109,"column":212}},"51":{"start":{"line":110,"column":6},"end":{"line":110,"column":75}},"52":{"start":{"line":110,"column":29},"end":{"line":110,"column":75}}},"fnMap":{"0":{"name":"LoginPage","decl":{"start":{"line":35,"column":24},"end":{"line":35,"column":33}},"loc":{"start":{"line":35,"column":36},"end":{"line":93,"column":1}},"line":35},"1":{"name":"(anonymous_1)","decl":{"start":{"line":44,"column":4},"end":{"line":44,"column":5}},"loc":{"start":{"line":44,"column":10},"end":{"line":44,"column":68}},"line":44},"2":{"name":"(anonymous_2)","decl":{"start":{"line":47,"column":29},"end":{"line":47,"column":30}},"loc":{"start":{"line":47,"column":35},"end":{"line":51,"column":3}},"line":47},"3":{"name":"(anonymous_3)","decl":{"start":{"line":52,"column":22},"end":{"line":52,"column":23}},"loc":{"start":{"line":52,"column":40},"end":{"line":64,"column":3}},"line":52},"4":{"name":"(anonymous_4)","decl":{"start":{"line":94,"column":53},"end":{"line":94,"column":54}},"loc":{"start":{"line":94,"column":64},"end":{"line":96,"column":1}},"line":94},"5":{"name":"(anonymous_5)","decl":{"start":{"line":105,"column":52},"end":{"line":105,"column":53}},"loc":{"start":{"line":105,"column":72},"end":{"line":112,"column":3}},"line":105},"6":{"name":"(anonymous_6)","decl":{"start":{"line":107,"column":27},"end":{"line":107,"column":28}},"loc":{"start":{"line":107,"column":44},"end":{"line":111,"column":5}},"line":107}},"branchMap":{"0":{"loc":{"start":{"line":3,"column":20},"end":{"line":3,"column":97}},"type":"binary-expr","locations":[{"start":{"line":3,"column":20},"end":{"line":3,"column":60}},{"start":{"line":3,"column":64},"end":{"line":3,"column":97}}],"line":3},"1":{"loc":{"start":{"line":6,"column":0},"end":{"line":16,"column":1}},"type":"if","locations":[{"start":{"line":6,"column":0},"end":{"line":16,"column":1}},{"start":{},"end":{}}],"line":6},"2":{"loc":{"start":{"line":6,"column":4},"end":{"line":6,"column":35}},"type":"binary-expr","locations":[{"start":{"line":6,"column":4},"end":{"line":6,"column":19}},{"start":{"line":6,"column":23},"end":{"line":6,"column":35}}],"line":6},"3":{"loc":{"start":{"line":7,"column":2},"end":{"line":11,"column":3}},"type":"if","locations":[{"start":{"line":7,"column":2},"end":{"line":11,"column":3}},{"start":{},"end":{}}],"line":7},"4":{"loc":{"start":{"line":50,"column":11},"end":{"line":50,"column":138}},"type":"binary-expr","locations":[{"start":{"line":50,"column":11},"end":{"line":50,"column":54}},{"start":{"line":50,"column":58},"end":{"line":50,"column":131}},{"start":{"line":50,"column":135},"end":{"line":50,"column":138}}],"line":50},"5":{"loc":{"start":{"line":50,"column":78},"end":{"line":50,"column":130}},"type":"cond-expr","locations":[{"start":{"line":50,"column":90},"end":{"line":50,"column":125}},{"start":{"line":50,"column":128},"end":{"line":50,"column":130}}],"line":50},"6":{"loc":{"start":{"line":57,"column":6},"end":{"line":57,"column":75}},"type":"if","locations":[{"start":{"line":57,"column":6},"end":{"line":57,"column":75}},{"start":{},"end":{}}],"line":57},"7":{"loc":{"start":{"line":58,"column":6},"end":{"line":58,"column":83}},"type":"if","locations":[{"start":{"line":58,"column":6},"end":{"line":58,"column":83}},{"start":{},"end":{}}],"line":58},"8":{"loc":{"start":{"line":81,"column":20},"end":{"line":81,"column":80}},"type":"binary-expr","locations":[{"start":{"line":81,"column":20},"end":{"line":81,"column":25}},{"start":{"line":81,"column":30},"end":{"line":81,"column":79}}],"line":81},"9":{"loc":{"start":{"line":81,"column":30},"end":{"line":81,"column":79}},"type":"cond-expr","locations":[{"start":{"line":81,"column":51},"end":{"line":81,"column":72}},{"start":{"line":81,"column":75},"end":{"line":81,"column":79}}],"line":81},"10":{"loc":{"start":{"line":100,"column":0},"end":{"line":103,"column":1}},"type":"if","locations":[{"start":{"line":100,"column":0},"end":{"line":103,"column":1}},{"start":{},"end":{}}],"line":100},"11":{"loc":{"start":{"line":100,"column":4},"end":{"line":100,"column":35}},"type":"binary-expr","locations":[{"start":{"line":100,"column":4},"end":{"line":100,"column":19}},{"start":{"line":100,"column":23},"end":{"line":100,"column":35}}],"line":100},"12":{"loc":{"start":{"line":104,"column":0},"end":{"line":113,"column":1}},"type":"if","locations":[{"start":{"line":104,"column":0},"end":{"line":113,"column":1}},{"start":{},"end":{}}],"line":104},"13":{"loc":{"start":{"line":104,"column":4},"end":{"line":104,"column":35}},"type":"binary-expr","locations":[{"start":{"line":104,"column":4},"end":{"line":104,"column":19}},{"start":{"line":104,"column":23},"end":{"line":104,"column":35}}],"line":104},"14":{"loc":{"start":{"line":108,"column":6},"end":{"line":108,"column":31}},"type":"if","locations":[{"start":{"line":108,"column":6},"end":{"line":108,"column":31}},{"start":{},"end":{}}],"line":108},"15":{"loc":{"start":{"line":110,"column":6},"end":{"line":110,"column":75}},"type":"if","locations":[{"start":{"line":110,"column":6},"end":{"line":110,"column":75}},{"start":{},"end":{}}],"line":110}},"s":{"0":1,"1":1,"2":1,"3":0,"4":1,"5":1,"6":1,"7":1,"8":1,"9":1,"10":4,"11":4,"12":4,"13":4,"14":4,"15":4,"16":4,"17":4,"18":2,"19":4,"20":0,"21":0,"22":0,"23":4,"24":0,"25":0,"26":0,"27":0,"28":0,"29":0,"30":0,"31":0,"32":0,"33":0,"34":0,"35":4,"36":4,"37":1,"38":1,"39":1,"40":1,"41":1,"42":1,"43":1,"44":1,"45":1,"46":1,"47":1,"48":0,"49":0,"50":0,"51":0,"52":0},"f":{"0":4,"1":2,"2":0,"3":0,"4":1,"5":1,"6":0},"b":{"0":[1,0],"1":[1,0],"2":[1,1],"3":[0,1],"4":[0,0,0],"5":[0,0],"6":[0,0],"7":[0,0],"8":[4,4],"9":[0,4],"10":[1,0],"11":[1,1],"12":[1,0],"13":[1,1],"14":[0,0],"15":[0,0]},"inputSourceMap":{"version":3,"mappings":"AAmEI;;;;;;;;;;;;;;;;;AAnEH,SAASA,SAASC,gBAAgB;AACnC,SAASC,KAAKC,mBAAmB;AACjC,SAASC,aAAaC,mBAAmB;AACzC,SAASC,mBAAiE;AAC1E,SAASC,cAAcC,mBAAmB;AAC1C,SAASC,iBAAiB;AAC1B,SAASC,qBAAqBC,cAAcC,gBAAgB;AAC5D,SAASC,qBAAqB;AAC9B,SAASC,qBAAqBC,gCAAuD;AAErF,MAAMC,QAAQd;AAAAA;AAAAA;AAAAA;AAAAA;AAAAA;AAAAA;AAAAA;AASd,wBAAwBe,YAAY;AAAAC,KAAA;AAClC,QAAM,CAACC,eAAe,EAAEC,QAAQ,CAAC,IAAIjB,YAAYa,KAAK;AACtD,QAAM,CAACK,OAAOC,QAAQ,IAAIrB,SAAwB,IAAI;AACtD,QAAM,EAAEsB,MAAMC,OAAO,IAAIjB,aAAa;AACtC,QAAM,EAAEkB,QAAQ,IAAIjB,YAAY;AAChC,QAAMkB,WAAWrB,YAAY;AAC7B,QAAMsB,WAAWvB,YAAY;AAE7B,QAAMwB,qBAAqB5B;AAAAA,IACzB,MAAM,IAAI6B,gBAAgBF,SAASG,MAAM,EAAEC,IAAI,QAAQ,MAAM;AAAA,IAC7D,CAACJ,SAASG,MAAM;AAAA,EAClB;AAEA,QAAME,qBAAqBA,MAAM;AAC/B,UAAMC,SAAS,IAAIJ,gBAAgBF,SAASG,MAAM;AAClD,UAAMI,YAAaP,SAASQ,OAA8CC;AAC1E,WACEtB,oBAAoBmB,OAAOF,IAAI,UAAU,CAAC,KAC1CjB,oBAAoBoB,YAAYnB,yBAAyBmB,SAAS,IAAI,EAAE,KACxE;AAAA,EAEJ;AAEA,QAAMG,cAAc,OAAOC,WAA4B;AACrDhB,aAAS,IAAI;AACb,QAAI;AACF,YAAMiB,MAAM,MAAMpB,cAAc,EAAEqB,WAAW,EAAEC,OAAO,EAAE,GAAGH,QAAQI,YAAYjC,UAAUkC,IAAI,EAAE,EAAE,CAAC;AAClG,YAAMC,OAAOL,IAAIK,MAAMC;AACvB,UAAI,CAACD,MAAME,MAAO,OAAM,IAAIC,MAAM,iCAAiC;AACnE,UAAI,CAACpC,aAAaiC,MAAMI,MAAMC,KAAK,EAAG,OAAM,IAAIF,MAAMrC,oBAAoB,CAAC;AAC3EE,eAASgC,KAAKE,KAAK;AACnBpB,eAASM,mBAAmB,GAAG,EAAEkB,SAAS,KAAK,CAAC;AAAA,IAClD,SAASC,KAAK;AACZ7B,eAAST,cAAcsC,GAAG,CAAC;AAAA,IAC7B;AAAA,EACF;AAEA,QAAMC,SAA4B;AAAA,IAChCC,WAAW5C,UAAU6C;AAAAA,IACrBC,YAAY9C,UAAU+C;AAAAA,IACtBC,SAAShD,UAAUgD;AAAAA,IACnBC,YAAYjD,UAAUiD;AAAAA,IACtBC,WAAWlD,UAAUkD;AAAAA,IACrBC,SAASnD,UAAUoD;AAAAA,IACnBpC;AAAAA,EACF;AAEA,SACE;AAAA,IAAC;AAAA;AAAA,MACC;AAAA,MACA;AAAA,MACA,cAAcD;AAAAA,MACd;AAAA,MACA,cAAcH,UAAUO,qBAAqBlB,oBAAoB,IAAI;AAAA,MACrE,UAAU2B;AAAAA;AAAAA,IANZ;AAAA;AAAA;AAAA;AAAA;AAAA;AAAA;AAAA;AAAA,EAMwB;AAG5B;AAACnB,GAzDuBD,WAAS;AAAA,UACMd,aAEZI,cACLC,aACHH,aACAD,WAAW;AAAA;AAAA,KANNa;AAAS,IAAA6C;AAAA,aAAAA,IAAA","names":["useMemo","useState","gql","useMutation","useLocation","useNavigate","LoginScreen","useColorMode","useBranding","appConfig","accessDeniedMessage","hasAppAccess","setToken","parseApiError","getSafeRedirectPath","redirectPathFromLocation","LOGIN","LoginPage","_s","loginMutation","loading","error","setError","mode","toggle","logoUrl","navigate","location","deniedFromRedirect","URLSearchParams","search","get","redirectAfterLogin","params","stateFrom","state","from","handleLogin","values","res","variables","input","portal_key","key","data","login","token","Error","user","roles","replace","err","config","brandName","fullName","portalName","name","tagline","promoTitle","promoText","bgImage","loginImage","_c"],"ignoreList":[],"sources":["C:/Users/Suryansh/Desktop/Projects/duncit.com/project/portals/finance/src/pages/LoginPage.tsx"],"file":"C:/Users/Suryansh/Desktop/Projects/duncit.com/project/portals/finance/src/pages/LoginPage.tsx"},"_coverageSchema":"1a1c01bbd47fc00a2c39e90264f33305004495a9","hash":"1356110e77e3f8904e647fe7d0cc2a293adafccd"},"C:/Users/Suryansh/Desktop/Projects/duncit.com/project/portals/finance/src/pages/dashboard/AccountSummary.tsx":{"path":"C:/Users/Suryansh/Desktop/Projects/duncit.com/project/portals/finance/src/pages/dashboard/AccountSummary.tsx","statementMap":{"0":{"start":{"line":3,"column":20},"end":{"line":3,"column":97}},"1":{"start":{"line":6,"column":0},"end":{"line":16,"column":1}},"2":{"start":{"line":7,"column":2},"end":{"line":11,"column":3}},"3":{"start":{"line":8,"column":4},"end":{"line":10,"column":6}},"4":{"start":{"line":12,"column":2},"end":{"line":12,"column":39}},"5":{"start":{"line":13,"column":2},"end":{"line":13,"column":39}},"6":{"start":{"line":14,"column":2},"end":{"line":14,"column":165}},"7":{"start":{"line":15,"column":2},"end":{"line":15,"column":75}},"8":{"start":{"line":19,"column":19},"end":{"line":23,"column":1}},"9":{"start":{"line":20,"column":2},"end":{"line":20,"column":25}},"10":{"start":{"line":20,"column":14},"end":{"line":20,"column":25}},"11":{"start":{"line":21,"column":15},"end":{"line":21,"column":76}},"12":{"start":{"line":22,"column":2},"end":{"line":22,"column":65}},"13":{"start":{"line":25,"column":2},"end":{"line":40,"column":11}},"14":{"start":{"line":42,"column":0},"end":{"line":42,"column":12}},"15":{"start":{"line":44,"column":15},"end":{"line":44,"column":102}},"16":{"start":{"line":45,"column":16},"end":{"line":45,"column":103}},"17":{"start":{"line":46,"column":2},"end":{"line":90,"column":11}},"18":{"start":{"line":92,"column":0},"end":{"line":92,"column":21}},"19":{"start":{"line":94,"column":0},"end":{"line":94,"column":27}},"20":{"start":{"line":95,"column":0},"end":{"line":95,"column":36}},"21":{"start":{"line":96,"column":0},"end":{"line":99,"column":1}},"22":{"start":{"line":97,"column":2},"end":{"line":97,"column":39}},"23":{"start":{"line":98,"column":2},"end":{"line":98,"column":39}},"24":{"start":{"line":100,"column":0},"end":{"line":109,"column":1}},"25":{"start":{"line":101,"column":2},"end":{"line":108,"column":5}},"26":{"start":{"line":102,"column":4},"end":{"line":102,"column":178}},"27":{"start":{"line":103,"column":4},"end":{"line":107,"column":7}},"28":{"start":{"line":104,"column":6},"end":{"line":104,"column":31}},"29":{"start":{"line":104,"column":24},"end":{"line":104,"column":31}},"30":{"start":{"line":105,"column":32},"end":{"line":105,"column":227}},"31":{"start":{"line":106,"column":6},"end":{"line":106,"column":75}},"32":{"start":{"line":106,"column":29},"end":{"line":106,"column":75}}},"fnMap":{"0":{"name":"(anonymous_0)","decl":{"start":{"line":19,"column":19},"end":{"line":19,"column":20}},"loc":{"start":{"line":19,"column":30},"end":{"line":23,"column":1}},"line":19},"1":{"name":"Detail","decl":{"start":{"line":24,"column":9},"end":{"line":24,"column":15}},"loc":{"start":{"line":24,"column":34},"end":{"line":41,"column":1}},"line":24},"2":{"name":"AccountSummary","decl":{"start":{"line":43,"column":24},"end":{"line":43,"column":38}},"loc":{"start":{"line":43,"column":49},"end":{"line":91,"column":1}},"line":43},"3":{"name":"(anonymous_3)","decl":{"start":{"line":101,"column":52},"end":{"line":101,"column":53}},"loc":{"start":{"line":101,"column":72},"end":{"line":108,"column":3}},"line":101},"4":{"name":"(anonymous_4)","decl":{"start":{"line":103,"column":27},"end":{"line":103,"column":28}},"loc":{"start":{"line":103,"column":44},"end":{"line":107,"column":5}},"line":103}},"branchMap":{"0":{"loc":{"start":{"line":3,"column":20},"end":{"line":3,"column":97}},"type":"binary-expr","locations":[{"start":{"line":3,"column":20},"end":{"line":3,"column":60}},{"start":{"line":3,"column":64},"end":{"line":3,"column":97}}],"line":3},"1":{"loc":{"start":{"line":6,"column":0},"end":{"line":16,"column":1}},"type":"if","locations":[{"start":{"line":6,"column":0},"end":{"line":16,"column":1}},{"start":{},"end":{}}],"line":6},"2":{"loc":{"start":{"line":6,"column":4},"end":{"line":6,"column":35}},"type":"binary-expr","locations":[{"start":{"line":6,"column":4},"end":{"line":6,"column":19}},{"start":{"line":6,"column":23},"end":{"line":6,"column":35}}],"line":6},"3":{"loc":{"start":{"line":7,"column":2},"end":{"line":11,"column":3}},"type":"if","locations":[{"start":{"line":7,"column":2},"end":{"line":11,"column":3}},{"start":{},"end":{}}],"line":7},"4":{"loc":{"start":{"line":20,"column":2},"end":{"line":20,"column":25}},"type":"if","locations":[{"start":{"line":20,"column":2},"end":{"line":20,"column":25}},{"start":{},"end":{}}],"line":20},"5":{"loc":{"start":{"line":21,"column":24},"end":{"line":21,"column":75}},"type":"cond-expr","locations":[{"start":{"line":21,"column":54},"end":{"line":21,"column":59}},{"start":{"line":21,"column":62},"end":{"line":21,"column":75}}],"line":21},"6":{"loc":{"start":{"line":22,"column":9},"end":{"line":22,"column":64}},"type":"cond-expr","locations":[{"start":{"line":22,"column":40},"end":{"line":22,"column":43}},{"start":{"line":22,"column":46},"end":{"line":22,"column":64}}],"line":22},"7":{"loc":{"start":{"line":44,"column":15},"end":{"line":44,"column":102}},"type":"binary-expr","locations":[{"start":{"line":44,"column":15},"end":{"line":44,"column":30}},{"start":{"line":44,"column":34},"end":{"line":44,"column":95}},{"start":{"line":44,"column":99},"end":{"line":44,"column":102}}],"line":44},"8":{"loc":{"start":{"line":45,"column":16},"end":{"line":45,"column":103}},"type":"cond-expr","locations":[{"start":{"line":45,"column":37},"end":{"line":45,"column":97}},{"start":{"line":45,"column":100},"end":{"line":45,"column":103}}],"line":45},"9":{"loc":{"start":{"line":45,"column":40},"end":{"line":45,"column":67}},"type":"binary-expr","locations":[{"start":{"line":45,"column":40},"end":{"line":45,"column":61}},{"start":{"line":45,"column":65},"end":{"line":45,"column":67}}],"line":45},"10":{"loc":{"start":{"line":58,"column":62},"end":{"line":58,"column":80}},"type":"binary-expr","locations":[{"start":{"line":58,"column":62},"end":{"line":58,"column":73}},{"start":{"line":58,"column":77},"end":{"line":58,"column":80}}],"line":58},"11":{"loc":{"start":{"line":96,"column":0},"end":{"line":99,"column":1}},"type":"if","locations":[{"start":{"line":96,"column":0},"end":{"line":99,"column":1}},{"start":{},"end":{}}],"line":96},"12":{"loc":{"start":{"line":96,"column":4},"end":{"line":96,"column":35}},"type":"binary-expr","locations":[{"start":{"line":96,"column":4},"end":{"line":96,"column":19}},{"start":{"line":96,"column":23},"end":{"line":96,"column":35}}],"line":96},"13":{"loc":{"start":{"line":100,"column":0},"end":{"line":109,"column":1}},"type":"if","locations":[{"start":{"line":100,"column":0},"end":{"line":109,"column":1}},{"start":{},"end":{}}],"line":100},"14":{"loc":{"start":{"line":100,"column":4},"end":{"line":100,"column":35}},"type":"binary-expr","locations":[{"start":{"line":100,"column":4},"end":{"line":100,"column":19}},{"start":{"line":100,"column":23},"end":{"line":100,"column":35}}],"line":100},"15":{"loc":{"start":{"line":104,"column":6},"end":{"line":104,"column":31}},"type":"if","locations":[{"start":{"line":104,"column":6},"end":{"line":104,"column":31}},{"start":{},"end":{}}],"line":104},"16":{"loc":{"start":{"line":106,"column":6},"end":{"line":106,"column":75}},"type":"if","locations":[{"start":{"line":106,"column":6},"end":{"line":106,"column":75}},{"start":{},"end":{}}],"line":106}},"s":{"0":1,"1":1,"2":1,"3":0,"4":1,"5":1,"6":1,"7":1,"8":1,"9":0,"10":0,"11":0,"12":0,"13":0,"14":1,"15":0,"16":0,"17":0,"18":1,"19":1,"20":1,"21":1,"22":1,"23":1,"24":1,"25":1,"26":1,"27":1,"28":0,"29":0,"30":0,"31":0,"32":0},"f":{"0":0,"1":0,"2":0,"3":1,"4":0},"b":{"0":[1,0],"1":[1,0],"2":[1,1],"3":[0,1],"4":[0,0],"5":[0,0],"6":[0,0],"7":[0,0,0],"8":[0,0],"9":[0,0],"10":[0,0],"11":[1,0],"12":[1,1],"13":[1,0],"14":[1,1],"15":[0,0],"16":[0,0]},"inputSourceMap":{"version":3,"mappings":"AAsBM;;;;;;;;;;;;;;;;AAtBN,SAASA,MAAMC,aAAaC,MAAMC,OAAOC,kBAAkB;AAC3D,SAASC,cAAc;AAYvB,MAAMC,aAAaA,CAACC,UAA0B;AAC5C,MAAI,CAACA,MAAO,QAAO;AACnB,QAAMC,OAAO,IAAIC,KAAKC,OAAOC,MAAMD,OAAOH,KAAK,CAAC,IAAIA,QAAQG,OAAOH,KAAK,CAAC;AACzE,SAAOG,OAAOC,MAAMH,KAAKI,QAAQ,CAAC,IAAI,MAAMP,OAAOG,MAAM,IAAI;AAC/D;AAEA,SAASK,OAAO,EAAEC,OAAOP,MAAkD,GAAG;AAC5E,SACE,uBAAC,QAAK,MAAI,MAAC,IAAI,IAAI,IAAI,GAAG,IAAI,GAC5B;AAAA,2BAAC,cAAW,SAAQ,WAAU,OAAM,kBACjCO,mBADH;AAAA;AAAA;AAAA;AAAA,WAEA;AAAA,IACA,uBAAC,cAAW,SAAQ,SAAQ,YAAY,KAAK,QAAM,MAAC,OAAOP,OACxDA,mBADH;AAAA;AAAA;AAAA;AAAA,WAEA;AAAA,OANF;AAAA;AAAA;AAAA;AAAA,SAOA;AAEJ;AAEAQ,KAbSF;AAcT,wBAAwBG,eAAe,EAAEC,KAA8C,GAAG;AACxF,QAAMC,OAAOD,MAAME,aAAa,CAACF,MAAMG,YAAYH,MAAMI,SAAS,EAAEC,OAAOC,OAAO,EAAEC,KAAK,GAAG,KAAK;AACjG,QAAMC,QAAQR,MAAMS,eAAe,GAAGT,MAAMU,mBAAmB,EAAE,IAAIV,KAAKS,YAAY,GAAGE,KAAK,IAAI;AAClG,SACE,uBAAC,QACC,iCAAC,eACC,iCAAC,SAAM,SAAS,KACd;AAAA,2BAAC,cAAW,SAAQ,aAAY,YAAY,KAAK,4BAAjD;AAAA;AAAA;AAAA;AAAA,WAEA;AAAA,IACA,uBAAC,QAAK,WAAS,MAAC,SAAS,GACvB;AAAA,6BAAC,UAAO,OAAM,QAAO,OAAOV,QAA5B;AAAA;AAAA;AAAA;AAAA,aAAiC;AAAA,MACjC,uBAAC,UAAO,OAAM,SAAQ,OAAOD,MAAMY,SAAS,OAA5C;AAAA;AAAA;AAAA;AAAA,aAAgD;AAAA,MAChD,uBAAC,UAAO,OAAM,SAAQ,OAAOJ,SAA7B;AAAA;AAAA;AAAA;AAAA,aAAmC;AAAA,MACnC,uBAAC,UAAO,OAAM,gBAAe,OAAOnB,WAAWW,MAAMa,UAAU,KAA/D;AAAA;AAAA;AAAA;AAAA,aAAiE;AAAA,SAJnE;AAAA;AAAA;AAAA;AAAA,WAKA;AAAA,OATF;AAAA;AAAA;AAAA;AAAA,SAUA,KAXF;AAAA;AAAA;AAAA;AAAA,SAYA,KAbF;AAAA;AAAA;AAAA;AAAA,SAcA;AAEJ;AAACC,MApBuBf;AAAc,IAAAD,IAAAgB;AAAA,aAAAhB,IAAA;AAAA,aAAAgB,KAAA","names":["Card","CardContent","Grid","Stack","Typography","format","formatDate","value","date","Date","Number","isNaN","getTime","Detail","label","_c","AccountSummary","user","name","full_name","first_name","last_name","filter","Boolean","join","phone","phone_number","phone_extension","trim","email","created_at","_c2"],"ignoreList":[],"sources":["C:/Users/Suryansh/Desktop/Projects/duncit.com/project/portals/finance/src/pages/dashboard/AccountSummary.tsx"],"file":"C:/Users/Suryansh/Desktop/Projects/duncit.com/project/portals/finance/src/pages/dashboard/AccountSummary.tsx"},"_coverageSchema":"1a1c01bbd47fc00a2c39e90264f33305004495a9","hash":"43e9c7abed2466fbaa41077a952ac109844cc08d"},"C:/Users/Suryansh/Desktop/Projects/duncit.com/project/portals/finance/src/pages/finance/dashboard/StatCard.tsx":{"path":"C:/Users/Suryansh/Desktop/Projects/duncit.com/project/portals/finance/src/pages/finance/dashboard/StatCard.tsx","statementMap":{"0":{"start":{"line":3,"column":20},"end":{"line":3,"column":97}},"1":{"start":{"line":6,"column":0},"end":{"line":16,"column":1}},"2":{"start":{"line":7,"column":2},"end":{"line":11,"column":3}},"3":{"start":{"line":8,"column":4},"end":{"line":10,"column":6}},"4":{"start":{"line":12,"column":2},"end":{"line":12,"column":39}},"5":{"start":{"line":13,"column":2},"end":{"line":13,"column":39}},"6":{"start":{"line":14,"column":2},"end":{"line":14,"column":167}},"7":{"start":{"line":15,"column":2},"end":{"line":15,"column":75}},"8":{"start":{"line":20,"column":2},"end":{"line":59,"column":11}},"9":{"start":{"line":61,"column":0},"end":{"line":61,"column":14}},"10":{"start":{"line":63,"column":0},"end":{"line":63,"column":29}},"11":{"start":{"line":64,"column":0},"end":{"line":67,"column":1}},"12":{"start":{"line":65,"column":2},"end":{"line":65,"column":39}},"13":{"start":{"line":66,"column":2},"end":{"line":66,"column":39}},"14":{"start":{"line":68,"column":0},"end":{"line":77,"column":1}},"15":{"start":{"line":69,"column":2},"end":{"line":76,"column":5}},"16":{"start":{"line":70,"column":4},"end":{"line":70,"column":180}},"17":{"start":{"line":71,"column":4},"end":{"line":75,"column":7}},"18":{"start":{"line":72,"column":6},"end":{"line":72,"column":31}},"19":{"start":{"line":72,"column":24},"end":{"line":72,"column":31}},"20":{"start":{"line":73,"column":32},"end":{"line":73,"column":229}},"21":{"start":{"line":74,"column":6},"end":{"line":74,"column":75}},"22":{"start":{"line":74,"column":29},"end":{"line":74,"column":75}}},"fnMap":{"0":{"name":"StatCard","decl":{"start":{"line":19,"column":24},"end":{"line":19,"column":32}},"loc":{"start":{"line":19,"column":102},"end":{"line":60,"column":1}},"line":19},"1":{"name":"(anonymous_1)","decl":{"start":{"line":69,"column":52},"end":{"line":69,"column":53}},"loc":{"start":{"line":69,"column":72},"end":{"line":76,"column":3}},"line":69},"2":{"name":"(anonymous_2)","decl":{"start":{"line":71,"column":27},"end":{"line":71,"column":28}},"loc":{"start":{"line":71,"column":44},"end":{"line":75,"column":5}},"line":71}},"branchMap":{"0":{"loc":{"start":{"line":3,"column":20},"end":{"line":3,"column":97}},"type":"binary-expr","locations":[{"start":{"line":3,"column":20},"end":{"line":3,"column":60}},{"start":{"line":3,"column":64},"end":{"line":3,"column":97}}],"line":3},"1":{"loc":{"start":{"line":6,"column":0},"end":{"line":16,"column":1}},"type":"if","locations":[{"start":{"line":6,"column":0},"end":{"line":16,"column":1}},{"start":{},"end":{}}],"line":6},"2":{"loc":{"start":{"line":6,"column":4},"end":{"line":6,"column":35}},"type":"binary-expr","locations":[{"start":{"line":6,"column":4},"end":{"line":6,"column":19}},{"start":{"line":6,"column":23},"end":{"line":6,"column":35}}],"line":6},"3":{"loc":{"start":{"line":7,"column":2},"end":{"line":11,"column":3}},"type":"if","locations":[{"start":{"line":7,"column":2},"end":{"line":11,"column":3}},{"start":{},"end":{}}],"line":7},"4":{"loc":{"start":{"line":19,"column":72},"end":{"line":19,"column":89}},"type":"default-arg","locations":[{"start":{"line":19,"column":80},"end":{"line":19,"column":89}}],"line":19},"5":{"loc":{"start":{"line":37,"column":4},"end":{"line":45,"column":12}},"type":"cond-expr","locations":[{"start":{"line":37,"column":30},"end":{"line":41,"column":12}},{"start":{"line":41,"column":31},"end":{"line":45,"column":12}}],"line":37},"6":{"loc":{"start":{"line":46,"column":4},"end":{"line":50,"column":12}},"type":"binary-expr","locations":[{"start":{"line":46,"column":4},"end":{"line":46,"column":8}},{"start":{"line":46,"column":28},"end":{"line":50,"column":12}}],"line":46},"7":{"loc":{"start":{"line":46,"column":76},"end":{"line":46,"column":105}},"type":"binary-expr","locations":[{"start":{"line":46,"column":76},"end":{"line":46,"column":85}},{"start":{"line":46,"column":89},"end":{"line":46,"column":105}}],"line":46},"8":{"loc":{"start":{"line":64,"column":0},"end":{"line":67,"column":1}},"type":"if","locations":[{"start":{"line":64,"column":0},"end":{"line":67,"column":1}},{"start":{},"end":{}}],"line":64},"9":{"loc":{"start":{"line":64,"column":4},"end":{"line":64,"column":35}},"type":"binary-expr","locations":[{"start":{"line":64,"column":4},"end":{"line":64,"column":19}},{"start":{"line":64,"column":23},"end":{"line":64,"column":35}}],"line":64},"10":{"loc":{"start":{"line":68,"column":0},"end":{"line":77,"column":1}},"type":"if","locations":[{"start":{"line":68,"column":0},"end":{"line":77,"column":1}},{"start":{},"end":{}}],"line":68},"11":{"loc":{"start":{"line":68,"column":4},"end":{"line":68,"column":35}},"type":"binary-expr","locations":[{"start":{"line":68,"column":4},"end":{"line":68,"column":19}},{"start":{"line":68,"column":23},"end":{"line":68,"column":35}}],"line":68},"12":{"loc":{"start":{"line":72,"column":6},"end":{"line":72,"column":31}},"type":"if","locations":[{"start":{"line":72,"column":6},"end":{"line":72,"column":31}},{"start":{},"end":{}}],"line":72},"13":{"loc":{"start":{"line":74,"column":6},"end":{"line":74,"column":75}},"type":"if","locations":[{"start":{"line":74,"column":6},"end":{"line":74,"column":75}},{"start":{},"end":{}}],"line":74}},"s":{"0":1,"1":1,"2":1,"3":0,"4":1,"5":1,"6":1,"7":1,"8":0,"9":1,"10":1,"11":1,"12":1,"13":1,"14":1,"15":1,"16":1,"17":1,"18":0,"19":0,"20":0,"21":0,"22":0},"f":{"0":0,"1":1,"2":0},"b":{"0":[1,0],"1":[1,0],"2":[1,1],"3":[0,1],"4":[0],"5":[0,0],"6":[0,0],"7":[0,0],"8":[1,0],"9":[1,1],"10":[1,0],"11":[1,1],"12":[0,0],"13":[0,0]},"inputSourceMap":{"version":3,"mappings":"AAmBU;;;;;;;;;;;;;;;;AAnBV,SAASA,MAAMC,aAAaC,UAAUC,OAAOC,kBAAkB;AAC/D,SAASC,eAAe;AAaxB,wBAAwBC,SAAS,EAAEC,OAAOC,OAAOC,MAAMC,WAAWC,MAAMC,QAAQ,WAAWC,QAAyB,GAAG;AACrH,SACE,uBAAC,QAAK,SAAQ,YAAW,IAAI,EAAEC,cAAc,GAAGC,MAAM,aAAaC,UAAU,IAAI,GAC/E,iCAAC,eACC;AAAA,2BAAC,SAAM,WAAU,OAAM,gBAAe,iBAAgB,YAAW,UAAS,IAAI,EAAEC,IAAI,EAAE,GACpF;AAAA,6BAAC,cAAW,SAAQ,YAAW,OAAM,kBAClCV,mBADH;AAAA;AAAA;AAAA;AAAA,aAEA;AAAA,MACA,uBAAC,WAAQ,MAAMI,MAAM,UAAS,SAAQ,SAAtC;AAAA;AAAA;AAAA;AAAA,aAAmD;AAAA,SAJrD;AAAA;AAAA;AAAA;AAAA,WAKA;AAAA,IACCE,UACC,uBAAC,YAAS,SAAQ,QAAO,OAAO,IAAI,QAAQ,MAA5C;AAAA;AAAA;AAAA;AAAA,WAA+C,IAE/C,uBAAC,cAAW,SAAQ,MAAK,YAAY,KAClCL,mBADH;AAAA;AAAA;AAAA;AAAA,WAEA;AAAA,IAEDC,QACC,uBAAC,cAAW,SAAQ,WAAU,OAAOC,aAAa,kBAC/CD,kBADH;AAAA;AAAA;AAAA;AAAA,WAEA;AAAA,OAjBJ;AAAA;AAAA;AAAA;AAAA,SAmBA,KApBF;AAAA;AAAA;AAAA;AAAA,SAqBA;AAEJ;AAACS,KAzBuBZ;AAAQ,IAAAY;AAAA,aAAAA,IAAA","names":["Card","CardContent","Skeleton","Stack","Typography","AppIcon","StatCard","label","value","hint","hintColor","icon","color","loading","borderRadius","flex","minWidth","mb","_c"],"ignoreList":[],"sources":["C:/Users/Suryansh/Desktop/Projects/duncit.com/project/portals/finance/src/pages/finance/dashboard/StatCard.tsx"],"file":"C:/Users/Suryansh/Desktop/Projects/duncit.com/project/portals/finance/src/pages/finance/dashboard/StatCard.tsx"},"_coverageSchema":"1a1c01bbd47fc00a2c39e90264f33305004495a9","hash":"090c91a48c1c02e520602d1b849e9bdc2024e809"},"C:/Users/Suryansh/Desktop/Projects/duncit.com/project/portals/finance/src/pages/finance/dashboard/queries.ts":{"path":"C:/Users/Suryansh/Desktop/Projects/duncit.com/project/portals/finance/src/pages/finance/dashboard/queries.ts","statementMap":{"0":{"start":{"line":2,"column":39},"end":{"line":38,"column":1}}},"fnMap":{},"branchMap":{},"s":{"0":1},"f":{},"b":{},"inputSourceMap":{"version":3,"sources":["C:/Users/Suryansh/Desktop/Projects/duncit.com/project/portals/finance/src/pages/finance/dashboard/queries.ts"],"mappings":"AAAA,SAAS,WAAW;AAEb,aAAM,0BAA0B;AAAA;AAAA;AAAA;AAAA;AAAA;AAAA;AAAA;AAAA;AAAA;AAAA;AAAA;AAAA;AAAA;AAAA;AAAA;AAAA;AAAA;AAAA;AAAA;AAAA;AAAA;AAAA;AAAA;AAAA;AAAA;AAAA;AAAA;AAAA;AAAA;AAAA;AAAA;AAAA;AAAA;AAAA;AAAA;AAAA;","names":[]},"_coverageSchema":"1a1c01bbd47fc00a2c39e90264f33305004495a9","hash":"521e0e92e97cc55275fea1229f51aa2d3f24bd73"},"C:/Users/Suryansh/Desktop/Projects/duncit.com/project/portals/finance/src/pages/finance/dashboard/FinanceKpis.tsx":{"path":"C:/Users/Suryansh/Desktop/Projects/duncit.com/project/portals/finance/src/pages/finance/dashboard/FinanceKpis.tsx","statementMap":{"0":{"start":{"line":3,"column":20},"end":{"line":3,"column":97}},"1":{"start":{"line":6,"column":0},"end":{"line":16,"column":1}},"2":{"start":{"line":7,"column":2},"end":{"line":11,"column":3}},"3":{"start":{"line":8,"column":4},"end":{"line":10,"column":6}},"4":{"start":{"line":12,"column":2},"end":{"line":12,"column":39}},"5":{"start":{"line":13,"column":2},"end":{"line":13,"column":39}},"6":{"start":{"line":14,"column":2},"end":{"line":14,"column":170}},"7":{"start":{"line":15,"column":2},"end":{"line":15,"column":75}},"8":{"start":{"line":17,"column":9},"end":{"line":17,"column":23}},"9":{"start":{"line":25,"column":14},"end":{"line":31,"column":1}},"10":{"start":{"line":32,"column":19},"end":{"line":36,"column":1}},"11":{"start":{"line":33,"column":2},"end":{"line":33,"column":27}},"12":{"start":{"line":33,"column":13},"end":{"line":33,"column":27}},"13":{"start":{"line":34,"column":15},"end":{"line":34,"column":50}},"14":{"start":{"line":35,"column":2},"end":{"line":35,"column":67}},"15":{"start":{"line":37,"column":19},"end":{"line":40,"column":1}},"16":{"start":{"line":38,"column":2},"end":{"line":38,"column":59}},"17":{"start":{"line":38,"column":39},"end":{"line":38,"column":59}},"18":{"start":{"line":39,"column":2},"end":{"line":39,"column":24}},"19":{"start":{"line":42,"column":2},"end":{"line":42,"column":7}},"20":{"start":{"line":43,"column":35},"end":{"line":46,"column":3}},"21":{"start":{"line":47,"column":2},"end":{"line":51,"column":11}},"22":{"start":{"line":47,"column":13},"end":{"line":51,"column":11}},"23":{"start":{"line":52,"column":16},"end":{"line":52,"column":43}},"24":{"start":{"line":53,"column":14},"end":{"line":53,"column":42}},"25":{"start":{"line":54,"column":2},"end":{"line":80,"column":11}},"26":{"start":{"line":55,"column":17},"end":{"line":55,"column":34}},"27":{"start":{"line":56,"column":4},"end":{"line":75,"column":6}},"28":{"start":{"line":82,"column":0},"end":{"line":84,"column":3}},"29":{"start":{"line":83,"column":2},"end":{"line":83,"column":20}},"30":{"start":{"line":85,"column":0},"end":{"line":85,"column":17}},"31":{"start":{"line":87,"column":0},"end":{"line":87,"column":32}},"32":{"start":{"line":88,"column":0},"end":{"line":91,"column":1}},"33":{"start":{"line":89,"column":2},"end":{"line":89,"column":39}},"34":{"start":{"line":90,"column":2},"end":{"line":90,"column":39}},"35":{"start":{"line":92,"column":0},"end":{"line":101,"column":1}},"36":{"start":{"line":93,"column":2},"end":{"line":100,"column":5}},"37":{"start":{"line":94,"column":4},"end":{"line":94,"column":183}},"38":{"start":{"line":95,"column":4},"end":{"line":99,"column":7}},"39":{"start":{"line":96,"column":6},"end":{"line":96,"column":31}},"40":{"start":{"line":96,"column":24},"end":{"line":96,"column":31}},"41":{"start":{"line":97,"column":32},"end":{"line":97,"column":232}},"42":{"start":{"line":98,"column":6},"end":{"line":98,"column":75}},"43":{"start":{"line":98,"column":29},"end":{"line":98,"column":75}}},"fnMap":{"0":{"name":"(anonymous_0)","decl":{"start":{"line":32,"column":19},"end":{"line":32,"column":20}},"loc":{"start":{"line":32,"column":29},"end":{"line":36,"column":1}},"line":32},"1":{"name":"(anonymous_1)","decl":{"start":{"line":37,"column":19},"end":{"line":37,"column":20}},"loc":{"start":{"line":37,"column":29},"end":{"line":40,"column":1}},"line":37},"2":{"name":"FinanceKpis","decl":{"start":{"line":41,"column":24},"end":{"line":41,"column":35}},"loc":{"start":{"line":41,"column":38},"end":{"line":81,"column":1}},"line":41},"3":{"name":"(anonymous_3)","decl":{"start":{"line":54,"column":127},"end":{"line":54,"column":128}},"loc":{"start":{"line":54,"column":137},"end":{"line":76,"column":3}},"line":54},"4":{"name":"(anonymous_4)","decl":{"start":{"line":82,"column":55},"end":{"line":82,"column":56}},"loc":{"start":{"line":82,"column":66},"end":{"line":84,"column":1}},"line":82},"5":{"name":"(anonymous_5)","decl":{"start":{"line":93,"column":52},"end":{"line":93,"column":53}},"loc":{"start":{"line":93,"column":72},"end":{"line":100,"column":3}},"line":93},"6":{"name":"(anonymous_6)","decl":{"start":{"line":95,"column":27},"end":{"line":95,"column":28}},"loc":{"start":{"line":95,"column":44},"end":{"line":99,"column":5}},"line":95}},"branchMap":{"0":{"loc":{"start":{"line":3,"column":20},"end":{"line":3,"column":97}},"type":"binary-expr","locations":[{"start":{"line":3,"column":20},"end":{"line":3,"column":60}},{"start":{"line":3,"column":64},"end":{"line":3,"column":97}}],"line":3},"1":{"loc":{"start":{"line":6,"column":0},"end":{"line":16,"column":1}},"type":"if","locations":[{"start":{"line":6,"column":0},"end":{"line":16,"column":1}},{"start":{},"end":{}}],"line":6},"2":{"loc":{"start":{"line":6,"column":4},"end":{"line":6,"column":35}},"type":"binary-expr","locations":[{"start":{"line":6,"column":4},"end":{"line":6,"column":19}},{"start":{"line":6,"column":23},"end":{"line":6,"column":35}}],"line":6},"3":{"loc":{"start":{"line":7,"column":2},"end":{"line":11,"column":3}},"type":"if","locations":[{"start":{"line":7,"column":2},"end":{"line":11,"column":3}},{"start":{},"end":{}}],"line":7},"4":{"loc":{"start":{"line":33,"column":2},"end":{"line":33,"column":27}},"type":"if","locations":[{"start":{"line":33,"column":2},"end":{"line":33,"column":27}},{"start":{},"end":{}}],"line":33},"5":{"loc":{"start":{"line":34,"column":15},"end":{"line":34,"column":50}},"type":"cond-expr","locations":[{"start":{"line":34,"column":42},"end":{"line":34,"column":45}},{"start":{"line":34,"column":48},"end":{"line":34,"column":50}}],"line":34},"6":{"loc":{"start":{"line":38,"column":2},"end":{"line":38,"column":59}},"type":"if","locations":[{"start":{"line":38,"column":2},"end":{"line":38,"column":59}},{"start":{},"end":{}}],"line":38},"7":{"loc":{"start":{"line":38,"column":6},"end":{"line":38,"column":37}},"type":"binary-expr","locations":[{"start":{"line":38,"column":6},"end":{"line":38,"column":10}},{"start":{"line":38,"column":14},"end":{"line":38,"column":37}}],"line":38},"8":{"loc":{"start":{"line":47,"column":2},"end":{"line":51,"column":11}},"type":"if","locations":[{"start":{"line":47,"column":2},"end":{"line":51,"column":11}},{"start":{},"end":{}}],"line":47},"9":{"loc":{"start":{"line":53,"column":14},"end":{"line":53,"column":42}},"type":"binary-expr","locations":[{"start":{"line":53,"column":14},"end":{"line":53,"column":36}},{"start":{"line":53,"column":40},"end":{"line":53,"column":42}}],"line":53},"10":{"loc":{"start":{"line":60,"column":25},"end":{"line":60,"column":41}},"type":"binary-expr","locations":[{"start":{"line":60,"column":25},"end":{"line":60,"column":36}},{"start":{"line":60,"column":40},"end":{"line":60,"column":41}}],"line":60},"11":{"loc":{"start":{"line":63,"column":17},"end":{"line":63,"column":33}},"type":"binary-expr","locations":[{"start":{"line":63,"column":17},"end":{"line":63,"column":24}},{"start":{"line":63,"column":28},"end":{"line":63,"column":33}}],"line":63},"12":{"loc":{"start":{"line":88,"column":0},"end":{"line":91,"column":1}},"type":"if","locations":[{"start":{"line":88,"column":0},"end":{"line":91,"column":1}},{"start":{},"end":{}}],"line":88},"13":{"loc":{"start":{"line":88,"column":4},"end":{"line":88,"column":35}},"type":"binary-expr","locations":[{"start":{"line":88,"column":4},"end":{"line":88,"column":19}},{"start":{"line":88,"column":23},"end":{"line":88,"column":35}}],"line":88},"14":{"loc":{"start":{"line":92,"column":0},"end":{"line":101,"column":1}},"type":"if","locations":[{"start":{"line":92,"column":0},"end":{"line":101,"column":1}},{"start":{},"end":{}}],"line":92},"15":{"loc":{"start":{"line":92,"column":4},"end":{"line":92,"column":35}},"type":"binary-expr","locations":[{"start":{"line":92,"column":4},"end":{"line":92,"column":19}},{"start":{"line":92,"column":23},"end":{"line":92,"column":35}}],"line":92},"16":{"loc":{"start":{"line":96,"column":6},"end":{"line":96,"column":31}},"type":"if","locations":[{"start":{"line":96,"column":6},"end":{"line":96,"column":31}},{"start":{},"end":{}}],"line":96},"17":{"loc":{"start":{"line":98,"column":6},"end":{"line":98,"column":75}},"type":"if","locations":[{"start":{"line":98,"column":6},"end":{"line":98,"column":75}},{"start":{},"end":{}}],"line":98}},"s":{"0":1,"1":1,"2":1,"3":0,"4":1,"5":1,"6":1,"7":1,"8":1,"9":1,"10":1,"11":0,"12":0,"13":0,"14":0,"15":1,"16":0,"17":0,"18":0,"19":0,"20":0,"21":0,"22":0,"23":0,"24":0,"25":0,"26":0,"27":0,"28":1,"29":0,"30":1,"31":1,"32":1,"33":1,"34":1,"35":1,"36":1,"37":0,"38":0,"39":0,"40":0,"41":0,"42":0,"43":0},"f":{"0":0,"1":0,"2":0,"3":0,"4":0,"5":0,"6":0},"b":{"0":[1,0],"1":[1,0],"2":[1,1],"3":[0,1],"4":[0,0],"5":[0,0],"6":[0,0],"7":[0,0],"8":[0,0],"9":[0,0],"10":[0,0],"11":[0,0],"12":[1,0],"13":[1,1],"14":[1,0],"15":[1,1],"16":[0,0],"17":[0,0]},"inputSourceMap":{"version":3,"mappings":"AAuCoB;;;;;;;;;;;;;;;;;AAvCpB,SAASA,gBAAgB;AACzB,SAASC,OAAOC,aAAa;AAC7B,SAASC,qBAAqB;AAC9B,OAAOC,cAAc;AACrB;AAAA,EACEC;AAAAA,OAGK;AAKP,MAAMC,QAAwF;AAAA,EAC5F,EAAEC,KAAK,iBAAiBC,OAAO,yBAAyBC,MAAM,YAAYC,OAAO,UAAU;AAAA,EAC3F,EAAEH,KAAK,kBAAkBC,OAAO,kBAAkBC,MAAM,YAAYC,OAAO,UAAU;AAAA,EACrF,EAAEH,KAAK,iBAAiBC,OAAO,iBAAiBC,MAAM,SAASC,OAAO,UAAU;AAAA,EAChF,EAAEH,KAAK,mBAAmBC,OAAO,mBAAmBC,MAAM,WAAWC,OAAO,OAAO;AAAA,EACnF,EAAEH,KAAK,qBAAqBC,OAAO,qBAAqBC,MAAM,UAAUC,OAAO,UAAU;AAAC;AAG5F,MAAMC,aAAaA,CAACC,SAA2C;AAC7D,MAAI,CAACA,KAAM,QAAOC;AAClB,QAAMC,OAAOF,KAAKG,kBAAkB,IAAI,MAAM;AAC9C,SAAO,GAAGD,IAAI,GAAGF,KAAKG,eAAeC,QAAQ,CAAC,CAAC;AACjD;AAEA,MAAMC,aAAaA,CAACL,SAA+B;AACjD,MAAIA,QAAQA,KAAKG,iBAAiB,EAAG,QAAO;AAC5C,SAAO;AACT;AAGA,wBAAwBG,cAAc;AAAAC,KAAA;AACpC,QAAM,EAAEC,MAAMC,SAASC,MAAM,IAAItB;AAAAA,IAC/BK;AAAAA,IACA,EAAEkB,aAAa,oBAAoB;AAAA,EACrC;AAEA,MAAID,MAAO,QAAO,uBAAC,SAAM,UAAS,SAASnB,wBAAcmB,KAAK,KAA5C;AAAA;AAAA;AAAA;AAAA,SAA8C;AAEhE,QAAME,QAAQJ,MAAMK;AACpB,QAAMC,MAAMF,OAAOG,mBAAmB;AAEtC,SACE,uBAAC,SAAM,WAAU,OAAM,YAAU,MAAC,UAAS,QAAO,SAAS,GACxDrB,gBAAMsB,IAAI,CAACC,SAAS;AACnB,UAAMjB,OAAOY,QAAQK,KAAKtB,GAAG;AAC7B,WACE;AAAA,MAAC;AAAA;AAAA,QAEC,OAAOsB,KAAKrB;AAAAA,QACZ,OAAO,GAAGkB,GAAG,IAAId,MAAMkB,SAAS,GAAGd,QAAQ,CAAC,CAAC;AAAA,QAC7C,MAAMa,KAAKpB;AAAAA,QACX,OAAOoB,KAAKnB;AAAAA,QACZ,SAASW,WAAW,CAACT;AAAAA,QACrB,MAAMD,WAAWC,IAAI;AAAA,QACrB,WAAWK,WAAWL,IAAI;AAAA;AAAA,MAPrBiB,KAAKtB;AAAAA,MADZ;AAAA;AAAA;AAAA;AAAA;AAAA;AAAA;AAAA,IAQ8B;AAAA,EAGlC,CAAC,KAfH;AAAA;AAAA;AAAA;AAAA,SAgBA;AAEJ;AAACY,GA9BuBD,aAAW;AAAA,UACAlB,QAAQ;AAAA;AAAA,KADnBkB;AAAW,IAAAa;AAAA,aAAAA,IAAA","names":["useQuery","Alert","Stack","parseApiError","StatCard","FINANCE_DASHBOARD_STATS","CARDS","key","label","icon","color","trendLabel","stat","undefined","sign","mom_change_pct","toFixed","trendColor","FinanceKpis","_s","data","loading","error","fetchPolicy","stats","financeDashboardStats","sym","currency_symbol","map","card","total","_c"],"ignoreList":[],"sources":["C:/Users/Suryansh/Desktop/Projects/duncit.com/project/portals/finance/src/pages/finance/dashboard/FinanceKpis.tsx"],"file":"C:/Users/Suryansh/Desktop/Projects/duncit.com/project/portals/finance/src/pages/finance/dashboard/FinanceKpis.tsx"},"_coverageSchema":"1a1c01bbd47fc00a2c39e90264f33305004495a9","hash":"d5b9c4ce46e213329abc3ee1b0a703da9bc51813"},"C:/Users/Suryansh/Desktop/Projects/duncit.com/project/portals/finance/src/pages/finance/dashboard/index.tsx":{"path":"C:/Users/Suryansh/Desktop/Projects/duncit.com/project/portals/finance/src/pages/finance/dashboard/index.tsx","statementMap":{},"fnMap":{},"branchMap":{},"s":{},"f":{},"b":{},"inputSourceMap":{"version":3,"mappings":"AAAA,SAASA,WAAWC,mBAAmB","names":["default","FinanceKpis"],"ignoreList":[],"sources":["C:/Users/Suryansh/Desktop/Projects/duncit.com/project/portals/finance/src/pages/finance/dashboard/index.tsx"],"file":"C:/Users/Suryansh/Desktop/Projects/duncit.com/project/portals/finance/src/pages/finance/dashboard/index.tsx"},"_coverageSchema":"1a1c01bbd47fc00a2c39e90264f33305004495a9","hash":"5e341d55c13c3e30b766d36d4b353906940e3b93"},"C:/Users/Suryansh/Desktop/Projects/duncit.com/project/portals/finance/src/pages/DashboardPage.tsx":{"path":"C:/Users/Suryansh/Desktop/Projects/duncit.com/project/portals/finance/src/pages/DashboardPage.tsx","statementMap":{"0":{"start":{"line":3,"column":20},"end":{"line":3,"column":97}},"1":{"start":{"line":6,"column":0},"end":{"line":16,"column":1}},"2":{"start":{"line":7,"column":2},"end":{"line":11,"column":3}},"3":{"start":{"line":8,"column":4},"end":{"line":10,"column":6}},"4":{"start":{"line":12,"column":2},"end":{"line":12,"column":39}},"5":{"start":{"line":13,"column":2},"end":{"line":13,"column":39}},"6":{"start":{"line":14,"column":2},"end":{"line":14,"column":154}},"7":{"start":{"line":15,"column":2},"end":{"line":15,"column":75}},"8":{"start":{"line":17,"column":9},"end":{"line":17,"column":23}},"9":{"start":{"line":24,"column":21},"end":{"line":38,"column":1}},"10":{"start":{"line":40,"column":2},"end":{"line":40,"column":7}},"11":{"start":{"line":41,"column":35},"end":{"line":41,"column":95}},"12":{"start":{"line":42,"column":13},"end":{"line":42,"column":21}},"13":{"start":{"line":43,"column":2},"end":{"line":53,"column":3}},"14":{"start":{"line":44,"column":4},"end":{"line":52,"column":13}},"15":{"start":{"line":54,"column":2},"end":{"line":60,"column":3}},"16":{"start":{"line":55,"column":4},"end":{"line":59,"column":13}},"17":{"start":{"line":61,"column":20},"end":{"line":61,"column":77}},"18":{"start":{"line":62,"column":2},"end":{"line":121,"column":11}},"19":{"start":{"line":78,"column":34},"end":{"line":82,"column":16}},"20":{"start":{"line":123,"column":0},"end":{"line":125,"column":3}},"21":{"start":{"line":124,"column":2},"end":{"line":124,"column":20}},"22":{"start":{"line":126,"column":0},"end":{"line":126,"column":19}},"23":{"start":{"line":128,"column":0},"end":{"line":128,"column":34}},"24":{"start":{"line":129,"column":0},"end":{"line":132,"column":1}},"25":{"start":{"line":130,"column":2},"end":{"line":130,"column":39}},"26":{"start":{"line":131,"column":2},"end":{"line":131,"column":39}},"27":{"start":{"line":133,"column":0},"end":{"line":142,"column":1}},"28":{"start":{"line":134,"column":2},"end":{"line":141,"column":5}},"29":{"start":{"line":135,"column":4},"end":{"line":135,"column":167}},"30":{"start":{"line":136,"column":4},"end":{"line":140,"column":7}},"31":{"start":{"line":137,"column":6},"end":{"line":137,"column":31}},"32":{"start":{"line":137,"column":24},"end":{"line":137,"column":31}},"33":{"start":{"line":138,"column":32},"end":{"line":138,"column":216}},"34":{"start":{"line":139,"column":6},"end":{"line":139,"column":75}},"35":{"start":{"line":139,"column":29},"end":{"line":139,"column":75}}},"fnMap":{"0":{"name":"DashboardPage","decl":{"start":{"line":39,"column":24},"end":{"line":39,"column":37}},"loc":{"start":{"line":39,"column":40},"end":{"line":122,"column":1}},"line":39},"1":{"name":"(anonymous_1)","decl":{"start":{"line":78,"column":8},"end":{"line":78,"column":9}},"loc":{"start":{"line":78,"column":34},"end":{"line":82,"column":16}},"line":78},"2":{"name":"(anonymous_2)","decl":{"start":{"line":123,"column":57},"end":{"line":123,"column":58}},"loc":{"start":{"line":123,"column":68},"end":{"line":125,"column":1}},"line":123},"3":{"name":"(anonymous_3)","decl":{"start":{"line":134,"column":52},"end":{"line":134,"column":53}},"loc":{"start":{"line":134,"column":72},"end":{"line":141,"column":3}},"line":134},"4":{"name":"(anonymous_4)","decl":{"start":{"line":136,"column":27},"end":{"line":136,"column":28}},"loc":{"start":{"line":136,"column":44},"end":{"line":140,"column":5}},"line":136}},"branchMap":{"0":{"loc":{"start":{"line":3,"column":20},"end":{"line":3,"column":97}},"type":"binary-expr","locations":[{"start":{"line":3,"column":20},"end":{"line":3,"column":60}},{"start":{"line":3,"column":64},"end":{"line":3,"column":97}}],"line":3},"1":{"loc":{"start":{"line":6,"column":0},"end":{"line":16,"column":1}},"type":"if","locations":[{"start":{"line":6,"column":0},"end":{"line":16,"column":1}},{"start":{},"end":{}}],"line":6},"2":{"loc":{"start":{"line":6,"column":4},"end":{"line":6,"column":35}},"type":"binary-expr","locations":[{"start":{"line":6,"column":4},"end":{"line":6,"column":19}},{"start":{"line":6,"column":23},"end":{"line":6,"column":35}}],"line":6},"3":{"loc":{"start":{"line":7,"column":2},"end":{"line":11,"column":3}},"type":"if","locations":[{"start":{"line":7,"column":2},"end":{"line":11,"column":3}},{"start":{},"end":{}}],"line":7},"4":{"loc":{"start":{"line":43,"column":2},"end":{"line":53,"column":3}},"type":"if","locations":[{"start":{"line":43,"column":2},"end":{"line":53,"column":3}},{"start":{},"end":{}}],"line":43},"5":{"loc":{"start":{"line":43,"column":6},"end":{"line":43,"column":20}},"type":"binary-expr","locations":[{"start":{"line":43,"column":6},"end":{"line":43,"column":13}},{"start":{"line":43,"column":17},"end":{"line":43,"column":20}}],"line":43},"6":{"loc":{"start":{"line":54,"column":2},"end":{"line":60,"column":3}},"type":"if","locations":[{"start":{"line":54,"column":2},"end":{"line":60,"column":3}},{"start":{},"end":{}}],"line":54},"7":{"loc":{"start":{"line":61,"column":20},"end":{"line":61,"column":77}},"type":"binary-expr","locations":[{"start":{"line":61,"column":20},"end":{"line":61,"column":34}},{"start":{"line":61,"column":38},"end":{"line":61,"column":66}},{"start":{"line":61,"column":70},"end":{"line":61,"column":77}}],"line":61},"8":{"loc":{"start":{"line":77,"column":123},"end":{"line":77,"column":138}},"type":"binary-expr","locations":[{"start":{"line":77,"column":123},"end":{"line":77,"column":132}},{"start":{"line":77,"column":136},"end":{"line":77,"column":138}}],"line":77},"9":{"loc":{"start":{"line":129,"column":0},"end":{"line":132,"column":1}},"type":"if","locations":[{"start":{"line":129,"column":0},"end":{"line":132,"column":1}},{"start":{},"end":{}}],"line":129},"10":{"loc":{"start":{"line":129,"column":4},"end":{"line":129,"column":35}},"type":"binary-expr","locations":[{"start":{"line":129,"column":4},"end":{"line":129,"column":19}},{"start":{"line":129,"column":23},"end":{"line":129,"column":35}}],"line":129},"11":{"loc":{"start":{"line":133,"column":0},"end":{"line":142,"column":1}},"type":"if","locations":[{"start":{"line":133,"column":0},"end":{"line":142,"column":1}},{"start":{},"end":{}}],"line":133},"12":{"loc":{"start":{"line":133,"column":4},"end":{"line":133,"column":35}},"type":"binary-expr","locations":[{"start":{"line":133,"column":4},"end":{"line":133,"column":19}},{"start":{"line":133,"column":23},"end":{"line":133,"column":35}}],"line":133},"13":{"loc":{"start":{"line":137,"column":6},"end":{"line":137,"column":31}},"type":"if","locations":[{"start":{"line":137,"column":6},"end":{"line":137,"column":31}},{"start":{},"end":{}}],"line":137},"14":{"loc":{"start":{"line":139,"column":6},"end":{"line":139,"column":75}},"type":"if","locations":[{"start":{"line":139,"column":6},"end":{"line":139,"column":75}},{"start":{},"end":{}}],"line":139}},"s":{"0":1,"1":1,"2":1,"3":0,"4":1,"5":1,"6":1,"7":1,"8":1,"9":1,"10":0,"11":0,"12":0,"13":0,"14":0,"15":0,"16":0,"17":0,"18":0,"19":0,"20":1,"21":0,"22":1,"23":1,"24":1,"25":1,"26":1,"27":1,"28":1,"29":0,"30":0,"31":0,"32":0,"33":0,"34":0,"35":0},"f":{"0":0,"1":0,"2":0,"3":0,"4":0},"b":{"0":[1,0],"1":[1,0],"2":[1,1],"3":[0,1],"4":[0,0],"5":[0,0],"6":[0,0],"7":[0,0,0],"8":[0,0],"9":[1,0],"10":[1,1],"11":[1,0],"12":[1,1],"13":[0,0],"14":[0,0]},"inputSourceMap":{"version":3,"mappings":"AA8BQ;;;;;;;;;;;;;;;;;AA9BR,SAASA,KAAKC,gBAAgB;AAC9B,SAASC,OAAOC,KAAKC,MAAMC,kBAAkBC,OAAOC,kBAAkB;AACtE,SAASC,iBAAiB;AAC1B,SAASC,qBAAqB;AAC9B,OAAOC,oBAAoB;AAC3B,SAASC,mBAAmB;AAE5B,MAAMC,eAAeZ;AAAAA;AAAAA;AAAAA;AAAAA;AAAAA;AAAAA;AAAAA;AAAAA;AAAAA;AAAAA;AAAAA;AAAAA;AAAAA;AAAAA;AAgBrB,wBAAwBa,gBAAgB;AAAAC,KAAA;AACtC,QAAM,EAAEC,MAAMC,SAASC,MAAM,IAAIhB,SAASW,cAAc,EAAEM,aAAa,oBAAoB,CAAC;AAC5F,QAAMC,KAAKJ,MAAMI;AAEjB,MAAIH,WAAW,CAACG,IAAI;AAClB,WACE,uBAAC,OAAI,IAAI,EAAEC,SAAS,QAAQC,YAAY,UAAUC,WAAW,OAAO,GAClE,iCAAC,sBAAD;AAAA;AAAA;AAAA;AAAA,WAAiB,KADnB;AAAA;AAAA;AAAA;AAAA,WAEA;AAAA,EAEJ;AAEA,MAAIL,OAAO;AACT,WAAO,uBAAC,SAAM,UAAS,SAASR,wBAAcQ,KAAK,KAA5C;AAAA;AAAA;AAAA;AAAA,WAA8C;AAAA,EACvD;AAEA,QAAMM,YAAYJ,IAAIK,cAAcL,IAAIM,WAAWC,MAAM,GAAG,EAAE,CAAC,KAAK;AAEpE,SACE,uBAAC,SAAM,SAAS,KACd;AAAA,2BAAC,OACC;AAAA,6BAAC,cAAW,SAAQ,MAAK,YAAY,KAAK;AAAA;AAAA,QACzBH;AAAAA,WADjB;AAAA;AAAA;AAAA;AAAA,aAEA;AAAA,MACA,uBAAC,cAAW,SAAQ,SAAQ,OAAM,kBAC/Bf,oBAAUmB,WADb;AAAA;AAAA;AAAA;AAAA,aAEA;AAAA,MACA,uBAAC,SAAM,WAAU,OAAM,SAAS,GAAG,IAAI,EAAEC,IAAI,MAAMC,UAAU,QAAQC,KAAK,EAAE,GACxEX,eAAIY,SAAS,IAAIC;AAAAA,QAAI,CAACC,SACtB,uBAAC,QAAgB,OAAOA,KAAKC,QAAQ,MAAM,GAAG,GAAG,OAAM,WAAU,SAAQ,YAAW,MAAK,WAA9ED,MAAX;AAAA;AAAA;AAAA;AAAA,eAAgG;AAAA,MACjG,KAHH;AAAA;AAAA;AAAA;AAAA,aAIA;AAAA,SAXF;AAAA;AAAA;AAAA;AAAA,WAYA;AAAA,IAEA,uBAAC,OACC;AAAA,6BAAC,cAAW,SAAQ,aAAY,YAAY,KAAK,IAAI,EAAEE,IAAI,IAAI,GAC5D3B;AAAAA,kBAAU4B;AAAAA,QAAK;AAAA,WADlB;AAAA;AAAA;AAAA;AAAA,aAEA;AAAA,MACA,uBAAC,iBAAD;AAAA;AAAA;AAAA;AAAA,aAAY;AAAA,SAJd;AAAA;AAAA;AAAA;AAAA,WAKA;AAAA,IAEA,uBAAC,kBAAe,MAAMjB,MAAtB;AAAA;AAAA;AAAA;AAAA,WAAyB;AAAA,OAtB3B;AAAA;AAAA;AAAA;AAAA,SAuBA;AAEJ;AAACL,GA5CuBD,eAAa;AAAA,UACFZ,QAAQ;AAAA;AAAA,KADnBY;AAAa,IAAAwB;AAAA,aAAAA,IAAA","names":["gql","useQuery","Alert","Box","Chip","CircularProgress","Stack","Typography","appConfig","parseApiError","AccountSummary","FinanceKpis","DASHBOARD_ME","DashboardPage","_s","data","loading","error","fetchPolicy","me","display","placeItems","minHeight","firstName","first_name","full_name","split","tagline","mt","flexWrap","gap","roles","map","role","replace","mb","name","_c"],"ignoreList":[],"sources":["C:/Users/Suryansh/Desktop/Projects/duncit.com/project/portals/finance/src/pages/DashboardPage.tsx"],"file":"C:/Users/Suryansh/Desktop/Projects/duncit.com/project/portals/finance/src/pages/DashboardPage.tsx"},"_coverageSchema":"1a1c01bbd47fc00a2c39e90264f33305004495a9","hash":"9b1249023015e65affee4826111b3ba3a728f9ab"},"C:/Users/Suryansh/Desktop/Projects/duncit.com/project/portals/finance/src/pages/calculators/pod-profit/PercentSlider.tsx":{"path":"C:/Users/Suryansh/Desktop/Projects/duncit.com/project/portals/finance/src/pages/calculators/pod-profit/PercentSlider.tsx","statementMap":{"0":{"start":{"line":3,"column":20},"end":{"line":3,"column":97}},"1":{"start":{"line":6,"column":0},"end":{"line":16,"column":1}},"2":{"start":{"line":7,"column":2},"end":{"line":11,"column":3}},"3":{"start":{"line":8,"column":4},"end":{"line":10,"column":6}},"4":{"start":{"line":12,"column":2},"end":{"line":12,"column":39}},"5":{"start":{"line":13,"column":2},"end":{"line":13,"column":39}},"6":{"start":{"line":14,"column":2},"end":{"line":14,"column":177}},"7":{"start":{"line":15,"column":2},"end":{"line":15,"column":75}},"8":{"start":{"line":18,"column":17},"end":{"line":18,"column":66}},"9":{"start":{"line":18,"column":33},"end":{"line":18,"column":66}},"10":{"start":{"line":20,"column":16},"end":{"line":26,"column":12}},"11":{"start":{"line":27,"column":2},"end":{"line":100,"column":11}},"12":{"start":{"line":44,"column":27},"end":{"line":44,"column":74}},"13":{"start":{"line":73,"column":31},"end":{"line":73,"column":60}},"14":{"start":{"line":79,"column":33},"end":{"line":79,"column":40}},"15":{"start":{"line":102,"column":0},"end":{"line":102,"column":19}},"16":{"start":{"line":104,"column":0},"end":{"line":104,"column":34}},"17":{"start":{"line":105,"column":0},"end":{"line":108,"column":1}},"18":{"start":{"line":106,"column":2},"end":{"line":106,"column":39}},"19":{"start":{"line":107,"column":2},"end":{"line":107,"column":39}},"20":{"start":{"line":109,"column":0},"end":{"line":118,"column":1}},"21":{"start":{"line":110,"column":2},"end":{"line":117,"column":5}},"22":{"start":{"line":111,"column":4},"end":{"line":111,"column":190}},"23":{"start":{"line":112,"column":4},"end":{"line":116,"column":7}},"24":{"start":{"line":113,"column":6},"end":{"line":113,"column":31}},"25":{"start":{"line":113,"column":24},"end":{"line":113,"column":31}},"26":{"start":{"line":114,"column":32},"end":{"line":114,"column":239}},"27":{"start":{"line":115,"column":6},"end":{"line":115,"column":75}},"28":{"start":{"line":115,"column":29},"end":{"line":115,"column":75}}},"fnMap":{"0":{"name":"(anonymous_0)","decl":{"start":{"line":18,"column":17},"end":{"line":18,"column":18}},"loc":{"start":{"line":18,"column":33},"end":{"line":18,"column":66}},"line":18},"1":{"name":"PercentSlider","decl":{"start":{"line":19,"column":24},"end":{"line":19,"column":37}},"loc":{"start":{"line":19,"column":93},"end":{"line":101,"column":1}},"line":19},"2":{"name":"(anonymous_2)","decl":{"start":{"line":44,"column":20},"end":{"line":44,"column":21}},"loc":{"start":{"line":44,"column":27},"end":{"line":44,"column":74}},"line":44},"3":{"name":"(anonymous_3)","decl":{"start":{"line":73,"column":18},"end":{"line":73,"column":19}},"loc":{"start":{"line":73,"column":31},"end":{"line":73,"column":60}},"line":73},"4":{"name":"(anonymous_4)","decl":{"start":{"line":79,"column":26},"end":{"line":79,"column":27}},"loc":{"start":{"line":79,"column":33},"end":{"line":79,"column":40}},"line":79},"5":{"name":"(anonymous_5)","decl":{"start":{"line":110,"column":52},"end":{"line":110,"column":53}},"loc":{"start":{"line":110,"column":72},"end":{"line":117,"column":3}},"line":110},"6":{"name":"(anonymous_6)","decl":{"start":{"line":112,"column":27},"end":{"line":112,"column":28}},"loc":{"start":{"line":112,"column":44},"end":{"line":116,"column":5}},"line":112}},"branchMap":{"0":{"loc":{"start":{"line":3,"column":20},"end":{"line":3,"column":97}},"type":"binary-expr","locations":[{"start":{"line":3,"column":20},"end":{"line":3,"column":60}},{"start":{"line":3,"column":64},"end":{"line":3,"column":97}}],"line":3},"1":{"loc":{"start":{"line":6,"column":0},"end":{"line":16,"column":1}},"type":"if","locations":[{"start":{"line":6,"column":0},"end":{"line":16,"column":1}},{"start":{},"end":{}}],"line":6},"2":{"loc":{"start":{"line":6,"column":4},"end":{"line":6,"column":35}},"type":"binary-expr","locations":[{"start":{"line":6,"column":4},"end":{"line":6,"column":19}},{"start":{"line":6,"column":23},"end":{"line":6,"column":35}}],"line":6},"3":{"loc":{"start":{"line":7,"column":2},"end":{"line":11,"column":3}},"type":"if","locations":[{"start":{"line":7,"column":2},"end":{"line":11,"column":3}},{"start":{},"end":{}}],"line":7},"4":{"loc":{"start":{"line":19,"column":70},"end":{"line":19,"column":79}},"type":"default-arg","locations":[{"start":{"line":19,"column":76},"end":{"line":19,"column":79}}],"line":19},"5":{"loc":{"start":{"line":19,"column":81},"end":{"line":19,"column":89}},"type":"default-arg","locations":[{"start":{"line":19,"column":88},"end":{"line":19,"column":89}}],"line":19},"6":{"loc":{"start":{"line":20,"column":16},"end":{"line":26,"column":12}},"type":"cond-expr","locations":[{"start":{"line":20,"column":30},"end":{"line":26,"column":3}},{"start":{"line":26,"column":6},"end":{"line":26,"column":12}}],"line":20},"7":{"loc":{"start":{"line":105,"column":0},"end":{"line":108,"column":1}},"type":"if","locations":[{"start":{"line":105,"column":0},"end":{"line":108,"column":1}},{"start":{},"end":{}}],"line":105},"8":{"loc":{"start":{"line":105,"column":4},"end":{"line":105,"column":35}},"type":"binary-expr","locations":[{"start":{"line":105,"column":4},"end":{"line":105,"column":19}},{"start":{"line":105,"column":23},"end":{"line":105,"column":35}}],"line":105},"9":{"loc":{"start":{"line":109,"column":0},"end":{"line":118,"column":1}},"type":"if","locations":[{"start":{"line":109,"column":0},"end":{"line":118,"column":1}},{"start":{},"end":{}}],"line":109},"10":{"loc":{"start":{"line":109,"column":4},"end":{"line":109,"column":35}},"type":"binary-expr","locations":[{"start":{"line":109,"column":4},"end":{"line":109,"column":19}},{"start":{"line":109,"column":23},"end":{"line":109,"column":35}}],"line":109},"11":{"loc":{"start":{"line":113,"column":6},"end":{"line":113,"column":31}},"type":"if","locations":[{"start":{"line":113,"column":6},"end":{"line":113,"column":31}},{"start":{},"end":{}}],"line":113},"12":{"loc":{"start":{"line":115,"column":6},"end":{"line":115,"column":75}},"type":"if","locatio
[...]
pages/finance/startup-dashboard/index.tsx":{"path":"C:/Users/Suryansh/Desktop/Projects/duncit.com/project/portals/finance/src/pages/finance/startup-dashboard/index.tsx","statementMap":{},"fnMap":{},"branchMap":{},"s":{},"f":{},"b":{},"inputSourceMap":{"version":3,"mappings":"AAAA,SAASA,eAAe","names":["default"],"ignoreList":[],"sources":["C:/Users/Suryansh/Desktop/Projects/duncit.com/project/portals/finance/src/pages/finance/startup-dashboard/index.tsx"],"file":"C:/Users/Suryansh/Desktop/Projects/duncit.com/project/portals/finance/src/pages/finance/startup-dashboard/index.tsx"},"_coverageSchema":"1a1c01bbd47fc00a2c39e90264f33305004495a9","hash":"884164398e9414d0be042d487871f432073b5926"},"C:/Users/Suryansh/Desktop/Projects/duncit.com/project/portals/finance/src/pages/finance/index.ts":{"path":"C:/Users/Suryansh/Desktop/Projects/duncit.com/project/portals/finance/src/pages/finance/index.ts","statementMap":{},"fnMap":{},"branchMap":{},"s":{},"f":{},"b":{},"inputSourceMap":{"version":3,"sources":["C:/Users/Suryansh/Desktop/Projects/duncit.com/project/portals/finance/src/pages/finance/index.ts"],"mappings":"AAAA,SAAS,WAAW,6BAA6B;AACjD,SAAS,gBAAgB,4BAA4B;AACrD,SAAS,WAAW,mBAAmB,+BAA+B;AACtE,SAAS,WAAW,uBAAuB;AAC3C,SAAS,WAAW,0BAA0B;AAC9C,SAAS,WAAW,uBAAuB;AAC3C,SAAS,WAAW,6BAA6B;AACjD,SAAS,WAAW,2BAA2B;AAC/C,SAAS,WAAW,kBAAkB;AACtC,SAAS,WAAW,wBAAwB;AAC5C,SAAS,WAAW,4BAA4B;","names":[]},"_coverageSchema":"1a1c01bbd47fc00a2c39e90264f33305004495a9","hash":"edfd1fd37564cb96f973a5298b650cb600032271"},"C:/Users/Suryansh/Desktop/Projects/duncit.com/project/portals/finance/src/components/AppShell.tsx":{"path":"C:/Users/Suryansh/Desktop/Projects/duncit.com/project/portals/finance/src/components/AppShell.tsx","statementMap":{"0":{"start":{"line":3,"column":20},"end":{"line":3,"column":97}},"1":{"start":{"line":6,"column":0},"end":{"line":16,"column":1}},"2":{"start":{"line":7,"column":2},"end":{"line":11,"column":3}},"3":{"start":{"line":8,"column":4},"end":{"line":10,"column":6}},"4":{"start":{"line":12,"column":2},"end":{"line":12,"column":39}},"5":{"start":{"line":13,"column":2},"end":{"line":13,"column":39}},"6":{"start":{"line":14,"column":2},"end":{"line":14,"column":154}},"7":{"start":{"line":15,"column":2},"end":{"line":15,"column":75}},"8":{"start":{"line":17,"column":9},"end":{"line":17,"column":23}},"9":{"start":{"line":24,"column":2},"end":{"line":24,"column":7}},"10":{"start":{"line":25,"column":19},"end":{"line":25,"column":32}},"11":{"start":{"line":26,"column":47},"end":{"line":26,"column":60}},"12":{"start":{"line":27,"column":17},"end":{"line":31,"column":3}},"13":{"start":{"line":28,"column":4},"end":{"line":28,"column":17}},"14":{"start":{"line":29,"column":4},"end":{"line":29,"column":16}},"15":{"start":{"line":30,"column":4},"end":{"line":30,"column":42}},"16":{"start":{"line":32,"column":2},"end":{"line":53,"column":4}},"17":{"start":{"line":55,"column":0},"end":{"line":57,"column":3}},"18":{"start":{"line":56,"column":2},"end":{"line":56,"column":36}},"19":{"start":{"line":58,"column":0},"end":{"line":58,"column":14}},"20":{"start":{"line":60,"column":0},"end":{"line":60,"column":29}},"21":{"start":{"line":61,"column":0},"end":{"line":64,"column":1}},"22":{"start":{"line":62,"column":2},"end":{"line":62,"column":39}},"23":{"start":{"line":63,"column":2},"end":{"line":63,"column":39}},"24":{"start":{"line":65,"column":0},"end":{"line":74,"column":1}},"25":{"start":{"line":66,"column":2},"end":{"line":73,"column":5}},"26":{"start":{"line":67,"column":4},"end":{"line":67,"column":167}},"27":{"start":{"line":68,"column":4},"end":{"line":72,"column":7}},"28":{"start":{"line":69,"column":6},"end":{"line":69,"column":31}},"29":{"start":{"line":69,"column":24},"end":{"line":69,"column":31}},"30":{"start":{"line":70,"column":32},"end":{"line":70,"column":216}},"31":{"start":{"line":71,"column":6},"end":{"line":71,"column":75}},"32":{"start":{"line":71,"column":29},"end":{"line":71,"column":75}}},"fnMap":{"0":{"name":"AppShell","decl":{"start":{"line":23,"column":24},"end":{"line":23,"column":32}},"loc":{"start":{"line":23,"column":47},"end":{"line":54,"column":1}},"line":23},"1":{"name":"(anonymous_1)","decl":{"start":{"line":27,"column":17},"end":{"line":27,"column":18}},"loc":{"start":{"line":27,"column":23},"end":{"line":31,"column":3}},"line":27},"2":{"name":"(anonymous_2)","decl":{"start":{"line":55,"column":52},"end":{"line":55,"column":53}},"loc":{"start":{"line":55,"column":63},"end":{"line":57,"column":1}},"line":55},"3":{"name":"(anonymous_3)","decl":{"start":{"line":66,"column":52},"end":{"line":66,"column":53}},"loc":{"start":{"line":66,"column":72},"end":{"line":73,"column":3}},"line":66},"4":{"name":"(anonymous_4)","decl":{"start":{"line":68,"column":27},"end":{"line":68,"column":28}},"loc":{"start":{"line":68,"column":44},"end":{"line":72,"column":5}},"line":68}},"branchMap":{"0":{"loc":{"start":{"line":3,"column":20},"end":{"line":3,"column":97}},"type":"binary-expr","locations":[{"start":{"line":3,"column":20},"end":{"line":3,"column":60}},{"start":{"line":3,"column":64},"end":{"line":3,"column":97}}],"line":3},"1":{"loc":{"start":{"line":6,"column":0},"end":{"line":16,"column":1}},"type":"if","locations":[{"start":{"line":6,"column":0},"end":{"line":16,"column":1}},{"start":{},"end":{}}],"line":6},"2":{"loc":{"start":{"line":6,"column":4},"end":{"line":6,"column":35}},"type":"binary-expr","locations":[{"start":{"line":6,"column":4},"end":{"line":6,"column":19}},{"start":{"line":6,"column":23},"end":{"line":6,"column":35}}],"line":6},"3":{"loc":{"start":{"line":7,"column":2},"end":{"line":11,"column":3}},"type":"if","locations":[{"start":{"line":7,"column":2},"end":{"line":11,"column":3}},{"start":{},"end":{}}],"line":7},"4":{"loc":{"start":{"line":37,"column":12},"end":{"line":37,"column":26}},"type":"binary-expr","locations":[{"start":{"line":37,"column":12},"end":{"line":37,"column":16}},{"start":{"line":37,"column":20},"end":{"line":37,"column":26}}],"line":37},"5":{"loc":{"start":{"line":39,"column":17},"end":{"line":39,"column":57}},"type":"cond-expr","locations":[{"start":{"line":39,"column":24},"end":{"line":39,"column":48}},{"start":{"line":39,"column":51},"end":{"line":39,"column":57}}],"line":39},"6":{"loc":{"start":{"line":61,"column":0},"end":{"line":64,"column":1}},"type":"if","locations":[{"start":{"line":61,"column":0},"end":{"line":64,"column":1}},{"start":{},"end":{}}],"line":61},"7":{"loc":{"start":{"line":61,"column":4},"end":{"line":61,"column":35}},"type":"binary-expr","locations":[{"start":{"line":61,"column":4},"end":{"line":61,"column":19}},{"start":{"line":61,"column":23},"end":{"line":61,"column":35}}],"line":61},"8":{"loc":{"start":{"line":65,"column":0},"end":{"line":74,"column":1}},"type":"if","locations":[{"start":{"line":65,"column":0},"end":{"line":74,"column":1}},{"start":{},"end":{}}],"line":65},"9":{"loc":{"start":{"line":65,"column":4},"end":{"line":65,"column":35}},"type":"binary-expr","locations":[{"start":{"line":65,"column":4},"end":{"line":65,"column":19}},{"start":{"line":65,"column":23},"end":{"line":65,"column":35}}],"line":65},"10":{"loc":{"start":{"line":69,"column":6},"end":{"line":69,"column":31}},"type":"if","locations":[{"start":{"line":69,"column":6},"end":{"line":69,"column":31}},{"start":{},"end":{}}],"line":69},"11":{"loc":{"start":{"line":71,"column":6},"end":{"line":71,"column":75}},"type":"if","locations":[{"start":{"line":71,"column":6},"end":{"line":71,"column":75}},{"start":{},"end":{}}],"line":71}},"s":{"0":1,"1":1,"2":1,"3":0,"4":1,"5":1,"6":1,"7":1,"8":1,"9":0,"10":0,"11":0,"12":0,"13":0,"14":0,"15":0,"16":0,"17":1,"18":0,"19":1,"20":1,"21":1,"22":1,"23":1,"24":1,"25":1,"26":1,"27":1,"28":0,"29":0,"30":0,"31":0,"32":0},"f":{"0":0,"1":0,"2":0,"3":1,"4":0},"b":{"0":[1,0],"1":[1,0],"2":[1,1],"3":[0,1],"4":[0,0],"5":[0,0],"6":[1,0],"7":[1,1],"8":[1,0],"9":[1,1],"10":[0,0],"11":[0,0]},"inputSourceMap":{"version":3,"mappings":"AAsBI;;;;;;;;;;;;;;;;;AArBJ,SAASA,mBAAmB;AAC5B,SAASC,mBAAmB;AAC5B,SAASC,YAAYC,qBAAqB;AAC1C,SAASC,iBAAiB;AAC1B,SAASC,YAAYC,oBAAoB;AAMzC,wBAAwBJ,SAAS,EAAEK,SAA4C,GAAG;AAAAC,KAAA;AAChF,QAAMC,WAAWT,YAAY;AAC7B,QAAM,EAAEU,MAAMC,SAASC,QAAQC,UAAU,IAAIZ,YAAY;AAEzD,QAAMW,SAASA,MAAM;AACnBP,eAAW;AACXQ,cAAU;AACVJ,aAAS,UAAU,EAAEK,SAAS,KAAK,CAAC;AAAA,EACtC;AAEA,SACE;AAAA,IAAC;AAAA;AAAA,MACC,QAAQV;AAAAA,MACR,KAAKA,UAAUW;AAAAA,MACf,MAAML,QAAQM;AAAAA,MACd;AAAA,MACA,WAAWN,OAAOJ,aAAaI,KAAKO,KAAK,IAAID;AAAAA,MAC7C,UAAUX;AAAAA,MACV,WAAU;AAAA,MACV,UAAUO;AAAAA,MAETL;AAAAA;AAAAA,IAVH;AAAA;AAAA;AAAA;AAAA;AAAA;AAAA;AAAA;AAAA,EAWA;AAEJ;AAACC,GAxBuBN,UAAQ;AAAA,UACbF,aAC4BC,WAAW;AAAA;AAAA,KAFlCC;AAAQ,IAAAgB;AAAA,aAAAA,IAAA","names":["useNavigate","useUserData","AppShell","ShellAppShell","appConfig","clearToken","hasAppAccess","children","_s","navigate","user","loading","logout","ctxLogout","replace","nav","undefined","roles","_c"],"ignoreList":[],"sources":["C:/Users/Suryansh/Desktop/Projects/duncit.com/project/portals/finance/src/components/AppShell.tsx"],"file":"C:/Users/Suryansh/Desktop/Projects/duncit.com/project/portals/finance/src/components/AppShell.tsx"},"_coverageSchema":"1a1c01bbd47fc00a2c39e90264f33305004495a9","hash":"6d18681a968e5baf8d434df9cb32933695ecc80d"},"C:/Users/Suryansh/Desktop/Projects/duncit.com/project/portals/finance/src/App.tsx":{"path":"C:/Users/Suryansh/Desktop/Projects/duncit.com/project/portals/finance/src/App.tsx","statementMap":{"0":{"start":{"line":3,"column":20},"end":{"line":3,"column":97}},"1":{"start":{"line":6,"column":0},"end":{"line":16,"column":1}},"2":{"start":{"line":7,"column":2},"end":{"line":11,"column":3}},"3":{"start":{"line":8,"column":4},"end":{"line":10,"column":6}},"4":{"start":{"line":12,"column":2},"end":{"line":12,"column":39}},"5":{"start":{"line":13,"column":2},"end":{"line":13,"column":39}},"6":{"start":{"line":14,"column":2},"end":{"line":14,"column":138}},"7":{"start":{"line":15,"column":2},"end":{"line":15,"column":75}},"8":{"start":{"line":17,"column":9},"end":{"line":17,"column":23}},"9":{"start":{"line":42,"column":2},"end":{"line":42,"column":7}},"10":{"start":{"line":43,"column":19},"end":{"line":43,"column":32}},"11":{"start":{"line":44,"column":2},"end":{"line":51,"column":3}},"12":{"start":{"line":45,"column":21},"end":{"line":45,"column":75}},"13":{"start":{"line":46,"column":4},"end":{"line":50,"column":13}},"14":{"start":{"line":52,"column":2},"end":{"line":52,"column":18}},"15":{"start":{"line":54,"column":0},"end":{"line":56,"column":3}},"16":{"start":{"line":55,"column":2},"end":{"line":55,"column":23}},"17":{"start":{"line":57,"column":0},"end":{"line":57,"column":17}},"18":{"start":{"line":58,"column":15},"end":{"line":66,"column":8}},"19":{"start":{"line":58,"column":44},"end":{"line":66,"column":8}},"20":{"start":{"line":68,"column":2},"end":{"line":253,"column":11}},"21":{"start":{"line":255,"column":0},"end":{"line":255,"column":10}},"22":{"start":{"line":257,"column":0},"end":{"line":257,"column":32}},"23":{"start":{"line":258,"column":0},"end":{"line":258,"column":25}},"24":{"start":{"line":259,"column":0},"end":{"line":262,"column":1}},"25":{"start":{"line":260,"column":2},"end":{"line":260,"column":39}},"26":{"start":{"line":261,"column":2},"end":{"line":261,"column":39}},"27":{"start":{"line":263,"column":0},"end":{"line":272,"column":1}},"28":{"start":{"line":264,"column":2},"end":{"line":271,"column":5}},"29":{"start":{"line":265,"column":4},"end":{"line":265,"column":151}},"30":{"start":{"line":266,"column":4},"end":{"line":270,"column":7}},"31":{"start":{"line":267,"column":6},"end":{"line":267,"column":31}},"32":{"start":{"line":267,"column":24},"end":{"line":267,"column":31}},"33":{"start":{"line":268,"column":32},"end":{"line":268,"column":200}},"34":{"start":{"line":269,"column":6},"end":{"line":269,"column":75}},"35":{"start":{"line":269,"column":29},"end":{"line":269,"column":75}}},"fnMap":{"0":{"name":"RequireAuth","decl":{"start":{"line":41,"column":9},"end":{"line":41,"column":20}},"loc":{"start":{"line":41,"column":35},"end":{"line":53,"column":1}},"line":41},"1":{"name":"(anonymous_1)","decl":{"start":{"line":54,"column":55},"end":{"line":54,"column":56}},"loc":{"start":{"line":54,"column":66},"end":{"line":56,"column":1}},"line":54},"2":{"name":"(anonymous_2)","decl":{"start":{"line":58,"column":15},"end":{"line":58,"column":16}},"loc":{"start":{"line":58,"column":44},"end":{"line":66,"column":8}},"line":58},"3":{"name":"App","decl":{"start":{"line":67,"column":24},"end":{"line":67,"column":27}},"loc":{"start":{"line":67,"column":30},"end":{"line":254,"column":1}},"line":67},"4":{"name":"(anonymous_4)","decl":{"start":{"line":264,"column":52},"end":{"line":264,"column":53}},"loc":{"start":{"line":264,"column":72},"end":{"line":271,"column":3}},"line":264},"5":{"name":"(anonymous_5)","decl":{"start":{"line":266,"column":27},"end":{"line":266,"column":28}},"loc":{"start":{"line":266,"column":44},"end":{"line":270,"column":5}},"line":266}},"branchMap":{"0":{"loc":{"start":{"line":3,"column":20},"end":{"line":3,"column":97}},"type":"binary-expr","locations":[{"start":{"line":3,"column":20},"end":{"line":3,"column":60}},{"start":{"line":3,"column":64},"end":{"line":3,"column":97}}],"line":3},"1":{"loc":{"start":{"line":6,"column":0},"end":{"line":16,"column":1}},"type":"if","locations":[{"start":{"line":6,"column":0},"end":{"line":16,"column":1}},{"start":{},"end":{}}],"line":6},"2":{"loc":{"start":{"line":6,"column":4},"end":{"line":6,"column":35}},"type":"binary-expr","locations":[{"start":{"line":6,"column":4},"end":{"line":6,"column":19}},{"start":{"line":6,"column":23},"end":{"line":6,"column":35}}],"line":6},"3":{"loc":{"start":{"line":7,"column":2},"end":{"line":11,"column":3}},"type":"if","locations":[{"start":{"line":7,"column":2},"end":{"line":11,"column":3}},{"start":{},"end":{}}],"line":7},"4":{"loc":{"start":{"line":44,"column":2},"end":{"line":51,"column":3}},"type":"if","locations":[{"start":{"line":44,"column":2},"end":{"line":51,"column":3}},{"start":{},"end":{}}],"line":44},"5":{"loc":{"start":{"line":259,"column":0},"end":{"line":262,"column":1}},"type":"if","locations":[{"start":{"line":259,"column":0},"end":{"line":262,"column":1}},{"start":{},"end":{}}],"line":259},"6":{"loc":{"start":{"line":259,"column":4},"end":{"line":259,"column":35}},"type":"binary-expr","locations":[{"start":{"line":259,"column":4},"end":{"line":259,"column":19}},{"start":{"line":259,"column":23},"end":{"line":259,"column":35}}],"line":259},"7":{"loc":{"start":{"line":263,"column":0},"end":{"line":272,"column":1}},"type":"if","locations":[{"start":{"line":263,"column":0},"end":{"line":272,"column":1}},{"start":{},"end":{}}],"line":263},"8":{"loc":{"start":{"line":263,"column":4},"end":{"line":263,"column":35}},"type":"binary-expr","locations":[{"start":{"line":263,"column":4},"end":{"line":263,"column":19}},{"start":{"line":263,"column":23},"end":{"line":263,"column":35}}],"line":263},"9":{"loc":{"start":{"line":267,"column":6},"end":{"line":267,"column":31}},"type":"if","locations":[{"start":{"line":267,"column":6},"end":{"line":267,"column":31}},{"start":{},"end":{}}],"line":267},"10":{"loc":{"start":{"line":269,"column":6},"end":{"line":269,"column":75}},"type":"if","locations":[{"start":{"line":269,"column":6},"end":{"line":269,"column":75}},{"start":{},"end":{}}],"line":269}},"s":{"0":1,"1":1,"2":1,"3":0,"4":1,"5":1,"6":1,"7":1,"8":1,"9":2,"10":2,"11":2,"12":2,"13":2,"14":0,"15":1,"16":1,"17":1,"18":1,"19":36,"20":2,"21":1,"22":1,"23":1,"24":1,"25":1,"26":1,"27":1,"28":1,"29":1,"30":1,"31":0,"32":0,"33":0,"34":0,"35":0},"f":{"0":2,"1":1,"2":36,"3":2,"4":1,"5":0},"b":{"0":[1,0],"1":[1,0],"2":[1,1],"3":[0,1],"4":[2,0],"5":[1,0],"6":[1,1],"7":[1,0],"8":[1,1],"9":[0,0],"10":[0,0]},"inputSourceMap":{"version":3,"mappings":"AA4BW;;;;;;;;;;;;;;;;;AA5BX,SAASA,UAAUC,OAAOC,QAAQC,mBAAmB;AACrD,SAASC,mBAAmB;AAC5B,OAAOC,eAAe;AACtB,OAAOC,mBAAmB;AAC1B,OAAOC,6BAA6B;AACpC;AAAA,EACEC;AAAAA,EACAC;AAAAA,EACAC;AAAAA,EACAC;AAAAA,EACAC;AAAAA,EACAC;AAAAA,EACAC;AAAAA,EACAC;AAAAA,EACAC;AAAAA,EACAC;AAAAA,EACAC;AAAAA,EACAC;AAAAA,EACAC;AAAAA,OACK;AACP,OAAOC,cAAc;AACrB,SAASC,gBAAgB;AACzB,SAASC,gCAAgC;AAEzC,SAASC,YAAY,EAAEC,SAA8C,GAAG;AAAAC,KAAA;AACtE,QAAMC,WAAWxB,YAAY;AAC7B,MAAI,CAACmB,SAAS,GAAG;AACf,UAAMM,WAAWC,mBAAmBN,yBAAyBI,QAAQ,CAAC;AACtE,WAAO,uBAAC,YAAS,IAAI,mBAAmBC,QAAQ,IAAI,SAAO,MAAC,OAAO,EAAEE,MAAMH,SAAS,KAA7E;AAAA;AAAA;AAAA;AAAA,WAA+E;AAAA,EACxF;AACA,SAAOF;AACT;AAACC,GAPQF,aAAW;AAAA,UACDrB,WAAW;AAAA;AAAA,KADrBqB;AAST,MAAMO,SAASA,CAACC,YACd,uBAAC,eACC,iCAAC,YAAUA,qBAAX;AAAA;AAAA;AAAA;AAAA,OAAmB,KADrB;AAAA;AAAA;AAAA;AAAA,OAEA;AAGF,wBAAwBC,MAAM;AAC5B,SACE,uBAAC,UACG;AAAA,2BAAC,SAAM,MAAK,YAAW,SAASF,OAAO,uBAAC,iBAAD;AAAA;AAAA;AAAA;AAAA,WAAY,CAAG,KAAtD;AAAA;AAAA;AAAA;AAAA,WAAwD;AAAA,IAC1D,uBAAC,SAAM,MAAK,UAAS,SAAS,uBAAC,eAAD;AAAA;AAAA;AAAA;AAAA,WAAU,KAAxC;AAAA;AAAA;AAAA;AAAA,WAA4C;AAAA,IAC5C,uBAAC,SAAM,MAAK,KAAI,SAASA,OAAO,uBAAC,mBAAD;AAAA;AAAA;AAAA;AAAA,WAAc,CAAG,KAAjD;AAAA;AAAA;AAAA;AAAA,WAAmD;AAAA,IACnD,uBAAC,SAAM,MAAK,sBAAqB,SAASA,OAAO,uBAAC,0BAAD;AAAA;AAAA;AAAA;AAAA,WAAqB,CAAG,KAAzE;AAAA;AAAA;AAAA;AAAA,WAA2E;AAAA,IAC3E,uBAAC,SAAM,MAAK,uBAAsB,SAASA,OAAO,uBAAC,2BAAD;AAAA;AAAA;AAAA;AAAA,WAAsB,CAAG,KAA3E;AAAA;AAAA;AAAA;AAAA,WAA6E;AAAA,IAC7E,uBAAC,SAAM,MAAK,gBAAe,SAASA,OAAO,uBAAC,oBAAD;AAAA;AAAA;AAAA;AAAA,WAAe,CAAG,KAA7D;AAAA;AAAA;AAAA;AAAA,WAA+D;AAAA,IAC/D,uBAAC,SAAM,MAAK,uBAAsB,SAASA,OAAO,uBAAC,0BAAD;AAAA;AAAA;AAAA;AAAA,WAAqB,CAAG,KAA1E;AAAA;AAAA;AAAA;AAAA,WAA4E;AAAA,IAC5E,uBAAC,SAAM,MAAK,oBAAmB,SAASA,OAAO,uBAAC,uBAAD;AAAA;AAAA;AAAA;AAAA,WAAkB,CAAG,KAApE;AAAA;AAAA;AAAA;AAAA,WAAsE;AAAA,IACtE,uBAAC,SAAM,MAAK,wBAAuB,SAASA,OAAO,uBAAC,6BAAD;AAAA;AAAA;AAAA;AAAA,WAAwB,CAAG,KAA9E;AAAA;AAAA;AAAA;AAAA,WAAgF;AAAA,IAChF,uBAAC,SAAM,MAAK,iBAAgB,SAASA,OAAO,uBAAC,qBAAD;AAAA;AAAA;AAAA;AAAA,WAAgB,CAAG,KAA/D;AAAA;AAAA;AAAA;AAAA,WAAiE;AAAA,IACjE,uBAAC,SAAM,MAAK,oBAAmB,SAASA,OAAO,uBAAC,wBAAD;AAAA;AAAA;AAAA;AAAA,WAAmB,CAAG,KAArE;AAAA;AAAA;AAAA;AAAA,WAAuE;AAAA,IACvE,uBAAC,SAAM,MAAK,gBAAe,SAASA,OAAO,uBAAC,qBAAD;AAAA;AAAA;AAAA;AAAA,WAAgB,CAAG,KAA9D;AAAA;AAAA;AAAA;AAAA,WAAgE;AAAA,IAChE,uBAAC,SAAM,MAAK,aAAY,SAASA,OAAO,uBAAC,2BAAD;AAAA;AAAA;AAAA;AAAA,WAAsB,CAAG,KAAjE;AAAA;AAAA;AAAA;AAAA,WAAmE;AAAA,IACnE,uBAAC,SAAM,MAAK,mBAAkB,SAASA,OAAO,uBAAC,uBAAoB,MAAK,WAA1B;AAAA;AAAA;AAAA;AAAA,WAAiC,CAAG,KAAlF;AAAA;AAAA;AAAA;AAAA,WAAoF;AAAA,IACpF,uBAAC,SAAM,MAAK,kBAAiB,SAASA,OAAO,uBAAC,uBAAoB,MAAK,UAA1B;AAAA;AAAA;AAAA;AAAA,WAAgC,CAAG,KAAhF;AAAA;AAAA;AAAA;AAAA,WAAkF;AAAA,IAClF,uBAAC,SAAM,MAAK,qBAAoB,SAASA,OAAO,uBAAC,uBAAoB,MAAK,aAA1B;AAAA;AAAA;AAAA;AAAA,WAAmC,CAAG,KAAtF;AAAA;AAAA;AAAA;AAAA,WAAwF;AAAA,IACxF,uBAAC,SAAM,MAAK,WAAU,SAASA,OAAO,uBAAC,gBAAD;AAAA;AAAA;AAAA;AAAA,WAAW,CAAG,KAApD;AAAA;AAAA;AAAA;AAAA,WAAsD;AAAA,IACtD,uBAAC,SAAM,MAAK,YAAW,SAASA,OAAO,uBAAC,sBAAD;AAAA;AAAA;AAAA;AAAA,WAAiB,CAAG,KAA3D;AAAA;AAAA;AAAA;AAAA,WAA6D;AAAA,IAC7D,uBAAC,SAAM,MAAK,2BAA0B,SAASA,OAAO,uBAAC,6BAAD;AAAA;AAAA;AAAA;AAAA,WAAwB,CAAG,KAAjF;AAAA;AAAA;AAAA;AAAA,WAAmF;AAAA,IACnF,uBAAC,SAAM,MAAK,KAAI,SAAS,uBAAC,YAAS,IAAG,KAAI,SAAO,QAAxB;AAAA;AAAA;AAAA;AAAA,WAAwB,KAAjD;AAAA;AAAA;AAAA;AAAA,WAAqD;AAAA,OApBvD;AAAA;AAAA;AAAA;AAAA,SAqBA;AAEJ;AAACG,MAzBuBD;AAAG,IAAAE,IAAAD;AAAA,aAAAC,IAAA;AAAA,aAAAD,KAAA","names":["Navigate","Route","Routes","useLocation","ProfilePage","LoginPage","DashboardPage","PodProfitCalculatorPage","DefaultDeductionsPage","PodFinancePage","PodFinanceDetailPage","BackoutRefundPage","BackoutRefundDetailPage","PaymentLogsPage","PaymentReleasePage","WithdrawalsPage","InvoiceManagementPage","InvoiceTemplatePage","LedgerPage","PayoutCyclesPage","StartupDashboardPage","AppShell","getToken","redirectPathFromLocation","RequireAuth","children","_s","location","redirect","encodeURIComponent","from","authed","element","App","_c2","_c"],"ignoreList":[],"sources":["C:/Users/Suryansh/Desktop/Projects/duncit.com/project/portals/finance/src/App.tsx"],"file":"C:/Users/Suryansh/Desktop/Projects/duncit.com/project/portals/finance/src/App.tsx"},"_coverageSchema":"1a1c01bbd47fc00a2c39e90264f33305004495a9","hash":"1de0669226049c11e12144e38b2165c6c4bb751d"}}