{"C:/Users/Suryansh/Desktop/Projects/duncit.com/project/portals/finance/src/config/url-configs.ts":{"path":"C:/Users/Suryansh/Desktop/Projects/duncit.com/project/portals/finance/src/config/url-configs.ts","statementMap":{"0":{"start":{"line":1,"column":22},"end":{"line":1,"column":41}},"1":{"start":{"line":2,"column":17},"end":{"line":2,"column":205}},"2":{"start":{"line":3,"column":26},"end":{"line":7,"column":1}}},"fnMap":{},"branchMap":{"0":{"loc":{"start":{"line":2,"column":17},"end":{"line":2,"column":205}},"type":"cond-expr","locations":[{"start":{"line":2,"column":33},"end":{"line":2,"column":113}},{"start":{"line":2,"column":116},"end":{"line":2,"column":205}}],"line":2},"1":{"loc":{"start":{"line":5,"column":14},"end":{"line":5,"column":69}},"type":"binary-expr","locations":[{"start":{"line":5,"column":14},"end":{"line":5,"column":46}},{"start":{"line":5,"column":50},"end":{"line":5,"column":69}}],"line":5},"2":{"loc":{"start":{"line":6,"column":10},"end":{"line":6,"column":57}},"type":"binary-expr","locations":[{"start":{"line":6,"column":10},"end":{"line":6,"column":38}},{"start":{"line":6,"column":42},"end":{"line":6,"column":57}}],"line":6}},"s":{"0":1,"1":1,"2":1},"f":{},"b":{"0":[1,0],"1":[1,1],"2":[1,1]},"inputSourceMap":{"version":3,"sources":["C:/Users/Suryansh/Desktop/Projects/duncit.com/project/portals/finance/src/config/url-configs.ts"],"mappings":"AAKA,MAAM,gBAAgB,YAAY,IAAI;AAEtC,MAAM,WAAW,gBACb,EAAE,YAAY,iCAAiC,QAAQ,wBAAwB,IAC/E,EAAE,YAAY,qCAAqC,QAAQ,6BAA6B;AAErF,aAAM,aAAa;AAAA,EACxB;AAAA,EACA,YAAY,YAAY,IAAI,oBAAoB,SAAS;AAAA,EACzD,QAAQ,YAAY,IAAI,gBAAgB,SAAS;AACnD;","names":[]},"_coverageSchema":"1a1c01bbd47fc00a2c39e90264f33305004495a9","hash":"9ed8260e21b9d27e0370f337ba10710330ad71e1"},"C:/Users/Suryansh/Desktop/Projects/duncit.com/project/portals/finance/src/duid.ts":{"path":"C:/Users/Suryansh/Desktop/Projects/duncit.com/project/portals/finance/src/duid.ts","statementMap":{"0":{"start":{"line":1,"column":12},"end":{"line":1,"column":25}},"1":{"start":{"line":3,"column":2},"end":{"line":5,"column":3}},"2":{"start":{"line":4,"column":4},"end":{"line":4,"column":31}},"3":{"start":{"line":6,"column":2},"end":{"line":6,"column":86}},"4":{"start":{"line":9,"column":2},"end":{"line":9,"column":47}},"5":{"start":{"line":9,"column":37},"end":{"line":9,"column":47}},"6":{"start":{"line":10,"column":2},"end":{"line":18,"column":3}},"7":{"start":{"line":11,"column":21},"end":{"line":11,"column":53}},"8":{"start":{"line":12,"column":4},"end":{"line":12,"column":57}},"9":{"start":{"line":12,"column":41},"end":{"line":12,"column":57}},"10":{"start":{"line":13,"column":18},"end":{"line":13,"column":26}},"11":{"start":{"line":14,"column":4},"end":{"line":14,"column":44}},"12":{"start":{"line":15,"column":4},"end":{"line":15,"column":17}},"13":{"start":{"line":17,"column":4},"end":{"line":17,"column":20}}},"fnMap":{"0":{"name":"makeId","decl":{"start":{"line":2,"column":9},"end":{"line":2,"column":15}},"loc":{"start":{"line":2,"column":18},"end":{"line":7,"column":1}},"line":2},"1":{"name":"getOrCreateDuid","decl":{"start":{"line":8,"column":16},"end":{"line":8,"column":31}},"loc":{"start":{"line":8,"column":34},"end":{"line":19,"column":1}},"line":8}},"branchMap":{"0":{"loc":{"start":{"line":3,"column":2},"end":{"line":5,"column":3}},"type":"if","locations":[{"start":{"line":3,"column":2},"end":{"line":5,"column":3}},{"start":{},"end":{}}],"line":3},"1":{"loc":{"start":{"line":3,"column":6},"end":{"line":3,"column":78}},"type":"binary-expr","locations":[{"start":{"line":3,"column":6},"end":{"line":3,"column":35}},{"start":{"line":3,"column":39},"end":{"line":3,"column":78}}],"line":3},"2":{"loc":{"start":{"line":9,"column":2},"end":{"line":9,"column":47}},"type":"if","locations":[{"start":{"line":9,"column":2},"end":{"line":9,"column":47}},{"start":{},"end":{}}],"line":9},"3":{"loc":{"start":{"line":12,"column":4},"end":{"line":12,"column":57}},"type":"if","locations":[{"start":{"line":12,"column":4},"end":{"line":12,"column":57}},{"start":{},"end":{}}],"line":12},"4":{"loc":{"start":{"line":12,"column":8},"end":{"line":12,"column":39}},"type":"binary-expr","locations":[{"start":{"line":12,"column":8},"end":{"line":12,"column":16}},{"start":{"line":12,"column":20},"end":{"line":12,"column":39}}],"line":12}},"s":{"0":1,"1":1,"2":1,"3":0,"4":9,"5":0,"6":9,"7":9,"8":9,"9":8,"10":1,"11":1,"12":1,"13":0},"f":{"0":1,"1":9},"b":{"0":[1,0],"1":[1,1],"2":[0,9],"3":[8,1],"4":[9,8]},"inputSourceMap":{"version":3,"sources":["C:/Users/Suryansh/Desktop/Projects/duncit.com/project/portals/finance/src/duid.ts"],"mappings":"AAKA,MAAM,MAAM;AAEZ,SAAS,SAAiB;AACxB,MAAI,OAAO,WAAW,eAAe,OAAO,OAAO,eAAe,YAAY;AAC5E,WAAO,OAAO,WAAW;AAAA,EAC3B;AAEA,SAAO,QAAQ,KAAK,IAAI,EAAE,SAAS,EAAE,CAAC,IAAI,KAAK,OAAO,EAAE,SAAS,EAAE,EAAE,MAAM,GAAG,EAAE,CAAC;AACnF;AAEO,gBAAS,kBAA0B;AACxC,MAAI,OAAO,WAAW,YAAa,QAAO;AAC1C,MAAI;AACF,UAAM,WAAW,OAAO,aAAa,QAAQ,GAAG;AAChD,QAAI,YAAY,SAAS,SAAS,EAAG,QAAO;AAC5C,UAAM,QAAQ,OAAO;AACrB,WAAO,aAAa,QAAQ,KAAK,KAAK;AACtC,WAAO;AAAA,EACT,QAAQ;AAGN,WAAO,OAAO;AAAA,EAChB;AACF;","names":[]},"_coverageSchema":"1a1c01bbd47fc00a2c39e90264f33305004495a9","hash":"a9c0da2ee1c6b998477f62fb4b3f20177859c8b4"},"C:/Users/Suryansh/Desktop/Projects/duncit.com/project/portals/finance/src/utils/apolloErrorLink.ts":{"path":"C:/Users/Suryansh/Desktop/Projects/duncit.com/project/portals/finance/src/utils/apolloErrorLink.ts","statementMap":{"0":{"start":{"line":2,"column":32},"end":{"line":2,"column":85}},"1":{"start":{"line":3,"column":33},"end":{"line":3,"column":116}},"2":{"start":{"line":4,"column":31},"end":{"line":8,"column":2}},"3":{"start":{"line":5,"column":2},"end":{"line":7,"column":3}},"4":{"start":{"line":6,"column":4},"end":{"line":6,"column":52}}},"fnMap":{"0":{"name":"(anonymous_0)","decl":{"start":{"line":4,"column":39},"end":{"line":4,"column":40}},"loc":{"start":{"line":4,"column":61},"end":{"line":8,"column":1}},"line":4}},"branchMap":{"0":{"loc":{"start":{"line":5,"column":2},"end":{"line":7,"column":3}},"type":"if","locations":[{"start":{"line":5,"column":2},"end":{"line":7,"column":3}},{"start":{},"end":{}}],"line":5},"1":{"loc":{"start":{"line":5,"column":6},"end":{"line":5,"column":72}},"type":"binary-expr","locations":[{"start":{"line":5,"column":6},"end":{"line":5,"column":18}},{"start":{"line":5,"column":22},"end":{"line":5,"column":72}}],"line":5}},"s":{"0":1,"1":1,"2":1,"3":0,"4":0},"f":{"0":0},"b":{"0":[0,0],"1":[0,0]},"inputSourceMap":{"version":3,"sources":["C:/Users/Suryansh/Desktop/Projects/duncit.com/project/portals/finance/src/utils/apolloErrorLink.ts"],"mappings":"AAAA,SAAS,eAAe;AAExB,MAAM,0BAA0B;AAChC,MAAM,2BAA2B;AAE1B,aAAM,kBAAkB,QAAQ,CAAC,EAAE,aAAa,MAAM;AAC3D,MAAI,gBAAgB,wBAAwB,KAAK,aAAa,OAAO,GAAG;AACtE,iBAAa,UAAU;AAAA,EACzB;AACF,CAAC;","names":[]},"_coverageSchema":"1a1c01bbd47fc00a2c39e90264f33305004495a9","hash":"511244787d738fd3cb32fc5dc70044e947e527fd"},"C:/Users/Suryansh/Desktop/Projects/duncit.com/project/portals/finance/src/config/app-config.ts":{"path":"C:/Users/Suryansh/Desktop/Projects/duncit.com/project/portals/finance/src/config/app-config.ts","statementMap":{"0":{"start":{"line":1,"column":17},"end":{"line":1,"column":120}},"1":{"start":{"line":1,"column":92},"end":{"line":1,"column":103}},"2":{"start":{"line":2,"column":25},"end":{"line":47,"column":1}}},"fnMap":{"0":{"name":"(anonymous_0)","decl":{"start":{"line":1,"column":82},"end":{"line":1,"column":83}},"loc":{"start":{"line":1,"column":92},"end":{"line":1,"column":103}},"line":1}},"branchMap":{"0":{"loc":{"start":{"line":1,"column":24},"end":{"line":1,"column":65}},"type":"binary-expr","locations":[{"start":{"line":1,"column":24},"end":{"line":1,"column":59}},{"start":{"line":1,"column":63},"end":{"line":1,"column":65}}],"line":1},"1":{"loc":{"start":{"line":10,"column":14},"end":{"line":10,"column":118}},"type":"binary-expr","locations":[{"start":{"line":10,"column":14},"end":{"line":10,"column":46}},{"start":{"line":10,"column":50},"end":{"line":10,"column":118}}],"line":10},"2":{"loc":{"start":{"line":11,"column":17},"end":{"line":11,"column":65}},"type":"cond-expr","locations":[{"start":{"line":11,"column":35},"end":{"line":11,"column":43}},{"start":{"line":11,"column":46},"end":{"line":11,"column":65}}],"line":11}},"s":{"0":1,"1":1,"2":1},"f":{"0":1},"b":{"0":[1,1],"1":[1,1],"2":[0,1]},"inputSourceMap":{"version":3,"sources":["C:/Users/Suryansh/Desktop/Projects/duncit.com/project/portals/finance/src/config/app-config.ts"],"mappings":"AAgDA,MAAM,WAAW,OAAO,YAAY,IAAI,uBAAuB,EAAE,EAC9D,MAAM,GAAG,EACT,IAAI,CAAC,SAAiB,KAAK,KAAK,CAAC,EACjC,OAAO,OAAO;AAEV,aAAM,YAAuB;AAAA,EAClC,KAAK;AAAA,EACL,MAAM;AAAA,EACN,UAAU;AAAA,EACV,SAAS;AAAA,EACT,YAAY;AAAA,EACZ,WAAW;AAAA,EACX,aAAa;AAAA,EACb,YACE,YAAY,IAAI,oBAChB;AAAA,EACF,eAAe,SAAS,SAAS,WAAW,CAAC,iBAAiB;AAAA,EAC9D,UAAU;AAAA,EACV,cAAc;AAAA,EACd,QAAQ,EAAE,OAAO,WAAW,MAAM,WAAW,OAAO,WAAW,QAAQ,UAAU;AAAA,EACjF,KAAK;AAAA,IACH,EAAE,OAAO,aAAa,IAAI,KAAK,MAAM,YAAY;AAAA,IACjD,EAAE,OAAO,sBAAsB,IAAI,uBAAuB,MAAM,UAAU;AAAA,IAC1E,EAAE,OAAO,gBAAgB,IAAI,iBAAiB,MAAM,UAAU;AAAA,IAC9D,EAAE,OAAO,mBAAmB,IAAI,oBAAoB,MAAM,WAAW;AAAA,IACrE,EAAE,OAAO,eAAe,IAAI,gBAAgB,MAAM,WAAW;AAAA,IAC7D;AAAA,MACE,OAAO;AAAA,MACP,MAAM;AAAA,MACN,UAAU;AAAA,QACR,EAAE,OAAO,qBAAqB,IAAI,aAAa,MAAM,cAAc;AAAA,QACnE,EAAE,OAAO,iBAAiB,IAAI,mBAAmB,MAAM,aAAa;AAAA,QACpE,EAAE,OAAO,gBAAgB,IAAI,kBAAkB,MAAM,cAAc;AAAA,QACnE,EAAE,OAAO,mBAAmB,IAAI,qBAAqB,MAAM,cAAc;AAAA,MAC3E;AAAA,IACF;AAAA,IACA,EAAE,OAAO,mBAAmB,IAAI,WAAW,MAAM,WAAW;AAAA,IAC5D,EAAE,OAAO,iBAAiB,IAAI,YAAY,MAAM,WAAW;AAAA,IAC3D;AAAA,MACE,OAAO;AAAA,MACP,MAAM;AAAA,MACN,UAAU;AAAA,QACR,EAAE,OAAO,cAAc,IAAI,2BAA2B,MAAM,YAAY;AAAA,MAC1E;AAAA,IACF;AAAA,EACF;AAAA,EACA,SAAS;AAAA,IACP,EAAE,OAAO,WAAW,aAAa,uCAAuC,MAAM,SAAS;AAAA,IACvF,EAAE,OAAO,YAAY,aAAa,wCAAwC,MAAM,WAAW;AAAA,IAC3F,EAAE,OAAO,kBAAkB,aAAa,yCAAyC,MAAM,YAAY;AAAA,IACnG,EAAE,OAAO,WAAW,aAAa,4CAA4C,MAAM,WAAW;AAAA,EAChG;AACF;","names":[]},"_coverageSchema":"1a1c01bbd47fc00a2c39e90264f33305004495a9","hash":"ad7bcabf9d4307a5dc6f97030f973b04aae1a05b"},"C:/Users/Suryansh/Desktop/Projects/duncit.com/project/portals/finance/src/lib/session.ts":{"path":"C:/Users/Suryansh/Desktop/Projects/duncit.com/project/portals/finance/src/lib/session.ts","statementMap":{"0":{"start":{"line":2,"column":26},"end":{"line":2,"column":39}},"1":{"start":{"line":4,"column":2},"end":{"line":8,"column":3}},"2":{"start":{"line":5,"column":4},"end":{"line":5,"column":52}},"3":{"start":{"line":7,"column":4},"end":{"line":7,"column":16}},"4":{"start":{"line":11,"column":2},"end":{"line":11,"column":50}},"5":{"start":{"line":14,"column":2},"end":{"line":17,"column":3}},"6":{"start":{"line":15,"column":4},"end":{"line":15,"column":48}},"7":{"start":{"line":20,"column":2},"end":{"line":20,"column":49}},"8":{"start":{"line":20,"column":36},"end":{"line":20,"column":49}},"9":{"start":{"line":21,"column":2},"end":{"line":21,"column":46}},"10":{"start":{"line":21,"column":34},"end":{"line":21,"column":46}},"11":{"start":{"line":22,"column":2},"end":{"line":22,"column":70}},"12":{"start":{"line":22,"column":48},"end":{"line":22,"column":68}},"13":{"start":{"line":25,"column":2},"end":{"line":25,"column":95}}},"fnMap":{"0":{"name":"getToken","decl":{"start":{"line":3,"column":16},"end":{"line":3,"column":24}},"loc":{"start":{"line":3,"column":27},"end":{"line":9,"column":1}},"line":3},"1":{"name":"setToken","decl":{"start":{"line":10,"column":16},"end":{"line":10,"column":24}},"loc":{"start":{"line":10,"column":32},"end":{"line":12,"column":1}},"line":10},"2":{"name":"clearToken","decl":{"start":{"line":13,"column":16},"end":{"line":13,"column":26}},"loc":{"start":{"line":13,"column":29},"end":{"line":18,"column":1}},"line":13},"3":{"name":"hasAppAccess","decl":{"start":{"line":19,"column":16},"end":{"line":19,"column":28}},"loc":{"start":{"line":19,"column":36},"end":{"line":23,"column":1}},"line":19},"4":{"name":"(anonymous_4)","decl":{"start":{"line":22,"column":38},"end":{"line":22,"column":39}},"loc":{"start":{"line":22,"column":48},"end":{"line":22,"column":68}},"line":22},"5":{"name":"accessDeniedMessage","decl":{"start":{"line":24,"column":16},"end":{"line":24,"column":35}},"loc":{"start":{"line":24,"column":38},"end":{"line":26,"column":1}},"line":24}},"branchMap":{"0":{"loc":{"start":{"line":20,"column":2},"end":{"line":20,"column":49}},"type":"if","locations":[{"start":{"line":20,"column":2},"end":{"line":20,"column":49}},{"start":{},"end":{}}],"line":20},"1":{"loc":{"start":{"line":20,"column":6},"end":{"line":20,"column":34}},"type":"binary-expr","locations":[{"start":{"line":20,"column":6},"end":{"line":20,"column":12}},{"start":{"line":20,"column":16},"end":{"line":20,"column":34}}],"line":20},"2":{"loc":{"start":{"line":21,"column":2},"end":{"line":21,"column":46}},"type":"if","locations":[{"start":{"line":21,"column":2},"end":{"line":21,"column":46}},{"start":{},"end":{}}],"line":21}},"s":{"0":1,"1":11,"2":11,"3":0,"4":0,"5":0,"6":0,"7":1,"8":0,"9":1,"10":0,"11":1,"12":1,"13":0},"f":{"0":11,"1":0,"2":0,"3":1,"4":1,"5":0},"b":{"0":[0,1],"1":[1,1],"2":[0,1]},"inputSourceMap":{"version":3,"sources":["C:/Users/Suryansh/Desktop/Projects/duncit.com/project/portals/finance/src/lib/session.ts"],"mappings":"AAAA,SAAS,iBAAiB;AAGnB,aAAM,aAAa;AAEnB,gBAAS,WAA0B;AACxC,MAAI;AACF,WAAO,aAAa,QAAQ,UAAU,QAAQ;AAAA,EAChD,QAAQ;AACN,WAAO;AAAA,EACT;AACF;AAEO,gBAAS,SAAS,OAAqB;AAC5C,eAAa,QAAQ,UAAU,UAAU,KAAK;AAChD;AAEO,gBAAS,aAAmB;AACjC,MAAI;AACF,iBAAa,WAAW,UAAU,QAAQ;AAAA,EAC5C,QAAQ;AAAA,EAER;AACF;AAGO,gBAAS,aAAa,OAA2C;AACtE,MAAI,CAAC,SAAS,MAAM,WAAW,EAAG,QAAO;AACzC,MAAI,MAAM,SAAS,UAAU,EAAG,QAAO;AACvC,SAAO,UAAU,cAAc,KAAK,CAAC,SAAS,MAAM,SAAS,IAAI,CAAC;AACpE;AAEO,gBAAS,sBAA8B;AAC5C,SAAO,6BAA6B,UAAU,QAAQ;AACxD;","names":[]},"_coverageSchema":"1a1c01bbd47fc00a2c39e90264f33305004495a9","hash":"eb8eca80c359c38668290c027bbbd20f08870cd0"},"C:/Users/Suryansh/Desktop/Projects/duncit.com/project/portals/finance/src/apollo.ts":{"path":"C:/Users/Suryansh/Desktop/Projects/duncit.com/project/portals/finance/src/apollo.ts","statementMap":{"0":{"start":{"line":8,"column":17},"end":{"line":8,"column":61}},"1":{"start":{"line":9,"column":17},"end":{"line":19,"column":2}},"2":{"start":{"line":10,"column":16},"end":{"line":10,"column":26}},"3":{"start":{"line":11,"column":15},"end":{"line":11,"column":32}},"4":{"start":{"line":12,"column":2},"end":{"line":18,"column":4}},"5":{"start":{"line":20,"column":18},"end":{"line":31,"column":2}},"6":{"start":{"line":25,"column":6},"end":{"line":25,"column":31}},"7":{"start":{"line":25,"column":18},"end":{"line":25,"column":31}},"8":{"start":{"line":26,"column":21},"end":{"line":26,"column":63}},"9":{"start":{"line":27,"column":6},"end":{"line":27,"column":75}},"10":{"start":{"line":27,"column":38},"end":{"line":27,"column":75}},"11":{"start":{"line":28,"column":6},"end":{"line":28,"column":18}},"12":{"start":{"line":32,"column":28},"end":{"line":39,"column":2}}},"fnMap":{"0":{"name":"(anonymous_0)","decl":{"start":{"line":9,"column":28},"end":{"line":9,"column":29}},"loc":{"start":{"line":9,"column":50},"end":{"line":19,"column":1}},"line":9},"1":{"name":"(anonymous_1)","decl":{"start":{"line":24,"column":13},"end":{"line":24,"column":14}},"loc":{"start":{"line":24,"column":24},"end":{"line":29,"column":5}},"line":24}},"branchMap":{"0":{"loc":{"start":{"line":15,"column":9},"end":{"line":15,"column":58}},"type":"cond-expr","locations":[{"start":{"line":15,"column":17},"end":{"line":15,"column":53}},{"start":{"line":15,"column":56},"end":{"line":15,"column":58}}],"line":15},"1":{"loc":{"start":{"line":16,"column":9},"end":{"line":16,"column":39}},"type":"cond-expr","locations":[{"start":{"line":16,"column":16},"end":{"line":16,"column":34}},{"start":{"line":16,"column":37},"end":{"line":16,"column":39}}],"line":16},"2":{"loc":{"start":{"line":25,"column":6},"end":{"line":25,"column":31}},"type":"if","locations":[{"start":{"line":25,"column":6},"end":{"line":25,"column":31}},{"start":{},"end":{}}],"line":25},"3":{"loc":{"start":{"line":26,"column":21},"end":{"line":26,"column":63}},"type":"binary-expr","locations":[{"start":{"line":26,"column":21},"end":{"line":26,"column":37}},{"start":{"line":26,"column":41},"end":{"line":26,"column":63}}],"line":26},"4":{"loc":{"start":{"line":27,"column":6},"end":{"line":27,"column":75}},"type":"if","locations":[{"start":{"line":27,"column":6},"end":{"line":27,"column":75}},{"start":{},"end":{}}],"line":27},"5":{"loc":{"start":{"line":27,"column":45},"end":{"line":27,"column":74}},"type":"binary-expr","locations":[{"start":{"line":27,"column":45},"end":{"line":27,"column":57}},{"start":{"line":27,"column":61},"end":{"line":27,"column":74}}],"line":27}},"s":{"0":1,"1":1,"2":9,"3":9,"4":9,"5":1,"6":0,"7":0,"8":0,"9":0,"10":0,"11":0,"12":1},"f":{"0":9,"1":0},"b":{"0":[9,0],"1":[9,0],"2":[0,0],"3":[0,0],"4":[0,0],"5":[0,0]},"inputSourceMap":{"version":3,"sources":["C:/Users/Suryansh/Desktop/Projects/duncit.com/project/portals/finance/src/apollo.ts"],"mappings":"AAAA,SAAS,cAAc,eAAe,UAAU,YAAY;AAC5D,SAAS,kBAAkB;AAC3B,SAAS,iBAAiB;AAC1B,SAAS,uBAAuB;AAChC,SAAS,kBAAkB;AAC3B,SAAS,uBAAuB;AAChC,SAAS,gBAAgB;AAEzB,MAAM,WAAW,IAAI,SAAS,EAAE,KAAK,WAAW,WAAW,CAAC;AAE5D,MAAM,WAAW,WAAW,CAAC,KAAK,EAAE,QAAQ,MAAM;AAChD,QAAM,QAAQ,SAAS;AACvB,QAAM,OAAO,gBAAgB;AAC7B,SAAO;AAAA,IACL,SAAS;AAAA,MACP,GAAG;AAAA,MACH,GAAI,QAAQ,EAAE,eAAe,UAAU,KAAK,GAAG,IAAI,CAAC;AAAA,MACpD,GAAI,OAAO,EAAE,UAAU,KAAK,IAAI,CAAC;AAAA,IACnC;AAAA,EACF;AACF,CAAC;AAOD,MAAM,YAAY,IAAI,UAAU;AAAA,EAC9B,OAAO,EAAE,SAAS,KAAK,KAAK,KAAM,QAAQ,KAAK;AAAA,EAC/C,UAAU;AAAA,IACR,KAAK;AAAA,IACL,SAAS,CAAC,UAAU;AAClB,UAAI,CAAC,MAAO,QAAO;AACnB,YAAM,SACH,MAAkE,cAClE,MAA6C,UAAU;AAC1D,UAAI,OAAO,WAAW,SAAU,QAAO,WAAW,KAAK,UAAU;AACjE,aAAO;AAAA,IACT;AAAA,EACF;AACF,CAAC;AAEM,aAAM,eAAe,IAAI,aAAa;AAAA,EAC3C,MAAM,KAAK,CAAC,iBAAiB,WAAW,UAAU,QAAQ,CAAC;AAAA,EAC3D,OAAO,IAAI,cAAc;AAAA;AAAA;AAAA,IAGvB,cAAc,EAAE,MAAM,EAAE,WAAW,CAAC,SAAS,EAAE,EAAE;AAAA,EACnD,CAAC;AACH,CAAC;","names":[]},"_coverageSchema":"1a1c01bbd47fc00a2c39e90264f33305004495a9","hash":"24e00b61bfa1ee8dca96b8608e81d513157507a5"},"C:/Users/Suryansh/Desktop/Projects/duncit.com/project/portals/finance/src/ColorModeContext.tsx":{"path":"C:/Users/Suryansh/Desktop/Projects/duncit.com/project/portals/finance/src/ColorModeContext.tsx","statementMap":{"0":{"start":{"line":3,"column":20},"end":{"line":3,"column":97}},"1":{"start":{"line":6,"column":0},"end":{"line":16,"column":1}},"2":{"start":{"line":7,"column":2},"end":{"line":11,"column":3}},"3":{"start":{"line":8,"column":4},"end":{"line":10,"column":6}},"4":{"start":{"line":12,"column":2},"end":{"line":12,"column":39}},"5":{"start":{"line":13,"column":2},"end":{"line":13,"column":39}},"6":{"start":{"line":14,"column":2},"end":{"line":14,"column":151}},"7":{"start":{"line":15,"column":2},"end":{"line":15,"column":75}},"8":{"start":{"line":21,"column":2},"end":{"line":25,"column":11}},"9":{"start":{"line":27,"column":0},"end":{"line":27,"column":23}},"10":{"start":{"line":29,"column":0},"end":{"line":29,"column":38}},"11":{"start":{"line":30,"column":0},"end":{"line":33,"column":1}},"12":{"start":{"line":31,"column":2},"end":{"line":31,"column":39}},"13":{"start":{"line":32,"column":2},"end":{"line":32,"column":39}},"14":{"start":{"line":34,"column":0},"end":{"line":43,"column":1}},"15":{"start":{"line":35,"column":2},"end":{"line":42,"column":5}},"16":{"start":{"line":36,"column":4},"end":{"line":36,"column":164}},"17":{"start":{"line":37,"column":4},"end":{"line":41,"column":7}},"18":{"start":{"line":38,"column":6},"end":{"line":38,"column":31}},"19":{"start":{"line":38,"column":24},"end":{"line":38,"column":31}},"20":{"start":{"line":39,"column":32},"end":{"line":39,"column":213}},"21":{"start":{"line":40,"column":6},"end":{"line":40,"column":75}},"22":{"start":{"line":40,"column":29},"end":{"line":40,"column":75}}},"fnMap":{"0":{"name":"ColorModeProvider","decl":{"start":{"line":20,"column":16},"end":{"line":20,"column":33}},"loc":{"start":{"line":20,"column":48},"end":{"line":26,"column":1}},"line":20},"1":{"name":"(anonymous_1)","decl":{"start":{"line":35,"column":52},"end":{"line":35,"column":53}},"loc":{"start":{"line":35,"column":72},"end":{"line":42,"column":3}},"line":35},"2":{"name":"(anonymous_2)","decl":{"start":{"line":37,"column":27},"end":{"line":37,"column":28}},"loc":{"start":{"line":37,"column":44},"end":{"line":41,"column":5}},"line":37}},"branchMap":{"0":{"loc":{"start":{"line":3,"column":20},"end":{"line":3,"column":97}},"type":"binary-expr","locations":[{"start":{"line":3,"column":20},"end":{"line":3,"column":60}},{"start":{"line":3,"column":64},"end":{"line":3,"column":97}}],"line":3},"1":{"loc":{"start":{"line":6,"column":0},"end":{"line":16,"column":1}},"type":"if","locations":[{"start":{"line":6,"column":0},"end":{"line":16,"column":1}},{"start":{},"end":{}}],"line":6},"2":{"loc":{"start":{"line":6,"column":4},"end":{"line":6,"column":35}},"type":"binary-expr","locations":[{"start":{"line":6,"column":4},"end":{"line":6,"column":19}},{"start":{"line":6,"column":23},"end":{"line":6,"column":35}}],"line":6},"3":{"loc":{"start":{"line":7,"column":2},"end":{"line":11,"column":3}},"type":"if","locations":[{"start":{"line":7,"column":2},"end":{"line":11,"column":3}},{"start":{},"end":{}}],"line":7},"4":{"loc":{"start":{"line":30,"column":0},"end":{"line":33,"column":1}},"type":"if","locations":[{"start":{"line":30,"column":0},"end":{"line":33,"column":1}},{"start":{},"end":{}}],"line":30},"5":{"loc":{"start":{"line":30,"column":4},"end":{"line":30,"column":35}},"type":"binary-expr","locations":[{"start":{"line":30,"column":4},"end":{"line":30,"column":19}},{"start":{"line":30,"column":23},"end":{"line":30,"column":35}}],"line":30},"6":{"loc":{"start":{"line":34,"column":0},"end":{"line":43,"column":1}},"type":"if","locations":[{"start":{"line":34,"column":0},"end":{"line":43,"column":1}},{"start":{},"end":{}}],"line":34},"7":{"loc":{"start":{"line":34,"column":4},"end":{"line":34,"column":35}},"type":"binary-expr","locations":[{"start":{"line":34,"column":4},"end":{"line":34,"column":19}},{"start":{"line":34,"column":23},"end":{"line":34,"column":35}}],"line":34},"8":{"loc":{"start":{"line":38,"column":6},"end":{"line":38,"column":31}},"type":"if","locations":[{"start":{"line":38,"column":6},"end":{"line":38,"column":31}},{"start":{},"end":{}}],"line":38},"9":{"loc":{"start":{"line":40,"column":6},"end":{"line":40,"column":75}},"type":"if","locations":[{"start":{"line":40,"column":6},"end":{"line":40,"column":75}},{"start":{},"end":{}}],"line":40}},"s":{"0":1,"1":1,"2":1,"3":0,"4":1,"5":1,"6":1,"7":1,"8":0,"9":1,"10":1,"11":1,"12":1,"13":1,"14":1,"15":1,"16":1,"17":1,"18":0,"19":0,"20":0,"21":0,"22":0},"f":{"0":0,"1":1,"2":0},"b":{"0":[1,0],"1":[1,0],"2":[1,1],"3":[0,1],"4":[1,0],"5":[1,1],"6":[1,0],"7":[1,1],"8":[0,0],"9":[0,0]},"inputSourceMap":{"version":3,"mappings":"AAcI;;;;;;;;;;;;;;;;AAbJ,SAASA,2BAA2B;AACpC,SAASC,iBAAiB;AAQ1B,SAASC,oBAAoB;AAEtB,gBAASC,kBAAkB,EAAEC,SAA4C,GAAG;AACjF,SACE,uBAAC,uBAAoB,QAAQH,UAAUI,QAAQ,YAAYJ,UAAUK,cAClEF,YADH;AAAA;AAAA;AAAA;AAAA,SAEA;AAEJ;AAACG,KANeJ;AAAiB,IAAAI;AAAA,aAAAA,IAAA","names":["DuncitThemeProvider","appConfig","useColorMode","ColorModeProvider","children","accent","colorModeKey","_c"],"ignoreList":[],"sources":["C:/Users/Suryansh/Desktop/Projects/duncit.com/project/portals/finance/src/ColorModeContext.tsx"],"file":"C:/Users/Suryansh/Desktop/Projects/duncit.com/project/portals/finance/src/ColorModeContext.tsx"},"_coverageSchema":"1a1c01bbd47fc00a2c39e90264f33305004495a9","hash":"18277020d8759b13e6078227efef171212ffca75"},"C:/Users/Suryansh/Desktop/Projects/duncit.com/project/portals/finance/src/lib/useBranding.ts":{"path":"C:/Users/Suryansh/Desktop/Projects/duncit.com/project/portals/finance/src/lib/useBranding.ts","statementMap":{"0":{"start":{"line":2,"column":25},"end":{"line":12,"column":1}},"1":{"start":{"line":14,"column":28},"end":{"line":14,"column":86}},"2":{"start":{"line":15,"column":12},"end":{"line":15,"column":26}},"3":{"start":{"line":16,"column":2},"end":{"line":22,"column":4}}},"fnMap":{"0":{"name":"useBranding","decl":{"start":{"line":13,"column":16},"end":{"line":13,"column":27}},"loc":{"start":{"line":13,"column":30},"end":{"line":23,"column":1}},"line":13}},"branchMap":{"0":{"loc":{"start":{"line":17,"column":13},"end":{"line":17,"column":53}},"type":"binary-expr","locations":[{"start":{"line":17,"column":13},"end":{"line":17,"column":32}},{"start":{"line":17,"column":36},"end":{"line":17,"column":47}},{"start":{"line":17,"column":51},"end":{"line":17,"column":53}}],"line":17},"1":{"loc":{"start":{"line":18,"column":13},"end":{"line":18,"column":36}},"type":"binary-expr","locations":[{"start":{"line":18,"column":13},"end":{"line":18,"column":24}},{"start":{"line":18,"column":28},"end":{"line":18,"column":36}}],"line":18},"2":{"loc":{"start":{"line":21,"column":13},"end":{"line":21,"column":26}},"type":"binary-expr","locations":[{"start":{"line":21,"column":13},"end":{"line":21,"column":20}},{"start":{"line":21,"column":24},"end":{"line":21,"column":26}}],"line":21}},"s":{"0":1,"1":12,"2":12,"3":12},"f":{"0":12},"b":{"0":[12,12,12],"1":[12,12],"2":[12,8]},"inputSourceMap":{"version":3,"sources":["C:/Users/Suryansh/Desktop/Projects/duncit.com/project/portals/finance/src/lib/useBranding.ts"],"mappings":"AAAA,SAAS,KAAK,gBAAgB;AAE9B,MAAM,mBAAmB;AAAA;AAAA;AAAA;AAAA;AAAA;AAAA;AAAA;AAAA;AAAA;AAAA;AAyBlB,gBAAS,cAA+B;AAC7C,QAAM,EAAE,MAAM,QAAQ,IAAI,SAAS,kBAAkB,EAAE,aAAa,cAAc,CAAC;AACnF,QAAM,IAAI,MAAM;AAChB,SAAO;AAAA,IACL,SAAS,GAAG,oBAAoB,GAAG,YAAY;AAAA,IAC/C,SAAS,GAAG,YAAY;AAAA,IACxB,cAAc,GAAG;AAAA,IACjB,cAAc,GAAG;AAAA,IACjB,SAAS,WAAW,CAAC;AAAA,EACvB;AACF;","names":[]},"_coverageSchema":"1a1c01bbd47fc00a2c39e90264f33305004495a9","hash":"55c92603560f668753b0ed6adbfcfaa84995d41c"},"C:/Users/Suryansh/Desktop/Projects/duncit.com/project/portals/finance/src/utils/parseApiError.ts":{"path":"C:/Users/Suryansh/Desktop/Projects/duncit.com/project/portals/finance/src/utils/parseApiError.ts","statementMap":{"0":{"start":{"line":2,"column":2},"end":{"line":2,"column":61}},"1":{"start":{"line":2,"column":12},"end":{"line":2,"column":61}},"2":{"start":{"line":3,"column":12},"end":{"line":3,"column":15}},"3":{"start":{"line":4,"column":2},"end":{"line":10,"column":3}},"4":{"start":{"line":5,"column":16},"end":{"line":5,"column":44}},"5":{"start":{"line":6,"column":4},"end":{"line":8,"column":5}},"6":{"start":{"line":7,"column":6},"end":{"line":7,"column":97}},"7":{"start":{"line":9,"column":4},"end":{"line":9,"column":46}},"8":{"start":{"line":11,"column":2},"end":{"line":13,"column":3}},"9":{"start":{"line":12,"column":4},"end":{"line":12,"column":38}},"10":{"start":{"line":14,"column":2},"end":{"line":19,"column":3}},"11":{"start":{"line":15,"column":4},"end":{"line":17,"column":5}},"12":{"start":{"line":16,"column":6},"end":{"line":16,"column":97}},"13":{"start":{"line":18,"column":4},"end":{"line":18,"column":21}},"14":{"start":{"line":20,"column":2},"end":{"line":20,"column":51}}},"fnMap":{"0":{"name":"parseApiError","decl":{"start":{"line":1,"column":16},"end":{"line":1,"column":29}},"loc":{"start":{"line":1,"column":35},"end":{"line":21,"column":1}},"line":1}},"branchMap":{"0":{"loc":{"start":{"line":2,"column":2},"end":{"line":2,"column":61}},"type":"if","locations":[{"start":{"line":2,"column":2},"end":{"line":2,"column":61}},{"start":{},"end":{}}],"line":2},"1":{"loc":{"start":{"line":4,"column":2},"end":{"line":10,"column":3}},"type":"if","locations":[{"start":{"line":4,"column":2},"end":{"line":10,"column":3}},{"start":{},"end":{}}],"line":4},"2":{"loc":{"start":{"line":5,"column":16},"end":{"line":5,"column":44}},"type":"binary-expr","locations":[{"start":{"line":5,"column":16},"end":{"line":5,"column":38}},{"start":{"line":5,"column":42},"end":{"line":5,"column":44}}],"line":5},"3":{"loc":{"start":{"line":6,"column":4},"end":{"line":8,"column":5}},"type":"if","locations":[{"start":{"line":6,"column":4},"end":{"line":8,"column":5}},{"start":{},"end":{}}],"line":6},"4":{"loc":{"start":{"line":11,"column":2},"end":{"line":13,"column":3}},"type":"if","locations":[{"start":{"line":11,"column":2},"end":{"line":13,"column":3}},{"start":{},"end":{}}],"line":11},"5":{"loc":{"start":{"line":14,"column":2},"end":{"line":19,"column":3}},"type":"if","locations":[{"start":{"line":14,"column":2},"end":{"line":19,"column":3}},{"start":{},"end":{}}],"line":14},"6":{"loc":{"start":{"line":15,"column":4},"end":{"line":17,"column":5}},"type":"if","locations":[{"start":{"line":15,"column":4},"end":{"line":17,"column":5}},{"start":{},"end":{}}],"line":15}},"s":{"0":0,"1":0,"2":0,"3":0,"4":0,"5":0,"6":0,"7":0,"8":0,"9":0,"10":0,"11":0,"12":0,"13":0,"14":0},"f":{"0":0},"b":{"0":[0,0],"1":[0,0],"2":[0,0],"3":[0,0],"4":[0,0],"5":[0,0],"6":[0,0]},"inputSourceMap":{"version":3,"sources":["C:/Users/Suryansh/Desktop/Projects/duncit.com/project/portals/finance/src/utils/parseApiError.ts"],"mappings":"AAQO,gBAAS,cAAc,KAAsB;AAClD,MAAI,CAAC,IAAK,QAAO;AAEjB,QAAM,IAAI;AAEV,MAAI,EAAE,cAAc;AAClB,UAAM,MAAM,EAAE,aAAa,WAAW;AACtC,QAAI,sDAAsD,KAAK,GAAG,GAAG;AACnE,aAAO;AAAA,IACT;AACA,WAAO;AAAA,EACT;AAEA,MAAI,EAAE,eAAe,QAAQ;AAC3B,WAAO,EAAE,cAAc,CAAC,EAAE;AAAA,EAC5B;AAEA,MAAI,EAAE,SAAS;AACb,QAAI,sDAAsD,KAAK,EAAE,OAAO,GAAG;AACzE,aAAO;AAAA,IACT;AACA,WAAO,EAAE;AAAA,EACX;AAEA,SAAO;AACT;","names":[]},"_coverageSchema":"1a1c01bbd47fc00a2c39e90264f33305004495a9","hash":"f482141149f6fc7f2cf57a3b00cffebc60e891c1"},"C:/Users/Suryansh/Desktop/Projects/duncit.com/project/portals/finance/src/utils/redirect.ts":{"path":"C:/Users/Suryansh/Desktop/Projects/duncit.com/project/portals/finance/src/utils/redirect.ts","statementMap":{"0":{"start":{"line":2,"column":2},"end":{"line":2,"column":66}},"1":{"start":{"line":5,"column":2},"end":{"line":5,"column":76}},"2":{"start":{"line":5,"column":66},"end":{"line":5,"column":76}},"3":{"start":{"line":6,"column":2},"end":{"line":6,"column":67}},"4":{"start":{"line":6,"column":57},"end":{"line":6,"column":67}},"5":{"start":{"line":7,"column":2},"end":{"line":7,"column":15}}},"fnMap":{"0":{"name":"redirectPathFromLocation","decl":{"start":{"line":1,"column":16},"end":{"line":1,"column":40}},"loc":{"start":{"line":1,"column":51},"end":{"line":3,"column":1}},"line":1},"1":{"name":"getSafeRedirectPath","decl":{"start":{"line":4,"column":16},"end":{"line":4,"column":35}},"loc":{"start":{"line":4,"column":43},"end":{"line":8,"column":1}},"line":4}},"branchMap":{"0":{"loc":{"start":{"line":5,"column":2},"end":{"line":5,"column":76}},"type":"if","locations":[{"start":{"line":5,"column":2},"end":{"line":5,"column":76}},{"start":{},"end":{}}],"line":5},"1":{"loc":{"start":{"line":5,"column":6},"end":{"line":5,"column":64}},"type":"binary-expr","locations":[{"start":{"line":5,"column":6},"end":{"line":5,"column":12}},{"start":{"line":5,"column":16},"end":{"line":5,"column":38}},{"start":{"line":5,"column":42},"end":{"line":5,"column":64}}],"line":5},"2":{"loc":{"start":{"line":6,"column":2},"end":{"line":6,"column":67}},"type":"if","locations":[{"start":{"line":6,"column":2},"end":{"line":6,"column":67}},{"start":{},"end":{}}],"line":6},"3":{"loc":{"start":{"line":6,"column":6},"end":{"line":6,"column":55}},"type":"binary-expr","locations":[{"start":{"line":6,"column":6},"end":{"line":6,"column":24}},{"start":{"line":6,"column":28},"end":{"line":6,"column":55}}],"line":6}},"s":{"0":0,"1":0,"2":0,"3":0,"4":0,"5":0},"f":{"0":0,"1":0},"b":{"0":[0,0],"1":[0,0,0],"2":[0,0],"3":[0,0]},"inputSourceMap":{"version":3,"sources":["C:/Users/Suryansh/Desktop/Projects/duncit.com/project/portals/finance/src/utils/redirect.ts"],"mappings":"AAMO,gBAAS,yBAAyB,UAA4B;AACnE,SAAO,GAAG,SAAS,QAAQ,GAAG,SAAS,MAAM,GAAG,SAAS,IAAI;AAC/D;AAEO,gBAAS,oBAAoB,OAAuB;AACzD,MAAI,CAAC,SAAS,CAAC,MAAM,WAAW,GAAG,KAAK,MAAM,WAAW,IAAI,EAAG,QAAO;AACvE,MAAI,UAAU,YAAY,MAAM,WAAW,SAAS,EAAG,QAAO;AAC9D,SAAO;AACT;","names":[]},"_coverageSchema":"1a1c01bbd47fc00a2c39e90264f33305004495a9","hash":"86920c849c0855a8a335b701a5f3b629419f5bd1"},"C:/Users/Suryansh/Desktop/Projects/duncit.com/project/portals/finance/src/pages/LoginPage.tsx":{"path":"C:/Users/Suryansh/Desktop/Projects/duncit.com/project/portals/finance/src/pages/LoginPage.tsx","statementMap":{"0":{"start":{"line":3,"column":20},"end":{"line":3,"column":97}},"1":{"start":{"line":6,"column":0},"end":{"line":16,"column":1}},"2":{"start":{"line":7,"column":2},"end":{"line":11,"column":3}},"3":{"start":{"line":8,"column":4},"end":{"line":10,"column":6}},"4":{"start":{"line":12,"column":2},"end":{"line":12,"column":39}},"5":{"start":{"line":13,"column":2},"end":{"line":13,"column":39}},"6":{"start":{"line":14,"column":2},"end":{"line":14,"column":150}},"7":{"start":{"line":15,"column":2},"end":{"line":15,"column":75}},"8":{"start":{"line":17,"column":9},"end":{"line":17,"column":23}},"9":{"start":{"line":28,"column":14},"end":{"line":35,"column":1}},"10":{"start":{"line":37,"column":2},"end":{"line":37,"column":7}},"11":{"start":{"line":38,"column":39},"end":{"line":38,"column":57}},"12":{"start":{"line":39,"column":28},"end":{"line":39,"column":42}},"13":{"start":{"line":40,"column":27},"end":{"line":40,"column":41}},"14":{"start":{"line":41,"column":22},"end":{"line":41,"column":35}},"15":{"start":{"line":42,"column":19},"end":{"line":42,"column":32}},"16":{"start":{"line":43,"column":19},"end":{"line":43,"column":32}},"17":{"start":{"line":44,"column":29},"end":{"line":47,"column":3}},"18":{"start":{"line":45,"column":10},"end":{"line":45,"column":68}},"19":{"start":{"line":48,"column":29},"end":{"line":52,"column":3}},"20":{"start":{"line":49,"column":19},"end":{"line":49,"column":55}},"21":{"start":{"line":50,"column":22},"end":{"line":50,"column":42}},"22":{"start":{"line":51,"column":4},"end":{"line":51,"column":139}},"23":{"start":{"line":53,"column":22},"end":{"line":65,"column":3}},"24":{"start":{"line":54,"column":4},"end":{"line":54,"column":19}},"25":{"start":{"line":55,"column":4},"end":{"line":64,"column":5}},"26":{"start":{"line":56,"column":18},"end":{"line":56,"column":71}},"27":{"start":{"line":57,"column":19},"end":{"line":57,"column":34}},"28":{"start":{"line":58,"column":6},"end":{"line":58,"column":75}},"29":{"start":{"line":58,"column":24},"end":{"line":58,"column":75}},"30":{"start":{"line":59,"column":6},"end":{"line":59,"column":83}},"31":{"start":{"line":59,"column":44},"end":{"line":59,"column":83}},"32":{"start":{"line":60,"column":6},"end":{"line":60,"column":27}},"33":{"start":{"line":61,"column":6},"end":{"line":61,"column":56}},"34":{"start":{"line":63,"column":6},"end":{"line":63,"column":35}},"35":{"start":{"line":66,"column":17},"end":{"line":74,"column":3}},"36":{"start":{"line":75,"column":2},"end":{"line":93,"column":4}},"37":{"start":{"line":95,"column":0},"end":{"line":97,"column":3}},"38":{"start":{"line":96,"column":2},"end":{"line":96,"column":76}},"39":{"start":{"line":98,"column":0},"end":{"line":98,"column":15}},"40":{"start":{"line":100,"column":0},"end":{"line":100,"column":30}},"41":{"start":{"line":101,"column":0},"end":{"line":104,"column":1}},"42":{"start":{"line":102,"column":2},"end":{"line":102,"column":39}},"43":{"start":{"line":103,"column":2},"end":{"line":103,"column":39}},"44":{"start":{"line":105,"column":0},"end":{"line":114,"column":1}},"45":{"start":{"line":106,"column":2},"end":{"line":113,"column":5}},"46":{"start":{"line":107,"column":4},"end":{"line":107,"column":163}},"47":{"start":{"line":108,"column":4},"end":{"line":112,"column":7}},"48":{"start":{"line":109,"column":6},"end":{"line":109,"column":31}},"49":{"start":{"line":109,"column":24},"end":{"line":109,"column":31}},"50":{"start":{"line":110,"column":32},"end":{"line":110,"column":212}},"51":{"start":{"line":111,"column":6},"end":{"line":111,"column":75}},"52":{"start":{"line":111,"column":29},"end":{"line":111,"column":75}}},"fnMap":{"0":{"name":"LoginPage","decl":{"start":{"line":36,"column":24},"end":{"line":36,"column":33}},"loc":{"start":{"line":36,"column":36},"end":{"line":94,"column":1}},"line":36},"1":{"name":"(anonymous_1)","decl":{"start":{"line":45,"column":4},"end":{"line":45,"column":5}},"loc":{"start":{"line":45,"column":10},"end":{"line":45,"column":68}},"line":45},"2":{"name":"(anonymous_2)","decl":{"start":{"line":48,"column":29},"end":{"line":48,"column":30}},"loc":{"start":{"line":48,"column":35},"end":{"line":52,"column":3}},"line":48},"3":{"name":"(anonymous_3)","decl":{"start":{"line":53,"column":22},"end":{"line":53,"column":23}},"loc":{"start":{"line":53,"column":40},"end":{"line":65,"column":3}},"line":53},"4":{"name":"(anonymous_4)","decl":{"start":{"line":95,"column":53},"end":{"line":95,"column":54}},"loc":{"start":{"line":95,"column":64},"end":{"line":97,"column":1}},"line":95},"5":{"name":"(anonymous_5)","decl":{"start":{"line":106,"column":52},"end":{"line":106,"column":53}},"loc":{"start":{"line":106,"column":72},"end":{"line":113,"column":3}},"line":106},"6":{"name":"(anonymous_6)","decl":{"start":{"line":108,"column":27},"end":{"line":108,"column":28}},"loc":{"start":{"line":108,"column":44},"end":{"line":112,"column":5}},"line":108}},"branchMap":{"0":{"loc":{"start":{"line":3,"column":20},"end":{"line":3,"column":97}},"type":"binary-expr","locations":[{"start":{"line":3,"column":20},"end":{"line":3,"column":60}},{"start":{"line":3,"column":64},"end":{"line":3,"column":97}}],"line":3},"1":{"loc":{"start":{"line":6,"column":0},"end":{"line":16,"column":1}},"type":"if","locations":[{"start":{"line":6,"column":0},"end":{"line":16,"column":1}},{"start":{},"end":{}}],"line":6},"2":{"loc":{"start":{"line":6,"column":4},"end":{"line":6,"column":35}},"type":"binary-expr","locations":[{"start":{"line":6,"column":4},"end":{"line":6,"column":19}},{"start":{"line":6,"column":23},"end":{"line":6,"column":35}}],"line":6},"3":{"loc":{"start":{"line":7,"column":2},"end":{"line":11,"column":3}},"type":"if","locations":[{"start":{"line":7,"column":2},"end":{"line":11,"column":3}},{"start":{},"end":{}}],"line":7},"4":{"loc":{"start":{"line":51,"column":11},"end":{"line":51,"column":138}},"type":"binary-expr","locations":[{"start":{"line":51,"column":11},"end":{"line":51,"column":54}},{"start":{"line":51,"column":58},"end":{"line":51,"column":131}},{"start":{"line":51,"column":135},"end":{"line":51,"column":138}}],"line":51},"5":{"loc":{"start":{"line":51,"column":78},"end":{"line":51,"column":130}},"type":"cond-expr","locations":[{"start":{"line":51,"column":90},"end":{"line":51,"column":125}},{"start":{"line":51,"column":128},"end":{"line":51,"column":130}}],"line":51},"6":{"loc":{"start":{"line":58,"column":6},"end":{"line":58,"column":75}},"type":"if","locations":[{"start":{"line":58,"column":6},"end":{"line":58,"column":75}},{"start":{},"end":{}}],"line":58},"7":{"loc":{"start":{"line":59,"column":6},"end":{"line":59,"column":83}},"type":"if","locations":[{"start":{"line":59,"column":6},"end":{"line":59,"column":83}},{"start":{},"end":{}}],"line":59},"8":{"loc":{"start":{"line":82,"column":20},"end":{"line":82,"column":80}},"type":"binary-expr","locations":[{"start":{"line":82,"column":20},"end":{"line":82,"column":25}},{"start":{"line":82,"column":30},"end":{"line":82,"column":79}}],"line":82},"9":{"loc":{"start":{"line":82,"column":30},"end":{"line":82,"column":79}},"type":"cond-expr","locations":[{"start":{"line":82,"column":51},"end":{"line":82,"column":72}},{"start":{"line":82,"column":75},"end":{"line":82,"column":79}}],"line":82},"10":{"loc":{"start":{"line":101,"column":0},"end":{"line":104,"column":1}},"type":"if","locations":[{"start":{"line":101,"column":0},"end":{"line":104,"column":1}},{"start":{},"end":{}}],"line":101},"11":{"loc":{"start":{"line":101,"column":4},"end":{"line":101,"column":35}},"type":"binary-expr","locations":[{"start":{"line":101,"column":4},"end":{"line":101,"column":19}},{"start":{"line":101,"column":23},"end":{"line":101,"column":35}}],"line":101},"12":{"loc":{"start":{"line":105,"column":0},"end":{"line":114,"column":1}},"type":"if","locations":[{"start":{"line":105,"column":0},"end":{"line":114,"column":1}},{"start":{},"end":{}}],"line":105},"13":{"loc":{"start":{"line":105,"column":4},"end":{"line":105,"column":35}},"type":"binary-expr","locations":[{"start":{"line":105,"column":4},"end":{"line":105,"column":19}},{"start":{"line":105,"column":23},"end":{"line":105,"column":35}}],"line":105},"14":{"loc":{"start":{"line":109,"column":6},"end":{"line":109,"column":31}},"type":"if","locations":[{"start":{"line":109,"column":6},"end":{"line":109,"column":31}},{"start":{},"end":{}}],"line":109},"15":{"loc":{"start":{"line":111,"column":6},"end":{"line":111,"column":75}},"type":"if","locations":[{"start":{"line":111,"column":6},"end":{"line":111,"column":75}},{"start":{},"end":{}}],"line":111}},"s":{"0":1,"1":1,"2":1,"3":0,"4":1,"5":1,"6":1,"7":1,"8":1,"9":1,"10":0,"11":0,"12":0,"13":0,"14":0,"15":0,"16":0,"17":0,"18":0,"19":0,"20":0,"21":0,"22":0,"23":0,"24":0,"25":0,"26":0,"27":0,"28":0,"29":0,"30":0,"31":0,"32":0,"33":0,"34":0,"35":0,"36":0,"37":1,"38":0,"39":1,"40":1,"41":1,"42":1,"43":1,"44":1,"45":1,"46":1,"47":1,"48":0,"49":0,"50":0,"51":0,"52":0},"f":{"0":0,"1":0,"2":0,"3":0,"4":0,"5":1,"6":0},"b":{"0":[1,0],"1":[1,0],"2":[1,1],"3":[0,1],"4":[0,0,0],"5":[0,0],"6":[0,0],"7":[0,0],"8":[0,0],"9":[0,0],"10":[1,0],"11":[1,1],"12":[1,0],"13":[1,1],"14":[0,0],"15":[0,0]},"inputSourceMap":{"version":3,"mappings":"AAoEI;;;;;;;;;;;;;;;;;AApEH,SAASA,SAASC,gBAAgB;AACnC,SAASC,KAAKC,mBAAmB;AACjC,SAASC,aAAaC,mBAAmB;AACzC,SAASC,mBAAiE;AAC1E,SAASC,iBAAiB;AAC1B,SAASC,oBAAoB;AAC7B,SAASC,mBAAmB;AAC5B,SAASC,qBAAqBC,cAAcC,gBAAgB;AAC5D,SAASC,qBAAqB;AAC9B,SAASC,qBAAqBC,gCAAuD;AAErF,MAAMC,QAAQd;AAAAA;AAAAA;AAAAA;AAAAA;AAAAA;AAAAA;AAAAA;AASd,wBAAwBe,YAAY;AAAAC,KAAA;AAClC,QAAM,CAACC,eAAe,EAAEC,QAAQ,CAAC,IAAIjB,YAAYa,KAAK;AACtD,QAAM,CAACK,OAAOC,QAAQ,IAAIrB,SAAwB,IAAI;AACtD,QAAM,EAAEsB,MAAMC,OAAO,IAAIhB,aAAa;AACtC,QAAM,EAAEiB,QAAQ,IAAIhB,YAAY;AAChC,QAAMiB,WAAWrB,YAAY;AAC7B,QAAMsB,WAAWvB,YAAY;AAE7B,QAAMwB,qBAAqB5B;AAAAA,IACzB,MAAM,IAAI6B,gBAAgBF,SAASG,MAAM,EAAEC,IAAI,QAAQ,MAAM;AAAA,IAC7D,CAACJ,SAASG,MAAM;AAAA,EAClB;AAEA,QAAME,qBAAqBA,MAAM;AAC/B,UAAMC,SAAS,IAAIJ,gBAAgBF,SAASG,MAAM;AAClD,UAAMI,YAAaP,SAASQ,OAA8CC;AAC1E,WACEtB,oBAAoBmB,OAAOF,IAAI,UAAU,CAAC,KAC1CjB,oBAAoBoB,YAAYnB,yBAAyBmB,SAAS,IAAI,EAAE,KACxE;AAAA,EAEJ;AAEA,QAAMG,cAAc,OAAOC,WAA4B;AACrDhB,aAAS,IAAI;AACb,QAAI;AACF,YAAMiB,MAAM,MAAMpB,cAAc,EAAEqB,WAAW,EAAEC,OAAOH,OAAO,EAAE,CAAC;AAChE,YAAMI,OAAOH,IAAIG,MAAMC;AACvB,UAAI,CAACD,MAAME,MAAO,OAAM,IAAIC,MAAM,iCAAiC;AACnE,UAAI,CAAClC,aAAa+B,MAAMI,MAAMC,KAAK,EAAG,OAAM,IAAIF,MAAMnC,oBAAoB,CAAC;AAC3EE,eAAS8B,KAAKE,KAAK;AACnBlB,eAASM,mBAAmB,GAAG,EAAEgB,SAAS,KAAK,CAAC;AAAA,IAClD,SAASC,KAAK;AACZ3B,eAAST,cAAcoC,GAAG,CAAC;AAAA,IAC7B;AAAA,EACF;AAEA,QAAMC,SAA4B;AAAA,IAChCC,WAAW5C,UAAU6C;AAAAA,IACrBC,YAAY9C,UAAU+C;AAAAA,IACtBC,SAAShD,UAAUgD;AAAAA,IACnBC,YAAYjD,UAAUiD;AAAAA,IACtBC,WAAWlD,UAAUkD;AAAAA,IACrBC,SAASnD,UAAUoD;AAAAA,IACnBlC;AAAAA,EACF;AAEA,SACE;AAAA,IAAC;AAAA;AAAA,MACC;AAAA,MACA;AAAA,MACA,cAAcD;AAAAA,MACd;AAAA,MACA,cAAcH,UAAUO,qBAAqBlB,oBAAoB,IAAI;AAAA,MACrE,UAAU2B;AAAAA;AAAAA,IANZ;AAAA;AAAA;AAAA;AAAA;AAAA;AAAA;AAAA;AAAA,EAMwB;AAG5B;AAACnB,GAzDuBD,WAAS;AAAA,UACMd,aAEZK,cACLC,aACHJ,aACAD,WAAW;AAAA;AAAA,KANNa;AAAS,IAAA2C;AAAA,aAAAA,IAAA","names":["useMemo","useState","gql","useMutation","useLocation","useNavigate","LoginScreen","appConfig","useColorMode","useBranding","accessDeniedMessage","hasAppAccess","setToken","parseApiError","getSafeRedirectPath","redirectPathFromLocation","LOGIN","LoginPage","_s","loginMutation","loading","error","setError","mode","toggle","logoUrl","navigate","location","deniedFromRedirect","URLSearchParams","search","get","redirectAfterLogin","params","stateFrom","state","from","handleLogin","values","res","variables","input","data","login","token","Error","user","roles","replace","err","config","brandName","fullName","portalName","name","tagline","promoTitle","promoText","bgImage","loginImage","_c"],"ignoreList":[],"sources":["C:/Users/Suryansh/Desktop/Projects/duncit.com/project/portals/finance/src/pages/LoginPage.tsx"],"file":"C:/Users/Suryansh/Desktop/Projects/duncit.com/project/portals/finance/src/pages/LoginPage.tsx"},"_coverageSchema":"1a1c01bbd47fc00a2c39e90264f33305004495a9","hash":"59002b417a38778040614dba03607b33f2d1964b"},"C:/Users/Suryansh/Desktop/Projects/duncit.com/project/portals/finance/src/pages/dashboard/AccountSummary.tsx":{"path":"C:/Users/Suryansh/Desktop/Projects/duncit.com/project/portals/finance/src/pages/dashboard/AccountSummary.tsx","statementMap":{"0":{"start":{"line":3,"column":20},"end":{"line":3,"column":97}},"1":{"start":{"line":6,"column":0},"end":{"line":16,"column":1}},"2":{"start":{"line":7,"column":2},"end":{"line":11,"column":3}},"3":{"start":{"line":8,"column":4},"end":{"line":10,"column":6}},"4":{"start":{"line":12,"column":2},"end":{"line":12,"column":39}},"5":{"start":{"line":13,"column":2},"end":{"line":13,"column":39}},"6":{"start":{"line":14,"column":2},"end":{"line":14,"column":165}},"7":{"start":{"line":15,"column":2},"end":{"line":15,"column":75}},"8":{"start":{"line":19,"column":19},"end":{"line":23,"column":1}},"9":{"start":{"line":20,"column":2},"end":{"line":20,"column":25}},"10":{"start":{"line":20,"column":14},"end":{"line":20,"column":25}},"11":{"start":{"line":21,"column":15},"end":{"line":21,"column":76}},"12":{"start":{"line":22,"column":2},"end":{"line":22,"column":65}},"13":{"start":{"line":25,"column":2},"end":{"line":40,"column":11}},"14":{"start":{"line":42,"column":0},"end":{"line":42,"column":12}},"15":{"start":{"line":44,"column":15},"end":{"line":44,"column":102}},"16":{"start":{"line":45,"column":16},"end":{"line":45,"column":103}},"17":{"start":{"line":46,"column":2},"end":{"line":90,"column":11}},"18":{"start":{"line":92,"column":0},"end":{"line":92,"column":21}},"19":{"start":{"line":94,"column":0},"end":{"line":94,"column":27}},"20":{"start":{"line":95,"column":0},"end":{"line":95,"column":36}},"21":{"start":{"line":96,"column":0},"end":{"line":99,"column":1}},"22":{"start":{"line":97,"column":2},"end":{"line":97,"column":39}},"23":{"start":{"line":98,"column":2},"end":{"line":98,"column":39}},"24":{"start":{"line":100,"column":0},"end":{"line":109,"column":1}},"25":{"start":{"line":101,"column":2},"end":{"line":108,"column":5}},"26":{"start":{"line":102,"column":4},"end":{"line":102,"column":178}},"27":{"start":{"line":103,"column":4},"end":{"line":107,"column":7}},"28":{"start":{"line":104,"column":6},"end":{"line":104,"column":31}},"29":{"start":{"line":104,"column":24},"end":{"line":104,"column":31}},"30":{"start":{"line":105,"column":32},"end":{"line":105,"column":227}},"31":{"start":{"line":106,"column":6},"end":{"line":106,"column":75}},"32":{"start":{"line":106,"column":29},"end":{"line":106,"column":75}}},"fnMap":{"0":{"name":"(anonymous_0)","decl":{"start":{"line":19,"column":19},"end":{"line":19,"column":20}},"loc":{"start":{"line":19,"column":30},"end":{"line":23,"column":1}},"line":19},"1":{"name":"Detail","decl":{"start":{"line":24,"column":9},"end":{"line":24,"column":15}},"loc":{"start":{"line":24,"column":34},"end":{"line":41,"column":1}},"line":24},"2":{"name":"AccountSummary","decl":{"start":{"line":43,"column":24},"end":{"line":43,"column":38}},"loc":{"start":{"line":43,"column":49},"end":{"line":91,"column":1}},"line":43},"3":{"name":"(anonymous_3)","decl":{"start":{"line":101,"column":52},"end":{"line":101,"column":53}},"loc":{"start":{"line":101,"column":72},"end":{"line":108,"column":3}},"line":101},"4":{"name":"(anonymous_4)","decl":{"start":{"line":103,"column":27},"end":{"line":103,"column":28}},"loc":{"start":{"line":103,"column":44},"end":{"line":107,"column":5}},"line":103}},"branchMap":{"0":{"loc":{"start":{"line":3,"column":20},"end":{"line":3,"column":97}},"type":"binary-expr","locations":[{"start":{"line":3,"column":20},"end":{"line":3,"column":60}},{"start":{"line":3,"column":64},"end":{"line":3,"column":97}}],"line":3},"1":{"loc":{"start":{"line":6,"column":0},"end":{"line":16,"column":1}},"type":"if","locations":[{"start":{"line":6,"column":0},"end":{"line":16,"column":1}},{"start":{},"end":{}}],"line":6},"2":{"loc":{"start":{"line":6,"column":4},"end":{"line":6,"column":35}},"type":"binary-expr","locations":[{"start":{"line":6,"column":4},"end":{"line":6,"column":19}},{"start":{"line":6,"column":23},"end":{"line":6,"column":35}}],"line":6},"3":{"loc":{"start":{"line":7,"column":2},"end":{"line":11,"column":3}},"type":"if","locations":[{"start":{"line":7,"column":2},"end":{"line":11,"column":3}},{"start":{},"end":{}}],"line":7},"4":{"loc":{"start":{"line":20,"column":2},"end":{"line":20,"column":25}},"type":"if","locations":[{"start":{"line":20,"column":2},"end":{"line":20,"column":25}},{"start":{},"end":{}}],"line":20},"5":{"loc":{"start":{"line":21,"column":24},"end":{"line":21,"column":75}},"type":"cond-expr","locations":[{"start":{"line":21,"column":54},"end":{"line":21,"column":59}},{"start":{"line":21,"column":62},"end":{"line":21,"column":75}}],"line":21},"6":{"loc":{"start":{"line":22,"column":9},"end":{"line":22,"column":64}},"type":"cond-expr","locations":[{"start":{"line":22,"column":40},"end":{"line":22,"column":43}},{"start":{"line":22,"column":46},"end":{"line":22,"column":64}}],"line":22},"7":{"loc":{"start":{"line":44,"column":15},"end":{"line":44,"column":102}},"type":"binary-expr","locations":[{"start":{"line":44,"column":15},"end":{"line":44,"column":30}},{"start":{"line":44,"column":34},"end":{"line":44,"column":95}},{"start":{"line":44,"column":99},"end":{"line":44,"column":102}}],"line":44},"8":{"loc":{"start":{"line":45,"column":16},"end":{"line":45,"column":103}},"type":"cond-expr","locations":[{"start":{"line":45,"column":37},"end":{"line":45,"column":97}},{"start":{"line":45,"column":100},"end":{"line":45,"column":103}}],"line":45},"9":{"loc":{"start":{"line":45,"column":40},"end":{"line":45,"column":67}},"type":"binary-expr","locations":[{"start":{"line":45,"column":40},"end":{"line":45,"column":61}},{"start":{"line":45,"column":65},"end":{"line":45,"column":67}}],"line":45},"10":{"loc":{"start":{"line":58,"column":62},"end":{"line":58,"column":80}},"type":"binary-expr","locations":[{"start":{"line":58,"column":62},"end":{"line":58,"column":73}},{"start":{"line":58,"column":77},"end":{"line":58,"column":80}}],"line":58},"11":{"loc":{"start":{"line":96,"column":0},"end":{"line":99,"column":1}},"type":"if","locations":[{"start":{"line":96,"column":0},"end":{"line":99,"column":1}},{"start":{},"end":{}}],"line":96},"12":{"loc":{"start":{"line":96,"column":4},"end":{"line":96,"column":35}},"type":"binary-expr","locations":[{"start":{"line":96,"column":4},"end":{"line":96,"column":19}},{"start":{"line":96,"column":23},"end":{"line":96,"column":35}}],"line":96},"13":{"loc":{"start":{"line":100,"column":0},"end":{"line":109,"column":1}},"type":"if","locations":[{"start":{"line":100,"column":0},"end":{"line":109,"column":1}},{"start":{},"end":{}}],"line":100},"14":{"loc":{"start":{"line":100,"column":4},"end":{"line":100,"column":35}},"type":"binary-expr","locations":[{"start":{"line":100,"column":4},"end":{"line":100,"column":19}},{"start":{"line":100,"column":23},"end":{"line":100,"column":35}}],"line":100},"15":{"loc":{"start":{"line":104,"column":6},"end":{"line":104,"column":31}},"type":"if","locations":[{"start":{"line":104,"column":6},"end":{"line":104,"column":31}},{"start":{},"end":{}}],"line":104},"16":{"loc":{"start":{"line":106,"column":6},"end":{"line":106,"column":75}},"type":"if","locations":[{"start":{"line":106,"column":6},"end":{"line":106,"column":75}},{"start":{},"end":{}}],"line":106}},"s":{"0":1,"1":1,"2":1,"3":0,"4":1,"5":1,"6":1,"7":1,"8":1,"9":2,"10":2,"11":0,"12":0,"13":8,"14":1,"15":2,"16":2,"17":2,"18":1,"19":1,"20":1,"21":1,"22":1,"23":1,"24":1,"25":1,"26":1,"27":1,"28":0,"29":0,"30":0,"31":0,"32":0},"f":{"0":2,"1":8,"2":2,"3":1,"4":0},"b":{"0":[1,0],"1":[1,0],"2":[1,1],"3":[0,1],"4":[2,0],"5":[0,0],"6":[0,0],"7":[2,0,0],"8":[0,2],"9":[0,0],"10":[2,0],"11":[1,0],"12":[1,1],"13":[1,0],"14":[1,1],"15":[0,0],"16":[0,0]},"inputSourceMap":{"version":3,"mappings":"AAsBM;;;;;;;;;;;;;;;;AAtBN,SAASA,MAAMC,aAAaC,MAAMC,OAAOC,kBAAkB;AAC3D,SAASC,cAAc;AAYvB,MAAMC,aAAaA,CAACC,UAA0B;AAC5C,MAAI,CAACA,MAAO,QAAO;AACnB,QAAMC,OAAO,IAAIC,KAAKC,OAAOC,MAAMD,OAAOH,KAAK,CAAC,IAAIA,QAAQG,OAAOH,KAAK,CAAC;AACzE,SAAOG,OAAOC,MAAMH,KAAKI,QAAQ,CAAC,IAAI,MAAMP,OAAOG,MAAM,IAAI;AAC/D;AAEA,SAASK,OAAO,EAAEC,OAAOP,MAAkD,GAAG;AAC5E,SACE,uBAAC,QAAK,MAAI,MAAC,IAAI,IAAI,IAAI,GAAG,IAAI,GAC5B;AAAA,2BAAC,cAAW,SAAQ,WAAU,OAAM,kBACjCO,mBADH;AAAA;AAAA;AAAA;AAAA,WAEA;AAAA,IACA,uBAAC,cAAW,SAAQ,SAAQ,YAAY,KAAK,QAAM,MAAC,OAAOP,OACxDA,mBADH;AAAA;AAAA;AAAA;AAAA,WAEA;AAAA,OANF;AAAA;AAAA;AAAA;AAAA,SAOA;AAEJ;AAEAQ,KAbSF;AAcT,wBAAwBG,eAAe,EAAEC,KAA8C,GAAG;AACxF,QAAMC,OAAOD,MAAME,aAAa,CAACF,MAAMG,YAAYH,MAAMI,SAAS,EAAEC,OAAOC,OAAO,EAAEC,KAAK,GAAG,KAAK;AACjG,QAAMC,QAAQR,MAAMS,eAAe,GAAGT,MAAMU,mBAAmB,EAAE,IAAIV,KAAKS,YAAY,GAAGE,KAAK,IAAI;AAClG,SACE,uBAAC,QACC,iCAAC,eACC,iCAAC,SAAM,SAAS,KACd;AAAA,2BAAC,cAAW,SAAQ,aAAY,YAAY,KAAK,4BAAjD;AAAA;AAAA;AAAA;AAAA,WAEA;AAAA,IACA,uBAAC,QAAK,WAAS,MAAC,SAAS,GACvB;AAAA,6BAAC,UAAO,OAAM,QAAO,OAAOV,QAA5B;AAAA;AAAA;AAAA;AAAA,aAAiC;AAAA,MACjC,uBAAC,UAAO,OAAM,SAAQ,OAAOD,MAAMY,SAAS,OAA5C;AAAA;AAAA;AAAA;AAAA,aAAgD;AAAA,MAChD,uBAAC,UAAO,OAAM,SAAQ,OAAOJ,SAA7B;AAAA;AAAA;AAAA;AAAA,aAAmC;AAAA,MACnC,uBAAC,UAAO,OAAM,gBAAe,OAAOnB,WAAWW,MAAMa,UAAU,KAA/D;AAAA;AAAA;AAAA;AAAA,aAAiE;AAAA,SAJnE;AAAA;AAAA;AAAA;AAAA,WAKA;AAAA,OATF;AAAA;AAAA;AAAA;AAAA,SAUA,KAXF;AAAA;AAAA;AAAA;AAAA,SAYA,KAbF;AAAA;AAAA;AAAA;AAAA,SAcA;AAEJ;AAACC,MApBuBf;AAAc,IAAAD,IAAAgB;AAAA,aAAAhB,IAAA;AAAA,aAAAgB,KAAA","names":["Card","CardContent","Grid","Stack","Typography","format","formatDate","value","date","Date","Number","isNaN","getTime","Detail","label","_c","AccountSummary","user","name","full_name","first_name","last_name","filter","Boolean","join","phone","phone_number","phone_extension","trim","email","created_at","_c2"],"ignoreList":[],"sources":["C:/Users/Suryansh/Desktop/Projects/duncit.com/project/portals/finance/src/pages/dashboard/AccountSummary.tsx"],"file":"C:/Users/Suryansh/Desktop/Projects/duncit.com/project/portals/finance/src/pages/dashboard/AccountSummary.tsx"},"_coverageSchema":"1a1c01bbd47fc00a2c39e90264f33305004495a9","hash":"43e9c7abed2466fbaa41077a952ac109844cc08d"},"C:/Users/Suryansh/Desktop/Projects/duncit.com/project/portals/finance/src/components/AppIcon.tsx":{"path":"C:/Users/Suryansh/Desktop/Projects/duncit.com/project/portals/finance/src/components/AppIcon.tsx","statementMap":{"0":{"start":{"line":3,"column":20},"end":{"line":3,"column":97}},"1":{"start":{"line":6,"column":0},"end":{"line":16,"column":1}},"2":{"start":{"line":7,"column":2},"end":{"line":11,"column":3}},"3":{"start":{"line":8,"column":4},"end":{"line":10,"column":6}},"4":{"start":{"line":12,"column":2},"end":{"line":12,"column":39}},"5":{"start":{"line":13,"column":2},"end":{"line":13,"column":39}},"6":{"start":{"line":14,"column":2},"end":{"line":14,"column":153}},"7":{"start":{"line":15,"column":2},"end":{"line":15,"column":75}},"8":{"start":{"line":40,"column":14},"end":{"line":64,"column":1}},"9":{"start":{"line":66,"column":15},"end":{"line":66,"column":41}},"10":{"start":{"line":67,"column":2},"end":{"line":71,"column":11}},"11":{"start":{"line":73,"column":0},"end":{"line":73,"column":13}},"12":{"start":{"line":75,"column":0},"end":{"line":75,"column":28}},"13":{"start":{"line":76,"column":0},"end":{"line":79,"column":1}},"14":{"start":{"line":77,"column":2},"end":{"line":77,"column":39}},"15":{"start":{"line":78,"column":2},"end":{"line":78,"column":39}},"16":{"start":{"line":80,"column":0},"end":{"line":89,"column":1}},"17":{"start":{"line":81,"column":2},"end":{"line":88,"column":5}},"18":{"start":{"line":82,"column":4},"end":{"line":82,"column":166}},"19":{"start":{"line":83,"column":4},"end":{"line":87,"column":7}},"20":{"start":{"line":84,"column":6},"end":{"line":84,"column":31}},"21":{"start":{"line":84,"column":24},"end":{"line":84,"column":31}},"22":{"start":{"line":85,"column":32},"end":{"line":85,"column":215}},"23":{"start":{"line":86,"column":6},"end":{"line":86,"column":75}},"24":{"start":{"line":86,"column":29},"end":{"line":86,"column":75}}},"fnMap":{"0":{"name":"AppIcon","decl":{"start":{"line":65,"column":24},"end":{"line":65,"column":31}},"loc":{"start":{"line":65,"column":52},"end":{"line":72,"column":1}},"line":65},"1":{"name":"(anonymous_1)","decl":{"start":{"line":81,"column":52},"end":{"line":81,"column":53}},"loc":{"start":{"line":81,"column":72},"end":{"line":88,"column":3}},"line":81},"2":{"name":"(anonymous_2)","decl":{"start":{"line":83,"column":27},"end":{"line":83,"column":28}},"loc":{"start":{"line":83,"column":44},"end":{"line":87,"column":5}},"line":83}},"branchMap":{"0":{"loc":{"start":{"line":3,"column":20},"end":{"line":3,"column":97}},"type":"binary-expr","locations":[{"start":{"line":3,"column":20},"end":{"line":3,"column":60}},{"start":{"line":3,"column":64},"end":{"line":3,"column":97}}],"line":3},"1":{"loc":{"start":{"line":6,"column":0},"end":{"line":16,"column":1}},"type":"if","locations":[{"start":{"line":6,"column":0},"end":{"line":16,"column":1}},{"start":{},"end":{}}],"line":6},"2":{"loc":{"start":{"line":6,"column":4},"end":{"line":6,"column":35}},"type":"binary-expr","locations":[{"start":{"line":6,"column":4},"end":{"line":6,"column":19}},{"start":{"line":6,"column":23},"end":{"line":6,"column":35}}],"line":6},"3":{"loc":{"start":{"line":7,"column":2},"end":{"line":11,"column":3}},"type":"if","locations":[{"start":{"line":7,"column":2},"end":{"line":11,"column":3}},{"start":{},"end":{}}],"line":7},"4":{"loc":{"start":{"line":66,"column":15},"end":{"line":66,"column":41}},"type":"binary-expr","locations":[{"start":{"line":66,"column":15},"end":{"line":66,"column":26}},{"start":{"line":66,"column":30},"end":{"line":66,"column":41}}],"line":66},"5":{"loc":{"start":{"line":76,"column":0},"end":{"line":79,"column":1}},"type":"if","locations":[{"start":{"line":76,"column":0},"end":{"line":79,"column":1}},{"start":{},"end":{}}],"line":76},"6":{"loc":{"start":{"line":76,"column":4},"end":{"line":76,"column":35}},"type":"binary-expr","locations":[{"start":{"line":76,"column":4},"end":{"line":76,"column":19}},{"start":{"line":76,"column":23},"end":{"line":76,"column":35}}],"line":76},"7":{"loc":{"start":{"line":80,"column":0},"end":{"line":89,"column":1}},"type":"if","locations":[{"start":{"line":80,"column":0},"end":{"line":89,"column":1}},{"start":{},"end":{}}],"line":80},"8":{"loc":{"start":{"line":80,"column":4},"end":{"line":80,"column":35}},"type":"binary-expr","locations":[{"start":{"line":80,"column":4},"end":{"line":80,"column":19}},{"start":{"line":80,"column":23},"end":{"line":80,"column":35}}],"line":80},"9":{"loc":{"start":{"line":84,"column":6},"end":{"line":84,"column":31}},"type":"if","locations":[{"start":{"line":84,"column":6},"end":{"line":84,"column":31}},{"start":{},"end":{}}],"line":84},"10":{"loc":{"start":{"line":86,"column":6},"end":{"line":86,"column":75}},"type":"if","locations":[{"start":{"line":86,"column":6},"end":{"line":86,"column":75}},{"start":{},"end":{}}],"line":86}},"s":{"0":1,"1":1,"2":1,"3":0,"4":1,"5":1,"6":1,"7":1,"8":1,"9":156,"10":156,"11":1,"12":1,"13":1,"14":1,"15":1,"16":1,"17":1,"18":1,"19":1,"20":0,"21":0,"22":0,"23":0,"24":0},"f":{"0":156,"1":1,"2":0},"b":{"0":[1,0],"1":[1,0],"2":[1,1],"3":[0,1],"4":[156,0],"5":[1,0],"6":[1,1],"7":[1,0],"8":[1,1],"9":[0,0],"10":[0,0]},"inputSourceMap":{"version":3,"mappings":"AAsDS;;;;;;;;;;;;;;;;AArDT,OAAOA,mBAAmB;AAC1B,OAAOC,kBAAkB;AACzB,OAAOC,eAAe;AACtB,OAAOC,kBAAkB;AACzB,OAAOC,gBAAgB;AACvB,OAAOC,kBAAkB;AACzB,OAAOC,kBAAkB;AACzB,OAAOC,sBAAsB;AAC7B,OAAOC,uBAAuB;AAC9B,OAAOC,qBAAqB;AAC5B,OAAOC,oBAAoB;AAC3B,OAAOC,mBAAmB;AAC1B,OAAOC,mBAAmB;AAC1B,OAAOC,kBAAkB;AACzB,OAAOC,kBAAkB;AACzB,OAAOC,iBAAiB;AACxB,OAAOC,sBAAsB;AAC7B,OAAOC,qBAAqB;AAC5B,OAAOC,kBAAkB;AACzB,OAAOC,oBAAoB;AAC3B,OAAOC,gBAAgB;AACvB,OAAOC,uBAAuB;AAC9B,OAAOC,iBAAiB;AAExB,MAAMC,QAA2D;AAAA,EAC/DC,WAAWxB;AAAAA,EACXyB,UAAUxB;AAAAA,EACVyB,OAAOxB;AAAAA,EACPyB,UAAUxB;AAAAA,EACVyB,QAAQxB;AAAAA,EACRyB,UAAUxB;AAAAA,EACVyB,UAAUxB;AAAAA,EACVyB,SAASxB;AAAAA,EACTyB,UAAUxB;AAAAA,EACVyB,QAAQxB;AAAAA,EACRyB,UAAUxB;AAAAA,EACVyB,WAAWxB;AAAAA,EACXyB,YAAYxB;AAAAA,EACZyB,UAAUxB;AAAAA,EACVyB,SAAS7B;AAAAA,EACT8B,UAAUzB;AAAAA,EACV0B,SAASzB;AAAAA,EACT0B,OAAOzB;AAAAA,EACP0B,aAAazB;AAAAA,EACb0B,UAAUzB;AAAAA,EACV0B,YAAYzB;AAAAA,EACZ0B,QAAQzB;AAAAA,EACR0B,UAAUzB;AACZ;AAGA,wBAAwB0B,QAAQ,EAAEC,MAAM,GAAGC,MAAuC,GAAG;AACnF,QAAMC,OAAO3B,MAAMyB,IAAI,KAAK1B;AAC5B,SAAO,uBAAC,QAAK,GAAI2B,SAAV;AAAA;AAAA;AAAA;AAAA,SAAgB;AACzB;AAACE,KAHuBJ;AAAO,IAAAI;AAAA,aAAAA,IAAA","names":["DashboardIcon","CampaignIcon","ImageIcon","InsightsIcon","GroupsIcon","ContactsIcon","TimelineIcon","SupportAgentIcon","LocalShippingIcon","ReceiptLongIcon","MyLocationIcon","AnalyticsIcon","CalculateIcon","SettingsIcon","PaymentsIcon","PercentIcon","RequestQuoteIcon","DescriptionIcon","MenuBookIcon","StorefrontIcon","ShieldIcon","CalendarMonthIcon","WidgetsIcon","ICONS","dashboard","campaign","image","insights","groups","contacts","timeline","support","shipping","orders","location","analytics","calculator","settings","receipt","payments","percent","quote","description","menuBook","storefront","shield","calendar","AppIcon","name","props","Icon","_c"],"ignoreList":[],"sources":["C:/Users/Suryansh/Desktop/Projects/duncit.com/project/portals/finance/src/components/AppIcon.tsx"],"file":"C:/Users/Suryansh/Desktop/Projects/duncit.com/project/portals/finance/src/components/AppIcon.tsx"},"_coverageSchema":"1a1c01bbd47fc00a2c39e90264f33305004495a9","hash":"f49b539def40bb8a2acf74b44fe01664d540e259"},"C:/Users/Suryansh/Desktop/Projects/duncit.com/project/portals/finance/src/pages/finance/dashboard/StatCard.tsx":{"path":"C:/Users/Suryansh/Desktop/Projects/duncit.com/project/portals/finance/src/pages/finance/dashboard/StatCard.tsx","statementMap":{"0":{"start":{"line":3,"column":20},"end":{"line":3,"column":97}},"1":{"start":{"line":6,"column":0},"end":{"line":16,"column":1}},"2":{"start":{"line":7,"column":2},"end":{"line":11,"column":3}},"3":{"start":{"line":8,"column":4},"end":{"line":10,"column":6}},"4":{"start":{"line":12,"column":2},"end":{"line":12,"column":39}},"5":{"start":{"line":13,"column":2},"end":{"line":13,"column":39}},"6":{"start":{"line":14,"column":2},"end":{"line":14,"column":167}},"7":{"start":{"line":15,"column":2},"end":{"line":15,"column":75}},"8":{"start":{"line":20,"column":2},"end":{"line":59,"column":11}},"9":{"start":{"line":61,"column":0},"end":{"line":61,"column":14}},"10":{"start":{"line":63,"column":0},"end":{"line":63,"column":29}},"11":{"start":{"line":64,"column":0},"end":{"line":67,"column":1}},"12":{"start":{"line":65,"column":2},"end":{"line":65,"column":39}},"13":{"start":{"line":66,"column":2},"end":{"line":66,"column":39}},"14":{"start":{"line":68,"column":0},"end":{"line":77,"column":1}},"15":{"start":{"line":69,"column":2},"end":{"line":76,"column":5}},"16":{"start":{"line":70,"column":4},"end":{"line":70,"column":180}},"17":{"start":{"line":71,"column":4},"end":{"line":75,"column":7}},"18":{"start":{"line":72,"column":6},"end":{"line":72,"column":31}},"19":{"start":{"line":72,"column":24},"end":{"line":72,"column":31}},"20":{"start":{"line":73,"column":32},"end":{"line":73,"column":229}},"21":{"start":{"line":74,"column":6},"end":{"line":74,"column":75}},"22":{"start":{"line":74,"column":29},"end":{"line":74,"column":75}}},"fnMap":{"0":{"name":"StatCard","decl":{"start":{"line":19,"column":24},"end":{"line":19,"column":32}},"loc":{"start":{"line":19,"column":91},"end":{"line":60,"column":1}},"line":19},"1":{"name":"(anonymous_1)","decl":{"start":{"line":69,"column":52},"end":{"line":69,"column":53}},"loc":{"start":{"line":69,"column":72},"end":{"line":76,"column":3}},"line":69},"2":{"name":"(anonymous_2)","decl":{"start":{"line":71,"column":27},"end":{"line":71,"column":28}},"loc":{"start":{"line":71,"column":44},"end":{"line":75,"column":5}},"line":71}},"branchMap":{"0":{"loc":{"start":{"line":3,"column":20},"end":{"line":3,"column":97}},"type":"binary-expr","locations":[{"start":{"line":3,"column":20},"end":{"line":3,"column":60}},{"start":{"line":3,"column":64},"end":{"line":3,"column":97}}],"line":3},"1":{"loc":{"start":{"line":6,"column":0},"end":{"line":16,"column":1}},"type":"if","locations":[{"start":{"line":6,"column":0},"end":{"line":16,"column":1}},{"start":{},"end":{}}],"line":6},"2":{"loc":{"start":{"line":6,"column":4},"end":{"line":6,"column":35}},"type":"binary-expr","locations":[{"start":{"line":6,"column":4},"end":{"line":6,"column":19}},{"start":{"line":6,"column":23},"end":{"line":6,"column":35}}],"line":6},"3":{"loc":{"start":{"line":7,"column":2},"end":{"line":11,"column":3}},"type":"if","locations":[{"start":{"line":7,"column":2},"end":{"line":11,"column":3}},{"start":{},"end":{}}],"line":7},"4":{"loc":{"start":{"line":19,"column":61},"end":{"line":19,"column":78}},"type":"default-arg","locations":[{"start":{"line":19,"column":69},"end":{"line":19,"column":78}}],"line":19},"5":{"loc":{"start":{"line":37,"column":4},"end":{"line":45,"column":12}},"type":"cond-expr","locations":[{"start":{"line":37,"column":30},"end":{"line":41,"column":12}},{"start":{"line":41,"column":31},"end":{"line":45,"column":12}}],"line":37},"6":{"loc":{"start":{"line":46,"column":4},"end":{"line":50,"column":12}},"type":"binary-expr","locations":[{"start":{"line":46,"column":4},"end":{"line":46,"column":8}},{"start":{"line":46,"column":28},"end":{"line":50,"column":12}}],"line":46},"7":{"loc":{"start":{"line":64,"column":0},"end":{"line":67,"column":1}},"type":"if","locations":[{"start":{"line":64,"column":0},"end":{"line":67,"column":1}},{"start":{},"end":{}}],"line":64},"8":{"loc":{"start":{"line":64,"column":4},"end":{"line":64,"column":35}},"type":"binary-expr","locations":[{"start":{"line":64,"column":4},"end":{"line":64,"column":19}},{"start":{"line":64,"column":23},"end":{"line":64,"column":35}}],"line":64},"9":{"loc":{"start":{"line":68,"column":0},"end":{"line":77,"column":1}},"type":"if","locations":[{"start":{"line":68,"column":0},"end":{"line":77,"column":1}},{"start":{},"end":{}}],"line":68},"10":{"loc":{"start":{"line":68,"column":4},"end":{"line":68,"column":35}},"type":"binary-expr","locations":[{"start":{"line":68,"column":4},"end":{"line":68,"column":19}},{"start":{"line":68,"column":23},"end":{"line":68,"column":35}}],"line":68},"11":{"loc":{"start":{"line":72,"column":6},"end":{"line":72,"column":31}},"type":"if","locations":[{"start":{"line":72,"column":6},"end":{"line":72,"column":31}},{"start":{},"end":{}}],"line":72},"12":{"loc":{"start":{"line":74,"column":6},"end":{"line":74,"column":75}},"type":"if","locations":[{"start":{"line":74,"column":6},"end":{"line":74,"column":75}},{"start":{},"end":{}}],"line":74}},"s":{"0":1,"1":1,"2":1,"3":0,"4":1,"5":1,"6":1,"7":1,"8":48,"9":1,"10":1,"11":1,"12":1,"13":1,"14":1,"15":1,"16":1,"17":1,"18":0,"19":0,"20":0,"21":0,"22":0},"f":{"0":48,"1":1,"2":0},"b":{"0":[1,0],"1":[1,0],"2":[1,1],"3":[0,1],"4":[0],"5":[24,24],"6":[48,48],"7":[1,0],"8":[1,1],"9":[1,0],"10":[1,1],"11":[0,0],"12":[0,0]},"inputSourceMap":{"version":3,"mappings":"AAiBU;;;;;;;;;;;;;;;;AAjBV,SAASA,MAAMC,aAAaC,UAAUC,OAAOC,kBAAkB;AAC/D,OAAOC,aAAa;AAWpB,wBAAwBC,SAAS,EAAEC,OAAOC,OAAOC,MAAMC,MAAMC,QAAQ,WAAWC,QAAyB,GAAG;AAC1G,SACE,uBAAC,QAAK,SAAQ,YAAW,IAAI,EAAEC,cAAc,GAAGC,MAAM,aAAaC,UAAU,IAAI,GAC/E,iCAAC,eACC;AAAA,2BAAC,SAAM,WAAU,OAAM,gBAAe,iBAAgB,YAAW,UAAS,IAAI,EAAEC,IAAI,EAAE,GACpF;AAAA,6BAAC,cAAW,SAAQ,YAAW,OAAM,kBAClCT,mBADH;AAAA;AAAA;AAAA;AAAA,aAEA;AAAA,MACA,uBAAC,WAAQ,MAAMG,MAAM,UAAS,SAAQ,SAAtC;AAAA;AAAA;AAAA;AAAA,aAAmD;AAAA,SAJrD;AAAA;AAAA;AAAA;AAAA,WAKA;AAAA,IACCE,UACC,uBAAC,YAAS,SAAQ,QAAO,OAAO,IAAI,QAAQ,MAA5C;AAAA;AAAA;AAAA;AAAA,WAA+C,IAE/C,uBAAC,cAAW,SAAQ,MAAK,YAAY,KAClCJ,mBADH;AAAA;AAAA;AAAA;AAAA,WAEA;AAAA,IAEDC,QACC,uBAAC,cAAW,SAAQ,WAAU,OAAM,kBACjCA,kBADH;AAAA;AAAA;AAAA;AAAA,WAEA;AAAA,OAjBJ;AAAA;AAAA;AAAA;AAAA,SAmBA,KApBF;AAAA;AAAA;AAAA;AAAA,SAqBA;AAEJ;AAACQ,KAzBuBX;AAAQ,IAAAW;AAAA,aAAAA,IAAA","names":["Card","CardContent","Skeleton","Stack","Typography","AppIcon","StatCard","label","value","hint","icon","color","loading","borderRadius","flex","minWidth","mb","_c"],"ignoreList":[],"sources":["C:/Users/Suryansh/Desktop/Projects/duncit.com/project/portals/finance/src/pages/finance/dashboard/StatCard.tsx"],"file":"C:/Users/Suryansh/Desktop/Projects/duncit.com/project/portals/finance/src/pages/finance/dashboard/StatCard.tsx"},"_coverageSchema":"1a1c01bbd47fc00a2c39e90264f33305004495a9","hash":"d611e6344abaca3d317ef8518762f569edbdf94a"},"C:/Users/Suryansh/Desktop/Projects/duncit.com/project/portals/finance/src/pages/finance/payment-logs-page/queries.ts":{"path":"C:/Users/Suryansh/Desktop/Projects/duncit.com/project/portals/finance/src/pages/finance/payment-logs-page/queries.ts","statementMap":{"0":{"start":{"line":2,"column":24},"end":{"line":23,"column":1}},"1":{"start":{"line":24,"column":27},"end":{"line":28,"column":1}},"2":{"start":{"line":29,"column":30},"end":{"line":36,"column":1}}},"fnMap":{},"branchMap":{},"s":{"0":1,"1":1,"2":1},"f":{},"b":{},"inputSourceMap":{"version":3,"sources":["C:/Users/Suryansh/Desktop/Projects/duncit.com/project/portals/finance/src/pages/finance/payment-logs-page/queries.ts"],"mappings":"AAAA,SAAS,WAAW;AAEb,aAAM,WAAW;AAAA;AAAA;AAAA;AAAA;AAAA;AAAA;AAAA;AAAA;AAAA;AAAA;AAAA;AAAA;AAAA;AAAA;AAAA;AAAA;AAAA;AAAA;AAAA;AAAA;AAAA;AAuBjB,aAAM,cAAc;AAAA;AAAA;AAAA;AAAA;AAMpB,aAAM,iBAAiB;AAAA;AAAA;AAAA;AAAA;AAAA;AAAA;AAAA;","names":[]},"_coverageSchema":"1a1c01bbd47fc00a2c39e90264f33305004495a9","hash":"0217950fa8d5d7fc633b5d48233a5847d2876de3"},"C:/Users/Suryansh/Desktop/Projects/duncit.com/project/portals/finance/src/pages/finance/payment-release-page/queries.ts":{"path":"C:/Users/Suryansh/Desktop/Projects/duncit.com/project/portals/finance/src/pages/finance/payment-release-page/queries.ts","statementMap":{"0":{"start":{"line":2,"column":40},"end":{"line":26,"column":1}},"1":{"start":{"line":27,"column":38},"end":{"line":38,"column":1}}},"fnMap":{},"branchMap":{},"s":{"0":1,"1":1},"f":{},"b":{},"inputSourceMap":{"version":3,"sources":["C:/Users/Suryansh/Desktop/Projects/duncit.com/project/portals/finance/src/pages/finance/payment-release-page/queries.ts"],"mappings":"AAAA,SAAS,WAAW;AAEb,aAAM,2BAA2B;AAAA;AAAA;AAAA;AAAA;AAAA;AAAA;AAAA;AAAA;AAAA;AAAA;AAAA;AAAA;AAAA;AAAA;AAAA;AAAA;AAAA;AAAA;AAAA;AAAA;AAAA;AAAA;AAAA;AAAA;AA0BjC,aAAM,yBAAyB;AAAA;AAAA;AAAA;AAAA;AAAA;AAAA;AAAA;AAAA;AAAA;AAAA;AAAA;","names":[]},"_coverageSchema":"1a1c01bbd47fc00a2c39e90264f33305004495a9","hash":"9d05b7c9163e01460c6f23406670722bb4ae8a3c"},"C:/Users/Suryansh/Desktop/Projects/duncit.com/project/portals/finance/src/pages/finance/dashboard/queries.ts":{"path":"C:/Users/Suryansh/Desktop/Projects/duncit.com/project/portals/finance/src/pages/finance/dashboard/queries.ts","statementMap":{"0":{"start":{"line":4,"column":39},"end":{"line":10,"column":1}}},"fnMap":{},"branchMap":{},"s":{"0":1},"f":{},"b":{},"inputSourceMap":{"version":3,"sources":["C:/Users/Suryansh/Desktop/Projects/duncit.com/project/portals/finance/src/pages/finance/dashboard/queries.ts"],"mappings":"AAAA,SAAS,WAAW;AAEpB,SAAS,gBAAgB;AACzB,SAAS,gCAAgC;AAElC,aAAM,0BAA0B;AAAA;AAAA;AAAA;AAAA;AAAA;AAAA;","names":[]},"_coverageSchema":"1a1c01bbd47fc00a2c39e90264f33305004495a9","hash":"1fc7cb0cfed64fce7210f0e8658ce6c67f767fda"},"C:/Users/Suryansh/Desktop/Projects/duncit.com/project/portals/finance/src/pages/finance/dashboard/FinanceKpis.tsx":{"path":"C:/Users/Suryansh/Desktop/Projects/duncit.com/project/portals/finance/src/pages/finance/dashboard/FinanceKpis.tsx","statementMap":{"0":{"start":{"line":3,"column":20},"end":{"line":3,"column":97}},"1":{"start":{"line":6,"column":0},"end":{"line":16,"column":1}},"2":{"start":{"line":7,"column":2},"end":{"line":11,"column":3}},"3":{"start":{"line":8,"column":4},"end":{"line":10,"column":6}},"4":{"start":{"line":12,"column":2},"end":{"line":12,"column":39}},"5":{"start":{"line":13,"column":2},"end":{"line":13,"column":39}},"6":{"start":{"line":14,"column":2},"end":{"line":14,"column":170}},"7":{"start":{"line":15,"column":2},"end":{"line":15,"column":75}},"8":{"start":{"line":17,"column":9},"end":{"line":17,"column":23}},"9":{"start":{"line":27,"column":20},"end":{"line":33,"column":1}},"10":{"start":{"line":28,"column":2},"end":{"line":28,"column":25}},"11":{"start":{"line":28,"column":12},"end":{"line":28,"column":25}},"12":{"start":{"line":29,"column":12},"end":{"line":29,"column":25}},"13":{"start":{"line":30,"column":2},"end":{"line":30,"column":46}},"14":{"start":{"line":30,"column":33},"end":{"line":30,"column":46}},"15":{"start":{"line":31,"column":30},"end":{"line":31,"column":40}},"16":{"start":{"line":32,"column":2},"end":{"line":32,"column":82}},"17":{"start":{"line":34,"column":12},"end":{"line":34,"column":72}},"18":{"start":{"line":34,"column":22},"end":{"line":34,"column":72}},"19":{"start":{"line":34,"column":46},"end":{"line":34,"column":68}},"20":{"start":{"line":36,"column":2},"end":{"line":36,"column":7}},"21":{"start":{"line":37,"column":19},"end":{"line":40,"column":4}},"22":{"start":{"line":41,"column":19},"end":{"line":44,"column":4}},"23":{"start":{"line":45,"column":19},"end":{"line":48,"column":3}},"24":{"start":{"line":49,"column":16},"end":{"line":49,"column":48}},"25":{"start":{"line":50,"column":2},"end":{"line":54,"column":11}},"26":{"start":{"line":50,"column":13},"end":{"line":54,"column":11}},"27":{"start":{"line":55,"column":14},"end":{"line":55,"column":74}},"28":{"start":{"line":56,"column":14},"end":{"line":56,"column":87}},"29":{"start":{"line":56,"column":21},"end":{"line":56,"column":87}},"30":{"start":{"line":57,"column":15},"end":{"line":57,"column":44}},"31":{"start":{"line":58,"column":18},"end":{"line":58,"column":60}},"32":{"start":{"line":58,"column":37},"end":{"line":58,"column":59}},"33":{"start":{"line":59,"column":21},"end":{"line":59,"column":82}},"34":{"start":{"line":59,"column":43},"end":{"line":59,"column":81}},"35":{"start":{"line":60,"column":22},"end":{"line":60,"column":107}},"36":{"start":{"line":60,"column":41},"end":{"line":60,"column":106}},"37":{"start":{"line":61,"column":19},"end":{"line":61,"column":54}},"38":{"start":{"line":61,"column":45},"end":{"line":61,"column":52}},"39":{"start":{"line":62,"column":21},"end":{"line":62,"column":57}},"40":{"start":{"line":62,"column":48},"end":{"line":62,"column":55}},"41":{"start":{"line":63,"column":18},"end":{"line":63,"column":64}},"42":{"start":{"line":63,"column":41},"end":{"line":63,"column":62}},"43":{"start":{"line":64,"column":17},"end":{"line":64,"column":54}},"44":{"start":{"line":64,"column":40},"end":{"line":64,"column":52}},"45":{"start":{"line":65,"column":25},"end":{"line":67,"column":3}},"46":{"start":{"line":66,"column":64},"end":{"line":66,"column":86}},"47":{"start":{"line":66,"column":99},"end":{"line":66,"column":117}},"48":{"start":{"line":68,"column":18},"end":{"line":68,"column":54}},"49":{"start":{"line":69,"column":2},"end":{"line":104,"column":11}},"50":{"start":{"line":106,"column":0},"end":{"line":108,"column":3}},"51":{"start":{"line":107,"column":2},"end":{"line":107,"column":40}},"52":{"start":{"line":109,"column":0},"end":{"line":109,"column":17}},"53":{"start":{"line":111,"column":0},"end":{"line":111,"column":32}},"54":{"start":{"line":112,"column":0},"end":{"line":115,"column":1}},"55":{"start":{"line":113,"column":2},"end":{"line":113,"column":39}},"56":{"start":{"line":114,"column":2},"end":{"line":114,"column":39}},"57":{"start":{"line":116,"column":0},"end":{"line":125,"column":1}},"58":{"start":{"line":117,"column":2},"end":{"line":124,"column":5}},"59":{"start":{"line":118,"column":4},"end":{"line":118,"column":183}},"60":{"start":{"line":119,"column":4},"end":{"line":123,"column":7}},"61":{"start":{"line":120,"column":6},"end":{"line":120,"column":31}},"62":{"start":{"line":120,"column":24},"end":{"line":120,"column":31}},"63":{"start":{"line":121,"column":32},"end":{"line":121,"column":232}},"64":{"start":{"line":122,"column":6},"end":{"line":122,"column":75}},"65":{"start":{"line":122,"column":29},"end":{"line":122,"column":75}}},"fnMap":{"0":{"name":"(anonymous_0)","decl":{"start":{"line":27,"column":20},"end":{"line":27,"column":21}},"loc":{"start":{"line":27,"column":29},"end":{"line":33,"column":1}},"line":27},"1":{"name":"(anonymous_1)","decl":{"start":{"line":34,"column":12},"end":{"line":34,"column":13}},"loc":{"start":{"line":34,"column":22},"end":{"line":34,"column":72}},"line":34},"2":{"name":"(anonymous_2)","decl":{"start":{"line":34,"column":34},"end":{"line":34,"column":35}},"loc":{"start":{"line":34,"column":46},"end":{"line":34,"column":68}},"line":34},"3":{"name":"FinanceKpis","decl":{"start":{"line":35,"column":24},"end":{"line":35,"column":35}},"loc":{"start":{"line":35,"column":38},"end":{"line":105,"column":1}},"line":35},"4":{"name":"(anonymous_4)","decl":{"start":{"line":56,"column":14},"end":{"line":56,"column":15}},"loc":{"start":{"line":56,"column":21},"end":{"line":56,"column":87}},"line":56},"5":{"name":"(anonymous_5)","decl":{"start":{"line":58,"column":30},"end":{"line":58,"column":31}},"loc":{"start":{"line":58,"column":37},"end":{"line":58,"column":59}},"line":58},"6":{"name":"(anonymous_6)","decl":{"start":{"line":59,"column":36},"end":{"line":59,"column":37}},"loc":{"start":{"line":59,"column":43},"end":{"line":59,"column":81}},"line":59},"7":{"name":"(anonymous_7)","decl":{"start":{"line":60,"column":34},"end":{"line":60,"column":35}},"loc":{"start":{"line":60,"column":41},"end":{"line":60,"column":106}},"line":60},"8":{"name":"(anonymous_8)","decl":{"start":{"line":61,"column":38},"end":{"line":61,"column":39}},"loc":{"start":{"line":61,"column":45},"end":{"line":61,"column":52}},"line":61},"9":{"name":"(anonymous_9)","decl":{"start":{"line":62,"column":41},"end":{"line":62,"column":42}},"loc":{"start":{"line":62,"column":48},"end":{"line":62,"column":55}},"line":62},"10":{"name":"(anonymous_10)","decl":{"start":{"line":63,"column":34},"end":{"line":63,"column":35}},"loc":{"start":{"line":63,"column":41},"end":{"line":63,"column":62}},"line":63},"11":{"name":"(anonymous_11)","decl":{"start":{"line":64,"column":33},"end":{"line":64,"column":34}},"loc":{"start":{"line":64,"column":40},"end":{"line":64,"column":52}},"line":64},"12":{"name":"(anonymous_12)","decl":{"start":{"line":66,"column":57},"end":{"line":66,"column":58}},"loc":{"start":{"line":66,"column":64},"end":{"line":66,"column":86}},"line":66},"13":{"name":"(anonymous_13)","decl":{"start":{"line":66,"column":92},"end":{"line":66,"column":93}},"loc":{"start":{"line":66,"column":99},"end":{"line":66,"column":117}},"line":66},"14":{"name":"(anonymous_14)","decl":{"start":{"line":106,"column":55},"end":{"line":106,"column":56}},"loc":{"start":{"line":106,"column":66},"end":{"line":108,"column":1}},"line":106},"15":{"name":"(anonymous_15)","decl":{"start":{"line":117,"column":52},"end":{"line":117,"column":53}},"loc":{"start":{"line":117,"column":72},"end":{"line":124,"column":3}},"line":117},"16":{"name":"(anonymous_16)","decl":{"start":{"line":119,"column":27},"end":{"line":119,"column":28}},"loc":{"start":{"line":119,"column":44},"end":{"line":123,"column":5}},"line":119}},"branchMap":{"0":{"loc":{"start":{"line":3,"column":20},"end":{"line":3,"column":97}},"type":"binary-expr","locations":[{"start":{"line":3,"column":20},"end":{"line":3,"column":60}},{"start":{"line":3,"column":64},"end":{"line":3,"column":97}}],"line":3},"1":{"loc":{"start":{"line":6,"column":0},"end":{"line":16,"column":1}},"type":"if","locations":[{"start":{"line":6,"column":0},"end":{"line":16,"column":1}},{"start":{},"end":{}}],"line":6},"2":{"loc":{"start":{"line":6,"column":4},"end":{"line":6,"column":35}},"type":"binary-expr","locations":[{"start":{"line":6,"column":4},"end":{"line":6,"column":19}},{"start":{"line":6,"column":23},"end":{"line":6,"column":35}}],"line":6},"3":{"loc":{"start":{"line":7,"column":2},"end":{"line":11,"column":3}},"type":"if","locations":[{"start":{"line":7,"column":2},"en
[...]
"line":6},"3":{"loc":{"start":{"line":7,"column":2},"end":{"line":11,"column":3}},"type":"if","locations":[{"start":{"line":7,"column":2},"end":{"line":11,"column":3}},{"start":{},"end":{}}],"line":7},"4":{"loc":{"start":{"line":46,"column":15},"end":{"line":46,"column":128}},"type":"binary-expr","locations":[{"start":{"line":46,"column":15},"end":{"line":46,"column":30}},{"start":{"line":46,"column":34},"end":{"line":46,"column":95}},{"start":{"line":46,"column":99},"end":{"line":46,"column":110}},{"start":{"line":46,"column":114},"end":{"line":46,"column":128}}],"line":46},"5":{"loc":{"start":{"line":47,"column":9},"end":{"line":47,"column":122}},"type":"binary-expr","locations":[{"start":{"line":47,"column":9},"end":{"line":47,"column":101}},{"start":{"line":47,"column":105},"end":{"line":47,"column":122}}],"line":47},"6":{"loc":{"start":{"line":63,"column":4},"end":{"line":66,"column":5}},"type":"if","locations":[{"start":{"line":63,"column":4},"end":{"line":66,"column":5}},{"start":{},"end":{}}],"line":63},"7":{"loc":{"start":{"line":63,"column":8},"end":{"line":63,"column":47}},"type":"binary-expr","locations":[{"start":{"line":63,"column":8},"end":{"line":63,"column":15}},{"start":{"line":63,"column":19},"end":{"line":63,"column":47}}],"line":63},"8":{"loc":{"start":{"line":68,"column":2},"end":{"line":78,"column":3}},"type":"if","locations":[{"start":{"line":68,"column":2},"end":{"line":78,"column":3}},{"start":{},"end":{}}],"line":68},"9":{"loc":{"start":{"line":68,"column":6},"end":{"line":68,"column":25}},"type":"binary-expr","locations":[{"start":{"line":68,"column":6},"end":{"line":68,"column":13}},{"start":{"line":68,"column":17},"end":{"line":68,"column":25}}],"line":68},"10":{"loc":{"start":{"line":132,"column":8},"end":{"line":140,"column":16}},"type":"binary-expr","locations":[{"start":{"line":132,"column":8},"end":{"line":132,"column":18}},{"start":{"line":132,"column":38},"end":{"line":140,"column":16}}],"line":132},"11":{"loc":{"start":{"line":150,"column":62},"end":{"line":150,"column":107}},"type":"cond-expr","locations":[{"start":{"line":150,"column":91},"end":{"line":150,"column":97}},{"start":{"line":150,"column":100},"end":{"line":150,"column":107}}],"line":150},"12":{"loc":{"start":{"line":150,"column":250},"end":{"line":158,"column":16}},"type":"cond-expr","locations":[{"start":{"line":150,"column":295},"end":{"line":154,"column":16}},{"start":{"line":154,"column":35},"end":{"line":158,"column":16}}],"line":150},"13":{"loc":{"start":{"line":167,"column":46},"end":{"line":167,"column":78}},"type":"binary-expr","locations":[{"start":{"line":167,"column":46},"end":{"line":167,"column":68}},{"start":{"line":167,"column":72},"end":{"line":167,"column":78}}],"line":167},"14":{"loc":{"start":{"line":221,"column":0},"end":{"line":224,"column":1}},"type":"if","locations":[{"start":{"line":221,"column":0},"end":{"line":224,"column":1}},{"start":{},"end":{}}],"line":221},"15":{"loc":{"start":{"line":221,"column":4},"end":{"line":221,"column":35}},"type":"binary-expr","locations":[{"start":{"line":221,"column":4},"end":{"line":221,"column":19}},{"start":{"line":221,"column":23},"end":{"line":221,"column":35}}],"line":221},"16":{"loc":{"start":{"line":225,"column":0},"end":{"line":234,"column":1}},"type":"if","locations":[{"start":{"line":225,"column":0},"end":{"line":234,"column":1}},{"start":{},"end":{}}],"line":225},"17":{"loc":{"start":{"line":225,"column":4},"end":{"line":225,"column":35}},"type":"binary-expr","locations":[{"start":{"line":225,"column":4},"end":{"line":225,"column":19}},{"start":{"line":225,"column":23},"end":{"line":225,"column":35}}],"line":225},"18":{"loc":{"start":{"line":229,"column":6},"end":{"line":229,"column":31}},"type":"if","locations":[{"start":{"line":229,"column":6},"end":{"line":229,"column":31}},{"start":{},"end":{}}],"line":229},"19":{"loc":{"start":{"line":231,"column":6},"end":{"line":231,"column":75}},"type":"if","locations":[{"start":{"line":231,"column":6},"end":{"line":231,"column":75}},{"start":{},"end":{}}],"line":231}},"s":{"0":1,"1":1,"2":1,"3":0,"4":1,"5":1,"6":1,"7":1,"8":1,"9":1,"10":1,"11":1,"12":4,"13":4,"14":6,"15":6,"16":6,"17":6,"18":6,"19":6,"20":6,"21":6,"22":6,"23":0,"24":0,"25":0,"26":6,"27":3,"28":0,"29":0,"30":6,"31":2,"32":4,"33":0,"34":0,"35":0,"36":1,"37":1,"38":1,"39":1,"40":1,"41":1,"42":1,"43":1,"44":1,"45":1,"46":1,"47":0,"48":0,"49":0,"50":0,"51":0},"f":{"0":4,"1":6,"2":6,"3":0,"4":3,"5":0,"6":0,"7":0,"8":1,"9":1,"10":0},"b":{"0":[1,0],"1":[1,0],"2":[1,1],"3":[0,1],"4":[4,2,2,2],"5":[4,0],"6":[0,3],"7":[3,1],"8":[2,4],"9":[6,2],"10":[4,0],"11":[0,4],"12":[0,4],"13":[4,4],"14":[1,0],"15":[1,1],"16":[1,0],"17":[1,1],"18":[0,0],"19":[0,0]},"inputSourceMap":{"version":3,"mappings":"AAiEQ;;;;;;;;;;;;;;;;;AAjER,SAASA,WAAWC,gBAAgC;AACpD,SAASC,QAAQC,YAAYC,mBAAmB;AAChD,SAASC,mBAAmB;AAC5B;AAAA,EACEC;AAAAA,EACAC;AAAAA,EACAC;AAAAA,EACAC;AAAAA,EACAC;AAAAA,EACAC;AAAAA,EACAC;AAAAA,EACAC;AAAAA,EACAC;AAAAA,EACAC;AAAAA,OACK;AACP,SAASC,gBAAgB;AACzB,OAAOC,kBAAkB;AACzB,OAAOC,mBAAmB;AAC1B,OAAOC,gBAAgB;AACvB,OAAOC,cAAc;AACrB,SAASC,oBAAoB;AAC7B,SAASC,iBAAiB;AAC1B,SAASC,YAAYC,oBAAoB;AACzC,OAAOC,gBAAgB;AACvB,OAAOC,oBAAoB;AAEpB,aAAMC,eAAe;AACrB,aAAMC,gBAAgB;AAE7B,MAAMC,WAAWA,CAACC,SAAc;AAC9B,QAAMC,OAAOD,MAAME,aAAa,CAACF,MAAMG,YAAYH,MAAMI,SAAS,EAAEC,OAAOC,OAAO,EAAEC,KAAK,GAAG,KAAKP,MAAMQ,SAAShB,UAAUS;AAC1H,SACEA,KACGQ,MAAM,KAAK,EACXJ,OAAOC,OAAO,EACdI,MAAM,GAAG,CAAC,EACVC,IAAI,CAACC,SAAiBA,KAAK,CAAC,GAAGC,YAAY,CAAC,EAC5CN,KAAK,EAAE,KAAKf,UAAUS,KAAK,CAAC;AAEnC;AAEA,wBAAwBa,SAAS,EAAEC,SAA4C,GAAG;AAAAC,KAAA;AAChF,QAAMC,WAAW3C,YAAY;AAC7B,QAAM4C,YAAY3B,aAAa;AAC/B,QAAM4B,QAAQjC,SAAS;AACvB,QAAMkC,YAAYnC,cAAckC,MAAME,YAAYC,GAAG,IAAI,CAAC;AAC1D,QAAM,CAACC,YAAYC,aAAa,IAAIrD,SAAS,KAAK;AAClD,QAAM,EAAE6B,MAAMyB,SAASC,SAASC,QAAQC,UAAU,IAAIrD,YAAY;AAElE,QAAMoD,SAASA,MAAM;AACnBlC,eAAW;AACXmC,cAAU;AACVX,aAAS,UAAU,EAAEY,SAAS,KAAK,CAAC;AAAA,EACtC;AAEA3D,YAAU,MAAM;AACd,QAAIuD,WAAW,CAAC/B,aAAa+B,QAAQK,KAAK,GAAG;AAC3CrC,iBAAW;AACXwB,eAAS,mBAAmB,EAAEY,SAAS,KAAK,CAAC;AAAA,IAC/C;AAAA,EACF,GAAG,CAACJ,SAASR,QAAQ,CAAC;AAEtB,MAAIS,WAAW,CAACD,SAAS;AACvB,WACE,uBAAC,OAAI,IAAI,EAAEM,SAAS,QAAQC,YAAY,UAAUC,WAAW,SAAS,GACpE,iCAAC,sBAAD;AAAA;AAAA;AAAA;AAAA,WAAiB,KADnB;AAAA;AAAA;AAAA;AAAA,WAEA;AAAA,EAEJ;AAEA,SACE,uBAAC,OAAI,IAAI,EAAEF,SAAS,QAAQE,WAAW,UAAUC,SAAS,qBAAqB,GAC7E;AAAA,2BAAC,OAAI,WAAU,OAAM,IAAI,EAAEC,OAAO,EAAEC,IAAIvC,aAAa,GAAGwC,YAAY,EAAED,IAAI,EAAE,EAAE,GAAG,cAAW,sBAC1F;AAAA;AAAA,QAAC;AAAA;AAAA,UACC,SAAQ;AAAA,UACR,MAAMb;AAAAA,UACN,SAAS,MAAMC,cAAc,KAAK;AAAA,UAClC,YAAY,EAAEc,aAAa,KAAK;AAAA,UAChC,IAAI,EAAEP,SAAS,EAAEQ,IAAI,SAASH,IAAI,OAAO,GAAG,sBAAsB,EAAED,OAAOtC,aAAa,EAAE;AAAA,UAE1F,iCAAC,cAAW,YAAY,MAAM2B,cAAc,KAAK,KAAjD;AAAA;AAAA;AAAA;AAAA,iBAAmD;AAAA;AAAA,QAPrD;AAAA;AAAA;AAAA;AAAA;AAAA;AAAA;AAAA;AAAA,MAQA;AAAA,MACA;AAAA,QAAC;AAAA;AAAA,UACC,SAAQ;AAAA,UACR;AAAA,UACA,IAAI,EAAEO,SAAS,EAAEQ,IAAI,QAAQH,IAAI,QAAQ,GAAG,sBAAsB,EAAED,OAAOtC,cAAc2C,WAAW,aAAa,EAAE;AAAA,UAEnH,iCAAC,gBAAD;AAAA;AAAA;AAAA;AAAA,iBAAW;AAAA;AAAA,QALb;AAAA;AAAA;AAAA;AAAA;AAAA;AAAA;AAAA;AAAA,MAMA;AAAA,SAhBF;AAAA;AAAA;AAAA;AAAA,WAiBA;AAAA,IACA,uBAAC,OAAI,IAAI,EAAEC,MAAM,GAAGC,UAAU,GAAGX,SAAS,QAAQY,eAAe,SAAS,GACxE;AAAA,6BAAC,UAAO,UAAS,UAAS,OAAM,WAAU,WAAW,GAAG,IAAI,EAAEC,cAAc,GAAGC,aAAa,UAAU,GACpG,iCAAC,WAAQ,IAAI,EAAEZ,WAAW,GAAGnC,aAAa,iBAAiBgD,KAAK,GAAGC,IAAI,EAAER,IAAI,MAAMS,IAAI,EAAE,EAAE,GACxF;AAAA,SAAC5B,aACA,uBAAC,cAAW,MAAK,SAAQ,MAAK,SAAQ,SAAS,MAAMI,cAAc,IAAI,GAAG,cAAW,mBACnF,iCAAC,cAAD;AAAA;AAAA;AAAA;AAAA,eAAS,KADX;AAAA;AAAA;AAAA;AAAA,eAEA;AAAA,QAEF,uBAAC,OAAI,WAAWnD,YAAY,IAAG,KAAI,IAAI,EAAE4E,OAAO,WAAWC,gBAAgB,QAAQR,UAAU,GAAGD,MAAM,EAAE,GACtG,iCAAC,cAAW,SAAQ,aAAY,YAAY,KAAK,QAAM,MACpDjD,oBAAU2D,YADb;AAAA;AAAA;AAAA;AAAA,eAEA,KAHF;AAAA;AAAA;AAAA;AAAA,eAIA;AAAA,QACA,uBAAC,WAAQ,OAAO,aAAajC,UAAUkC,SAAS,UAAU,SAAS,OAAO,SACxE,iCAAC,cAAW,MAAK,SAAQ,SAASlC,UAAUmC,QAAQ,cAAW,qBAC5DnC,oBAAUkC,SAAS,UAAU,uBAAC,gBAAa,UAAS,WAAvB;AAAA;AAAA;AAAA;AAAA,eAA8B,IAAM,uBAAC,iBAAc,UAAS,WAAxB;AAAA;AAAA;AAAA;AAAA,eAA+B,KADnG;AAAA;AAAA;AAAA;AAAA,eAEA,KAHF;AAAA;AAAA;AAAA;AAAA,eAIA;AAAA,QACA,uBAAC,UAAO,KAAK3B,SAAS6B,iBAAiBC,QAAW,IAAI,EAAEpB,OAAO,IAAIqB,QAAQ,IAAItB,SAAS,gBAAgBuB,UAAU,GAAG,GAClH1D,mBAAS0B,OAAO,KADnB;AAAA;AAAA;AAAA;AAAA,eAEA;AAAA,QACA,uBAAC,WAAQ,OAAM,UACb,iCAAC,cAAW,MAAK,SAAQ,SAASE,QAAQ,cAAW,UACnD,iCAAC,cAAW,UAAS,WAArB;AAAA;AAAA;AAAA;AAAA,eAA4B,KAD9B;AAAA;AAAA;AAAA;AAAA,eAEA,KAHF;AAAA;AAAA;AAAA;AAAA,eAIA;AAAA,WAvBF;AAAA;AAAA;AAAA;AAAA,aAwBA,KAzBF;AAAA;AAAA;AAAA;AAAA,aA0BA;AAAA,MACA,uBAAC,oBAAD;AAAA;AAAA;AAAA;AAAA,aAAe;AAAA,MACf,uBAAC,OAAI,WAAU,QAAO,IAAI,EAAEc,MAAM,GAAGC,UAAU,GAAGgB,GAAG,EAAEnB,IAAI,KAAKS,IAAI,MAAMZ,IAAI,EAAE,EAAE,GAC/ErB,YADH;AAAA;AAAA;AAAA;AAAA,aAEA;AAAA,SA/BF;AAAA;AAAA;AAAA;AAAA,WAgCA;AAAA,OAnDF;AAAA;AAAA;AAAA;AAAA,SAoDA;AAEJ;AAACC,GApFuBF,UAAQ;AAAA,UACbxC,aACCiB,cACJL,UACID,eAEoCV,WAAW;AAAA;AAAA,KAN3CuC;AAAQ,IAAA6C;AAAA,aAAAA,IAAA","names":["useEffect","useState","Link","RouterLink","useNavigate","useUserData","AppBar","Avatar","Box","CircularProgress","Drawer","IconButton","Toolbar","Tooltip","Typography","useMediaQuery","useTheme","DarkModeIcon","LightModeIcon","LogoutIcon","MenuIcon","useColorMode","appConfig","clearToken","hasAppAccess","AppSidebar","AppBreadcrumbs","DRAWER_WIDTH","HEADER_HEIGHT","initials","user","name","full_name","first_name","last_name","filter","Boolean","join","email","split","slice","map","part","toUpperCase","AppShell","children","_s","navigate","colorMode","theme","isDesktop","breakpoints","up","mobileOpen","setMobileOpen","account","loading","logout","ctxLogout","replace","roles","display","placeItems","minHeight","bgcolor","width","md","flexShrink","keepMounted","xs","boxSizing","flex","minWidth","flexDirection","borderBottom","borderColor","gap","px","sm","color","textDecoration","fullName","mode","toggle","profile_photo","undefined","height","fontSize","p","_c"],"ignoreList":[],"sources":["C:/Users/Suryansh/Desktop/Projects/duncit.com/project/portals/finance/src/components/AppShell.tsx"],"file":"C:/Users/Suryansh/Desktop/Projects/duncit.com/project/portals/finance/src/components/AppShell.tsx"},"_coverageSchema":"1a1c01bbd47fc00a2c39e90264f33305004495a9","hash":"198f82350f0448a274789a68524517f31ff7fd4b"},"C:/Users/Suryansh/Desktop/Projects/duncit.com/project/portals/finance/src/App.tsx":{"path":"C:/Users/Suryansh/Desktop/Projects/duncit.com/project/portals/finance/src/App.tsx","statementMap":{"0":{"start":{"line":3,"column":20},"end":{"line":3,"column":97}},"1":{"start":{"line":6,"column":0},"end":{"line":16,"column":1}},"2":{"start":{"line":7,"column":2},"end":{"line":11,"column":3}},"3":{"start":{"line":8,"column":4},"end":{"line":10,"column":6}},"4":{"start":{"line":12,"column":2},"end":{"line":12,"column":39}},"5":{"start":{"line":13,"column":2},"end":{"line":13,"column":39}},"6":{"start":{"line":14,"column":2},"end":{"line":14,"column":138}},"7":{"start":{"line":15,"column":2},"end":{"line":15,"column":75}},"8":{"start":{"line":17,"column":9},"end":{"line":17,"column":23}},"9":{"start":{"line":36,"column":2},"end":{"line":36,"column":7}},"10":{"start":{"line":37,"column":19},"end":{"line":37,"column":32}},"11":{"start":{"line":38,"column":2},"end":{"line":45,"column":3}},"12":{"start":{"line":39,"column":21},"end":{"line":39,"column":75}},"13":{"start":{"line":40,"column":4},"end":{"line":44,"column":13}},"14":{"start":{"line":46,"column":2},"end":{"line":46,"column":18}},"15":{"start":{"line":48,"column":0},"end":{"line":50,"column":3}},"16":{"start":{"line":49,"column":2},"end":{"line":49,"column":23}},"17":{"start":{"line":51,"column":0},"end":{"line":51,"column":17}},"18":{"start":{"line":52,"column":15},"end":{"line":60,"column":8}},"19":{"start":{"line":52,"column":44},"end":{"line":60,"column":8}},"20":{"start":{"line":62,"column":2},"end":{"line":193,"column":11}},"21":{"start":{"line":195,"column":0},"end":{"line":195,"column":10}},"22":{"start":{"line":197,"column":0},"end":{"line":197,"column":32}},"23":{"start":{"line":198,"column":0},"end":{"line":198,"column":25}},"24":{"start":{"line":199,"column":0},"end":{"line":202,"column":1}},"25":{"start":{"line":200,"column":2},"end":{"line":200,"column":39}},"26":{"start":{"line":201,"column":2},"end":{"line":201,"column":39}},"27":{"start":{"line":203,"column":0},"end":{"line":212,"column":1}},"28":{"start":{"line":204,"column":2},"end":{"line":211,"column":5}},"29":{"start":{"line":205,"column":4},"end":{"line":205,"column":151}},"30":{"start":{"line":206,"column":4},"end":{"line":210,"column":7}},"31":{"start":{"line":207,"column":6},"end":{"line":207,"column":31}},"32":{"start":{"line":207,"column":24},"end":{"line":207,"column":31}},"33":{"start":{"line":208,"column":32},"end":{"line":208,"column":200}},"34":{"start":{"line":209,"column":6},"end":{"line":209,"column":75}},"35":{"start":{"line":209,"column":29},"end":{"line":209,"column":75}}},"fnMap":{"0":{"name":"RequireAuth","decl":{"start":{"line":35,"column":9},"end":{"line":35,"column":20}},"loc":{"start":{"line":35,"column":35},"end":{"line":47,"column":1}},"line":35},"1":{"name":"(anonymous_1)","decl":{"start":{"line":48,"column":55},"end":{"line":48,"column":56}},"loc":{"start":{"line":48,"column":66},"end":{"line":50,"column":1}},"line":48},"2":{"name":"(anonymous_2)","decl":{"start":{"line":52,"column":15},"end":{"line":52,"column":16}},"loc":{"start":{"line":52,"column":44},"end":{"line":60,"column":8}},"line":52},"3":{"name":"App","decl":{"start":{"line":61,"column":24},"end":{"line":61,"column":27}},"loc":{"start":{"line":61,"column":30},"end":{"line":194,"column":1}},"line":61},"4":{"name":"(anonymous_4)","decl":{"start":{"line":204,"column":52},"end":{"line":204,"column":53}},"loc":{"start":{"line":204,"column":72},"end":{"line":211,"column":3}},"line":204},"5":{"name":"(anonymous_5)","decl":{"start":{"line":206,"column":27},"end":{"line":206,"column":28}},"loc":{"start":{"line":206,"column":44},"end":{"line":210,"column":5}},"line":206}},"branchMap":{"0":{"loc":{"start":{"line":3,"column":20},"end":{"line":3,"column":97}},"type":"binary-expr","locations":[{"start":{"line":3,"column":20},"end":{"line":3,"column":60}},{"start":{"line":3,"column":64},"end":{"line":3,"column":97}}],"line":3},"1":{"loc":{"start":{"line":6,"column":0},"end":{"line":16,"column":1}},"type":"if","locations":[{"start":{"line":6,"column":0},"end":{"line":16,"column":1}},{"start":{},"end":{}}],"line":6},"2":{"loc":{"start":{"line":6,"column":4},"end":{"line":6,"column":35}},"type":"binary-expr","locations":[{"start":{"line":6,"column":4},"end":{"line":6,"column":19}},{"start":{"line":6,"column":23},"end":{"line":6,"column":35}}],"line":6},"3":{"loc":{"start":{"line":7,"column":2},"end":{"line":11,"column":3}},"type":"if","locations":[{"start":{"line":7,"column":2},"end":{"line":11,"column":3}},{"start":{},"end":{}}],"line":7},"4":{"loc":{"start":{"line":38,"column":2},"end":{"line":45,"column":3}},"type":"if","locations":[{"start":{"line":38,"column":2},"end":{"line":45,"column":3}},{"start":{},"end":{}}],"line":38},"5":{"loc":{"start":{"line":199,"column":0},"end":{"line":202,"column":1}},"type":"if","locations":[{"start":{"line":199,"column":0},"end":{"line":202,"column":1}},{"start":{},"end":{}}],"line":199},"6":{"loc":{"start":{"line":199,"column":4},"end":{"line":199,"column":35}},"type":"binary-expr","locations":[{"start":{"line":199,"column":4},"end":{"line":199,"column":19}},{"start":{"line":199,"column":23},"end":{"line":199,"column":35}}],"line":199},"7":{"loc":{"start":{"line":203,"column":0},"end":{"line":212,"column":1}},"type":"if","locations":[{"start":{"line":203,"column":0},"end":{"line":212,"column":1}},{"start":{},"end":{}}],"line":203},"8":{"loc":{"start":{"line":203,"column":4},"end":{"line":203,"column":35}},"type":"binary-expr","locations":[{"start":{"line":203,"column":4},"end":{"line":203,"column":19}},{"start":{"line":203,"column":23},"end":{"line":203,"column":35}}],"line":203},"9":{"loc":{"start":{"line":207,"column":6},"end":{"line":207,"column":31}},"type":"if","locations":[{"start":{"line":207,"column":6},"end":{"line":207,"column":31}},{"start":{},"end":{}}],"line":207},"10":{"loc":{"start":{"line":209,"column":6},"end":{"line":209,"column":75}},"type":"if","locations":[{"start":{"line":209,"column":6},"end":{"line":209,"column":75}},{"start":{},"end":{}}],"line":209}},"s":{"0":1,"1":1,"2":1,"3":0,"4":1,"5":1,"6":1,"7":1,"8":1,"9":2,"10":2,"11":2,"12":0,"13":0,"14":2,"15":1,"16":1,"17":1,"18":1,"19":24,"20":2,"21":1,"22":1,"23":1,"24":1,"25":1,"26":1,"27":1,"28":1,"29":1,"30":1,"31":0,"32":0,"33":0,"34":0,"35":0},"f":{"0":2,"1":1,"2":24,"3":2,"4":1,"5":0},"b":{"0":[1,0],"1":[1,0],"2":[1,1],"3":[0,1],"4":[0,2],"5":[1,0],"6":[1,1],"7":[1,0],"8":[1,1],"9":[0,0],"10":[0,0]},"inputSourceMap":{"version":3,"mappings":"AAsBW;;;;;;;;;;;;;;;;;AAtBX,SAASA,UAAUC,OAAOC,QAAQC,mBAAmB;AACrD,OAAOC,eAAe;AACtB,OAAOC,mBAAmB;AAC1B,OAAOC,6BAA6B;AACpC;AAAA,EACEC;AAAAA,EACAC;AAAAA,EACAC;AAAAA,EACAC;AAAAA,EACAC;AAAAA,EACAC;AAAAA,EACAC;AAAAA,EACAC;AAAAA,OACK;AACP,OAAOC,cAAc;AACrB,SAASC,gBAAgB;AACzB,SAASC,gCAAgC;AAEzC,SAASC,YAAY,EAAEC,SAA8C,GAAG;AAAAC,KAAA;AACtE,QAAMC,WAAWlB,YAAY;AAC7B,MAAI,CAACa,SAAS,GAAG;AACf,UAAMM,WAAWC,mBAAmBN,yBAAyBI,QAAQ,CAAC;AACtE,WAAO,uBAAC,YAAS,IAAI,mBAAmBC,QAAQ,IAAI,SAAO,MAAC,OAAO,EAAEE,MAAMH,SAAS,KAA7E;AAAA;AAAA;AAAA;AAAA,WAA+E;AAAA,EACxF;AACA,SAAOF;AACT;AAACC,GAPQF,aAAW;AAAA,UACDf,WAAW;AAAA;AAAA,KADrBe;AAST,MAAMO,SAASA,CAACC,YACd,uBAAC,eACC,iCAAC,YAAUA,qBAAX;AAAA;AAAA;AAAA;AAAA,OAAmB,KADrB;AAAA;AAAA;AAAA;AAAA,OAEA;AAGF,wBAAwBC,MAAM;AAC5B,SACE,uBAAC,UACC;AAAA,2BAAC,SAAM,MAAK,UAAS,SAAS,uBAAC,eAAD;AAAA;AAAA;AAAA;AAAA,WAAU,KAAxC;AAAA;AAAA;AAAA;AAAA,WAA4C;AAAA,IAC5C,uBAAC,SAAM,MAAK,KAAI,SAASF,OAAO,uBAAC,mBAAD;AAAA;AAAA;AAAA;AAAA,WAAc,CAAG,KAAjD;AAAA;AAAA;AAAA;AAAA,WAAmD;AAAA,IACnD,uBAAC,SAAM,MAAK,uBAAsB,SAASA,OAAO,uBAAC,2BAAD;AAAA;AAAA;AAAA;AAAA,WAAsB,CAAG,KAA3E;AAAA;AAAA;AAAA;AAAA,WAA6E;AAAA,IAC7E,uBAAC,SAAM,MAAK,iBAAgB,SAASA,OAAO,uBAAC,qBAAD;AAAA;AAAA;AAAA;AAAA,WAAgB,CAAG,KAA/D;AAAA;AAAA;AAAA;AAAA,WAAiE;AAAA,IACjE,uBAAC,SAAM,MAAK,oBAAmB,SAASA,OAAO,uBAAC,wBAAD;AAAA;AAAA;AAAA;AAAA,WAAmB,CAAG,KAArE;AAAA;AAAA;AAAA;AAAA,WAAuE;AAAA,IACvE,uBAAC,SAAM,MAAK,gBAAe,SAASA,OAAO,uBAAC,qBAAD;AAAA;AAAA;AAAA;AAAA,WAAgB,CAAG,KAA9D;AAAA;AAAA;AAAA;AAAA,WAAgE;AAAA,IAChE,uBAAC,SAAM,MAAK,aAAY,SAASA,OAAO,uBAAC,2BAAD;AAAA;AAAA;AAAA;AAAA,WAAsB,CAAG,KAAjE;AAAA;AAAA;AAAA;AAAA,WAAmE;AAAA,IACnE,uBAAC,SAAM,MAAK,mBAAkB,SAASA,OAAO,uBAAC,uBAAoB,MAAK,WAA1B;AAAA;AAAA;AAAA;AAAA,WAAiC,CAAG,KAAlF;AAAA;AAAA;AAAA;AAAA,WAAoF;AAAA,IACpF,uBAAC,SAAM,MAAK,kBAAiB,SAASA,OAAO,uBAAC,uBAAoB,MAAK,UAA1B;AAAA;AAAA;AAAA;AAAA,WAAgC,CAAG,KAAhF;AAAA;AAAA;AAAA;AAAA,WAAkF;AAAA,IAClF,uBAAC,SAAM,MAAK,qBAAoB,SAASA,OAAO,uBAAC,uBAAoB,MAAK,aAA1B;AAAA;AAAA;AAAA;AAAA,WAAmC,CAAG,KAAtF;AAAA;AAAA;AAAA;AAAA,WAAwF;AAAA,IACxF,uBAAC,SAAM,MAAK,WAAU,SAASA,OAAO,uBAAC,gBAAD;AAAA;AAAA;AAAA;AAAA,WAAW,CAAG,KAApD;AAAA;AAAA;AAAA;AAAA,WAAsD;AAAA,IACtD,uBAAC,SAAM,MAAK,YAAW,SAASA,OAAO,uBAAC,sBAAD;AAAA;AAAA;AAAA;AAAA,WAAiB,CAAG,KAA3D;AAAA;AAAA;AAAA;AAAA,WAA6D;AAAA,IAC7D,uBAAC,SAAM,MAAK,2BAA0B,SAASA,OAAO,uBAAC,6BAAD;AAAA;AAAA;AAAA;AAAA,WAAwB,CAAG,KAAjF;AAAA;AAAA;AAAA;AAAA,WAAmF;AAAA,IACnF,uBAAC,SAAM,MAAK,KAAI,SAAS,uBAAC,YAAS,IAAG,KAAI,SAAO,QAAxB;AAAA;AAAA;AAAA;AAAA,WAAwB,KAAjD;AAAA;AAAA;AAAA;AAAA,WAAqD;AAAA,OAdvD;AAAA;AAAA;AAAA;AAAA,SAeA;AAEJ;AAACG,MAnBuBD;AAAG,IAAAE,IAAAD;AAAA,aAAAC,IAAA;AAAA,aAAAD,KAAA","names":["Navigate","Route","Routes","useLocation","LoginPage","DashboardPage","PodProfitCalculatorPage","DefaultDeductionsPage","PaymentLogsPage","PaymentReleasePage","WithdrawalsPage","InvoiceManagementPage","InvoiceTemplatePage","LedgerPage","PayoutCyclesPage","AppShell","getToken","redirectPathFromLocation","RequireAuth","children","_s","location","redirect","encodeURIComponent","from","authed","element","App","_c2","_c"],"ignoreList":[],"sources":["C:/Users/Suryansh/Desktop/Projects/duncit.com/project/portals/finance/src/App.tsx"],"file":"C:/Users/Suryansh/Desktop/Projects/duncit.com/project/portals/finance/src/App.tsx"},"_coverageSchema":"1a1c01bbd47fc00a2c39e90264f33305004495a9","hash":"2af0c5480e2cd32745ef6899c54deaeb0ebef54a"}}