{"C:/Users/Suryansh/Desktop/Projects/duncit.com/project/portals/finance/src/App.tsx": {"path":"C:/Users/Suryansh/Desktop/Projects/duncit.com/project/portals/finance/src/App.tsx","statementMap":{"0":{"start":{"line":20,"column":19},"end":{"line":20,"column":null}},"1":{"start":{"line":21,"column":2},"end":{"line":24,"column":null}},"2":{"start":{"line":22,"column":21},"end":{"line":22,"column":null}},"3":{"start":{"line":23,"column":4},"end":{"line":23,"column":null}},"4":{"start":{"line":25,"column":2},"end":{"line":25,"column":null}},"5":{"start":{"line":28,"column":15},"end":{"line":31,"column":null}},"6":{"start":{"line":29,"column":2},"end":{"line":31,"column":null}},"7":{"start":{"line":35,"column":2},"end":{"line":51,"column":null}}},"fnMap":{"0":{"name":"RequireAuth","decl":{"start":{"line":19,"column":9},"end":{"line":19,"column":21}},"loc":{"start":{"line":19,"column":72},"end":{"line":26,"column":null}}},"1":{"name":"(anonymous_1)","decl":{"start":{"line":28,"column":15},"end":{"line":28,"column":16}},"loc":{"start":{"line":29,"column":2},"end":{"line":31,"column":null}}},"2":{"name":"App","decl":{"start":{"line":34,"column":24},"end":{"line":34,"column":30}},"loc":{"start":{"line":34,"column":30},"end":{"line":53,"column":null}}}},"branchMap":{"0":{"loc":{"start":{"line":21,"column":2},"end":{"line":24,"column":null}},"type":"if","locations":[{"start":{"line":21,"column":2},"end":{"line":24,"column":null}},{"start":{"line":21,"column":2},"end":{"line":24,"column":null}}]}},"s":{"0":0,"1":0,"2":0,"3":0,"4":0,"5":0,"6":0,"7":0},"f":{"0":0,"1":0,"2":0},"b":{"0":[0,0]}}
,"C:/Users/Suryansh/Desktop/Projects/duncit.com/project/portals/finance/src/ColorModeContext.tsx": {"path":"C:/Users/Suryansh/Desktop/Projects/duncit.com/project/portals/finance/src/ColorModeContext.tsx","statementMap":{"0":{"start":{"line":14,"column":2},"end":{"line":17,"column":null}}},"fnMap":{"0":{"name":"ColorModeProvider","decl":{"start":{"line":13,"column":16},"end":{"line":13,"column":34}},"loc":{"start":{"line":13,"column":83},"end":{"line":19,"column":null}}}},"branchMap":{},"s":{"0":0},"f":{"0":0},"b":{}}
,"C:/Users/Suryansh/Desktop/Projects/duncit.com/project/portals/finance/src/apollo.ts": {"path":"C:/Users/Suryansh/Desktop/Projects/duncit.com/project/portals/finance/src/apollo.ts","statementMap":{"0":{"start":{"line":9,"column":17},"end":{"line":9,"column":null}},"1":{"start":{"line":11,"column":17},"end":{"line":21,"column":null}},"2":{"start":{"line":12,"column":16},"end":{"line":12,"column":null}},"3":{"start":{"line":13,"column":15},"end":{"line":13,"column":null}},"4":{"start":{"line":14,"column":2},"end":{"line":20,"column":null}},"5":{"start":{"line":28,"column":18},"end":{"line":41,"column":null}},"6":{"start":{"line":33,"column":6},"end":{"line":33,"column":null}},"7":{"start":{"line":33,"column":18},"end":{"line":33,"column":null}},"8":{"start":{"line":35,"column":9},"end":{"line":36,"column":null}},"9":{"start":{"line":37,"column":6},"end":{"line":37,"column":null}},"10":{"start":{"line":37,"column":38},"end":{"line":37,"column":null}},"11":{"start":{"line":38,"column":6},"end":{"line":38,"column":null}},"12":{"start":{"line":43,"column":28},"end":{"line":50,"column":null}}},"fnMap":{"0":{"name":"(anonymous_0)","decl":{"start":{"line":11,"column":28},"end":{"line":11,"column":29}},"loc":{"start":{"line":11,"column":50},"end":{"line":21,"column":1}}},"1":{"name":"(anonymous_1)","decl":{"start":{"line":32,"column":13},"end":{"line":32,"column":14}},"loc":{"start":{"line":32,"column":24},"end":{"line":39,"column":null}}}},"branchMap":{"0":{"loc":{"start":{"line":17,"column":10},"end":{"line":17,"column":null}},"type":"cond-expr","locations":[{"start":{"line":17,"column":18},"end":{"line":17,"column":57}},{"start":{"line":17,"column":57},"end":{"line":17,"column":null}}]},"1":{"loc":{"start":{"line":18,"column":10},"end":{"line":18,"column":null}},"type":"cond-expr","locations":[{"start":{"line":18,"column":17},"end":{"line":18,"column":38}},{"start":{"line":18,"column":38},"end":{"line":18,"column":null}}]},"2":{"loc":{"start":{"line":33,"column":6},"end":{"line":33,"column":null}},"type":"if","locations":[{"start":{"line":33,"column":6},"end":{"line":33,"column":null}},{"start":{"line":33,"column":6},"end":{"line":33,"column":null}}]},"3":{"loc":{"start":{"line":35,"column":9},"end":{"line":36,"column":null}},"type":"binary-expr","locations":[{"start":{"line":35,"column":9},"end":{"line":35,"column":null}},{"start":{"line":36,"column":9},"end":{"line":36,"column":null}}]},"4":{"loc":{"start":{"line":37,"column":6},"end":{"line":37,"column":null}},"type":"if","locations":[{"start":{"line":37,"column":6},"end":{"line":37,"column":null}},{"start":{"line":37,"column":6},"end":{"line":37,"column":null}}]},"5":{"loc":{"start":{"line":37,"column":45},"end":{"line":37,"column":null}},"type":"binary-expr","locations":[{"start":{"line":37,"column":45},"end":{"line":37,"column":61}},{"start":{"line":37,"column":61},"end":{"line":37,"column":null}}]}},"s":{"0":0,"1":0,"2":0,"3":0,"4":0,"5":0,"6":0,"7":0,"8":0,"9":0,"10":0,"11":0,"12":0},"f":{"0":0,"1":0},"b":{"0":[0,0],"1":[0,0],"2":[0,0],"3":[0,0],"4":[0,0],"5":[0,0]}}
,"C:/Users/Suryansh/Desktop/Projects/duncit.com/project/portals/finance/src/duid.ts": {"path":"C:/Users/Suryansh/Desktop/Projects/duncit.com/project/portals/finance/src/duid.ts","statementMap":{"0":{"start":{"line":6,"column":12},"end":{"line":6,"column":null}},"1":{"start":{"line":9,"column":2},"end":{"line":11,"column":null}},"2":{"start":{"line":10,"column":4},"end":{"line":10,"column":null}},"3":{"start":{"line":13,"column":2},"end":{"line":13,"column":null}},"4":{"start":{"line":17,"column":2},"end":{"line":17,"column":null}},"5":{"start":{"line":17,"column":37},"end":{"line":17,"column":null}},"6":{"start":{"line":18,"column":2},"end":{"line":28,"column":null}},"7":{"start":{"line":19,"column":21},"end":{"line":19,"column":null}},"8":{"start":{"line":20,"column":4},"end":{"line":20,"column":null}},"9":{"start":{"line":20,"column":41},"end":{"line":20,"column":null}},"10":{"start":{"line":21,"column":18},"end":{"line":21,"column":null}},"11":{"start":{"line":22,"column":4},"end":{"line":22,"column":null}},"12":{"start":{"line":23,"column":4},"end":{"line":23,"column":null}},"13":{"start":{"line":27,"column":4},"end":{"line":27,"column":null}}},"fnMap":{"0":{"name":"makeId","decl":{"start":{"line":8,"column":9},"end":{"line":8,"column":26}},"loc":{"start":{"line":8,"column":26},"end":{"line":14,"column":null}}},"1":{"name":"getOrCreateDuid","decl":{"start":{"line":16,"column":16},"end":{"line":16,"column":42}},"loc":{"start":{"line":16,"column":42},"end":{"line":29,"column":null}}}},"branchMap":{"0":{"loc":{"start":{"line":9,"column":2},"end":{"line":11,"column":null}},"type":"if","locations":[{"start":{"line":9,"column":2},"end":{"line":11,"column":null}},{"start":{"line":9,"column":2},"end":{"line":11,"column":null}}]},"1":{"loc":{"start":{"line":9,"column":6},"end":{"line":9,"column":80}},"type":"binary-expr","locations":[{"start":{"line":9,"column":6},"end":{"line":9,"column":39}},{"start":{"line":9,"column":39},"end":{"line":9,"column":80}}]},"2":{"loc":{"start":{"line":17,"column":2},"end":{"line":17,"column":null}},"type":"if","locations":[{"start":{"line":17,"column":2},"end":{"line":17,"column":null}},{"start":{"line":17,"column":2},"end":{"line":17,"column":null}}]},"3":{"loc":{"start":{"line":20,"column":4},"end":{"line":20,"column":null}},"type":"if","locations":[{"start":{"line":20,"column":4},"end":{"line":20,"column":null}},{"start":{"line":20,"column":4},"end":{"line":20,"column":null}}]},"4":{"loc":{"start":{"line":20,"column":8},"end":{"line":20,"column":41}},"type":"binary-expr","locations":[{"start":{"line":20,"column":8},"end":{"line":20,"column":20}},{"start":{"line":20,"column":20},"end":{"line":20,"column":41}}]}},"s":{"0":0,"1":0,"2":0,"3":0,"4":0,"5":0,"6":0,"7":0,"8":0,"9":0,"10":0,"11":0,"12":0,"13":0},"f":{"0":0,"1":0},"b":{"0":[0,0],"1":[0,0],"2":[0,0],"3":[0,0],"4":[0,0]}}
,"C:/Users/Suryansh/Desktop/Projects/duncit.com/project/portals/finance/src/components/AppBreadcrumbs.tsx": {"path":"C:/Users/Suryansh/Desktop/Projects/duncit.com/project/portals/finance/src/components/AppBreadcrumbs.tsx","statementMap":{"0":{"start":{"line":13,"column":18},"end":{"line":13,"column":null}},"1":{"start":{"line":14,"column":16},"end":{"line":14,"column":null}},"2":{"start":{"line":17,"column":2},"end":{"line":17,"column":null}},"3":{"start":{"line":17,"column":56},"end":{"line":17,"column":null}},"4":{"start":{"line":18,"column":2},"end":{"line":18,"column":null}},"5":{"start":{"line":18,"column":64},"end":{"line":18,"column":79}},"6":{"start":{"line":33,"column":16},"end":{"line":44,"column":null}},"7":{"start":{"line":34,"column":22},"end":{"line":34,"column":null}},"8":{"start":{"line":35,"column":4},"end":{"line":42,"column":null}},"9":{"start":{"line":36,"column":27},"end":{"line":36,"column":null}},"10":{"start":{"line":37,"column":6},"end":{"line":41,"column":null}},"11":{"start":{"line":38,"column":8},"end":{"line":40,"column":null}},"12":{"start":{"line":39,"column":10},"end":{"line":39,"column":null}},"13":{"start":{"line":43,"column":4},"end":{"line":43,"column":null}},"14":{"start":{"line":43,"column":45},"end":{"line":43,"column":null}},"15":{"start":{"line":45,"column":2},"end":{"line":45,"column":null}},"16":{"start":{"line":45,"column":36},"end":{"line":45,"column":null}},"17":{"start":{"line":46,"column":2},"end":{"line":46,"column":null}},"18":{"start":{"line":50,"column":23},"end":{"line":50,"column":null}},"19":{"start":{"line":52,"column":17},"end":{"line":78,"column":null}},"20":{"start":{"line":53,"column":26},"end":{"line":53,"column":null}},"21":{"start":{"line":54,"column":18},"end":{"line":54,"column":null}},"22":{"start":{"line":56,"column":4},"end":{"line":71,"column":null}},"23":{"start":{"line":57,"column":6},"end":{"line":60,"column":null}},"24":{"start":{"line":58,"column":8},"end":{"line":58,"column":null}},"25":{"start":{"line":58,"column":57},"end":{"line":58,"column":null}},"26":{"start":{"line":59,"column":8},"end":{"line":59,"column":null}},"27":{"start":{"line":61,"column":6},"end":{"line":64,"column":null}},"28":{"start":{"line":62,"column":21},"end":{"line":62,"column":null}},"29":{"start":{"line":63,"column":8},"end":{"line":63,"column":null}},"30":{"start":{"line":63,"column":30},"end":{"line":63,"column":65}},"31":{"start":{"line":65,"column":4},"end":{"line":71,"column":null}},"32":{"start":{"line":66,"column":23},"end":{"line":66,"column":null}},"33":{"start":{"line":67,"column":6},"end":{"line":70,"column":null}},"34":{"start":{"line":68,"column":19},"end":{"line":68,"column":null}},"35":{"start":{"line":69,"column":8},"end":{"line":69,"column":null}},"36":{"start":{"line":73,"column":4},"end":{"line":76,"column":null}},"37":{"start":{"line":74,"column":19},"end":{"line":74,"column":null}},"38":{"start":{"line":75,"column":6},"end":{"line":75,"column":null}},"39":{"start":{"line":75,"column":16},"end":{"line":75,"column":null}},"40":{"start":{"line":77,"column":4},"end":{"line":77,"column":null}},"41":{"start":{"line":80,"column":2},"end":{"line":80,"column":null}},"42":{"start":{"line":80,"column":49},"end":{"line":80,"column":null}},"43":{"start":{"line":82,"column":2},"end":{"line":127,"column":null}},"44":{"start":{"line":98,"column":25},"end":{"line":98,"column":null}},"45":{"start":{"line":99,"column":25},"end":{"line":99,"column":null}},"46":{"start":{"line":100,"column":10},"end":{"line":114,"column":null}},"47":{"start":{"line":101,"column":12},"end":{"line":112,"column":null}},"48":{"start":{"line":115,"column":10},"end":{"line":123,"column":null}}},"fnMap":{"0":{"name":"humanise","decl":{"start":{"line":16,"column":9},"end":{"line":16,"column":18}},"loc":{"start":{"line":16,"column":43},"end":{"line":19,"column":null}}},"1":{"name":"(anonymous_1)","decl":{"start":{"line":18,"column":57},"end":{"line":18,"column":58}},"loc":{"start":{"line":18,"column":64},"end":{"line":18,"column":79}}},"2":{"name":"findBestNavMatch","decl":{"start":{"line":31,"column":9},"end":{"line":31,"column":26}},"loc":{"start":{"line":31,"column":67},"end":{"line":47,"column":null}}},"3":{"name":"(anonymous_3)","decl":{"start":{"line":33,"column":16},"end":{"line":33,"column":17}},"loc":{"start":{"line":33,"column":79},"end":{"line":44,"column":null}}},"4":{"name":"AppBreadcrumbs","decl":{"start":{"line":49,"column":24},"end":{"line":49,"column":41}},"loc":{"start":{"line":49,"column":41},"end":{"line":129,"column":null}}},"5":{"name":"(anonymous_5)","decl":{"start":{"line":52,"column":34},"end":{"line":52,"column":40}},"loc":{"start":{"line":52,"column":40},"end":{"line":78,"column":5}}},"6":{"name":"(anonymous_6)","decl":{"start":{"line":57,"column":26},"end":{"line":57,"column":27}},"loc":{"start":{"line":57,"column":42},"end":{"line":60,"column":7}}},"7":{"name":"(anonymous_7)","decl":{"start":{"line":63,"column":21},"end":{"line":63,"column":22}},"loc":{"start":{"line":63,"column":30},"end":{"line":63,"column":65}}},"8":{"name":"(anonymous_8)","decl":{"start":{"line":67,"column":23},"end":{"line":67,"column":24}},"loc":{"start":{"line":67,"column":37},"end":{"line":70,"column":7}}},"9":{"name":"(anonymous_9)","decl":{"start":{"line":97,"column":20},"end":{"line":97,"column":21}},"loc":{"start":{"line":97,"column":36},"end":{"line":125,"column":9}}}},"branchMap":{"0":{"loc":{"start":{"line":17,"column":2},"end":{"line":17,"column":null}},"type":"if","locations":[{"start":{"line":17,"column":2},"end":{"line":17,"column":null}},{"start":{"line":17,"column":2},"end":{"line":17,"column":null}}]},"1":{"loc":{"start":{"line":17,"column":6},"end":{"line":17,"column":56}},"type":"binary-expr","locations":[{"start":{"line":17,"column":6},"end":{"line":17,"column":33}},{"start":{"line":17,"column":33},"end":{"line":17,"column":56}}]},"2":{"loc":{"start":{"line":35,"column":4},"end":{"line":42,"column":null}},"type":"if","locations":[{"start":{"line":35,"column":4},"end":{"line":42,"column":null}},{"start":{"line":35,"column":4},"end":{"line":42,"column":null}}]},"3":{"loc":{"start":{"line":36,"column":27},"end":{"line":36,"column":null}},"type":"cond-expr","locations":[{"start":{"line":36,"column":45},"end":{"line":36,"column":64}},{"start":{"line":36,"column":64},"end":{"line":36,"column":null}}]},"4":{"loc":{"start":{"line":36,"column":64},"end":{"line":36,"column":null}},"type":"binary-expr","locations":[{"start":{"line":36,"column":64},"end":{"line":36,"column":88}},{"start":{"line":36,"column":88},"end":{"line":36,"column":null}}]},"5":{"loc":{"start":{"line":37,"column":6},"end":{"line":41,"column":null}},"type":"if","locations":[{"start":{"line":37,"column":6},"end":{"line":41,"column":null}},{"start":{"line":37,"column":6},"end":{"line":41,"column":null}}]},"6":{"loc":{"start":{"line":38,"column":8},"end":{"line":40,"column":null}},"type":"if","locations":[{"start":{"line":38,"column":8},"end":{"line":40,"column":null}},{"start":{"line":38,"column":8},"end":{"line":40,"column":null}}]},"7":{"loc":{"start":{"line":38,"column":12},"end":{"line":38,"column":54}},"type":"binary-expr","locations":[{"start":{"line":38,"column":12},"end":{"line":38,"column":21}},{"start":{"line":38,"column":21},"end":{"line":38,"column":54}}]},"8":{"loc":{"start":{"line":43,"column":24},"end":{"line":43,"column":45}},"type":"binary-expr","locations":[{"start":{"line":43,"column":24},"end":{"line":43,"column":41}},{"start":{"line":43,"column":41},"end":{"line":43,"column":45}}]},"9":{"loc":{"start":{"line":56,"column":4},"end":{"line":71,"column":null}},"type":"if","locations":[{"start":{"line":56,"column":4},"end":{"line":71,"column":null}},{"start":{"line":65,"column":4},"end":{"line":71,"column":null}}]},"10":{"loc":{"start":{"line":56,"column":8},"end":{"line":56,"column":35}},"type":"binary-expr","locations":[{"start":{"line":56,"column":8},"end":{"line":56,"column":17}},{"start":{"line":56,"column":17},"end":{"line":56,"column":35}}]},"11":{"loc":{"start":{"line":58,"column":8},"end":{"line":58,"column":null}},"type":"if","locations":[{"start":{"line":58,"column":8},"end":{"line":58,"column":null}},{"start":{"line":58,"column":8},"end":{"line":58,"column":null}}]},"12":{"loc":{"start":{"line":58,"column":12},"end":{"line":58,"column":57}},"type":"binary-expr","locations":[{"start":{"line":58,"column":12},"end":{"line":58,"column":25}},{"start":{"line":58,"column":25},"end":{"line":58,"column":57}}]},"13":{"loc":{"start":{"line":61,"column":6},"end":{"line":64,"column":null}},"type":"if","locations":[{"start":{"line":61,"column":6},"end":{"line":64,"column":null}},{"start":{"line":61,"column":6},"end":{"line":64,"column":null}}]},"14":{"loc":{"start":{"line":61,"column":10},"end":{"line":61,"column":72}},"type":"binary-expr","locations":[{"start":{"line":61,"column":10},"end":{"line":61,"column":35}},{"start":{"line":61,"column":35},"end":{"line":61,"column":72}}]},"15":{"loc":{"start":{"line":65,"column":4},"end":{"line":71,"column":null}},"type":"if","locations":[{"start":{"line":65,"column":4},"end":{"line":71,"column":null}},{"start":{"line":65,"column":4},"end":{"line":71,"column":null}}]},"16":{"loc":{"start":{"line":65,"column":15},"end":{"line":65,"column":58}},"type":"binary-expr","locations":[{"start":{"line":65,"column":15},"end":{"line":65,"column":35}},{"start":{"line":65,"column":35},"end":{"line":65,"column":58}}]},"17":{"loc":{"start":{"line":69,"column":46},"end":{"line":69,"column":91}},"type":"cond-expr","locations":[{"start":{"line":69,"column":76},"end":{"line":69,"column":88}},{"start":{"line":69,"column":88},"end":{"line":69,"column":91}}]},"18":{"loc":{"start":{"line":73,"column":4},"end":{"line":76,"column":null}},"type":"if","locations":[{"start":{"line":73,"column":4},"end":{"line":76,"column":null}},{"start":{"line":73,"column":4},"end":{"line":76,"column":null}}]},"19":{"loc":{"start":{"line":75,"column":6},"end":{"line":75,"column":null}},"type":"if","locations":[{"start":{"line":75,"column":6},"end":{"line":75,"column":null}},{"start":{"line":75,"column":6},"end":{"line":75,"column":null}}]},"20":{"loc":{"start":{"line":80,"column":2},"end":{"line":80,"column":null}},"type":"if","locations":[{"start":{"line":80,"column":2},"end":{"line":80,"column":null}},{"start":{"line":80,"column":2},"end":{"line":80,"column":null}}]},"21":{"loc":{"start":{"line":80,"column":6},"end":{"line":80,"column":49}},"type":"binary-expr","locations":[{"start":{"line":80,"column":6},"end":{"line":80,"column":26}},{"start":{"line":80,"column":26},"end":{"line":80,"column":49}}]},"22":{"loc":{"start":{"line":100,"column":10},"end":{"line":114,"column":null}},"type":"if","locations":[{"start":{"line":100,"column":10},"end":{"line":114,"column":null}},{"start":{"line":100,"column":10},"end":{"line":114,"column":null}}]},"23":{"loc":{"start":{"line":100,"column":14},"end":{"line":100,"column":35}},"type":"binary-expr","locations":[{"start":{"line":100,"column":14},"end":{"line":100,"column":26}},{"start":{"line":100,"column":26},"end":{"line":100,"column":35}}]},"24":{"loc":{"start":{"line":110,"column":17},"end":{"line":110,"column":null}},"type":"binary-expr","locations":[{"start":{"line":110,"column":17},"end":{"line":110,"column":27}},{"start":{"line":110,"column":27},"end":{"line":110,"column":null}}]},"25":{"loc":{"start":{"line":118,"column":21},"end":{"line":118,"column":null}},"type":"cond-expr","locations":[{"start":{"line":118,"column":30},"end":{"line":118,"column":47}},{"start":{"line":118,"column":47},"end":{"line":118,"column":null}}]},"26":{"loc":{"start":{"line":119,"column":92},"end":{"line":119,"column":111}},"type":"cond-expr","locations":[{"start":{"line":119,"column":101},"end":{"line":119,"column":107}},{"start":{"line":119,"column":107},"end":{"line":119,"column":111}}]},"27":{"loc":{"start":{"line":121,"column":15},"end":{"line":121,"column":null}},"type":"binary-expr","locations":[{"start":{"line":121,"column":15},"end":{"line":121,"column":25}},{"start":{"line":121,"column":25},"end":{"line":121,"column":null}}]}},"s":{"0":0,"1":0,"2":0,"3":0,"4":0,"5":0,"6":0,"7":0,"8":0,"9":0,"10":0,"11":0,"12":0,"13":0,"14":0,"15":0,"16":0,"17":0,"18":0,"19":0,"20":0,"21":0,"22":0,"23":0,"24":0,"25":0,"26":0,"27":0,"28":0,"29":0,"30":0,"31":0,"32":0,"33":0,"34":0,"35":0,"36":0,"37":0,"38":0,"39":0,"40":0,"41":0,"42":0,"43":0,"44":0,"45":0,"46":0,"47":0,"48":0},"f":{"0":0,"1":0,"2":0,"3":0,"4":0,"5":0,"6":0,"7":0,"8":0,"9":0},"b":{"0":[0,0],"1":[0,0],"2":[0,0],"3":[0,0],"4":[0,0],"5":[0,0],"6":[0,0],"7":[0,0],"8":[0,0],"9":[0,0],"10":[0,0],"11":[0,0],"12":[0,0],"13":[0,0],"14":[0,0],"15":[0,0],"16":[0,0],"17":[0,0],"18":[0,0],"19":[0,0],"20":[0,0],"21":[0,0],"22":[0,0],"23":[0,0],"24":[0,0],"25":[0,0],"26":[0,0],"27":[0,0]}}
,"C:/Users/Suryansh/Desktop/Projects/duncit.com/project/portals/finance/src/components/AppIcon.tsx": {"path":"C:/Users/Suryansh/Desktop/Projects/duncit.com/project/portals/finance/src/components/AppIcon.tsx","statementMap":{"0":{"start":{"line":26,"column":65},"end":{"line":50,"column":null}},"1":{"start":{"line":54,"column":15},"end":{"line":54,"column":null}},"2":{"start":{"line":55,"column":2},"end":{"line":55,"column":null}}},"fnMap":{"0":{"name":"AppIcon","decl":{"start":{"line":53,"column":24},"end":{"line":53,"column":32}},"loc":{"start":{"line":53,"column":85},"end":{"line":56,"column":null}}}},"branchMap":{"0":{"loc":{"start":{"line":54,"column":15},"end":{"line":54,"column":null}},"type":"binary-expr","locations":[{"start":{"line":54,"column":15},"end":{"line":54,"column":30}},{"start":{"line":54,"column":30},"end":{"line":54,"column":null}}]}},"s":{"0":0,"1":0,"2":0},"f":{"0":0},"b":{"0":[0,0]}}
,"C:/Users/Suryansh/Desktop/Projects/duncit.com/project/portals/finance/src/components/AppShell.tsx": {"path":"C:/Users/Suryansh/Desktop/Projects/duncit.com/project/portals/finance/src/components/AppShell.tsx","statementMap":{"0":{"start":{"line":27,"column":28},"end":{"line":27,"column":null}},"1":{"start":{"line":28,"column":29},"end":{"line":28,"column":null}},"2":{"start":{"line":30,"column":17},"end":{"line":40,"column":null}},"3":{"start":{"line":31,"column":15},"end":{"line":31,"column":null}},"4":{"start":{"line":32,"column":2},"end":{"line":38,"column":null}},"5":{"start":{"line":37,"column":29},"end":{"line":37,"column":51}},"6":{"start":{"line":43,"column":19},"end":{"line":43,"column":null}},"7":{"start":{"line":44,"column":20},"end":{"line":44,"column":null}},"8":{"start":{"line":45,"column":16},"end":{"line":45,"column":null}},"9":{"start":{"line":46,"column":20},"end":{"line":46,"column":null}},"10":{"start":{"line":47,"column":38},"end":{"line":47,"column":null}},"11":{"start":{"line":48,"column":56},"end":{"line":48,"column":null}},"12":{"start":{"line":50,"column":17},"end":{"line":54,"column":null}},"13":{"start":{"line":51,"column":4},"end":{"line":51,"column":null}},"14":{"start":{"line":52,"column":4},"end":{"line":52,"column":null}},"15":{"start":{"line":53,"column":4},"end":{"line":53,"column":null}},"16":{"start":{"line":56,"column":2},"end":{"line":61,"column":null}},"17":{"start":{"line":57,"column":4},"end":{"line":60,"column":null}},"18":{"start":{"line":58,"column":6},"end":{"line":58,"column":null}},"19":{"start":{"line":59,"column":6},"end":{"line":59,"column":null}},"20":{"start":{"line":63,"column":2},"end":{"line":69,"column":null}},"21":{"start":{"line":64,"column":4},"end":{"line":67,"column":null}},"22":{"start":{"line":71,"column":2},"end":{"line":124,"column":null}},"23":{"start":{"line":77,"column":25},"end":{"line":77,"column":null}},"24":{"start":{"line":81,"column":40},"end":{"line":81,"column":62}},"25":{"start":{"line":95,"column":67},"end":{"line":95,"column":88}}},"fnMap":{"0":{"name":"(anonymous_0)","decl":{"start":{"line":30,"column":17},"end":{"line":30,"column":18}},"loc":{"start":{"line":30,"column":32},"end":{"line":40,"column":null}}},"1":{"name":"(anonymous_1)","decl":{"start":{"line":37,"column":11},"end":{"line":37,"column":12}},"loc":{"start":{"line":37,"column":29},"end":{"line":37,"column":51}}},"2":{"name":"AppShell","decl":{"start":{"line":42,"column":24},"end":{"line":42,"column":33}},"loc":{"start":{"line":42,"column":82},"end":{"line":126,"column":null}}},"3":{"name":"(anonymous_3)","decl":{"start":{"line":50,"column":17},"end":{"line":50,"column":23}},"loc":{"start":{"line":50,"column":23},"end":{"line":54,"column":null}}},"4":{"name":"(anonymous_4)","decl":{"start":{"line":56,"column":12},"end":{"line":56,"column":18}},"loc":{"start":{"line":56,"column":18},"end":{"line":61,"column":5}}},"5":{"name":"(anonymous_5)","decl":{"start":{"line":77,"column":19},"end":{"line":77,"column":25}},"loc":{"start":{"line":77,"column":25},"end":{"line":77,"column":null}}},"6":{"name":"(anonymous_6)","decl":{"start":{"line":81,"column":34},"end":{"line":81,"column":40}},"loc":{"start":{"line":81,"column":40},"end":{"line":81,"column":62}}},"7":{"name":"(anonymous_7)","decl":{"start":{"line":95,"column":61},"end":{"line":95,"column":67}},"loc":{"start":{"line":95,"column":67},"end":{"line":95,"column":88}}}},"branchMap":{"0":{"loc":{"start":{"line":31,"column":15},"end":{"line":31,"column":null}},"type":"binary-expr","locations":[{"start":{"line":31,"column":15},"end":{"line":31,"column":34}},{"start":{"line":31,"column":34},"end":{"line":31,"column":99}},{"start":{"line":31,"column":99},"end":{"line":31,"column":114}},{"start":{"line":31,"column":114},"end":{"line":31,"column":null}}]},"1":{"loc":{"start":{"line":33,"column":4},"end":{"line":38,"column":null}},"type":"binary-expr","locations":[{"start":{"line":33,"column":4},"end":{"line":38,"column":19}},{"start":{"line":38,"column":19},"end":{"line":38,"column":null}}]},"2":{"loc":{"start":{"line":57,"column":4},"end":{"line":60,"column":null}},"type":"if","locations":[{"start":{"line":57,"column":4},"end":{"line":60,"column":null}},{"start":{"line":57,"column":4},"end":{"line":60,"column":null}}]},"3":{"loc":{"start":{"line":57,"column":8},"end":{"line":57,"column":49}},"type":"binary-expr","locations":[{"start":{"line":57,"column":8},"end":{"line":57,"column":19}},{"start":{"line":57,"column":19},"end":{"line":57,"column":49}}]},"4":{"loc":{"start":{"line":63,"column":2},"end":{"line":69,"column":null}},"type":"if","locations":[{"start":{"line":63,"column":2},"end":{"line":69,"column":null}},{"start":{"line":63,"column":2},"end":{"line":69,"column":null}}]},"5":{"loc":{"start":{"line":63,"column":6},"end":{"line":63,"column":27}},"type":"binary-expr","locations":[{"start":{"line":63,"column":6},"end":{"line":63,"column":17}},{"start":{"line":63,"column":17},"end":{"line":63,"column":27}}]},"6":{"loc":{"start":{"line":94,"column":13},"end":{"line":97,"column":null}},"type":"binary-expr","locations":[{"start":{"line":94,"column":13},"end":{"line":94,"column":null}},{"start":{"line":95,"column":14},"end":{"line":97,"column":null}}]},"7":{"loc":{"start":{"line":104,"column":41},"end":{"line":104,"column":86}},"type":"cond-expr","locations":[{"start":{"line":104,"column":70},"end":{"line":104,"column":79}},{"start":{"line":104,"column":79},"end":{"line":104,"column":86}}]},"8":{"loc":{"start":{"line":106,"column":17},"end":{"line":106,"column":null}},"type":"cond-expr","locations":[{"start":{"line":106,"column":46},"end":{"line":106,"column":82}},{"start":{"line":106,"column":82},"end":{"line":106,"column":null}}]},"9":{"loc":{"start":{"line":109,"column":25},"end":{"line":109,"column":62}},"type":"binary-expr","locations":[{"start":{"line":109,"column":25},"end":{"line":109,"column":51}},{"start":{"line":109,"column":51},"end":{"line":109,"column":62}}]}},"s":{"0":0,"1":0,"2":0,"3":0,"4":0,"5":0,"6":0,"7":0,"8":0,"9":0,"10":0,"11":0,"12":0,"13":0,"14":0,"15":0,"16":0,"17":0,"18":0,"19":0,"20":0,"21":0,"22":0,"23":0,"24":0,"25":0},"f":{"0":0,"1":0,"2":0,"3":0,"4":0,"5":0,"6":0,"7":0},"b":{"0":[0,0,0,0],"1":[0,0],"2":[0,0],"3":[0,0],"4":[0,0],"5":[0,0],"6":[0,0],"7":[0,0],"8":[0,0],"9":[0,0]}}
,"C:/Users/Suryansh/Desktop/Projects/duncit.com/project/portals/finance/src/components/AppSidebar.tsx": {"path":"C:/Users/Suryansh/Desktop/Projects/duncit.com/project/portals/finance/src/components/AppSidebar.tsx","statementMap":{"0":{"start":{"line":31,"column":16},"end":{"line":35,"column":null}},"1":{"start":{"line":32,"column":2},"end":{"line":32,"column":null}},"2":{"start":{"line":32,"column":11},"end":{"line":32,"column":null}},"3":{"start":{"line":33,"column":2},"end":{"line":33,"column":null}},"4":{"start":{"line":33,"column":18},"end":{"line":33,"column":null}},"5":{"start":{"line":34,"column":2},"end":{"line":34,"column":null}},"6":{"start":{"line":37,"column":20},"end":{"line":38,"column":null}},"7":{"start":{"line":38,"column":2},"end":{"line":38,"column":null}},"8":{"start":{"line":38,"column":41},"end":{"line":38,"column":100}},"9":{"start":{"line":41,"column":19},"end":{"line":41,"column":null}},"10":{"start":{"line":42,"column":2},"end":{"line":62,"column":null}},"11":{"start":{"line":67,"column":17},"end":{"line":67,"column":null}},"12":{"start":{"line":67,"column":31},"end":{"line":67,"column":60}},"13":{"start":{"line":68,"column":26},"end":{"line":68,"column":null}},"14":{"start":{"line":69,"column":2},"end":{"line":88,"column":null}},"15":{"start":{"line":71,"column":37},"end":{"line":71,"column":57}},"16":{"start":{"line":71,"column":52},"end":{"line":71,"column":54}},"17":{"start":{"line":84,"column":12},"end":{"line":84,"column":null}},"18":{"start":{"line":93,"column":2},"end":{"line":95,"column":null}},"19":{"start":{"line":94,"column":4},"end":{"line":94,"column":null}},"20":{"start":{"line":96,"column":2},"end":{"line":96,"column":null}},"21":{"start":{"line":100,"column":19},"end":{"line":100,"column":null}},"22":{"start":{"line":101,"column":40},"end":{"line":101,"column":null}},"23":{"start":{"line":102,"column":2},"end":{"line":139,"column":null}},"24":{"start":{"line":131,"column":10},"end":{"line":131,"column":null}}},"fnMap":{"0":{"name":"(anonymous_0)","decl":{"start":{"line":31,"column":16},"end":{"line":31,"column":17}},"loc":{"start":{"line":31,"column":51},"end":{"line":35,"column":null}}},"1":{"name":"(anonymous_1)","decl":{"start":{"line":37,"column":20},"end":{"line":37,"column":21}},"loc":{"start":{"line":38,"column":2},"end":{"line":38,"column":null}}},"2":{"name":"(anonymous_2)","decl":{"start":{"line":38,"column":30},"end":{"line":38,"column":31}},"loc":{"start":{"line":38,"column":41},"end":{"line":38,"column":100}}},"3":{"name":"LeafItem","decl":{"start":{"line":40,"column":9},"end":{"line":40,"column":18}},"loc":{"start":{"line":40,"column":71},"end":{"line":64,"column":null}}},"4":{"name":"GroupItem","decl":{"start":{"line":66,"column":9},"end":{"line":66,"column":19}},"loc":{"start":{"line":66,"column":72},"end":{"line":90,"column":null}}},"5":{"name":"(anonymous_5)","decl":{"start":{"line":67,"column":25},"end":{"line":67,"column":31}},"loc":{"start":{"line":67,"column":31},"end":{"line":67,"column":60}}},"6":{"name":"(anonymous_6)","decl":{"start":{"line":71,"column":31},"end":{"line":71,"column":37}},"loc":{"start":{"line":71,"column":37},"end":{"line":71,"column":57}}},"7":{"name":"(anonymous_7)","decl":{"start":{"line":71,"column":45},"end":{"line":71,"column":46}},"loc":{"start":{"line":71,"column":52},"end":{"line":71,"column":54}}},"8":{"name":"(anonymous_8)","decl":{"start":{"line":83,"column":37},"end":{"line":83,"column":38}},"loc":{"start":{"line":84,"column":12},"end":{"line":84,"column":null}}},"9":{"name":"NavNode","decl":{"start":{"line":92,"column":9},"end":{"line":92,"column":17}},"loc":{"start":{"line":92,"column":70},"end":{"line":97,"column":null}}},"10":{"name":"AppSidebar","decl":{"start":{"line":99,"column":24},"end":{"line":99,"column":35}},"loc":{"start":{"line":99,"column":75},"end":{"line":141,"column":null}}},"11":{"name":"(anonymous_11)","decl":{"start":{"line":130,"column":27},"end":{"line":130,"column":28}},"loc":{"start":{"line":131,"column":10},"end":{"line":131,"column":null}}}},"branchMap":{"0":{"loc":{"start":{"line":32,"column":2},"end":{"line":32,"column":null}},"type":"if","locations":[{"start":{"line":32,"column":2},"end":{"line":32,"column":null}},{"start":{"line":32,"column":2},"end":{"line":32,"column":null}}]},"1":{"loc":{"start":{"line":33,"column":2},"end":{"line":33,"column":null}},"type":"if","locations":[{"start":{"line":33,"column":2},"end":{"line":33,"column":null}},{"start":{"line":33,"column":2},"end":{"line":33,"column":null}}]},"2":{"loc":{"start":{"line":34,"column":9},"end":{"line":34,"column":null}},"type":"binary-expr","locations":[{"start":{"line":34,"column":9},"end":{"line":34,"column":28}},{"start":{"line":34,"column":28},"end":{"line":34,"column":null}}]},"3":{"loc":{"start":{"line":38,"column":41},"end":{"line":38,"column":100}},"type":"binary-expr","locations":[{"start":{"line":38,"column":41},"end":{"line":38,"column":72}},{"start":{"line":38,"column":72},"end":{"line":38,"column":100}}]},"4":{"loc":{"start":{"line":45,"column":10},"end":{"line":45,"column":null}},"type":"binary-expr","locations":[{"start":{"line":45,"column":10},"end":{"line":45,"column":21}},{"start":{"line":45,"column":21},"end":{"line":45,"column":null}}]},"5":{"loc":{"start":{"line":72,"column":49},"end":{"line":72,"column":92}},"type":"cond-expr","locations":[{"start":{"line":72,"column":58},"end":{"line":72,"column":75}},{"start":{"line":72,"column":75},"end":{"line":72,"column":92}}]},"6":{"loc":{"start":{"line":77,"column":48},"end":{"line":77,"column":68}},"type":"cond-expr","locations":[{"start":{"line":77,"column":57},"end":{"line":77,"column":63}},{"start":{"line":77,"column":63},"end":{"line":77,"column":68}}]},"7":{"loc":{"start":{"line":77,"column":93},"end":{"line":77,"column":129}},"type":"cond-expr","locations":[{"start":{"line":77,"column":102},"end":{"line":77,"column":119}},{"start":{"line":77,"column":119},"end":{"line":77,"column":129}}]},"8":{"loc":{"start":{"line":79,"column":9},"end":{"line":79,"column":null}},"type":"cond-expr","locations":[{"start":{"line":79,"column":16},"end":{"line":79,"column":54}},{"start":{"line":79,"column":54},"end":{"line":79,"column":null}}]},"9":{"loc":{"start":{"line":83,"column":12},"end":{"line":83,"column":33}},"type":"binary-expr","locations":[{"start":{"line":83,"column":12},"end":{"line":83,"column":29}},{"start":{"line":83,"column":29},"end":{"line":83,"column":33}}]},"10":{"loc":{"start":{"line":93,"column":2},"end":{"line":95,"column":null}},"type":"if","locations":[{"start":{"line":93,"column":2},"end":{"line":95,"column":null}},{"start":{"line":93,"column":2},"end":{"line":95,"column":null}}]},"11":{"loc":{"start":{"line":93,"column":6},"end":{"line":93,"column":49}},"type":"binary-expr","locations":[{"start":{"line":93,"column":6},"end":{"line":93,"column":23}},{"start":{"line":93,"column":23},"end":{"line":93,"column":49}}]},"12":{"loc":{"start":{"line":115,"column":9},"end":{"line":123,"column":null}},"type":"cond-expr","locations":[{"start":{"line":116,"column":10},"end":{"line":116,"column":null}},{"start":{"line":118,"column":10},"end":{"line":123,"column":null}}]}},"s":{"0":0,"1":0,"2":0,"3":0,"4":0,"5":0,"6":0,"7":0,"8":0,"9":0,"10":0,"11":0,"12":0,"13":0,"14":0,"15":0,"16":0,"17":0,"18":0,"19":0,"20":0,"21":0,"22":0,"23":0,"24":0},"f":{"0":0,"1":0,"2":0,"3":0,"4":0,"5":0,"6":0,"7":0,"8":0,"9":0,"10":0,"11":0},"b":{"0":[0,0],"1":[0,0],"2":[0,0],"3":[0,0],"4":[0,0],"5":[0,0],"6":[0,0],"7":[0,0],"8":[0,0],"9":[0,0],"10":[0,0],"11":[0,0],"12":[0,0]}}
,"C:/Users/Suryansh/Desktop/Projects/duncit.com/project/portals/finance/src/components/AuthSplitLayout.tsx": {"path":"C:/Users/Suryansh/Desktop/Projects/duncit.com/project/portals/finance/src/components/AuthSplitLayout.tsx","statementMap":{"0":{"start":{"line":10,"column":14},"end":{"line":17,"column":null}},"1":{"start":{"line":10,"column":42},"end":{"line":17,"column":2}},"2":{"start":{"line":19,"column":17},"end":{"line":26,"column":null}},"3":{"start":{"line":19,"column":45},"end":{"line":26,"column":2}},"4":{"start":{"line":28,"column":18},"end":{"line":28,"column":null}},"5":{"start":{"line":30,"column":17},"end":{"line":36,"column":null}},"6":{"start":{"line":30,"column":45},"end":{"line":36,"column":2}},"7":{"start":{"line":38,"column":18},"end":{"line":45,"column":null}},"8":{"start":{"line":38,"column":72},"end":{"line":45,"column":2}},"9":{"start":{"line":47,"column":21},"end":{"line":61,"column":null}},"10":{"start":{"line":48,"column":17},"end":{"line":48,"column":null}},"11":{"start":{"line":49,"column":2},"end":{"line":60,"column":null}},"12":{"start":{"line":70,"column":27},"end":{"line":70,"column":null}},"13":{"start":{"line":71,"column":31},"end":{"line":71,"column":null}},"14":{"start":{"line":72,"column":2},"end":{"line":148,"column":null}}},"fnMap":{"0":{"name":"(anonymous_0)","decl":{"start":{"line":10,"column":26},"end":{"line":10,"column":27}},"loc":{"start":{"line":10,"column":42},"end":{"line":17,"column":2}}},"1":{"name":"(anonymous_1)","decl":{"start":{"line":19,"column":29},"end":{"line":19,"column":30}},"loc":{"start":{"line":19,"column":45},"end":{"line":26,"column":2}}},"2":{"name":"(anonymous_2)","decl":{"start":{"line":30,"column":29},"end":{"line":30,"column":30}},"loc":{"start":{"line":30,"column":45},"end":{"line":36,"column":2}}},"3":{"name":"(anonymous_3)","decl":{"start":{"line":38,"column":49},"end":{"line":38,"column":50}},"loc":{"start":{"line":38,"column":72},"end":{"line":45,"column":2}}},"4":{"name":"(anonymous_4)","decl":{"start":{"line":47,"column":33},"end":{"line":47,"column":34}},"loc":{"start":{"line":47,"column":48},"end":{"line":61,"column":1}}},"5":{"name":"AuthSplitLayout","decl":{"start":{"line":69,"column":24},"end":{"line":69,"column":40}},"loc":{"start":{"line":69,"column":88},"end":{"line":150,"column":null}}}},"branchMap":{"0":{"loc":{"start":{"line":56,"column":16},"end":{"line":58,"column":null}},"type":"cond-expr","locations":[{"start":{"line":57,"column":8},"end":{"line":57,"column":null}},{"start":{"line":58,"column":8},"end":{"line":58,"column":null}}]},"1":{"loc":{"start":{"line":76,"column":26},"end":{"line":76,"column":null}},"type":"cond-expr","locations":[{"start":{"line":76,"column":44},"end":{"line":76,"column":64}},{"start":{"line":76,"column":64},"end":{"line":76,"column":null}}]},"2":{"loc":{"start":{"line":78,"column":15},"end":{"line":78,"column":null}},"type":"cond-expr","locations":[{"start":{"line":78,"column":33},"end":{"line":78,"column":70}},{"start":{"line":78,"column":70},"end":{"line":78,"column":null}}]},"3":{"loc":{"start":{"line":107,"column":13},"end":{"line":110,"column":null}},"type":"binary-expr","locations":[{"start":{"line":107,"column":13},"end":{"line":107,"column":null}},{"start":{"line":108,"column":14},"end":{"line":110,"column":null}}]}},"s":{"0":0,"1":0,"2":0,"3":0,"4":0,"5":0,"6":0,"7":0,"8":0,"9":0,"10":0,"11":0,"12":0,"13":0,"14":0},"f":{"0":0,"1":0,"2":0,"3":0,"4":0,"5":0},"b":{"0":[0,0],"1":[0,0],"2":[0,0],"3":[0,0]}}
,"C:/Users/Suryansh/Desktop/Projects/duncit.com/project/portals/finance/src/components/GoogleSignInButton.tsx": {"path":"C:/Users/Suryansh/Desktop/Projects/duncit.com/project/portals/finance/src/components/GoogleSignInButton.tsx","statementMap":{"0":{"start":{"line":22,"column":20},"end":{"line":22,"column":null}},"1":{"start":{"line":23,"column":16},"end":{"line":23,"column":null}},"2":{"start":{"line":24,"column":17},"end":{"line":24,"column":null}},"3":{"start":{"line":25,"column":28},"end":{"line":25,"column":null}},"4":{"start":{"line":27,"column":2},"end":{"line":35,"column":null}},"5":{"start":{"line":28,"column":20},"end":{"line":31,"column":null}},"6":{"start":{"line":29,"column":17},"end":{"line":29,"column":null}},"7":{"start":{"line":30,"column":6},"end":{"line":30,"column":null}},"8":{"start":{"line":30,"column":14},"end":{"line":30,"column":null}},"9":{"start":{"line":32,"column":4},"end":{"line":32,"column":null}},"10":{"start":{"line":33,"column":4},"end":{"line":33,"column":null}},"11":{"start":{"line":34,"column":4},"end":{"line":34,"column":null}},"12":{"start":{"line":34,"column":17},"end":{"line":34,"column":null}},"13":{"start":{"line":37,"column":2},"end":{"line":58,"column":null}},"14":{"start":{"line":38,"column":4},"end":{"line":56,"column":null}},"15":{"start":{"line":60,"column":2},"end":{"line":90,"column":null}},"16":{"start":{"line":64,"column":10},"end":{"line":64,"column":null}},"17":{"start":{"line":64,"column":35},"end":{"line":64,"column":null}},"18":{"start":{"line":66,"column":23},"end":{"line":66,"column":null}}},"fnMap":{"0":{"name":"GoogleSignInButton","decl":{"start":{"line":21,"column":24},"end":{"line":21,"column":43}},"loc":{"start":{"line":21,"column":109},"end":{"line":92,"column":null}}},"1":{"name":"(anonymous_1)","decl":{"start":{"line":27,"column":12},"end":{"line":27,"column":18}},"loc":{"start":{"line":27,"column":18},"end":{"line":35,"column":5}}},"2":{"name":"(anonymous_2)","decl":{"start":{"line":28,"column":20},"end":{"line":28,"column":26}},"loc":{"start":{"line":28,"column":26},"end":{"line":31,"column":null}}},"3":{"name":"(anonymous_3)","decl":{"start":{"line":34,"column":11},"end":{"line":34,"column":17}},"loc":{"start":{"line":34,"column":17},"end":{"line":34,"column":null}}},"4":{"name":"(anonymous_4)","decl":{"start":{"line":63,"column":19},"end":{"line":63,"column":20}},"loc":{"start":{"line":63,"column":33},"end":{"line":65,"column":null}}},"5":{"name":"(anonymous_5)","decl":{"start":{"line":66,"column":17},"end":{"line":66,"column":23}},"loc":{"start":{"line":66,"column":23},"end":{"line":66,"column":null}}}},"branchMap":{"0":{"loc":{"start":{"line":21,"column":68},"end":{"line":21,"column":89}},"type":"default-arg","locations":[{"start":{"line":21,"column":75},"end":{"line":21,"column":89}}]},"1":{"loc":{"start":{"line":30,"column":6},"end":{"line":30,"column":null}},"type":"if","locations":[{"start":{"line":30,"column":6},"end":{"line":30,"column":null}},{"start":{"line":30,"column":6},"end":{"line":30,"column":null}}]},"2":{"loc":{"start":{"line":37,"column":2},"end":{"line":58,"column":null}},"type":"if","locations":[{"start":{"line":37,"column":2},"end":{"line":58,"column":null}},{"start":{"line":37,"column":2},"end":{"line":58,"column":null}}]},"3":{"loc":{"start":{"line":37,"column":6},"end":{"line":37,"column":55}},"type":"binary-expr","locations":[{"start":{"line":37,"column":6},"end":{"line":37,"column":19}},{"start":{"line":37,"column":19},"end":{"line":37,"column":55}}]},"4":{"loc":{"start":{"line":64,"column":10},"end":{"line":64,"column":null}},"type":"if","locations":[{"start":{"line":64,"column":10},"end":{"line":64,"column":null}},{"start":{"line":64,"column":10},"end":{"line":64,"column":null}}]},"5":{"loc":{"start":{"line":68,"column":15},"end":{"line":68,"column":null}},"type":"cond-expr","locations":[{"start":{"line":68,"column":24},"end":{"line":68,"column":41}},{"start":{"line":68,"column":41},"end":{"line":68,"column":null}}]},"6":{"loc":{"start":{"line":75,"column":7},"end":{"line":88,"column":null}},"type":"binary-expr","locations":[{"start":{"line":75,"column":7},"end":{"line":75,"column":null}},{"start":{"line":76,"column":8},"end":{"line":88,"column":null}}]},"7":{"loc":{"start":{"line":83,"column":21},"end":{"line":83,"column":null}},"type":"cond-expr","locations":[{"start":{"line":83,"column":30},"end":{"line":83,"column":51}},{"start":{"line":83,"column":51},"end":{"line":83,"column":null}}]}},"s":{"0":0,"1":0,"2":0,"3":0,"4":0,"5":0,"6":0,"7":0,"8":0,"9":0,"10":0,"11":0,"12":0,"13":0,"14":0,"15":0,"16":0,"17":0,"18":0},"f":{"0":0,"1":0,"2":0,"3":0,"4":0,"5":0},"b":{"0":[0],"1":[0,0],"2":[0,0],"3":[0,0],"4":[0,0],"5":[0,0],"6":[0,0],"7":[0,0]}}
,"C:/Users/Suryansh/Desktop/Projects/duncit.com/project/portals/finance/src/config/app-config.ts": {"path":"C:/Users/Suryansh/Desktop/Projects/duncit.com/project/portals/finance/src/config/app-config.ts","statementMap":{"0":{"start":{"line":49,"column":17},"end":{"line":52,"column":null}},"1":{"start":{"line":51,"column":25},"end":{"line":51,"column":36}},"2":{"start":{"line":54,"column":36},"end":{"line":101,"column":null}}},"fnMap":{"0":{"name":"(anonymous_0)","decl":{"start":{"line":51,"column":7},"end":{"line":51,"column":8}},"loc":{"start":{"line":51,"column":25},"end":{"line":51,"column":36}}}},"branchMap":{"0":{"loc":{"start":{"line":49,"column":24},"end":{"line":49,"column":65}},"type":"binary-expr","locations":[{"start":{"line":49,"column":24},"end":{"line":49,"column":63}},{"start":{"line":49,"column":63},"end":{"line":49,"column":65}}]},"1":{"loc":{"start":{"line":63,"column":4},"end":{"line":64,"column":null}},"type":"binary-expr","locations":[{"start":{"line":63,"column":4},"end":{"line":63,"column":null}},{"start":{"line":64,"column":4},"end":{"line":64,"column":null}}]},"2":{"loc":{"start":{"line":65,"column":17},"end":{"line":65,"column":null}},"type":"cond-expr","locations":[{"start":{"line":65,"column":35},"end":{"line":65,"column":46}},{"start":{"line":65,"column":46},"end":{"line":65,"column":null}}]}},"s":{"0":0,"1":0,"2":0},"f":{"0":0},"b":{"0":[0,0],"1":[0,0],"2":[0,0]}}
,"C:/Users/Suryansh/Desktop/Projects/duncit.com/project/portals/finance/src/config/url-configs.ts": {"path":"C:/Users/Suryansh/Desktop/Projects/duncit.com/project/portals/finance/src/config/url-configs.ts","statementMap":{"0":{"start":{"line":6,"column":22},"end":{"line":6,"column":null}},"1":{"start":{"line":8,"column":17},"end":{"line":10,"column":null}},"2":{"start":{"line":12,"column":26},"end":{"line":16,"column":null}}},"fnMap":{},"branchMap":{"0":{"loc":{"start":{"line":8,"column":17},"end":{"line":10,"column":null}},"type":"cond-expr","locations":[{"start":{"line":9,"column":4},"end":{"line":9,"column":null}},{"start":{"line":10,"column":4},"end":{"line":10,"column":null}}]},"1":{"loc":{"start":{"line":14,"column":14},"end":{"line":14,"column":null}},"type":"binary-expr","locations":[{"start":{"line":14,"column":14},"end":{"line":14,"column":50}},{"start":{"line":14,"column":50},"end":{"line":14,"column":null}}]},"2":{"loc":{"start":{"line":15,"column":10},"end":{"line":15,"column":null}},"type":"binary-expr","locations":[{"start":{"line":15,"column":10},"end":{"line":15,"column":42}},{"start":{"line":15,"column":42},"end":{"line":15,"column":null}}]}},"s":{"0":0,"1":0,"2":0},"f":{},"b":{"0":[0,0],"1":[0,0],"2":[0,0]}}
,"C:/Users/Suryansh/Desktop/Projects/duncit.com/project/portals/finance/src/forms/FormField.tsx": {"path":"C:/Users/Suryansh/Desktop/Projects/duncit.com/project/portals/finance/src/forms/FormField.tsx","statementMap":{"0":{"start":{"line":19,"column":24},"end":{"line":19,"column":null}},"1":{"start":{"line":20,"column":21},"end":{"line":20,"column":null}},"2":{"start":{"line":21,"column":20},"end":{"line":21,"column":null}},"3":{"start":{"line":22,"column":2},"end":{"line":29,"column":null}}},"fnMap":{"0":{"name":"FormField","decl":{"start":{"line":18,"column":24},"end":{"line":18,"column":34}},"loc":{"start":{"line":18,"column":85},"end":{"line":31,"column":null}}}},"branchMap":{"0":{"loc":{"start":{"line":21,"column":28},"end":{"line":21,"column":70}},"type":"binary-expr","locations":[{"start":{"line":21,"column":28},"end":{"line":21,"column":43}},{"start":{"line":21,"column":43},"end":{"line":21,"column":59}},{"start":{"line":21,"column":59},"end":{"line":21,"column":70}}]},"1":{"loc":{"start":{"line":26,"column":17},"end":{"line":26,"column":null}},"type":"binary-expr","locations":[{"start":{"line":26,"column":17},"end":{"line":26,"column":35}},{"start":{"line":26,"column":35},"end":{"line":26,"column":null}}]},"2":{"loc":{"start":{"line":28,"column":18},"end":{"line":28,"column":null}},"type":"cond-expr","locations":[{"start":{"line":28,"column":30},"end":{"line":28,"column":44}},{"start":{"line":28,"column":44},"end":{"line":28,"column":null}}]},"3":{"loc":{"start":{"line":28,"column":44},"end":{"line":28,"column":null}},"type":"binary-expr","locations":[{"start":{"line":28,"column":44},"end":{"line":28,"column":52}},{"start":{"line":28,"column":52},"end":{"line":28,"column":null}}]}},"s":{"0":0,"1":0,"2":0,"3":0},"f":{"0":0},"b":{"0":[0,0,0],"1":[0,0],"2":[0,0],"3":[0,0]}}
,"C:/Users/Suryansh/Desktop/Projects/duncit.com/project/portals/finance/src/forms/login/login.form.tsx": {"path":"C:/Users/Suryansh/Desktop/Projects/duncit.com/project/portals/finance/src/forms/login/login.form.tsx","statementMap":{"0":{"start":{"line":14,"column":27},"end":{"line":17,"column":null}},"1":{"start":{"line":28,"column":32},"end":{"line":28,"column":null}},"2":{"start":{"line":29,"column":2},"end":{"line":91,"column":null}},"3":{"start":{"line":36,"column":8},"end":{"line":36,"column":null}},"4":{"start":{"line":37,"column":8},"end":{"line":41,"column":null}},"5":{"start":{"line":38,"column":10},"end":{"line":38,"column":null}},"6":{"start":{"line":40,"column":10},"end":{"line":40,"column":null}},"7":{"start":{"line":45,"column":8},"end":{"line":89,"column":null}},"8":{"start":{"line":77,"column":111},"end":{"line":77,"column":null}},"9":{"start":{"line":77,"column":129},"end":{"line":77,"column":131}}},"fnMap":{"0":{"name":"LoginForm","decl":{"start":{"line":27,"column":24},"end":{"line":27,"column":34}},"loc":{"start":{"line":27,"column":128},"end":{"line":93,"column":null}}},"1":{"name":"(anonymous_1)","decl":{"start":{"line":35,"column":16},"end":{"line":35,"column":23}},"loc":{"start":{"line":35,"column":49},"end":{"line":42,"column":null}}},"2":{"name":"(anonymous_2)","decl":{"start":{"line":44,"column":7},"end":{"line":44,"column":8}},"loc":{"start":{"line":45,"column":8},"end":{"line":89,"column":null}}},"3":{"name":"(anonymous_3)","decl":{"start":{"line":77,"column":105},"end":{"line":77,"column":111}},"loc":{"start":{"line":77,"column":111},"end":{"line":77,"column":null}}},"4":{"name":"(anonymous_4)","decl":{"start":{"line":77,"column":122},"end":{"line":77,"column":123}},"loc":{"start":{"line":77,"column":129},"end":{"line":77,"column":131}}}},"branchMap":{"0":{"loc":{"start":{"line":27,"column":84},"end":{"line":27,"column":108}},"type":"default-arg","locations":[{"start":{"line":27,"column":98},"end":{"line":27,"column":108}}]},"1":{"loc":{"start":{"line":31,"column":21},"end":{"line":31,"column":null}},"type":"binary-expr","locations":[{"start":{"line":31,"column":21},"end":{"line":31,"column":38}},{"start":{"line":31,"column":38},"end":{"line":31,"column":null}}]},"2":{"loc":{"start":{"line":40,"column":20},"end":{"line":40,"column":56}},"type":"binary-expr","locations":[{"start":{"line":40,"column":20},"end":{"line":40,"column":34}},{"start":{"line":40,"column":34},"end":{"line":40,"column":56}}]},"3":{"loc":{"start":{"line":64,"column":20},"end":{"line":64,"column":null}},"type":"cond-expr","locations":[{"start":{"line":64,"column":30},"end":{"line":64,"column":39}},{"start":{"line":64,"column":39},"end":{"line":64,"column":null}}]},"4":{"loc":{"start":{"line":78,"column":23},"end":{"line":78,"column":null}},"type":"cond-expr","locations":[{"start":{"line":78,"column":33},"end":{"line":78,"column":82}},{"start":{"line":78,"column":82},"end":{"line":78,"column":null}}]},"5":{"loc":{"start":{"line":85,"column":15},"end":{"line":85,"column":null}},"type":"cond-expr","locations":[{"start":{"line":85,"column":25},"end":{"line":85,"column":41}},{"start":{"line":85,"column":41},"end":{"line":85,"column":null}}]},"6":{"loc":{"start":{"line":86,"column":12},"end":{"line":87,"column":null}},"type":"binary-expr","locations":[{"start":{"line":87,"column":14},"end":{"line":87,"column":24}},{"start":{"line":87,"column":24},"end":{"line":87,"column":41}},{"start":{"line":87,"column":41},"end":{"line":87,"column":null}}]},"7":{"loc":{"start":{"line":87,"column":66},"end":{"line":87,"column":89}},"type":"binary-expr","locations":[{"start":{"line":87,"column":66},"end":{"line":87,"column":76}},{"start":{"line":87,"column":76},"end":{"line":87,"column":89}}]}},"s":{"0":1,"1":0,"2":0,"3":0,"4":0,"5":0,"6":0,"7":0,"8":0,"9":0},"f":{"0":0,"1":0,"2":0,"3":0,"4":0},"b":{"0":[0],"1":[0,0],"2":[0,0],"3":[0,0],"4":[0,0],"5":[0,0],"6":[0,0,0],"7":[0,0]}}
,"C:/Users/Suryansh/Desktop/Projects/duncit.com/project/portals/finance/src/forms/validation/rules.ts": {"path":"C:/Users/Suryansh/Desktop/Projects/duncit.com/project/portals/finance/src/forms/validation/rules.ts","statementMap":{"0":{"start":{"line":4,"column":31},"end":{"line":19,"column":null}},"1":{"start":{"line":6,"column":4},"end":{"line":12,"column":null}},"2":{"start":{"line":14,"column":4},"end":{"line":18,"column":null}}},"fnMap":{"0":{"name":"(anonymous_0)","decl":{"start":{"line":5,"column":9},"end":{"line":5,"column":10}},"loc":{"start":{"line":6,"column":4},"end":{"line":12,"column":null}}},"1":{"name":"(anonymous_1)","decl":{"start":{"line":13,"column":12},"end":{"line":13,"column":13}},"loc":{"start":{"line":14,"column":4},"end":{"line":18,"column":null}}}},"branchMap":{"0":{"loc":{"start":{"line":5,"column":10},"end":{"line":5,"column":null}},"type":"default-arg","locations":[{"start":{"line":5,"column":18},"end":{"line":5,"column":null}}]},"1":{"loc":{"start":{"line":13,"column":13},"end":{"line":13,"column":null}},"type":"default-arg","locations":[{"start":{"line":13,"column":21},"end":{"line":13,"column":null}}]}},"s":{"0":1,"1":1,"2":1},"f":{"0":1,"1":1},"b":{"0":[0],"1":[0]}}
,"C:/Users/Suryansh/Desktop/Projects/duncit.com/project/portals/finance/src/lib/session.ts": {"path":"C:/Users/Suryansh/Desktop/Projects/duncit.com/project/portals/finance/src/lib/session.ts","statementMap":{"0":{"start":{"line":4,"column":26},"end":{"line":4,"column":null}},"1":{"start":{"line":7,"column":2},"end":{"line":11,"column":null}},"2":{"start":{"line":8,"column":4},"end":{"line":8,"column":null}},"3":{"start":{"line":10,"column":4},"end":{"line":10,"column":null}},"4":{"start":{"line":15,"column":2},"end":{"line":15,"column":null}},"5":{"start":{"line":19,"column":2},"end":{"line":23,"column":null}},"6":{"start":{"line":20,"column":4},"end":{"line":20,"column":null}},"7":{"start":{"line":28,"column":2},"end":{"line":28,"column":null}},"8":{"start":{"line":28,"column":36},"end":{"line":28,"column":null}},"9":{"start":{"line":29,"column":2},"end":{"line":29,"column":null}},"10":{"start":{"line":29,"column":34},"end":{"line":29,"column":null}},"11":{"start":{"line":30,"column":2},"end":{"line":30,"column":null}},"12":{"start":{"line":30,"column":48},"end":{"line":30,"column":68}},"13":{"start":{"line":34,"column":2},"end":{"line":34,"column":null}}},"fnMap":{"0":{"name":"getToken","decl":{"start":{"line":6,"column":16},"end":{"line":6,"column":42}},"loc":{"start":{"line":6,"column":42},"end":{"line":12,"column":null}}},"1":{"name":"setToken","decl":{"start":{"line":14,"column":16},"end":{"line":14,"column":25}},"loc":{"start":{"line":14,"column":46},"end":{"line":16,"column":null}}},"2":{"name":"clearToken","decl":{"start":{"line":18,"column":16},"end":{"line":18,"column":35}},"loc":{"start":{"line":18,"column":35},"end":{"line":24,"column":null}}},"3":{"name":"hasAppAccess","decl":{"start":{"line":27,"column":16},"end":{"line":27,"column":29}},"loc":{"start":{"line":27,"column":72},"end":{"line":31,"column":null}}},"4":{"name":"(anonymous_4)","decl":{"start":{"line":30,"column":38},"end":{"line":30,"column":39}},"loc":{"start":{"line":30,"column":48},"end":{"line":30,"column":68}}},"5":{"name":"accessDeniedMessage","decl":{"start":{"line":33,"column":16},"end":{"line":33,"column":46}},"loc":{"start":{"line":33,"column":46},"end":{"line":35,"column":null}}}},"branchMap":{"0":{"loc":{"start":{"line":28,"column":2},"end":{"line":28,"column":null}},"type":"if","locations":[{"start":{"line":28,"column":2},"end":{"line":28,"column":null}},{"start":{"line":28,"column":2},"end":{"line":28,"column":null}}]},"1":{"loc":{"start":{"line":28,"column":6},"end":{"line":28,"column":36}},"type":"binary-expr","locations":[{"start":{"line":28,"column":6},"end":{"line":28,"column":16}},{"start":{"line":28,"column":16},"end":{"line":28,"column":36}}]},"2":{"loc":{"start":{"line":29,"column":2},"end":{"line":29,"column":null}},"type":"if","locations":[{"start":{"line":29,"column":2},"end":{"line":29,"column":null}},{"start":{"line":29,"column":2},"end":{"line":29,"column":null}}]}},"s":{"0":0,"1":0,"2":0,"3":0,"4":0,"5":0,"6":0,"7":0,"8":0,"9":0,"10":0,"11":0,"12":0,"13":0},"f":{"0":0,"1":0,"2":0,"3":0,"4":0,"5":0},"b":{"0":[0,0],"1":[0,0],"2":[0,0]}}
,"C:/Users/Suryansh/Desktop/Projects/duncit.com/project/portals/finance/src/lib/useBranding.ts": {"path":"C:/Users/Suryansh/Desktop/Projects/duncit.com/project/portals/finance/src/lib/useBranding.ts","statementMap":{"0":{"start":{"line":3,"column":25},"end":{"line":3,"column":null}},"1":{"start":{"line":29,"column":28},"end":{"line":29,"column":null}},"2":{"start":{"line":30,"column":12},"end":{"line":30,"column":null}},"3":{"start":{"line":31,"column":2},"end":{"line":37,"column":null}}},"fnMap":{"0":{"name":"useBranding","decl":{"start":{"line":28,"column":16},"end":{"line":28,"column":47}},"loc":{"start":{"line":28,"column":47},"end":{"line":38,"column":null}}}},"branchMap":{"0":{"loc":{"start":{"line":32,"column":13},"end":{"line":32,"column":null}},"type":"binary-expr","locations":[{"start":{"line":32,"column":13},"end":{"line":32,"column":36}},{"start":{"line":32,"column":36},"end":{"line":32,"column":51}},{"start":{"line":32,"column":51},"end":{"line":32,"column":null}}]},"1":{"loc":{"start":{"line":33,"column":13},"end":{"line":33,"column":null}},"type":"binary-expr","locations":[{"start":{"line":33,"column":13},"end":{"line":33,"column":28}},{"start":{"line":33,"column":28},"end":{"line":33,"column":null}}]},"2":{"loc":{"start":{"line":36,"column":13},"end":{"line":36,"column":null}},"type":"binary-expr","locations":[{"start":{"line":36,"column":13},"end":{"line":36,"column":24}},{"start":{"line":36,"column":24},"end":{"line":36,"column":null}}]}},"s":{"0":0,"1":0,"2":0,"3":0},"f":{"0":0},"b":{"0":[0,0,0],"1":[0,0],"2":[0,0]}}
,"C:/Users/Suryansh/Desktop/Projects/duncit.com/project/portals/finance/src/pages/DashboardPage.tsx": {"path":"C:/Users/Suryansh/Desktop/Projects/duncit.com/project/portals/finance/src/pages/DashboardPage.tsx","statementMap":{"0":{"start":{"line":8,"column":21},"end":{"line":8,"column":null}},"1":{"start":{"line":25,"column":35},"end":{"line":25,"column":null}},"2":{"start":{"line":26,"column":13},"end":{"line":26,"column":null}},"3":{"start":{"line":28,"column":2},"end":{"line":34,"column":null}},"4":{"start":{"line":29,"column":4},"end":{"line":32,"column":null}},"5":{"start":{"line":36,"column":2},"end":{"line":38,"column":null}},"6":{"start":{"line":37,"column":4},"end":{"line":37,"column":null}},"7":{"start":{"line":40,"column":20},"end":{"line":40,"column":null}},"8":{"start":{"line":42,"column":2},"end":{"line":66,"column":null}},"9":{"start":{"line":53,"column":12},"end":{"line":53,"column":null}}},"fnMap":{"0":{"name":"DashboardPage","decl":{"start":{"line":24,"column":24},"end":{"line":24,"column":40}},"loc":{"start":{"line":24,"column":40},"end":{"line":68,"column":null}}},"1":{"name":"(anonymous_1)","decl":{"start":{"line":52,"column":33},"end":{"line":52,"column":34}},"loc":{"start":{"line":53,"column":12},"end":{"line":53,"column":null}}}},"branchMap":{"0":{"loc":{"start":{"line":28,"column":2},"end":{"line":34,"column":null}},"type":"if","locations":[{"start":{"line":28,"column":2},"end":{"line":34,"column":null}},{"start":{"line":28,"column":2},"end":{"line":34,"column":null}}]},"1":{"loc":{"start":{"line":28,"column":6},"end":{"line":28,"column":22}},"type":"binary-expr","locations":[{"start":{"line":28,"column":6},"end":{"line":28,"column":17}},{"start":{"line":28,"column":17},"end":{"line":28,"column":22}}]},"2":{"loc":{"start":{"line":36,"column":2},"end":{"line":38,"column":null}},"type":"if","locations":[{"start":{"line":36,"column":2},"end":{"line":38,"column":null}},{"start":{"line":36,"column":2},"end":{"line":38,"column":null}}]},"3":{"loc":{"start":{"line":40,"column":20},"end":{"line":40,"column":null}},"type":"binary-expr","locations":[{"start":{"line":40,"column":20},"end":{"line":40,"column":38}},{"start":{"line":40,"column":38},"end":{"line":40,"column":70}},{"start":{"line":40,"column":70},"end":{"line":40,"column":null}}]},"4":{"loc":{"start":{"line":52,"column":12},"end":{"line":52,"column":29}},"type":"binary-expr","locations":[{"start":{"line":52,"column":12},"end":{"line":52,"column":25}},{"start":{"line":52,"column":25},"end":{"line":52,"column":29}}]}},"s":{"0":0,"1":0,"2":0,"3":0,"4":0,"5":0,"6":0,"7":0,"8":0,"9":0},"f":{"0":0,"1":0},"b":{"0":[0,0],"1":[0,0],"2":[0,0],"3":[0,0,0],"4":[0,0]}}
,"C:/Users/Suryansh/Desktop/Projects/duncit.com/project/portals/finance/src/pages/LoginPage.tsx": {"path":"C:/Users/Suryansh/Desktop/Projects/duncit.com/project/portals/finance/src/pages/LoginPage.tsx","statementMap":{"0":{"start":{"line":12,"column":14},"end":{"line":12,"column":null}},"1":{"start":{"line":22,"column":39},"end":{"line":22,"column":null}},"2":{"start":{"line":23,"column":28},"end":{"line":23,"column":null}},"3":{"start":{"line":24,"column":27},"end":{"line":24,"column":null}},"4":{"start":{"line":25,"column":22},"end":{"line":25,"column":null}},"5":{"start":{"line":26,"column":19},"end":{"line":26,"column":null}},"6":{"start":{"line":27,"column":19},"end":{"line":27,"column":null}},"7":{"start":{"line":29,"column":29},"end":{"line":32,"column":null}},"8":{"start":{"line":30,"column":10},"end":{"line":30,"column":null}},"9":{"start":{"line":34,"column":29},"end":{"line":42,"column":null}},"10":{"start":{"line":35,"column":19},"end":{"line":35,"column":null}},"11":{"start":{"line":36,"column":23},"end":{"line":36,"column":null}},"12":{"start":{"line":37,"column":4},"end":{"line":40,"column":null}},"13":{"start":{"line":44,"column":22},"end":{"line":56,"column":null}},"14":{"start":{"line":45,"column":4},"end":{"line":45,"column":null}},"15":{"start":{"line":46,"column":4},"end":{"line":55,"column":null}},"16":{"start":{"line":47,"column":18},"end":{"line":47,"column":null}},"17":{"start":{"line":48,"column":19},"end":{"line":48,"column":null}},"18":{"start":{"line":49,"column":6},"end":{"line":49,"column":null}},"19":{"start":{"line":49,"column":24},"end":{"line":49,"column":null}},"20":{"start":{"line":50,"column":6},"end":{"line":50,"column":null}},"21":{"start":{"line":50,"column":44},"end":{"line":50,"column":null}},"22":{"start":{"line":51,"column":6},"end":{"line":51,"column":null}},"23":{"start":{"line":52,"column":6},"end":{"line":52,"column":null}},"24":{"start":{"line":54,"column":6},"end":{"line":54,"column":null}},"25":{"start":{"line":58,"column":36},"end":{"line":66,"column":null}},"26":{"start":{"line":68,"column":2},"end":{"line":76,"column":null}}},"fnMap":{"0":{"name":"LoginPage","decl":{"start":{"line":21,"column":24},"end":{"line":21,"column":36}},"loc":{"start":{"line":21,"column":36},"end":{"line":78,"column":null}}},"1":{"name":"(anonymous_1)","decl":{"start":{"line":30,"column":4},"end":{"line":30,"column":10}},"loc":{"start":{"line":30,"column":10},"end":{"line":30,"column":null}}},"2":{"name":"(anonymous_2)","decl":{"start":{"line":34,"column":29},"end":{"line":34,"column":35}},"loc":{"start":{"line":34,"column":35},"end":{"line":42,"column":null}}},"3":{"name":"(anonymous_3)","decl":{"start":{"line":44,"column":22},"end":{"line":44,"column":29}},"loc":{"start":{"line":44,"column":57},"end":{"line":56,"column":null}}}},"branchMap":{"0":{"loc":{"start":{"line":38,"column":6},"end":{"line":40,"column":null}},"type":"binary-expr","locations":[{"start":{"line":38,"column":6},"end":{"line":38,"column":null}},{"start":{"line":39,"column":6},"end":{"line":39,"column":null}},{"start":{"line":40,"column":6},"end":{"line":40,"column":null}}]},"1":{"loc":{"start":{"line":39,"column":26},"end":{"line":39,"column":78}},"type":"cond-expr","locations":[{"start":{"line":39,"column":38},"end":{"line":39,"column":76}},{"start":{"line":39,"column":76},"end":{"line":39,"column":78}}]},"2":{"loc":{"start":{"line":49,"column":6},"end":{"line":49,"column":null}},"type":"if","locations":[{"start":{"line":49,"column":6},"end":{"line":49,"column":null}},{"start":{"line":49,"column":6},"end":{"line":49,"column":null}}]},"3":{"loc":{"start":{"line":50,"column":6},"end":{"line":50,"column":null}},"type":"if","locations":[{"start":{"line":50,"column":6},"end":{"line":50,"column":null}},{"start":{"line":50,"column":6},"end":{"line":50,"column":null}}]},"4":{"loc":{"start":{"line":74,"column":20},"end":{"line":74,"column":null}},"type":"binary-expr","locations":[{"start":{"line":74,"column":20},"end":{"line":74,"column":30}},{"start":{"line":74,"column":30},"end":{"line":74,"column":null}}]},"5":{"loc":{"start":{"line":74,"column":30},"end":{"line":74,"column":null}},"type":"cond-expr","locations":[{"start":{"line":74,"column":51},"end":{"line":74,"column":75}},{"start":{"line":74,"column":75},"end":{"line":74,"column":null}}]}},"s":{"0":0,"1":0,"2":0,"3":0,"4":0,"5":0,"6":0,"7":0,"8":0,"9":0,"10":0,"11":0,"12":0,"13":0,"14":0,"15":0,"16":0,"17":0,"18":0,"19":0,"20":0,"21":0,"22":0,"23":0,"24":0,"25":0,"26":0},"f":{"0":0,"1":0,"2":0,"3":0},"b":{"0":[0,0,0],"1":[0,0],"2":[0,0],"3":[0,0],"4":[0,0],"5":[0,0]}}
,"C:/Users/Suryansh/Desktop/Projects/duncit.com/project/portals/finance/src/pages/calculators/pod-profit/HostInputsCard.tsx": {"path":"C:/Users/Suryansh/Desktop/Projects/duncit.com/project/portals/finance/src/pages/calculators/pod-profit/HostInputsCard.tsx","statementMap":{"0":{"start":{"line":12,"column":2},"end":{"line":35,"column":null}},"1":{"start":{"line":23,"column":33},"end":{"line":23,"column":null}},"2":{"start":{"line":29,"column":33},"end":{"line":29,"column":null}}},"fnMap":{"0":{"name":"HostInputsCard","decl":{"start":{"line":11,"column":24},"end":{"line":11,"column":39}},"loc":{"start":{"line":11,"column":78},"end":{"line":37,"column":null}}},"1":{"name":"(anonymous_1)","decl":{"start":{"line":23,"column":22},"end":{"line":23,"column":23}},"loc":{"start":{"line":23,"column":33},"end":{"line":23,"column":null}}},"2":{"name":"(anonymous_2)","decl":{"start":{"line":29,"column":22},"end":{"line":29,"column":23}},"loc":{"start":{"line":29,"column":33},"end":{"line":29,"column":null}}}},"branchMap":{},"s":{"0":0,"1":0,"2":0},"f":{"0":0,"1":0,"2":0},"b":{}}
,"C:/Users/Suryansh/Desktop/Projects/duncit.com/project/portals/finance/src/pages/calculators/pod-profit/PercentSlider.tsx": {"path":"C:/Users/Suryansh/Desktop/Projects/duncit.com/project/portals/finance/src/pages/calculators/pod-profit/PercentSlider.tsx","statementMap":{"0":{"start":{"line":12,"column":17},"end":{"line":12,"column":null}},"1":{"start":{"line":12,"column":49},"end":{"line":12,"column":null}},"2":{"start":{"line":16,"column":16},"end":{"line":24,"column":null}},"3":{"start":{"line":25,"column":2},"end":{"line":60,"column":null}},"4":{"start":{"line":37,"column":27},"end":{"line":37,"column":null}},"5":{"start":{"line":46,"column":31},"end":{"line":46,"column":null}},"6":{"start":{"line":52,"column":33},"end":{"line":52,"column":null}}},"fnMap":{"0":{"name":"(anonymous_0)","decl":{"start":{"line":12,"column":17},"end":{"line":12,"column":18}},"loc":{"start":{"line":12,"column":49},"end":{"line":12,"column":null}}},"1":{"name":"PercentSlider","decl":{"start":{"line":15,"column":24},"end":{"line":15,"column":38}},"loc":{"start":{"line":15,"column":110},"end":{"line":62,"column":null}}},"2":{"name":"(anonymous_2)","decl":{"start":{"line":37,"column":20},"end":{"line":37,"column":21}},"loc":{"start":{"line":37,"column":27},"end":{"line":37,"column":null}}},"3":{"name":"(anonymous_3)","decl":{"start":{"line":46,"column":18},"end":{"line":46,"column":19}},"loc":{"start":{"line":46,"column":31},"end":{"line":46,"column":null}}},"4":{"name":"(anonymous_4)","decl":{"start":{"line":52,"column":26},"end":{"line":52,"column":27}},"loc":{"start":{"line":52,"column":33},"end":{"line":52,"column":null}}}},"branchMap":{"0":{"loc":{"start":{"line":15,"column":70},"end":{"line":15,"column":81}},"type":"default-arg","locations":[{"start":{"line":15,"column":76},"end":{"line":15,"column":81}}]},"1":{"loc":{"start":{"line":15,"column":81},"end":{"line":15,"column":90}},"type":"default-arg","locations":[{"start":{"line":15,"column":88},"end":{"line":15,"column":90}}]},"2":{"loc":{"start":{"line":16,"column":16},"end":{"line":24,"column":null}},"type":"cond-expr","locations":[{"start":{"line":17,"column":6},"end":{"line":23,"column":null}},{"start":{"line":24,"column":6},"end":{"line":24,"column":null}}]},"3":{"loc":{"start":{"line":28,"column":24},"end":{"line":28,"column":36}},"type":"binary-expr","locations":[{"start":{"line":28,"column":24},"end":{"line":28,"column":32}},{"start":{"line":28,"column":32},"end":{"line":28,"column":36}}]},"4":{"loc":{"start":{"line":36,"column":17},"end":{"line":36,"column":null}},"type":"cond-expr","locations":[{"start":{"line":36,"column":42},"end":{"line":36,"column":50}},{"start":{"line":36,"column":50},"end":{"line":36,"column":null}}]},"5":{"loc":{"start":{"line":55,"column":7},"end":{"line":58,"column":null}},"type":"binary-expr","locations":[{"start":{"line":55,"column":7},"end":{"line":55,"column":null}},{"start":{"line":56,"column":8},"end":{"line":58,"column":null}}]}},"s":{"0":0,"1":0,"2":0,"3":0,"4":0,"5":0,"6":0},"f":{"0":0,"1":0,"2":0,"3":0,"4":0},"b":{"0":[0],"1":[0],"2":[0,0],"3":[0,0],"4":[0,0],"5":[0,0]}}
,"C:/Users/Suryansh/Desktop/Projects/duncit.com/project/portals/finance/src/pages/calculators/pod-profit/PodInputsCard.tsx": {"path":"C:/Users/Suryansh/Desktop/Projects/duncit.com/project/portals/finance/src/pages/calculators/pod-profit/PodInputsCard.tsx","statementMap":{"0":{"start":{"line":13,"column":2},"end":{"line":47,"column":null}},"1":{"start":{"line":26,"column":29},"end":{"line":26,"column":null}},"2":{"start":{"line":35,"column":33},"end":{"line":35,"column":null}},"3":{"start":{"line":42,"column":33},"end":{"line":42,"column":null}}},"fnMap":{"0":{"name":"PodInputsCard","decl":{"start":{"line":12,"column":24},"end":{"line":12,"column":38}},"loc":{"start":{"line":12,"column":77},"end":{"line":49,"column":null}}},"1":{"name":"(anonymous_1)","decl":{"start":{"line":26,"column":22},"end":{"line":26,"column":23}},"loc":{"start":{"line":26,"column":29},"end":{"line":26,"column":null}}},"2":{"name":"(anonymous_2)","decl":{"start":{"line":35,"column":22},"end":{"line":35,"column":23}},"loc":{"start":{"line":35,"column":33},"end":{"line":35,"column":null}}},"3":{"name":"(anonymous_3)","decl":{"start":{"line":42,"column":22},"end":{"line":42,"column":23}},"loc":{"start":{"line":42,"column":33},"end":{"line":42,"column":null}}}},"branchMap":{},"s":{"0":0,"1":0,"2":0,"3":0},"f":{"0":0,"1":0,"2":0,"3":0},"b":{}}
,"C:/Users/Suryansh/Desktop/Projects/duncit.com/project/portals/finance/src/pages/calculators/pod-profit/ProductsCard.tsx": {"path":"C:/Users/Suryansh/Desktop/Projects/duncit.com/project/portals/finance/src/pages/calculators/pod-profit/ProductsCard.tsx","statementMap":{"0":{"start":{"line":24,"column":20},"end":{"line":26,"column":null}},"1":{"start":{"line":25,"column":4},"end":{"line":25,"column":null}},"2":{"start":{"line":25,"column":34},"end":{"line":25,"column":71}},"3":{"start":{"line":27,"column":17},"end":{"line":27,"column":null}},"4":{"start":{"line":27,"column":33},"end":{"line":27,"column":null}},"5":{"start":{"line":27,"column":65},"end":{"line":27,"column":76}},"6":{"start":{"line":28,"column":14},"end":{"line":28,"column":null}},"7":{"start":{"line":28,"column":20},"end":{"line":28,"column":null}},"8":{"start":{"line":30,"column":2},"end":{"line":89,"column":null}},"9":{"start":{"line":49,"column":14},"end":{"line":84,"column":null}},"10":{"start":{"line":54,"column":72},"end":{"line":54,"column":92}},"11":{"start":{"line":63,"column":37},"end":{"line":63,"column":null}},"12":{"start":{"line":71,"column":37},"end":{"line":71,"column":null}},"13":{"start":{"line":80,"column":39},"end":{"line":80,"column":null}}},"fnMap":{"0":{"name":"ProductsCard","decl":{"start":{"line":23,"column":24},"end":{"line":23,"column":37}},"loc":{"start":{"line":23,"column":78},"end":{"line":91,"column":null}}},"1":{"name":"(anonymous_1)","decl":{"start":{"line":24,"column":20},"end":{"line":24,"column":21}},"loc":{"start":{"line":24,"column":64},"end":{"line":26,"column":null}}},"2":{"name":"(anonymous_2)","decl":{"start":{"line":25,"column":26},"end":{"line":25,"column":27}},"loc":{"start":{"line":25,"column":34},"end":{"line":25,"column":71}}},"3":{"name":"(anonymous_3)","decl":{"start":{"line":27,"column":17},"end":{"line":27,"column":18}},"loc":{"start":{"line":27,"column":33},"end":{"line":27,"column":null}}},"4":{"name":"(anonymous_4)","decl":{"start":{"line":27,"column":58},"end":{"line":27,"column":59}},"loc":{"start":{"line":27,"column":65},"end":{"line":27,"column":76}}},"5":{"name":"(anonymous_5)","decl":{"start":{"line":28,"column":14},"end":{"line":28,"column":20}},"loc":{"start":{"line":28,"column":20},"end":{"line":28,"column":null}}},"6":{"name":"(anonymous_6)","decl":{"start":{"line":48,"column":26},"end":{"line":48,"column":27}},"loc":{"start":{"line":49,"column":14},"end":{"line":84,"column":null}}},"7":{"name":"(anonymous_7)","decl":{"start":{"line":54,"column":66},"end":{"line":54,"column":72}},"loc":{"start":{"line":54,"column":72},"end":{"line":54,"column":92}}},"8":{"name":"(anonymous_8)","decl":{"start":{"line":63,"column":30},"end":{"line":63,"column":31}},"loc":{"start":{"line":63,"column":37},"end":{"line":63,"column":null}}},"9":{"name":"(anonymous_9)","decl":{"start":{"line":71,"column":30},"end":{"line":71,"column":31}},"loc":{"start":{"line":71,"column":37},"end":{"line":71,"column":null}}},"10":{"name":"(anonymous_10)","decl":{"start":{"line":80,"column":28},"end":{"line":80,"column":29}},"loc":{"start":{"line":80,"column":39},"end":{"line":80,"column":null}}}},"branchMap":{"0":{"loc":{"start":{"line":25,"column":34},"end":{"line":25,"column":71}},"type":"cond-expr","locations":[{"start":{"line":25,"column":48},"end":{"line":25,"column":69}},{"start":{"line":25,"column":69},"end":{"line":25,"column":71}}]},"1":{"loc":{"start":{"line":42,"column":9},"end":{"line":86,"column":null}},"type":"cond-expr","locations":[{"start":{"line":43,"column":10},"end":{"line":45,"column":null}},{"start":{"line":47,"column":10},"end":{"line":86,"column":null}}]}},"s":{"0":0,"1":0,"2":0,"3":0,"4":0,"5":0,"6":0,"7":0,"8":0,"9":0,"10":0,"11":0,"12":0,"13":0},"f":{"0":0,"1":0,"2":0,"3":0,"4":0,"5":0,"6":0,"7":0,"8":0,"9":0,"10":0},"b":{"0":[0,0],"1":[0,0]}}
,"C:/Users/Suryansh/Desktop/Projects/duncit.com/project/portals/finance/src/pages/calculators/pod-profit/ResultsCard.tsx": {"path":"C:/Users/Suryansh/Desktop/Projects/duncit.com/project/portals/finance/src/pages/calculators/pod-profit/ResultsCard.tsx","statementMap":{"0":{"start":{"line":24,"column":66},"end":{"line":29,"column":null}},"1":{"start":{"line":32,"column":2},"end":{"line":43,"column":null}},"2":{"start":{"line":48,"column":17},"end":{"line":48,"column":null}},"3":{"start":{"line":49,"column":2},"end":{"line":112,"column":null}},"4":{"start":{"line":58,"column":26},"end":{"line":65,"column":null}}},"fnMap":{"0":{"name":"Row","decl":{"start":{"line":31,"column":9},"end":{"line":31,"column":13}},"loc":{"start":{"line":31,"column":81},"end":{"line":45,"column":null}}},"1":{"name":"ResultsCard","decl":{"start":{"line":47,"column":24},"end":{"line":47,"column":36}},"loc":{"start":{"line":47,"column":66},"end":{"line":114,"column":null}}},"2":{"name":"(anonymous_2)","decl":{"start":{"line":58,"column":14},"end":{"line":58,"column":15}},"loc":{"start":{"line":58,"column":26},"end":{"line":65,"column":null}}}},"branchMap":{"0":{"loc":{"start":{"line":31,"column":29},"end":{"line":31,"column":51}},"type":"default-arg","locations":[{"start":{"line":31,"column":40},"end":{"line":31,"column":51}}]},"1":{"loc":{"start":{"line":36,"column":9},"end":{"line":37,"column":null}},"type":"binary-expr","locations":[{"start":{"line":36,"column":9},"end":{"line":36,"column":null}},{"start":{"line":37,"column":10},"end":{"line":37,"column":null}}]}},"s":{"0":0,"1":0,"2":0,"3":0,"4":0},"f":{"0":0,"1":0,"2":0},"b":{"0":[0],"1":[0,0]}}
,"C:/Users/Suryansh/Desktop/Projects/duncit.com/project/portals/finance/src/pages/calculators/pod-profit/index.tsx": {"path":"C:/Users/Suryansh/Desktop/Projects/duncit.com/project/portals/finance/src/pages/calculators/pod-profit/index.tsx","statementMap":{"0":{"start":{"line":13,"column":30},"end":{"line":13,"column":null}},"1":{"start":{"line":14,"column":18},"end":{"line":14,"column":null}},"2":{"start":{"line":16,"column":14},"end":{"line":17,"column":null}},"3":{"start":{"line":17,"column":4},"end":{"line":17,"column":null}},"4":{"start":{"line":17,"column":25},"end":{"line":17,"column":51}},"5":{"start":{"line":19,"column":2},"end":{"line":49,"column":null}},"6":{"start":{"line":33,"column":25},"end":{"line":33,"column":null}},"7":{"start":{"line":43,"column":75},"end":{"line":43,"column":102}}},"fnMap":{"0":{"name":"PodProfitCalculatorPage","decl":{"start":{"line":12,"column":24},"end":{"line":12,"column":50}},"loc":{"start":{"line":12,"column":50},"end":{"line":51,"column":null}}},"1":{"name":"(anonymous_1)","decl":{"start":{"line":16,"column":14},"end":{"line":16,"column":48}},"loc":{"start":{"line":17,"column":4},"end":{"line":17,"column":null}}},"2":{"name":"(anonymous_2)","decl":{"start":{"line":17,"column":14},"end":{"line":17,"column":15}},"loc":{"start":{"line":17,"column":25},"end":{"line":17,"column":51}}},"3":{"name":"(anonymous_3)","decl":{"start":{"line":33,"column":19},"end":{"line":33,"column":25}},"loc":{"start":{"line":33,"column":25},"end":{"line":33,"column":null}}},"4":{"name":"(anonymous_4)","decl":{"start":{"line":43,"column":61},"end":{"line":43,"column":62}},"loc":{"start":{"line":43,"column":75},"end":{"line":43,"column":102}}}},"branchMap":{},"s":{"0":0,"1":0,"2":0,"3":0,"4":0,"5":0,"6":0,"7":0},"f":{"0":0,"1":0,"2":0,"3":0,"4":0},"b":{}}
[...]
tions":[{"start":{"line":43,"column":4},"end":{"line":43,"column":null}},{"start":{"line":43,"column":4},"end":{"line":43,"column":null}}]},"6":{"loc":{"start":{"line":50,"column":20},"end":{"line":50,"column":null}},"type":"binary-expr","locations":[{"start":{"line":50,"column":20},"end":{"line":50,"column":49}},{"start":{"line":50,"column":49},"end":{"line":50,"column":null}}]},"7":{"loc":{"start":{"line":51,"column":17},"end":{"line":51,"column":null}},"type":"binary-expr","locations":[{"start":{"line":51,"column":17},"end":{"line":51,"column":43}},{"start":{"line":51,"column":43},"end":{"line":51,"column":null}}]},"8":{"loc":{"start":{"line":73,"column":2},"end":{"line":79,"column":null}},"type":"if","locations":[{"start":{"line":73,"column":2},"end":{"line":79,"column":null}},{"start":{"line":73,"column":2},"end":{"line":79,"column":null}}]},"9":{"loc":{"start":{"line":73,"column":6},"end":{"line":73,"column":24}},"type":"binary-expr","locations":[{"start":{"line":73,"column":6},"end":{"line":73,"column":17}},{"start":{"line":73,"column":17},"end":{"line":73,"column":24}}]},"10":{"loc":{"start":{"line":119,"column":15},"end":{"line":131,"column":null}},"type":"binary-expr","locations":[{"start":{"line":119,"column":15},"end":{"line":119,"column":null}},{"start":{"line":120,"column":16},"end":{"line":131,"column":null}}]},"11":{"loc":{"start":{"line":121,"column":19},"end":{"line":128,"column":null}},"type":"binary-expr","locations":[{"start":{"line":121,"column":19},"end":{"line":121,"column":null}},{"start":{"line":122,"column":20},"end":{"line":128,"column":null}}]},"12":{"loc":{"start":{"line":141,"column":11},"end":{"line":141,"column":null}},"type":"binary-expr","locations":[{"start":{"line":141,"column":11},"end":{"line":141,"column":20}},{"start":{"line":141,"column":20},"end":{"line":141,"column":null}}]},"13":{"loc":{"start":{"line":145,"column":15},"end":{"line":145,"column":null}},"type":"cond-expr","locations":[{"start":{"line":145,"column":24},"end":{"line":145,"column":36}},{"start":{"line":145,"column":36},"end":{"line":145,"column":null}}]},"14":{"loc":{"start":{"line":150,"column":97},"end":{"line":150,"column":110}},"type":"binary-expr","locations":[{"start":{"line":150,"column":97},"end":{"line":150,"column":106}},{"start":{"line":150,"column":106},"end":{"line":150,"column":110}}]}},"s":{"0":0,"1":0,"2":0,"3":0,"4":0,"5":0,"6":0,"7":0,"8":0,"9":0,"10":0,"11":0,"12":0,"13":0,"14":0,"15":0,"16":0,"17":0,"18":0,"19":0,"20":0,"21":0,"22":0,"23":0,"24":0,"25":0,"26":0,"27":0,"28":0,"29":0,"30":0,"31":0,"32":0,"33":0,"34":0,"35":0,"36":0,"37":0,"38":0,"39":0,"40":0,"41":0},"f":{"0":0,"1":0,"2":0,"3":0,"4":0,"5":0,"6":0,"7":0,"8":0,"9":0,"10":0,"11":0},"b":{"0":[0,0],"1":[0,0],"2":[0,0],"3":[0,0],"4":[0,0],"5":[0,0],"6":[0,0],"7":[0,0],"8":[0,0],"9":[0,0],"10":[0,0],"11":[0,0],"12":[0,0],"13":[0,0],"14":[0,0]}}
,"C:/Users/Suryansh/Desktop/Projects/duncit.com/project/portals/finance/src/pages/finance/payout-cycles-page/queries.ts": {"path":"C:/Users/Suryansh/Desktop/Projects/duncit.com/project/portals/finance/src/pages/finance/payout-cycles-page/queries.ts","statementMap":{"0":{"start":{"line":3,"column":31},"end":{"line":3,"column":null}},"1":{"start":{"line":15,"column":38},"end":{"line":15,"column":null}},"2":{"start":{"line":27,"column":28},"end":{"line":31,"column":null}},"3":{"start":{"line":33,"column":24},"end":{"line":33,"column":null}}},"fnMap":{},"branchMap":{},"s":{"0":0,"1":0,"2":0,"3":0},"f":{},"b":{}}
,"C:/Users/Suryansh/Desktop/Projects/duncit.com/project/portals/finance/src/pages/finance/withdrawals-page/WithdrawalsPage.tsx": {"path":"C:/Users/Suryansh/Desktop/Projects/duncit.com/project/portals/finance/src/pages/finance/withdrawals-page/WithdrawalsPage.tsx","statementMap":{"0":{"start":{"line":30,"column":70},"end":{"line":34,"column":null}},"1":{"start":{"line":36,"column":16},"end":{"line":39,"column":null}},"2":{"start":{"line":37,"column":12},"end":{"line":37,"column":null}},"3":{"start":{"line":38,"column":2},"end":{"line":38,"column":null}},"4":{"start":{"line":41,"column":16},"end":{"line":41,"column":null}},"5":{"start":{"line":41,"column":29},"end":{"line":41,"column":null}},"6":{"start":{"line":44,"column":30},"end":{"line":44,"column":null}},"7":{"start":{"line":45,"column":30},"end":{"line":45,"column":null}},"8":{"start":{"line":46,"column":30},"end":{"line":46,"column":null}},"9":{"start":{"line":47,"column":28},"end":{"line":47,"column":null}},"10":{"start":{"line":48,"column":20},"end":{"line":48,"column":null}},"11":{"start":{"line":49,"column":44},"end":{"line":49,"column":null}},"12":{"start":{"line":50,"column":43},"end":{"line":50,"column":null}},"13":{"start":{"line":51,"column":15},"end":{"line":51,"column":null}},"14":{"start":{"line":53,"column":17},"end":{"line":59,"column":null}},"15":{"start":{"line":54,"column":4},"end":{"line":54,"column":null}},"16":{"start":{"line":55,"column":4},"end":{"line":55,"column":null}},"17":{"start":{"line":56,"column":4},"end":{"line":56,"column":null}},"18":{"start":{"line":57,"column":4},"end":{"line":57,"column":null}},"19":{"start":{"line":58,"column":4},"end":{"line":58,"column":null}},"20":{"start":{"line":61,"column":2},"end":{"line":164,"column":null}},"21":{"start":{"line":75,"column":85},"end":{"line":75,"column":null}},"22":{"start":{"line":77,"column":12},"end":{"line":79,"column":null}},"23":{"start":{"line":108,"column":18},"end":{"line":139,"column":null}},"24":{"start":{"line":128,"column":103},"end":{"line":128,"column":125}},"25":{"start":{"line":131,"column":116},"end":{"line":131,"column":167}},"26":{"start":{"line":147,"column":45},"end":{"line":147,"column":62}},"27":{"start":{"line":153,"column":68},"end":{"line":153,"column":95}},"28":{"start":{"line":156,"column":33},"end":{"line":156,"column":50}},"29":{"start":{"line":157,"column":106},"end":{"line":157,"column":155}},"30":{"start":{"line":163,"column":70},"end":{"line":163,"column":86}}},"fnMap":{"0":{"name":"(anonymous_0)","decl":{"start":{"line":36,"column":16},"end":{"line":36,"column":17}},"loc":{"start":{"line":36,"column":33},"end":{"line":39,"column":null}}},"1":{"name":"(anonymous_1)","decl":{"start":{"line":41,"column":16},"end":{"line":41,"column":17}},"loc":{"start":{"line":41,"column":29},"end":{"line":41,"column":null}}},"2":{"name":"WithdrawalsPage","decl":{"start":{"line":43,"column":24},"end":{"line":43,"column":42}},"loc":{"start":{"line":43,"column":42},"end":{"line":166,"column":null}}},"3":{"name":"(anonymous_3)","decl":{"start":{"line":53,"column":17},"end":{"line":53,"column":24}},"loc":{"start":{"line":53,"column":86},"end":{"line":59,"column":null}}},"4":{"name":"(anonymous_4)","decl":{"start":{"line":75,"column":75},"end":{"line":75,"column":76}},"loc":{"start":{"line":75,"column":85},"end":{"line":75,"column":null}}},"5":{"name":"(anonymous_5)","decl":{"start":{"line":76,"column":54},"end":{"line":76,"column":55}},"loc":{"start":{"line":77,"column":12},"end":{"line":79,"column":null}}},"6":{"name":"(anonymous_6)","decl":{"start":{"line":107,"column":26},"end":{"line":107,"column":27}},"loc":{"start":{"line":108,"column":18},"end":{"line":139,"column":null}}},"7":{"name":"(anonymous_7)","decl":{"start":{"line":128,"column":97},"end":{"line":128,"column":103}},"loc":{"start":{"line":128,"column":103},"end":{"line":128,"column":125}}},"8":{"name":"(anonymous_8)","decl":{"start":{"line":131,"column":110},"end":{"line":131,"column":116}},"loc":{"start":{"line":131,"column":116},"end":{"line":131,"column":167}}},"9":{"name":"(anonymous_9)","decl":{"start":{"line":147,"column":39},"end":{"line":147,"column":45}},"loc":{"start":{"line":147,"column":45},"end":{"line":147,"column":62}}},"10":{"name":"(anonymous_10)","decl":{"start":{"line":153,"column":61},"end":{"line":153,"column":62}},"loc":{"start":{"line":153,"column":68},"end":{"line":153,"column":95}}},"11":{"name":"(anonymous_11)","decl":{"start":{"line":156,"column":27},"end":{"line":156,"column":33}},"loc":{"start":{"line":156,"column":33},"end":{"line":156,"column":50}}},"12":{"name":"(anonymous_12)","decl":{"start":{"line":157,"column":100},"end":{"line":157,"column":106}},"loc":{"start":{"line":157,"column":106},"end":{"line":157,"column":155}}},"13":{"name":"(anonymous_13)","decl":{"start":{"line":163,"column":64},"end":{"line":163,"column":70}},"loc":{"start":{"line":163,"column":70},"end":{"line":163,"column":86}}}},"branchMap":{"0":{"loc":{"start":{"line":38,"column":9},"end":{"line":38,"column":null}},"type":"cond-expr","locations":[{"start":{"line":38,"column":37},"end":{"line":38,"column":43}},{"start":{"line":38,"column":43},"end":{"line":38,"column":null}}]},"1":{"loc":{"start":{"line":41,"column":29},"end":{"line":41,"column":null}},"type":"cond-expr","locations":[{"start":{"line":41,"column":57},"end":{"line":41,"column":68}},{"start":{"line":41,"column":68},"end":{"line":41,"column":null}}]},"2":{"loc":{"start":{"line":48,"column":30},"end":{"line":48,"column":63}},"type":"cond-expr","locations":[{"start":{"line":48,"column":49},"end":{"line":48,"column":56}},{"start":{"line":48,"column":56},"end":{"line":48,"column":63}}]},"3":{"loc":{"start":{"line":51,"column":15},"end":{"line":51,"column":null}},"type":"binary-expr","locations":[{"start":{"line":51,"column":15},"end":{"line":51,"column":43}},{"start":{"line":51,"column":43},"end":{"line":51,"column":null}}]},"4":{"loc":{"start":{"line":57,"column":13},"end":{"line":57,"column":77}},"type":"cond-expr","locations":[{"start":{"line":57,"column":37},"end":{"line":57,"column":56}},{"start":{"line":57,"column":56},"end":{"line":57,"column":77}}]},"5":{"loc":{"start":{"line":75,"column":85},"end":{"line":75,"column":null}},"type":"binary-expr","locations":[{"start":{"line":75,"column":85},"end":{"line":75,"column":90}},{"start":{"line":75,"column":90},"end":{"line":75,"column":null}}]},"6":{"loc":{"start":{"line":84,"column":7},"end":{"line":84,"column":null}},"type":"binary-expr","locations":[{"start":{"line":84,"column":7},"end":{"line":84,"column":16}},{"start":{"line":84,"column":16},"end":{"line":84,"column":null}}]},"7":{"loc":{"start":{"line":88,"column":11},"end":{"line":142,"column":null}},"type":"cond-expr","locations":[{"start":{"line":89,"column":12},"end":{"line":91,"column":null}},{"start":{"line":92,"column":14},"end":{"line":142,"column":null}}]},"8":{"loc":{"start":{"line":88,"column":11},"end":{"line":88,"column":null}},"type":"binary-expr","locations":[{"start":{"line":88,"column":11},"end":{"line":88,"column":22}},{"start":{"line":88,"column":22},"end":{"line":88,"column":null}}]},"9":{"loc":{"start":{"line":92,"column":14},"end":{"line":142,"column":null}},"type":"cond-expr","locations":[{"start":{"line":93,"column":12},"end":{"line":93,"column":null}},{"start":{"line":95,"column":12},"end":{"line":142,"column":null}}]},"10":{"loc":{"start":{"line":120,"column":48},"end":{"line":120,"column":85}},"type":"binary-expr","locations":[{"start":{"line":120,"column":48},"end":{"line":120,"column":74}},{"start":{"line":120,"column":74},"end":{"line":120,"column":85}}]},"11":{"loc":{"start":{"line":121,"column":23},"end":{"line":123,"column":null}},"type":"cond-expr","locations":[{"start":{"line":122,"column":24},"end":{"line":122,"column":null}},{"start":{"line":123,"column":26},"end":{"line":123,"column":null}}]},"12":{"loc":{"start":{"line":126,"column":23},"end":{"line":136,"column":null}},"type":"cond-expr","locations":[{"start":{"line":127,"column":24},"end":{"line":134,"column":null}},{"start":{"line":136,"column":24},"end":{"line":136,"column":null}}]},"13":{"loc":{"start":{"line":157,"column":62},"end":{"line":157,"column":91}},"type":"binary-expr","locations":[{"start":{"line":157,"column":62},"end":{"line":157,"column":80}},{"start":{"line":157,"column":80},"end":{"line":157,"column":91}}]},"14":{"loc":{"start":{"line":157,"column":106},"end":{"line":157,"column":155}},"type":"binary-expr","locations":[{"start":{"line":157,"column":106},"end":{"line":157,"column":116}},{"start":{"line":157,"column":116},"end":{"line":157,"column":155}}]},"15":{"loc":{"start":{"line":163,"column":95},"end":{"line":163,"column":108}},"type":"binary-expr","locations":[{"start":{"line":163,"column":95},"end":{"line":163,"column":104}},{"start":{"line":163,"column":104},"end":{"line":163,"column":108}}]}},"s":{"0":0,"1":0,"2":0,"3":0,"4":0,"5":0,"6":0,"7":0,"8":0,"9":0,"10":0,"11":0,"12":0,"13":0,"14":0,"15":0,"16":0,"17":0,"18":0,"19":0,"20":0,"21":0,"22":0,"23":0,"24":0,"25":0,"26":0,"27":0,"28":0,"29":0,"30":0},"f":{"0":0,"1":0,"2":0,"3":0,"4":0,"5":0,"6":0,"7":0,"8":0,"9":0,"10":0,"11":0,"12":0,"13":0},"b":{"0":[0,0],"1":[0,0],"2":[0,0],"3":[0,0],"4":[0,0],"5":[0,0],"6":[0,0],"7":[0,0],"8":[0,0],"9":[0,0],"10":[0,0],"11":[0,0],"12":[0,0],"13":[0,0],"14":[0,0],"15":[0,0]}}
,"C:/Users/Suryansh/Desktop/Projects/duncit.com/project/portals/finance/src/pages/finance/withdrawals-page/queries.ts": {"path":"C:/Users/Suryansh/Desktop/Projects/duncit.com/project/portals/finance/src/pages/finance/withdrawals-page/queries.ts","statementMap":{"0":{"start":{"line":3,"column":27},"end":{"line":3,"column":null}},"1":{"start":{"line":24,"column":33},"end":{"line":24,"column":null}}},"fnMap":{},"branchMap":{},"s":{"0":0,"1":0},"f":{},"b":{}}
,"C:/Users/Suryansh/Desktop/Projects/duncit.com/project/portals/finance/src/utils/apolloErrorLink.ts": {"path":"C:/Users/Suryansh/Desktop/Projects/duncit.com/project/portals/finance/src/utils/apolloErrorLink.ts","statementMap":{"0":{"start":{"line":3,"column":32},"end":{"line":3,"column":null}},"1":{"start":{"line":4,"column":33},"end":{"line":4,"column":null}},"2":{"start":{"line":6,"column":31},"end":{"line":10,"column":null}},"3":{"start":{"line":7,"column":2},"end":{"line":9,"column":null}},"4":{"start":{"line":8,"column":4},"end":{"line":8,"column":null}}},"fnMap":{"0":{"name":"(anonymous_0)","decl":{"start":{"line":6,"column":39},"end":{"line":6,"column":40}},"loc":{"start":{"line":6,"column":61},"end":{"line":10,"column":1}}}},"branchMap":{"0":{"loc":{"start":{"line":7,"column":2},"end":{"line":9,"column":null}},"type":"if","locations":[{"start":{"line":7,"column":2},"end":{"line":9,"column":null}},{"start":{"line":7,"column":2},"end":{"line":9,"column":null}}]},"1":{"loc":{"start":{"line":7,"column":6},"end":{"line":7,"column":74}},"type":"binary-expr","locations":[{"start":{"line":7,"column":6},"end":{"line":7,"column":22}},{"start":{"line":7,"column":22},"end":{"line":7,"column":74}}]}},"s":{"0":0,"1":0,"2":0,"3":0,"4":0},"f":{"0":0},"b":{"0":[0,0],"1":[0,0]}}
,"C:/Users/Suryansh/Desktop/Projects/duncit.com/project/portals/finance/src/utils/parseApiError.ts": {"path":"C:/Users/Suryansh/Desktop/Projects/duncit.com/project/portals/finance/src/utils/parseApiError.ts","statementMap":{"0":{"start":{"line":10,"column":2},"end":{"line":10,"column":null}},"1":{"start":{"line":10,"column":12},"end":{"line":10,"column":null}},"2":{"start":{"line":12,"column":12},"end":{"line":12,"column":null}},"3":{"start":{"line":14,"column":2},"end":{"line":20,"column":null}},"4":{"start":{"line":15,"column":16},"end":{"line":15,"column":null}},"5":{"start":{"line":16,"column":4},"end":{"line":18,"column":null}},"6":{"start":{"line":17,"column":6},"end":{"line":17,"column":null}},"7":{"start":{"line":19,"column":4},"end":{"line":19,"column":null}},"8":{"start":{"line":22,"column":2},"end":{"line":24,"column":null}},"9":{"start":{"line":23,"column":4},"end":{"line":23,"column":null}},"10":{"start":{"line":26,"column":2},"end":{"line":31,"column":null}},"11":{"start":{"line":27,"column":4},"end":{"line":29,"column":null}},"12":{"start":{"line":28,"column":6},"end":{"line":28,"column":null}},"13":{"start":{"line":30,"column":4},"end":{"line":30,"column":null}},"14":{"start":{"line":33,"column":2},"end":{"line":33,"column":null}}},"fnMap":{"0":{"name":"parseApiError","decl":{"start":{"line":9,"column":16},"end":{"line":9,"column":30}},"loc":{"start":{"line":9,"column":52},"end":{"line":34,"column":null}}}},"branchMap":{"0":{"loc":{"start":{"line":10,"column":2},"end":{"line":10,"column":null}},"type":"if","locations":[{"start":{"line":10,"column":2},"end":{"line":10,"column":null}},{"start":{"line":10,"column":2},"end":{"line":10,"column":null}}]},"1":{"loc":{"start":{"line":14,"column":2},"end":{"line":20,"column":null}},"type":"if","locations":[{"start":{"line":14,"column":2},"end":{"line":20,"column":null}},{"start":{"line":14,"column":2},"end":{"line":20,"column":null}}]},"2":{"loc":{"start":{"line":15,"column":16},"end":{"line":15,"column":null}},"type":"binary-expr","locations":[{"start":{"line":15,"column":16},"end":{"line":15,"column":42}},{"start":{"line":15,"column":42},"end":{"line":15,"column":null}}]},"3":{"loc":{"start":{"line":16,"column":4},"end":{"line":18,"column":null}},"type":"if","locations":[{"start":{"line":16,"column":4},"end":{"line":18,"column":null}},{"start":{"line":16,"column":4},"end":{"line":18,"column":null}}]},"4":{"loc":{"start":{"line":22,"column":2},"end":{"line":24,"column":null}},"type":"if","locations":[{"start":{"line":22,"column":2},"end":{"line":24,"column":null}},{"start":{"line":22,"column":2},"end":{"line":24,"column":null}}]},"5":{"loc":{"start":{"line":26,"column":2},"end":{"line":31,"column":null}},"type":"if","locations":[{"start":{"line":26,"column":2},"end":{"line":31,"column":null}},{"start":{"line":26,"column":2},"end":{"line":31,"column":null}}]},"6":{"loc":{"start":{"line":27,"column":4},"end":{"line":29,"column":null}},"type":"if","locations":[{"start":{"line":27,"column":4},"end":{"line":29,"column":null}},{"start":{"line":27,"column":4},"end":{"line":29,"column":null}}]}},"s":{"0":0,"1":0,"2":0,"3":0,"4":0,"5":0,"6":0,"7":0,"8":0,"9":0,"10":0,"11":0,"12":0,"13":0,"14":0},"f":{"0":0},"b":{"0":[0,0],"1":[0,0],"2":[0,0],"3":[0,0],"4":[0,0],"5":[0,0],"6":[0,0]}}
,"C:/Users/Suryansh/Desktop/Projects/duncit.com/project/portals/finance/src/utils/redirect.ts": {"path":"C:/Users/Suryansh/Desktop/Projects/duncit.com/project/portals/finance/src/utils/redirect.ts","statementMap":{"0":{"start":{"line":8,"column":2},"end":{"line":8,"column":null}},"1":{"start":{"line":12,"column":2},"end":{"line":12,"column":null}},"2":{"start":{"line":12,"column":66},"end":{"line":12,"column":null}},"3":{"start":{"line":13,"column":2},"end":{"line":13,"column":null}},"4":{"start":{"line":13,"column":57},"end":{"line":13,"column":null}},"5":{"start":{"line":14,"column":2},"end":{"line":14,"column":null}}},"fnMap":{"0":{"name":"redirectPathFromLocation","decl":{"start":{"line":7,"column":16},"end":{"line":7,"column":41}},"loc":{"start":{"line":7,"column":69},"end":{"line":9,"column":null}}},"1":{"name":"getSafeRedirectPath","decl":{"start":{"line":11,"column":16},"end":{"line":11,"column":36}},"loc":{"start":{"line":11,"column":59},"end":{"line":15,"column":null}}}},"branchMap":{"0":{"loc":{"start":{"line":12,"column":2},"end":{"line":12,"column":null}},"type":"if","locations":[{"start":{"line":12,"column":2},"end":{"line":12,"column":null}},{"start":{"line":12,"column":2},"end":{"line":12,"column":null}}]},"1":{"loc":{"start":{"line":12,"column":6},"end":{"line":12,"column":66}},"type":"binary-expr","locations":[{"start":{"line":12,"column":6},"end":{"line":12,"column":16}},{"start":{"line":12,"column":16},"end":{"line":12,"column":42}},{"start":{"line":12,"column":42},"end":{"line":12,"column":66}}]},"2":{"loc":{"start":{"line":13,"column":2},"end":{"line":13,"column":null}},"type":"if","locations":[{"start":{"line":13,"column":2},"end":{"line":13,"column":null}},{"start":{"line":13,"column":2},"end":{"line":13,"column":null}}]},"3":{"loc":{"start":{"line":13,"column":6},"end":{"line":13,"column":57}},"type":"binary-expr","locations":[{"start":{"line":13,"column":6},"end":{"line":13,"column":28}},{"start":{"line":13,"column":28},"end":{"line":13,"column":57}}]}},"s":{"0":0,"1":0,"2":0,"3":0,"4":0,"5":0},"f":{"0":0,"1":0},"b":{"0":[0,0],"1":[0,0,0],"2":[0,0],"3":[0,0]}}
}
